--------------------------------------------------------------------------------
Release 14.7 Trace  (nt64)
Copyright (c) 1995-2013 Xilinx, Inc.  All rights reserved.

C:\Xilinx\14.7\ISE_DS\ISE\bin\nt64\unwrapped\trce.exe -intstyle ise -v 3 -s 2
-n 3 -fastpaths -xml factorial_top.twx factorial_top.ncd -o factorial_top.twr
factorial_top.pcf

Design file:              factorial_top.ncd
Physical constraint file: factorial_top.pcf
Device,package,speed:     xc6slx9,csg324,C,-2 (PRODUCTION 1.23 2013-10-13)
Report level:             verbose report

Environment Variable      Effect 
--------------------      ------ 
NONE                      No environment variables were set
--------------------------------------------------------------------------------

INFO:Timing:2698 - No timing constraints found, doing default enumeration.
INFO:Timing:3412 - To improve timing, see the Timing Closure User Guide (UG612).
INFO:Timing:2752 - To get complete path coverage, use the unconstrained paths 
   option. All paths that are not constrained will be reported in the 
   unconstrained paths section(s) of the report.
INFO:Timing:3339 - The clock-to-out numbers in this timing report are based on 
   a 50 Ohm transmission line loading model.  For the details of this model, 
   and for more information on accounting for different loading conditions, 
   please see the device datasheet.



Data Sheet report:
-----------------
All values displayed in nanoseconds (ns)

Setup/Hold to clock clk
------------+------------+------------+------------+------------+------------------+--------+
            |Max Setup to|  Process   |Max Hold to |  Process   |                  | Clock  |
Source      | clk (edge) |   Corner   | clk (edge) |   Corner   |Internal Clock(s) | Phase  |
------------+------------+------------+------------+------------+------------------+--------+
A_input<0>  |    1.271(R)|      SLOW  |    0.152(R)|      SLOW  |clk_BUFGP         |   0.000|
A_input<1>  |    1.130(R)|      SLOW  |    0.283(R)|      SLOW  |clk_BUFGP         |   0.000|
A_input<2>  |    1.008(R)|      SLOW  |    0.402(R)|      SLOW  |clk_BUFGP         |   0.000|
A_input<3>  |    0.924(R)|      SLOW  |    0.481(R)|      SLOW  |clk_BUFGP         |   0.000|
reset       |    2.222(R)|      SLOW  |    0.251(R)|      SLOW  |clk_BUFGP         |   0.000|
------------+------------+------------+------------+------------+------------------+--------+

Clock clk to Pad
------------+-----------------+------------+-----------------+------------+------------------+--------+
            |Max (slowest) clk|  Process   |Min (fastest) clk|  Process   |                  | Clock  |
Destination |  (edge) to PAD  |   Corner   |  (edge) to PAD  |   Corner   |Internal Clock(s) | Phase  |
------------+-----------------+------------+-----------------+------------+------------------+--------+
result<0>   |         8.852(R)|      SLOW  |         3.616(R)|      FAST  |clk_BUFGP         |   0.000|
result<1>   |         8.924(R)|      SLOW  |         3.698(R)|      FAST  |clk_BUFGP         |   0.000|
result<2>   |         8.871(R)|      SLOW  |         3.650(R)|      FAST  |clk_BUFGP         |   0.000|
result<3>   |         8.852(R)|      SLOW  |         3.616(R)|      FAST  |clk_BUFGP         |   0.000|
result<4>   |         8.628(R)|      SLOW  |         3.493(R)|      FAST  |clk_BUFGP         |   0.000|
result<5>   |         8.852(R)|      SLOW  |         3.656(R)|      FAST  |clk_BUFGP         |   0.000|
result<6>   |         8.852(R)|      SLOW  |         3.656(R)|      FAST  |clk_BUFGP         |   0.000|
result<7>   |         9.118(R)|      SLOW  |         3.777(R)|      FAST  |clk_BUFGP         |   0.000|
------------+-----------------+------------+-----------------+------------+------------------+--------+

Clock to Setup on destination clock clk
---------------+---------+---------+---------+---------+
               | Src:Rise| Src:Fall| Src:Rise| Src:Fall|
Source Clock   |Dest:Rise|Dest:Rise|Dest:Fall|Dest:Fall|
---------------+---------+---------+---------+---------+
clk            |    4.724|         |         |         |
---------------+---------+---------+---------+---------+


Analysis completed Wed May 21 17:48:29 2025 
--------------------------------------------------------------------------------

Trace Settings:
-------------------------
Trace Settings 

Peak Memory Usage: 4571 MB



