Release 14.7 - xst P.20131013 (nt64)
Copyright (c) 1995-2013 Xilinx, Inc.  All rights reserved.
--> Parameter TMPDIR set to xst/projnav.tmp


Total REAL time to Xst completion: 0.00 secs
Total CPU time to Xst completion: 0.16 secs
 
--> Parameter xsthdpdir set to xst


Total REAL time to Xst completion: 0.00 secs
Total CPU time to Xst completion: 0.16 secs
 
--> Reading design: TopModule.prj

TABLE OF CONTENTS
  1) Synthesis Options Summary
  2) HDL Parsing
  3) HDL Elaboration
  4) HDL Synthesis
       4.1) HDL Synthesis Report
  5) Advanced HDL Synthesis
       5.1) Advanced HDL Synthesis Report
  6) Low Level Synthesis
  7) Partition Report
  8) Design Summary
       8.1) Primitive and Black Box Usage
       8.2) Device utilization summary
       8.3) Partition Resource Summary
       8.4) Timing Report
            8.4.1) Clock Information
            8.4.2) Asynchronous Control Signals Information
            8.4.3) Timing Summary
            8.4.4) Timing Details
            8.4.5) Cross Clock Domains Report


=========================================================================
*                      Synthesis Options Summary                        *
=========================================================================
---- Source Parameters
Input File Name                    : "TopModule.prj"
Ignore Synthesis Constraint File   : NO

---- Target Parameters
Output File Name                   : "TopModule"
Output Format                      : NGC
Target Device                      : xc6slx9-2-csg324

---- Source Options
Top Module Name                    : TopModule
Automatic FSM Extraction           : YES
FSM Encoding Algorithm             : Auto
Safe Implementation                : No
FSM Style                          : LUT
RAM Extraction                     : Yes
RAM Style                          : Auto
ROM Extraction                     : Yes
Shift Register Extraction          : YES
ROM Style                          : Auto
Resource Sharing                   : YES
Asynchronous To Synchronous        : NO
Shift Register Minimum Size        : 2
Use DSP Block                      : Auto
Automatic Register Balancing       : No

---- Target Options
LUT Combining                      : Auto
Reduce Control Sets                : Auto
Add IO Buffers                     : YES
Global Maximum Fanout              : 100000
Add Generic Clock Buffer(BUFG)     : 16
Register Duplication               : YES
Optimize Instantiated Primitives   : NO
Use Clock Enable                   : Auto
Use Synchronous Set                : Auto
Use Synchronous Reset              : Auto
Pack IO Registers into IOBs        : Auto
Equivalent register Removal        : YES

---- General Options
Optimization Goal                  : Speed
Optimization Effort                : 1
Power Reduction                    : NO
Keep Hierarchy                     : No
Netlist Hierarchy                  : As_Optimized
RTL Output                         : Yes
Global Optimization                : AllClockNets
Read Cores                         : YES
Write Timing Constraints           : NO
Cross Clock Analysis               : NO
Hierarchy Separator                : /
Bus Delimiter                      : <>
Case Specifier                     : Maintain
Slice Utilization Ratio            : 100
BRAM Utilization Ratio             : 100
DSP48 Utilization Ratio            : 100
Auto BRAM Packing                  : NO
Slice Utilization Ratio Delta      : 5

=========================================================================


=========================================================================
*                          HDL Parsing                                  *
=========================================================================
Analyzing Verilog file "D:\Semester Data\6th semester\DSD LAB\lab12_task02\task02.v" into library work
Parsing module <Clock_Divider>.
WARNING:HDLCompiler:568 - "D:\Semester Data\6th semester\DSD LAB\lab12_task02\task02.v" Line 7: Constant value is truncated to fit in <28> bits.
Parsing module <Traffic_Controller>.
Parsing module <TopModule>.

=========================================================================
*                            HDL Elaboration                            *
=========================================================================

Elaborating module <TopModule>.

Elaborating module <Clock_Divider>.
WARNING:HDLCompiler:413 - "D:\Semester Data\6th semester\DSD LAB\lab12_task02\task02.v" Line 14: Result of 29-bit expression is truncated to fit in 28-bit target.

Elaborating module <Traffic_Controller>.

=========================================================================
*                           HDL Synthesis                               *
=========================================================================

Synthesizing Unit <TopModule>.
    Related source file is "D:\Semester Data\6th semester\DSD LAB\lab12_task02\task02.v".
    Summary:
	no macro.
Unit <TopModule> synthesized.

Synthesizing Unit <Clock_Divider>.
    Related source file is "D:\Semester Data\6th semester\DSD LAB\lab12_task02\task02.v".
        DIVISOR = 28'b0001111000011010001100000000
    Found 1-bit register for signal <clock_out>.
    Found 28-bit register for signal <counter>.
    Found 28-bit adder for signal <counter[27]_GND_2_o_add_2_OUT> created at line 14.
    Found 28-bit comparator greater for signal <n0000> created at line 10
    Summary:
	inferred   1 Adder/Subtractor(s).
	inferred  29 D-type flip-flop(s).
	inferred   1 Comparator(s).
Unit <Clock_Divider> synthesized.

Synthesizing Unit <Traffic_Controller>.
    Related source file is "D:\Semester Data\6th semester\DSD LAB\lab12_task02\task02.v".
        HG_FR = 2'b00
        HR_FY = 2'b01
        HR_FG = 2'b10
        HY_FR = 2'b11
    Found 2-bit register for signal <state>.
    Found finite state machine <FSM_0> for signal <state>.
    -----------------------------------------------------------------------
    | States             | 4                                              |
    | Transitions        | 4                                              |
    | Inputs             | 0                                              |
    | Outputs            | 6                                              |
    | Clock              | clk (rising_edge)                              |
    | Power Up State     | 00                                             |
    | Encoding           | auto                                           |
    | Implementation     | LUT                                            |
    -----------------------------------------------------------------------
    Summary:
	inferred   1 Finite State Machine(s).
Unit <Traffic_Controller> synthesized.

=========================================================================
HDL Synthesis Report

Macro Statistics
# Adders/Subtractors                                   : 1
 28-bit adder                                          : 1
# Registers                                            : 2
 1-bit register                                        : 1
 28-bit register                                       : 1
# Comparators                                          : 1
 28-bit comparator greater                             : 1
# FSMs                                                 : 1

=========================================================================

=========================================================================
*                       Advanced HDL Synthesis                          *
=========================================================================


Synthesizing (advanced) Unit <Clock_Divider>.
The following registers are absorbed into counter <counter>: 1 register on signal <counter>.
Unit <Clock_Divider> synthesized (advanced).

=========================================================================
Advanced HDL Synthesis Report

Macro Statistics
# Counters                                             : 1
 28-bit up counter                                     : 1
# Registers                                            : 1
 Flip-Flops                                            : 1
# Comparators                                          : 1
 28-bit comparator greater                             : 1
# FSMs                                                 : 1

=========================================================================

=========================================================================
*                         Low Level Synthesis                           *
=========================================================================
Analyzing FSM <MFsm> for best encoding.
Optimizing FSM <FSM_0> on signal <state[1:4]> with one-hot encoding.
-------------------
 State | Encoding
-------------------
 00    | 0001
 01    | 0010
 10    | 0100
 11    | 1000
-------------------

Optimizing unit <TopModule> ...

Mapping all equations...
Building and optimizing final netlist ...
Found area constraint ratio of 100 (+ 5) on block TopModule, actual ratio is 0.

Final Macro Processing ...

=========================================================================
Final Register Report

Macro Statistics
# Registers                                            : 33
 Flip-Flops                                            : 33

=========================================================================

=========================================================================
*                           Partition Report                            *
=========================================================================

Partition Implementation Status
-------------------------------

  No Partitions were found in this design.

-------------------------------

=========================================================================
*                            Design Summary                             *
=========================================================================

Top Level Output File Name         : TopModule.ngc

Primitive and Black Box Usage:
------------------------------
# BELS                             : 132
#      GND                         : 1
#      INV                         : 1
#      LUT1                        : 27
#      LUT2                        : 31
#      LUT3                        : 3
#      LUT5                        : 7
#      MUXCY                       : 33
#      VCC                         : 1
#      XORCY                       : 28
# FlipFlops/Latches                : 33
#      FD                          : 33
# Clock Buffers                    : 1
#      BUFGP                       : 1
# IO Buffers                       : 6
#      OBUF                        : 6

Device utilization summary:
---------------------------

Selected Device : 6slx9csg324-2 


Slice Logic Utilization: 
 Number of Slice Registers:              33  out of  11440     0%  
 Number of Slice LUTs:                   69  out of   5720     1%  
    Number used as Logic:                69  out of   5720     1%  

Slice Logic Distribution: 
 Number of LUT Flip Flop pairs used:     72
   Number with an unused Flip Flop:      39  out of     72    54%  
   Number with an unused LUT:             3  out of     72     4%  
   Number of fully used LUT-FF pairs:    30  out of     72    41%  
   Number of unique control sets:         2

IO Utilization: 
 Number of IOs:                           7
 Number of bonded IOBs:                   7  out of    200     3%  

Specific Feature Utilization:
 Number of BUFG/BUFGCTRLs:                1  out of     16     6%  

---------------------------
Partition Resource Summary:
---------------------------

  No Partitions were found in this design.

---------------------------


=========================================================================
Timing Report

NOTE: THESE TIMING NUMBERS ARE ONLY A SYNTHESIS ESTIMATE.
      FOR ACCURATE TIMING INFORMATION PLEASE REFER TO THE TRACE REPORT
      GENERATED AFTER PLACE-and-ROUTE.

Clock Information:
------------------
-----------------------------------+------------------------------+-------+
Clock Signal                       | Clock buffer(FF name)        | Load  |
-----------------------------------+------------------------------+-------+
clk                                | BUFGP                        | 29    |
div_inst/clock_out                 | NONE(fsm_inst/state_FSM_FFd3)| 4     |
-----------------------------------+------------------------------+-------+
INFO:Xst:2169 - HDL ADVISOR - Some clock signals were not automatically buffered by XST with BUFG/BUFR resources. Please use the buffer_type constraint in order to insert these buffers to the clock signals to help prevent skew problems.

Asynchronous Control Signals Information:
----------------------------------------
No asynchronous control signals found in this design

Timing Summary:
---------------
Speed Grade: -2

   Minimum period: 4.303ns (Maximum Frequency: 232.389MHz)
   Minimum input arrival time before clock: No path found
   Maximum output required time after clock: 5.242ns
   Maximum combinational path delay: No path found

Timing Details:
---------------
All values displayed in nanoseconds (ns)

=========================================================================
Timing constraint: Default period analysis for Clock 'clk'
  Clock period: 4.303ns (frequency: 232.389MHz)
  Total number of paths / destination ports: 1740 / 29
-------------------------------------------------------------------------
Delay:               4.303ns (Levels of Logic = 8)
  Source:            div_inst/counter_0 (FF)
  Destination:       div_inst/counter_0 (FF)
  Source Clock:      clk rising
  Destination Clock: clk rising

  Data Path: div_inst/counter_0 to div_inst/counter_0
                                Gate     Net
    Cell:in->out      fanout   Delay   Delay  Logical Name (Net Name)
    ----------------------------------------  ------------
     FD:C->Q               2   0.525   1.156  div_inst/counter_0 (div_inst/counter_0)
     LUT5:I0->O            1   0.254   0.000  div_inst/Mcompar_n0000_lut<0> (div_inst/Mcompar_n0000_lut<0>)
     MUXCY:S->O            1   0.215   0.000  div_inst/Mcompar_n0000_cy<0> (div_inst/Mcompar_n0000_cy<0>)
     MUXCY:CI->O           1   0.023   0.000  div_inst/Mcompar_n0000_cy<1> (div_inst/Mcompar_n0000_cy<1>)
     MUXCY:CI->O           1   0.023   0.000  div_inst/Mcompar_n0000_cy<2> (div_inst/Mcompar_n0000_cy<2>)
     MUXCY:CI->O           1   0.023   0.000  div_inst/Mcompar_n0000_cy<3> (div_inst/Mcompar_n0000_cy<3>)
     MUXCY:CI->O           1   0.023   0.000  div_inst/Mcompar_n0000_cy<4> (div_inst/Mcompar_n0000_cy<4>)
     MUXCY:CI->O          29   0.262   1.470  div_inst/Mcompar_n0000_cy<5> (div_inst/Mcompar_n0000_cy<5>)
     LUT2:I1->O            1   0.254   0.000  div_inst/counter_0_rstpot (div_inst/counter_0_rstpot)
     FD:D                      0.074          div_inst/counter_0
    ----------------------------------------
    Total                      4.303ns (1.677ns logic, 2.626ns route)
                                       (39.0% logic, 61.0% route)

=========================================================================
Timing constraint: Default period analysis for Clock 'div_inst/clock_out'
  Clock period: 1.364ns (frequency: 733.138MHz)
  Total number of paths / destination ports: 4 / 4
-------------------------------------------------------------------------
Delay:               1.364ns (Levels of Logic = 0)
  Source:            fsm_inst/state_FSM_FFd4 (FF)
  Destination:       fsm_inst/state_FSM_FFd3 (FF)
  Source Clock:      div_inst/clock_out rising
  Destination Clock: div_inst/clock_out rising

  Data Path: fsm_inst/state_FSM_FFd4 to fsm_inst/state_FSM_FFd3
                                Gate     Net
    Cell:in->out      fanout   Delay   Delay  Logical Name (Net Name)
    ----------------------------------------  ------------
     FD:C->Q               3   0.525   0.765  fsm_inst/state_FSM_FFd4 (fsm_inst/state_FSM_FFd4)
     FD:D                      0.074          fsm_inst/state_FSM_FFd3
    ----------------------------------------
    Total                      1.364ns (0.599ns logic, 0.765ns route)
                                       (43.9% logic, 56.1% route)

=========================================================================
Timing constraint: Default OFFSET OUT AFTER for Clock 'div_inst/clock_out'
  Total number of paths / destination ports: 8 / 6
-------------------------------------------------------------------------
Offset:              5.242ns (Levels of Logic = 2)
  Source:            fsm_inst/state_FSM_FFd2 (FF)
  Destination:       Hout<2> (PAD)
  Source Clock:      div_inst/clock_out rising

  Data Path: fsm_inst/state_FSM_FFd2 to Hout<2>
                                Gate     Net
    Cell:in->out      fanout   Delay   Delay  Logical Name (Net Name)
    ----------------------------------------  ------------
     FD:C->Q               3   0.525   0.874  fsm_inst/state_FSM_FFd2 (fsm_inst/state_FSM_FFd2)
     LUT2:I0->O            1   0.250   0.681  fsm_inst/state__n0012<2>1 (Hout_2_OBUF)
     OBUF:I->O                 2.912          Hout_2_OBUF (Hout<2>)
    ----------------------------------------
    Total                      5.242ns (3.687ns logic, 1.555ns route)
                                       (70.3% logic, 29.7% route)

=========================================================================

Cross Clock Domains Report:
--------------------------

Clock to Setup on destination clock clk
---------------+---------+---------+---------+---------+
               | Src:Rise| Src:Fall| Src:Rise| Src:Fall|
Source Clock   |Dest:Rise|Dest:Rise|Dest:Fall|Dest:Fall|
---------------+---------+---------+---------+---------+
clk            |    4.303|         |         |         |
---------------+---------+---------+---------+---------+

Clock to Setup on destination clock div_inst/clock_out
------------------+---------+---------+---------+---------+
                  | Src:Rise| Src:Fall| Src:Rise| Src:Fall|
Source Clock      |Dest:Rise|Dest:Rise|Dest:Fall|Dest:Fall|
------------------+---------+---------+---------+---------+
div_inst/clock_out|    1.364|         |         |         |
------------------+---------+---------+---------+---------+

=========================================================================


Total REAL time to Xst completion: 6.00 secs
Total CPU time to Xst completion: 6.59 secs
 
--> 

Total memory usage is 4486800 kilobytes

Number of errors   :    0 (   0 filtered)
Number of warnings :    2 (   0 filtered)
Number of infos    :    1 (   0 filtered)

