#
# A fatal error has been detected by the Java Runtime Environment:
#
#  EXCEPTION_UNCAUGHT_CXX_EXCEPTION (0xe06d7363) at pc=0x00007ffd7dc6b699, pid=13100, tid=10276
#
# JRE version: 7.0_17-b02
# Java VM: Java HotSpot(TM) 64-Bit Server VM (23.7-b01 mixed mode windows-amd64 compressed oops)
# Problematic frame:
# C  [KERNELBASE.dll+0x3b699]  RaiseException+0x69
#
# Failed to write core dump. Minidumps are not enabled by default on client versions of Windows
#
# If you would like to submit a bug report, please visit:
#   http://bugreport.sun.com/bugreport/crash.jsp
# The crash happened outside the Java Virtual Machine in native code.
# See problematic frame for where to report the bug.
#

---------------  T H R E A D  ---------------

Current thread (0x000000000a8aa800):  JavaThread "main" [_thread_in_native, id=10276, stack(0x000000001f900000,0x000000001fa00000)]

siginfo: ExceptionCode=0xe06d7363, ExceptionInformation=0x0000000019930520 0x000000001f9fe348 0x00000000012c1910 0x0000000001220000 

Registers:
RAX=0x000000005f9b22ae, RBX=0x000000001f9fd970, RCX=0x0000000000000000, RDX=0x000000000a8f0230
RSP=0x000000001f9fbbc0, RBP=0x000000001f9fc290, RSI=0x000000001f9fe1c0, RDI=0x000000001f9fca30
R8 =0x0000000000000000, R9 =0xfe1456db00000000, R10=0x24ecc179081611ae, R11=0x69a4e03635024081
R12=0x000000001f9fe560, R13=0x000000001f9fd038, R14=0x0000000000000000, R15=0x000000001f9fbd18
RIP=0x00007ffd7dc6b699, EFLAGS=0x0000000000000206

Top of Stack: (sp=0x000000001f9fbbc0)
0x000000001f9fbbc0:   000000000a97e630 000000001f9fd970
0x000000001f9fbbd0:   000000001f9fe1c0 00007ffd7dc903eb
0x000000001f9fbbe0:   00000001e06d7363 0000000000000000
0x000000001f9fbbf0:   00007ffd7dc6b699 0000000000000004
0x000000001f9fbc00:   0000000019930520 000000001f9fe348
0x000000001f9fbc10:   00000000012c1910 0000000001220000
0x000000001f9fbc20:   00008678da2d4ffc 0000000001298110
0x000000001f9fbc30:   000000001f9fd970 00000000605d334a
0x000000001f9fbc40:   0000000000000000 000000000a8afd20
0x000000001f9fbc50:   0000000000000000 000000001f9fca30
0x000000001f9fbc60:   000000001f9fca30 00000000605d336b
0x000000001f9fbc70:   000000001f9fd970 000000001f9fe560
0x000000001f9fbc80:   0000b5165fa5a883 000000000a8f0230
0x000000001f9fbc90:   000000001f9fd970 0000000060613bb8
0x000000001f9fbca0:   00000000012980e0 000000001f9fd038
0x000000001f9fbcb0:   0000000000000100 0000000000000000 

Instructions: (pc=0x00007ffd7dc6b699)
0x00007ffd7dc6b679:   8b d1 44 0f 47 c0 44 89 44 24 38 49 c1 e0 03 e8
0x00007ffd7dc6b689:   6a 2d 08 00 48 8d 4c 24 20 48 ff 15 7f 0b 1b 00
0x00007ffd7dc6b699:   0f 1f 44 00 00 48 8b 8c 24 c0 00 00 00 48 33 cc
0x00007ffd7dc6b6a9:   e8 a2 b5 05 00 48 81 c4 d8 00 00 00 c3 cc 83 64 


Register to memory mapping:

RAX=0x000000005f9b22ae is an unknown value
RBX=0x000000001f9fd970 is pointing into the stack for thread: 0x000000000a8aa800
RCX=0x0000000000000000 is an unknown value
RDX=0x000000000a8f0230 is an unknown value
RSP=0x000000001f9fbbc0 is pointing into the stack for thread: 0x000000000a8aa800
RBP=0x000000001f9fc290 is pointing into the stack for thread: 0x000000000a8aa800
RSI=0x000000001f9fe1c0 is pointing into the stack for thread: 0x000000000a8aa800
RDI=0x000000001f9fca30 is pointing into the stack for thread: 0x000000000a8aa800
R8 =0x0000000000000000 is an unknown value
R9 =0xfe1456db00000000 is an unknown value
R10=0x24ecc179081611ae is an unknown value
R11=0x69a4e03635024081 is an unknown value
R12=0x000000001f9fe560 is pointing into the stack for thread: 0x000000000a8aa800
R13=0x000000001f9fd038 is pointing into the stack for thread: 0x000000000a8aa800
R14=0x0000000000000000 is an unknown value
R15=0x000000001f9fbd18 is pointing into the stack for thread: 0x000000000a8aa800


Stack: [0x000000001f900000,0x000000001fa00000],  sp=0x000000001f9fbbc0,  free space=1006k
Native frames: (J=compiled Java code, j=interpreted, Vv=VM code, C=native code)
C  [KERNELBASE.dll+0x3b699]  RaiseException+0x69
C  0x000000001f9fc8f0

Java frames: (J=compiled Java code, j=interpreted, Vv=VM code)
j  ui.data.common.parami.ParamMgr_getValueAsBool(JLjava/lang/String;)Z+0
j  ui.data.common.F.jw(Ljava/lang/String;)Z+5
j  ui.data.common.F.aWC()Z+5
j  ui.h.I.aWC()Z+6
j  ui.aL.aGY()Ljava/lang/String;+0
j  ui.PlanAhead.<clinit>()V+316
v  ~StubRoutines::call_stub

---------------  P R O C E S S  ---------------

Java Threads: ( => current thread )
  0x000000000aa31000 JavaThread "Service Thread" daemon [_thread_blocked, id=18256, stack(0x000000002c5e0000,0x000000002c8e0000)]
  0x000000000acb1800 JavaThread "C1 CompilerThread2" daemon [_thread_blocked, id=6732, stack(0x000000002c4e0000,0x000000002c5e0000)]
  0x000000000aca1800 JavaThread "C2 CompilerThread1" daemon [_thread_blocked, id=12080, stack(0x000000002c3e0000,0x000000002c4e0000)]
  0x000000000ab91000 JavaThread "C2 CompilerThread0" daemon [_thread_blocked, id=616, stack(0x000000002c2e0000,0x000000002c3e0000)]
  0x000000000ac11800 JavaThread "Attach Listener" daemon [_thread_blocked, id=1872, stack(0x000000002bfe0000,0x000000002c2e0000)]
  0x000000000ad52000 JavaThread "Signal Dispatcher" daemon [_thread_blocked, id=3860, stack(0x000000002bce0000,0x000000002bfe0000)]
  0x000000000ad54000 JavaThread "Surrogate Locker Thread (Concurrent GC)" daemon [_thread_blocked, id=10476, stack(0x000000002b9e0000,0x000000002bce0000)]
  0x000000000abb5800 JavaThread "Finalizer" daemon [_thread_blocked, id=3392, stack(0x000000002b6e0000,0x000000002b9e0000)]
  0x000000000abb7000 JavaThread "Reference Handler" daemon [_thread_blocked, id=18244, stack(0x000000002b3e0000,0x000000002b6e0000)]
=>0x000000000a8aa800 JavaThread "main" [_thread_in_native, id=10276, stack(0x000000001f900000,0x000000001fa00000)]

Other Threads:
  0x000000000ab62000 VMThread [stack: 0x000000002b2e0000,0x000000002b3e0000] [id=13580]
  0x000000000aad1000 WatcherThread [stack: 0x000000002c8e0000,0x000000002c9e0000] [id=7648]

VM state:not at safepoint (normal execution)

VM Mutex/Monitor currently owned by a thread: None

Heap
 par new generation   total 55296K, used 4044K [0x0000000778000000, 0x000000077bc00000, 0x000000077bc00000)
  eden space 49152K,   8% used [0x0000000778000000, 0x00000007783f31e8, 0x000000077b000000)
  from space 6144K,   0% used [0x000000077b000000, 0x000000077b000000, 0x000000077b600000)
  to   space 6144K,   0% used [0x000000077b600000, 0x000000077b600000, 0x000000077bc00000)
 concurrent mark-sweep generation total 69632K, used 0K [0x000000077bc00000, 0x0000000780000000, 0x00000007f8000000)
 concurrent-mark-sweep perm gen total 131072K, used 5136K [0x00000007f8000000, 0x0000000800000000, 0x0000000800000000)

Card table byte_map: [0x0000000025fa0000,0x00000000263f0000] byte_map_base: 0x00000000223e0000

Polling page: 0x000000001fa00000

Code Cache  [0x000000001fa20000, 0x000000001fc90000, 0x0000000025a20000)
 total_blobs=393 nmethods=108 adapters=203 free_code_cache=97051Kb largest_free_block=99379840

Compilation events (10 events):
Event: 0.275 Thread 0x000000000acb1800  104       3       java.util.HashMap$FrontCache::get (32 bytes)
Event: 0.275 Thread 0x000000000acb1800 nmethod 104 0x000000001fb56a90 code [0x000000001fb56c20, 0x000000001fb57190]
Event: 0.276 Thread 0x000000000acb1800  105       3       java.io.BufferedInputStream::getBufIfOpen (21 bytes)
Event: 0.277 Thread 0x000000000acb1800 nmethod 105 0x000000001fb57310 code [0x000000001fb57480, 0x000000001fb576e8]
Event: 0.277 Thread 0x000000000acb1800  106  s    3       java.io.BufferedInputStream::read (49 bytes)
Event: 0.277 Thread 0x000000000acb1800 nmethod 106 0x000000001fb57790 code [0x000000001fb57920, 0x000000001fb57e98]
Event: 0.277 Thread 0x000000000acb1800  107       3       java.io.DataInputStream::readInt (72 bytes)
Event: 0.277 Thread 0x000000000acb1800 nmethod 107 0x000000001fb58050 code [0x000000001fb58220, 0x000000001fb58808]
Event: 0.281 Thread 0x000000000acb1800  108       3       java.util.HashMap::addEntry (59 bytes)
Event: 0.281 Thread 0x000000000acb1800 nmethod 108 0x000000001fb58c50 code [0x000000001fb58de0, 0x000000001fb592e8]

GC Heap History (0 events):
No events

Deoptimization events (0 events):
No events

Internal exceptions (10 events):
Event: 0.252 Thread 0x000000000a8aa800 Threw 0x00000007782ce258 at C:\jdk7u2_64p\jdk7u17\hotspot\src\share\vm\prims\jvm.cpp:1166
Event: 0.252 Thread 0x000000000a8aa800 Threw 0x00000007782d0000 at C:\jdk7u2_64p\jdk7u17\hotspot\src\share\vm\prims\jvm.cpp:1166
Event: 0.258 Thread 0x000000000a8aa800 Threw 0x00000007782da208 at C:\jdk7u2_64p\jdk7u17\hotspot\src\share\vm\prims\jni.cpp:716
Event: 0.268 Thread 0x000000000a8aa800 Threw 0x00000007782f33e8 at C:\jdk7u2_64p\jdk7u17\hotspot\src\share\vm\prims\jvm.cpp:1166
Event: 0.269 Thread 0x000000000a8aa800 Threw 0x00000007782fccc8 at C:\jdk7u2_64p\jdk7u17\hotspot\src\share\vm\prims\jvm.cpp:1166
Event: 0.270 Thread 0x000000000a8aa800 Threw 0x0000000778300ad0 at C:\jdk7u2_64p\jdk7u17\hotspot\src\share\vm\prims\jvm.cpp:1166
Event: 0.270 Thread 0x000000000a8aa800 Threw 0x0000000778304108 at C:\jdk7u2_64p\jdk7u17\hotspot\src\share\vm\prims\jvm.cpp:1166
Event: 0.271 Thread 0x000000000a8aa800 Threw 0x0000000778309d98 at C:\jdk7u2_64p\jdk7u17\hotspot\src\share\vm\prims\jvm.cpp:1166
Event: 0.272 Thread 0x000000000a8aa800 Threw 0x000000077831b900 at C:\jdk7u2_64p\jdk7u17\hotspot\src\share\vm\prims\jvm.cpp:1166
Event: 0.281 Thread 0x000000000a8aa800 Threw 0x000000077833b3c8 at C:\jdk7u2_64p\jdk7u17\hotspot\src\share\vm\prims\jvm.cpp:1166

Events (10 events):
Event: 0.279 loading class 0x000000000ad432f0
Event: 0.279 loading class 0x000000000ad432f0 done
Event: 0.279 loading class 0x000000000a8f4ee0
Event: 0.279 loading class 0x000000000a8f4ee0 done
Event: 0.279 loading class 0x000000002d7f2a80
Event: 0.280 loading class 0x000000002d7f2a80 done
Event: 0.280 loading class 0x000000002d7f2b70
Event: 0.280 loading class 0x000000002d7f2b70 done
Event: 0.281 loading class 0x000000000ad67ce0
Event: 0.281 loading class 0x000000000ad67ce0 done


Dynamic libraries:
0x0000000140000000 - 0x000000014000e000 	C:\Xilinx\14.7\ISE_DS\PlanAhead\bin\unwrapped\win64.o\planAhead.exe
0x00007ffd804f0000 - 0x00007ffd806e8000 	C:\Windows\SYSTEM32\ntdll.dll
0x00007ffd7e510000 - 0x00007ffd7e5d2000 	C:\Windows\System32\KERNEL32.DLL
0x00007ffd7dc30000 - 0x00007ffd7df2f000 	C:\Windows\System32\KERNELBASE.dll
0x0000000180000000 - 0x0000000180016000 	C:\Xilinx\14.7\ISE_DS\PlanAhead\lib\win64.o\librdi_commonmain.dll
0x000000000a900000 - 0x000000000a945000 	C:\Xilinx\14.7\ISE_DS\PlanAhead\lib\win64.o\SHSMP64.dll
0x00007ffd7f790000 - 0x00007ffd7f92d000 	C:\Windows\System32\USER32.dll
0x00007ffd7e1a0000 - 0x00007ffd7e1c2000 	C:\Windows\System32\win32u.dll
0x00007ffd7f930000 - 0x00007ffd7f95b000 	C:\Windows\System32\GDI32.dll
0x00000000605d0000 - 0x0000000060673000 	C:\Windows\WinSxS\amd64_microsoft.vc90.crt_1fc8b3b9a1e18e3b_9.0.30729.9625_none_08e1c10da83fbc83\MSVCR90.dll
0x00007ffd7df30000 - 0x00007ffd7e04a000 	C:\Windows\System32\gdi32full.dll
0x00007ffd7db90000 - 0x00007ffd7dc2d000 	C:\Windows\System32\msvcp_win.dll
0x00007ffd7e0a0000 - 0x00007ffd7e1a0000 	C:\Windows\System32\ucrtbase.dll
0x00007ffd7f9d0000 - 0x00007ffd7fa7f000 	C:\Windows\System32\ADVAPI32.dll
0x00007ffd7f260000 - 0x00007ffd7f2fe000 	C:\Windows\System32\msvcrt.dll
0x00007ffd7eba0000 - 0x00007ffd7ec3f000 	C:\Windows\System32\sechost.dll
0x00007ffd7f0d0000 - 0x00007ffd7f1f3000 	C:\Windows\System32\RPCRT4.dll
0x00007ffd7e280000 - 0x00007ffd7e2a7000 	C:\Windows\System32\bcrypt.dll
0x00007ffd741d0000 - 0x00007ffd741da000 	C:\Windows\SYSTEM32\VERSION.dll
0x0000000010000000 - 0x000000001012a000 	C:\Xilinx\14.7\ISE_DS\PlanAhead\lib\win64.o\tcl85t.dll
0x00007ffd7f960000 - 0x00007ffd7f9cb000 	C:\Windows\System32\WS2_32.dll
0x00000000001e0000 - 0x00000000001f3000 	C:\Xilinx\14.7\ISE_DS\PlanAhead\lib\win64.o\libboost_signals.dll
0x0000000000990000 - 0x0000000001211000 	C:\Xilinx\14.7\ISE_DS\PlanAhead\lib\win64.o\librdi_common.dll
0x0000000001220000 - 0x000000000130e000 	C:\Xilinx\14.7\ISE_DS\PlanAhead\lib\win64.o\stlport.5.2.dll
0x00000000004e0000 - 0x0000000000507000 	C:\Xilinx\14.7\ISE_DS\PlanAhead\lib\win64.o\libboost_filesystem.dll
0x0000000060820000 - 0x00000000608f3000 	C:\Windows\WinSxS\amd64_microsoft.vc90.crt_1fc8b3b9a1e18e3b_9.0.30729.9625_none_08e1c10da83fbc83\MSVCP90.dll
0x00007ffd80330000 - 0x00007ffd80338000 	C:\Windows\System32\PSAPI.DLL
0x00007ffd7fb80000 - 0x00007ffd802ed000 	C:\Windows\System32\SHELL32.dll
0x000000005f940000 - 0x000000006005f000 	C:\Xilinx\14.7\ISE_DS\PlanAhead\tps\win64\jre\bin\server\jvm.dll
0x00007ffd75540000 - 0x00007ffd7564a000 	C:\Windows\SYSTEM32\WINHTTP.dll
0x00007ffd715c0000 - 0x00007ffd717b1000 	C:\Windows\SYSTEM32\urlmon.dll
0x0000000012000000 - 0x0000000012282000 	C:\Xilinx\14.7\ISE_DS\PlanAhead\lib\win64.o\xerces-c_3_1.dll
0x00007ffd78d00000 - 0x00007ffd78d09000 	C:\Windows\SYSTEM32\WSOCK32.dll
0x00007ffd771f0000 - 0x00007ffd77217000 	C:\Windows\SYSTEM32\WINMM.dll
0x0000000060740000 - 0x0000000060812000 	C:\Windows\SYSTEM32\MSVCR100.dll
0x00007ffd71b40000 - 0x00007ffd71dff000 	C:\Windows\SYSTEM32\iertutil.dll
0x00007ffd71b10000 - 0x00007ffd71b38000 	C:\Windows\SYSTEM32\srvcli.dll
0x00007ffd7f300000 - 0x00007ffd7f655000 	C:\Windows\System32\combase.dll
0x00007ffd803a0000 - 0x00007ffd8044d000 	C:\Windows\System32\shcore.dll
0x00007ffd7bc10000 - 0x00007ffd7c3b4000 	C:\Windows\SYSTEM32\windows.storage.dll
0x00007ffd7d040000 - 0x00007ffd7d04c000 	C:\Windows\SYSTEM32\netutils.dll
0x00007ffd68210000 - 0x00007ffd686e7000 	C:\Windows\SYSTEM32\WININET.dll
0x00007ffd7d4f0000 - 0x00007ffd7d51b000 	C:\Windows\SYSTEM32\Wldp.dll
0x00007ffd7e8b0000 - 0x00007ffd7e97d000 	C:\Windows\System32\OLEAUT32.dll
0x0000000000560000 - 0x0000000000569000 	C:\Xilinx\14.7\ISE_DS\PlanAhead\lib\win64.o\libboost_system.dll
0x0000000001310000 - 0x00000000015f9000 	C:\Xilinx\14.7\ISE_DS\PlanAhead\lib\win64.o\libCOIN-all.dll
0x0000000001600000 - 0x000000000183a000 	C:\Xilinx\14.7\ISE_DS\PlanAhead\lib\win64.o\libSecurity.dll
0x0000000000580000 - 0x000000000058f000 	C:\Xilinx\14.7\ISE_DS\PlanAhead\lib\win64.o\libboost_date_time.dll
0x00007ffd7faa0000 - 0x00007ffd7fb7a000 	C:\Windows\System32\COMDLG32.dll
0x0000000001870000 - 0x000000000191f000 	C:\Xilinx\14.7\ISE_DS\PlanAhead\lib\win64.o\libboost_regex.dll
0x00007ffd80450000 - 0x00007ffd804a5000 	C:\Windows\System32\SHLWAPI.dll
0x0000000001920000 - 0x0000000001991000 	C:\Xilinx\14.7\ISE_DS\PlanAhead\lib\win64.o\libboost_program_options.dll
0x00007ffd7f660000 - 0x00007ffd7f78b000 	C:\Windows\System32\ole32.dll
0x00000000019a0000 - 0x00000000019e3000 	C:\Xilinx\14.7\ISE_DS\PlanAhead\lib\win64.o\libcurl.dll
0x00007ffd7f200000 - 0x00007ffd7f25e000 	C:\Windows\System32\WLDAP32.dll
0x00007ffd7e2b0000 - 0x00007ffd7e318000 	C:\Windows\System32\WINTRUST.dll
0x00007ffd7e320000 - 0x00007ffd7e47c000 	C:\Windows\System32\CRYPT32.dll
0x00000000019f0000 - 0x0000000001a06000 	C:\Xilinx\14.7\ISE_DS\PlanAhead\lib\win64.o\libboost_thread.dll
0x0000000001a10000 - 0x0000000001a93000 	C:\Xilinx\14.7\ISE_DS\PlanAhead\lib\win64.o\libhdlpsolve.dll
0x0000000001ac0000 - 0x0000000001b77000 	C:\Xilinx\14.7\ISE_DS\PlanAhead\lib\win64.o\libhdxml.dll
0x0000000001b80000 - 0x00000000020c30d3 	C:\Xilinx\14.7\ISE_DS\PlanAhead\lib\win64.o\libisl_iostreams.dll
0x00000000020e0000 - 0x0000000002109000 	C:\Xilinx\14.7\ISE_DS\PlanAhead\lib\win64.o\libisl_sysinfo.dll
0x0000000002120000 - 0x0000000002132000 	C:\Xilinx\14.7\ISE_DS\PlanAhead\lib\win64.o\pthreadVC.dll
0x0000000002140000 - 0x0000000002156000 	C:\Xilinx\14.7\ISE_DS\PlanAhead\lib\win64.o\librdiconfig.dll
0x0000000002170000 - 0x000000000218e000 	C:\Xilinx\14.7\ISE_DS\PlanAhead\lib\win64.o\librdizlib.dll
0x00007ffd75e30000 - 0x00007ffd75e49000 	C:\Windows\SYSTEM32\NETAPI32.dll
0x00007ffd0a230000 - 0x00007ffd0a2e0000 	C:\Windows\WinSxS\amd64_microsoft.windows.common-controls_6595b64144ccf1df_5.82.19041.4355_none_792ecafd2442822f\COMCTL32.dll
0x00000000021d0000 - 0x00000000021e9000 	C:\Xilinx\14.7\ISE_DS\PlanAhead\lib\win64.o\libboost_iostreams.dll
0x00000000021f0000 - 0x00000000021fc000 	C:\Xilinx\14.7\ISE_DS\PlanAhead\lib\win64.o\libboost_chrono.dll
0x00007ffd802f0000 - 0x00007ffd8031f000 	C:\Windows\System32\IMM32.DLL
0x00007ffd7d680000 - 0x00007ffd7d692000 	C:\Windows\SYSTEM32\MSASN1.dll
0x00000000055a0000 - 0x0000000005893000 	C:\Xilinx\14.7\ISE_DS\PlanAhead\lib\win64.o\librdi_commontasks.dll
0x000000000cb50000 - 0x000000000d190000 	C:\Xilinx\14.7\ISE_DS\PlanAhead\lib\win64.o\librdi_coretasks.dll
0x000000000d190000 - 0x000000000d357000 	C:\Xilinx\14.7\ISE_DS\PlanAhead\lib\win64.o\librdi_chipscope.dll
0x0000000012290000 - 0x00000000158e1000 	C:\Xilinx\14.7\ISE_DS\PlanAhead\lib\win64.o\librdi_designutils.dll
0x000000000d360000 - 0x000000000e62c000 	C:\Xilinx\14.7\ISE_DS\PlanAhead\lib\win64.o\librdi_coregen.dll
0x000000000e630000 - 0x000000000f20a000 	C:\Xilinx\14.7\ISE_DS\PlanAhead\lib\win64.o\librdi_device.dll
0x0000000010130000 - 0x0000000011150000 	C:\Xilinx\14.7\ISE_DS\PlanAhead\lib\win64.o\librdi_constraints.dll
0x000000000f210000 - 0x000000000f524000 	C:\Xilinx\14.7\ISE_DS\PlanAhead\lib\win64.o\librdi_drc.dll
0x000000000f530000 - 0x000000000f7be000 	C:\Xilinx\14.7\ISE_DS\PlanAhead\lib\win64.o\librdi_filemgmt.dll
0x000000000f7c0000 - 0x000000000fb96000 	C:\Xilinx\14.7\ISE_DS\PlanAhead\lib\win64.o\librdi_netlist.dll
0x00000000158f0000 - 0x0000000016a13000 	C:\Xilinx\14.7\ISE_DS\PlanAhead\lib\win64.o\librdi_place.dll
0x0000000011150000 - 0x0000000011672000 	C:\Xilinx\14.7\ISE_DS\PlanAhead\lib\win64.o\librdi_power.dll
0x000000000fbe0000 - 0x000000000ff93000 	C:\Xilinx\14.7\ISE_DS\PlanAhead\lib\win64.o\librdi_project.dll
0x0000000011680000 - 0x0000000011c1d000 	C:\Xilinx\14.7\ISE_DS\PlanAhead\lib\win64.o\librdi_rsb.dll
0x0000000016a20000 - 0x0000000016e18000 	C:\Xilinx\14.7\ISE_DS\PlanAhead\lib\win64.o\librdi_runs.dll
0x0000000016e20000 - 0x00000000178f8000 	C:\Xilinx\14.7\ISE_DS\PlanAhead\lib\win64.o\librdi_timing.dll
0x0000000060720000 - 0x0000000060731000 	C:\Windows\WinSxS\amd64_microsoft.vc90.openmp_1fc8b3b9a1e18e3b_9.0.30729.6161_none_390d35aa0a1f21f9\VCOMP90.DLL
0x0000000011c20000 - 0x0000000011c8e000 	C:\Xilinx\14.7\ISE_DS\PlanAhead\lib\win64.o\liblmx6.0.dll
0x0000000017900000 - 0x00000000180cf000 	C:\Xilinx\14.7\ISE_DS\PlanAhead\lib\win64.o\librdi_coregenipxact.dll
0x00000000180d0000 - 0x0000000018870000 	C:\Xilinx\14.7\ISE_DS\PlanAhead\lib\win64.o\libverific.dll
0x0000000011ca0000 - 0x0000000011d1d000 	C:\Xilinx\14.7\ISE_DS\PlanAhead\lib\win64.o\libboost_serialization.dll
0x0000000011d50000 - 0x0000000011d58000 	C:\Xilinx\14.7\ISE_DS\PlanAhead\lib\win64.o\libpsta_dllwrapper.dll
0x0000000018870000 - 0x0000000018db4000 	C:\Xilinx\14.7\ISE_DS\PlanAhead\lib\win64.o\librdi_xdm.dll
0x0000000018dc0000 - 0x00000000191fe000 	C:\Xilinx\14.7\ISE_DS\PlanAhead\lib\win64.o\librdi_ip.dll
0x0000000019200000 - 0x00000000197ee000 	C:\Xilinx\14.7\ISE_DS\PlanAhead\lib\win64.o\librdi_route.dll
0x00000000197f0000 - 0x0000000019d2b000 	C:\Xilinx\14.7\ISE_DS\PlanAhead\lib\win64.o\librdi_memdata.dll
0x0000000011d80000 - 0x0000000011ea8000 	C:\Xilinx\14.7\ISE_DS\PlanAhead\lib\win64.o\librdi_dlyest.dll
0x0000000019d30000 - 0x0000000019f5a000 	C:\Xilinx\14.7\ISE_DS\PlanAhead\lib\win64.o\librdi_labtools.dll
0x0000000019f60000 - 0x000000001b68f000 	C:\Xilinx\14.7\ISE_DS\PlanAhead\lib\win64.o\librdi_synth.dll
0x0000000011ef0000 - 0x0000000011f80000 	C:\Xilinx\14.7\ISE_DS\PlanAhead\lib\win64.o\libise.dll
0x000000001b690000 - 0x000000001bc6c000 	C:\Xilinx\14.7\ISE_DS\PlanAhead\lib\win64.o\librdi_abc_nomp.dll
0x0000000011fa0000 - 0x0000000011fba000 	C:\Xilinx\14.7\ISE_DS\PlanAhead\lib\win64.o\librdi_hmetis.dll
0x000000001bc70000 - 0x000000001bcad000 	C:\Xilinx\14.7\ISE_DS\PlanAhead\lib\win64.o\librdi_simbridge_kernel.dll
0x000000001bcb0000 - 0x000000001c126000 	C:\Xilinx\14.7\ISE_DS\PlanAhead\lib\win64.o\librdi_wavedata.dll
0x000000001c140000 - 0x000000001e1f8000 	C:\Xilinx\14.7\ISE_DS\PlanAhead\lib\win64.o\librdi_tcltasks.dll
0x000000001e210000 - 0x000000001e2e4000 	C:\Xilinx\14.7\ISE_DS\PlanAhead\lib\win64.o\librdi_dsp.dll
0x000000001e300000 - 0x000000001e36e000 	C:\Xilinx\14.7\ISE_DS\PlanAhead\lib\win64.o\librdi_edk.dll
0x000000001e370000 - 0x000000001e57e000 	C:\Xilinx\14.7\ISE_DS\PlanAhead\lib\win64.o\librdi_simdata.dll
0x000000001e590000 - 0x000000001e804000 	C:\Xilinx\14.7\ISE_DS\PlanAhead\lib\win64.o\librdi_bitstream.dll
0x000000001e930000 - 0x000000001ea86000 	C:\Xilinx\14.7\ISE_DS\PlanAhead\lib\win64.o\librdi_planaheadtasks.dll
0x000000001eaa0000 - 0x000000001f8e8000 	C:\Xilinx\14.7\ISE_DS\PlanAhead\lib\win64.o\librdi_ipservicestasks.dll
0x0000000060710000 - 0x000000006071f000 	C:\Xilinx\14.7\ISE_DS\PlanAhead\tps\win64\jre\bin\verify.dll
0x00000000606e0000 - 0x0000000060708000 	C:\Xilinx\14.7\ISE_DS\PlanAhead\tps\win64\jre\bin\java.dll
0x00000000606c0000 - 0x00000000606d5000 	C:\Xilinx\14.7\ISE_DS\PlanAhead\tps\win64\jre\bin\zip.dll
0x00000000606a0000 - 0x00000000606b9000 	C:\Xilinx\14.7\ISE_DS\PlanAhead\tps\win64\jre\bin\net.dll
0x00007ffd7d250000 - 0x00007ffd7d2bc000 	C:\Windows\system32\mswsock.dll
0x000000005f920000 - 0x000000005f931000 	C:\Xilinx\14.7\ISE_DS\PlanAhead\tps\win64\jre\bin\nio.dll
0x000000002c9e0000 - 0x000000002ccc6000 	C:\Xilinx\14.7\ISE_DS\PlanAhead\lib\win64.o\librdi_fed.dll
0x000000002cce0000 - 0x000000002cf41000 	C:\Xilinx\14.7\ISE_DS\PlanAhead\lib\win64.o\librdi_guitools.dll
0x000000002cf60000 - 0x000000002cf67000 	C:\Xilinx\14.7\ISE_DS\PlanAhead\lib\win64.o\librdi_commonx11.dll
0x000000002cf80000 - 0x000000002d36e000 	C:\Xilinx\14.7\ISE_DS\PlanAhead\lib\win64.o\librdi_rsbtasks.dll
0x000000002d380000 - 0x000000002d5c9000 	C:\Xilinx\14.7\ISE_DS\PlanAhead\lib\win64.o\librdi_labtoolstasks.dll
0x000000002d5e0000 - 0x000000002d798000 	C:\Xilinx\14.7\ISE_DS\PlanAhead\lib\win64.o\librdi_simtcltasks.dll
0x000000005f780000 - 0x000000005f913000 	C:\Xilinx\14.7\ISE_DS\PlanAhead\tps\win64\jre\bin\awt.dll
0x00007ffd7ad30000 - 0x00007ffd7adc4000 	C:\Windows\SYSTEM32\apphelp.dll
0x00007ffd758e0000 - 0x00007ffd75ac4000 	C:\Windows\SYSTEM32\dbghelp.dll
0x00007ffd7e480000 - 0x00007ffd7e502000 	C:\Windows\System32\bcryptPrimitives.dll

VM Arguments:
jvm_args: -Dsun.java2d.pmoffscreen=false -Xverify:none -Dswing.aatext=true -XX:-UsePerfData -Djdk.map.althashing.threshold=512 -XX:PermSize=128m -XX:MaxPermSize=128m -XX:NewSize=60m -XX:MaxNewSize=60m -XX:+UseConcMarkSweepGC -XX:+UseParNewGC -XX:+CMSParallelRemarkEnabled -XX:+CMSScavengeBeforeRemark -XX:+UseNUMA -XX:+AggressiveOpts -XX:+UseFastAccessorMethods -XX:+UseFastEmptyMethods -XX:+UseBiasedLocking -XX:+TieredCompilation -Xms128m -Xmx2048m -Xss3m 
java_command: <unknown>
Launcher Type: generic

Environment Variables:
PATH=C:/Xilinx/14.7/ISE_DS/PlanAhead/bin;C:/Xilinx/14.7/ISE_DS/PlanAhead/lib/win64.o;C:/Xilinx/14.7/ISE_DS/PlanAhead/tps/win64/jre/bin/server;C:/Xilinx/14.7/ISE_DS/PlanAhead/tps/win64/jre/bin;C:/Xilinx/14.7/ISE_DS/EDK/bin/nt64;C:/Xilinx/14.7/ISE_DS/EDK/lib/nt64;C:/Xilinx/14.7/ISE_DS/ISE/bin/nt64;C:/Xilinx/14.7/ISE_DS/ISE/lib/nt64;C:/Xilinx/14.7/ISE_DS/common/bin/nt64;C:/Xilinx/14.7/ISE_DS/common/lib/nt64;C:\Xilinx\14.7\ISE_DS\ISE\\lib\nt64;C:\Xilinx\14.7\ISE_DS\ISE\\bin\nt64;C:\Xilinx\14.7\ISE_DS\ISE\bin\nt64;C:\Xilinx\14.7\ISE_DS\ISE\lib\nt64;C:\Xilinx\14.7\ISE_DS\ISE\..\..\..\DocNav;C:\Xilinx\14.7\ISE_DS\PlanAhead\bin;C:\Xilinx\14.7\ISE_DS\EDK\bin\nt64;C:\Xilinx\14.7\ISE_DS\EDK\lib\nt64;C:\Xilinx\14.7\ISE_DS\EDK\gnu\microblaze\nt\bin;C:\Xilinx\14.7\ISE_DS\EDK\gnu\powerpc-eabi\nt\bin;C:\Xilinx\14.7\ISE_DS\EDK\gnuwin\bin;C:\Xilinx\14.7\ISE_DS\EDK\gnu\arm\nt\bin;C:\Xilinx\14.7\ISE_DS\EDK\gnu\microblaze\linux_toolchain\nt64_be\bin;C:\Xilinx\14.7\ISE_DS\EDK\gnu\microblaze\linux_toolchain\nt64_le\bin;C:\Xilinx\14.7\ISE_DS\common\bin\nt64;C:\Xilinx\14.7\ISE_DS\common\lib\nt64;C:\Program Files (x86)\Common Files\Oracle\Java\java8path;C:\Program Files (x86)\Common Files\Oracle\Java\javapath;C:\Program Files (x86)\VMware\VMware Workstation\bin\;C:\Windows\system32;C:\Windows;C:\Windows\System32\Wbem;C:\Windows\System32\WindowsPowerShell\v1.0\;C:\Windows\System32\OpenSSH\;C:\ProgramData\chocolatey\bin;C:\Program Files\PuTTY\;C:\Program Files\MATLAB\R2014a\runtime\win64;C:\Program Files\MATLAB\R2014a\bin;C:\Program Files\MATLAB\R2014a\polyspace\bin;C:\Program Files\Java\jre1.8.0_441\bin;C:\Users\T470s\AppData\Local\Programs\Python\Python312\Scripts\;C:\Users\T470s\AppData\Local\Programs\Python\Python312\;C:\Users\T470s\AppData\Local\Microsoft\WindowsApps;C:\Users\T470s\AppData\Local\Programs\Microsoft VS Code\bin;C:\Modeltech_5.7f\win32;C:\Modeltech_pe_edu_10.3a\win32pe_edu;C:\intelFPGA\18.1\modelsim_ase\win32aloem
USERNAME=T470s
OS=Windows_NT
PROCESSOR_IDENTIFIER=Intel64 Family 6 Model 78 Stepping 3, GenuineIntel



---------------  S Y S T E M  ---------------

OS: Windows 8 , 64 bit Build 9200 

CPU:total 4 (2 cores per cpu, 2 threads per core) family 6 model 78 stepping 3, cmov, cx8, fxsr, mmx, sse, sse2, sse3, ssse3, sse4.1, sse4.2, popcnt, avx, avx2, ht, tsc, tscinvbit

Memory: 4k page, physical 8261904k(1123932k free), swap 11145488k(1416728k free)

vm_info: Java HotSpot(TM) 64-Bit Server VM (23.7-b01) for windows-amd64 JRE (1.7.0_17-b02), built on Mar  1 2013 03:38:30 by "java_re" with unknown MS VC++:1600

time: Sun Mar 23 12:57:26 2025
elapsed time: 0 seconds

