#
# A fatal error has been detected by the Java Runtime Environment:
#
#  EXCEPTION_UNCAUGHT_CXX_EXCEPTION (0xe06d7363) at pc=0x00007ffd7dc6b699, pid=9112, tid=15404
#
# JRE version: 7.0_17-b02
# Java VM: Java HotSpot(TM) 64-Bit Server VM (23.7-b01 mixed mode windows-amd64 compressed oops)
# Problematic frame:
# C  [KERNELBASE.dll+0x3b699]  RaiseException+0x69
#
# Failed to write core dump. Minidumps are not enabled by default on client versions of Windows
#
# If you would like to submit a bug report, please visit:
#   http://bugreport.sun.com/bugreport/crash.jsp
# The crash happened outside the Java Virtual Machine in native code.
# See problematic frame for where to report the bug.
#

---------------  T H R E A D  ---------------

Current thread (0x000000000a99a800):  JavaThread "main" [_thread_in_native, id=15404, stack(0x000000001f860000,0x000000001f960000)]

siginfo: ExceptionCode=0xe06d7363, ExceptionInformation=0x0000000019930520 0x000000001f95e348 0x0000000001251910 0x00000000011b0000 

Registers:
RAX=0x000000005f9b22ae, RBX=0x000000001f95d970, RCX=0x0000000000000000, RDX=0x000000000a9e0230
RSP=0x000000001f95bbc0, RBP=0x000000001f95c290, RSI=0x000000001f95e1c0, RDI=0x000000001f95ca30
R8 =0x0000000000000000, R9 =0xfe1456db00000000, R10=0x24ecc179081611ae, R11=0x69a4e03635024081
R12=0x000000001f95e560, R13=0x000000001f95d038, R14=0x0000000000000000, R15=0x000000001f95bd18
RIP=0x00007ffd7dc6b699, EFLAGS=0x0000000000000206

Top of Stack: (sp=0x000000001f95bbc0)
0x000000001f95bbc0:   000000000aa1e630 000000001f95d970
0x000000001f95bbd0:   000000001f95e1c0 00007ffd7dc903eb
0x000000001f95bbe0:   00000001e06d7363 0000000000000000
0x000000001f95bbf0:   00007ffd7dc6b699 0000000000000004
0x000000001f95bc00:   0000000019930520 000000001f95e348
0x000000001f95bc10:   0000000001251910 00000000011b0000
0x000000001f95bc20:   0000949fae2a2736 0000000001228110
0x000000001f95bc30:   000000001f95d970 00000000605d334a
0x000000001f95bc40:   0000000000000000 000000000a99fd20
0x000000001f95bc50:   0000000000000000 000000001f95ca30
0x000000001f95bc60:   000000001f95ca30 00000000605d336b
0x000000001f95bc70:   000000001f95d970 000000001f95e560
0x000000001f95bc80:   0000af6dd12db4bb 000000000a9e0230
0x000000001f95bc90:   000000001f95d970 0000000060613bb8
0x000000001f95bca0:   00000000012280e0 000000001f95d038
0x000000001f95bcb0:   0000000000000100 0000000000000000 

Instructions: (pc=0x00007ffd7dc6b699)
0x00007ffd7dc6b679:   8b d1 44 0f 47 c0 44 89 44 24 38 49 c1 e0 03 e8
0x00007ffd7dc6b689:   6a 2d 08 00 48 8d 4c 24 20 48 ff 15 7f 0b 1b 00
0x00007ffd7dc6b699:   0f 1f 44 00 00 48 8b 8c 24 c0 00 00 00 48 33 cc
0x00007ffd7dc6b6a9:   e8 a2 b5 05 00 48 81 c4 d8 00 00 00 c3 cc 83 64 


Register to memory mapping:

RAX=0x000000005f9b22ae is an unknown value
RBX=0x000000001f95d970 is pointing into the stack for thread: 0x000000000a99a800
RCX=0x0000000000000000 is an unknown value
RDX=0x000000000a9e0230 is an unknown value
RSP=0x000000001f95bbc0 is pointing into the stack for thread: 0x000000000a99a800
RBP=0x000000001f95c290 is pointing into the stack for thread: 0x000000000a99a800
RSI=0x000000001f95e1c0 is pointing into the stack for thread: 0x000000000a99a800
RDI=0x000000001f95ca30 is pointing into the stack for thread: 0x000000000a99a800
R8 =0x0000000000000000 is an unknown value
R9 =0xfe1456db00000000 is an unknown value
R10=0x24ecc179081611ae is an unknown value
R11=0x69a4e03635024081 is an unknown value
R12=0x000000001f95e560 is pointing into the stack for thread: 0x000000000a99a800
R13=0x000000001f95d038 is pointing into the stack for thread: 0x000000000a99a800
R14=0x0000000000000000 is an unknown value
R15=0x000000001f95bd18 is pointing into the stack for thread: 0x000000000a99a800


Stack: [0x000000001f860000,0x000000001f960000],  sp=0x000000001f95bbc0,  free space=1006k
Native frames: (J=compiled Java code, j=interpreted, Vv=VM code, C=native code)
C  [KERNELBASE.dll+0x3b699]  RaiseException+0x69
C  0x000000001f95c8f0

Java frames: (J=compiled Java code, j=interpreted, Vv=VM code)
j  ui.data.common.parami.ParamMgr_getValueAsBool(JLjava/lang/String;)Z+0
j  ui.data.common.F.jw(Ljava/lang/String;)Z+5
j  ui.data.common.F.aWC()Z+5
j  ui.h.I.aWC()Z+6
j  ui.aL.aGY()Ljava/lang/String;+0
j  ui.PlanAhead.<clinit>()V+316
v  ~StubRoutines::call_stub

---------------  P R O C E S S  ---------------

Java Threads: ( => current thread )
  0x000000000aad1000 JavaThread "Service Thread" daemon [_thread_blocked, id=19400, stack(0x000000002c540000,0x000000002c840000)]
  0x000000000ad51800 JavaThread "C1 CompilerThread2" daemon [_thread_blocked, id=1412, stack(0x000000002c440000,0x000000002c540000)]
  0x000000000ad41800 JavaThread "C2 CompilerThread1" daemon [_thread_blocked, id=15860, stack(0x000000002c340000,0x000000002c440000)]
  0x000000000ac31000 JavaThread "C2 CompilerThread0" daemon [_thread_blocked, id=4044, stack(0x000000002c240000,0x000000002c340000)]
  0x000000000acb1800 JavaThread "Attach Listener" daemon [_thread_blocked, id=11400, stack(0x000000002bf40000,0x000000002c240000)]
  0x000000000adf2000 JavaThread "Signal Dispatcher" daemon [_thread_blocked, id=9180, stack(0x000000002bc40000,0x000000002bf40000)]
  0x000000000adf4000 JavaThread "Surrogate Locker Thread (Concurrent GC)" daemon [_thread_blocked, id=12936, stack(0x000000002b940000,0x000000002bc40000)]
  0x000000000ac55800 JavaThread "Finalizer" daemon [_thread_blocked, id=13932, stack(0x000000002b640000,0x000000002b940000)]
  0x000000000ac57000 JavaThread "Reference Handler" daemon [_thread_blocked, id=15480, stack(0x000000002b340000,0x000000002b640000)]
=>0x000000000a99a800 JavaThread "main" [_thread_in_native, id=15404, stack(0x000000001f860000,0x000000001f960000)]

Other Threads:
  0x000000000ac02000 VMThread [stack: 0x000000002b240000,0x000000002b340000] [id=9040]
  0x000000000ab71000 WatcherThread [stack: 0x000000002c840000,0x000000002c940000] [id=5924]

VM state:not at safepoint (normal execution)

VM Mutex/Monitor currently owned by a thread: None

Heap
 par new generation   total 55296K, used 4044K [0x0000000778000000, 0x000000077bc00000, 0x000000077bc00000)
  eden space 49152K,   8% used [0x0000000778000000, 0x00000007783f3058, 0x000000077b000000)
  from space 6144K,   0% used [0x000000077b000000, 0x000000077b000000, 0x000000077b600000)
  to   space 6144K,   0% used [0x000000077b600000, 0x000000077b600000, 0x000000077bc00000)
 concurrent mark-sweep generation total 69632K, used 0K [0x000000077bc00000, 0x0000000780000000, 0x00000007f8000000)
 concurrent-mark-sweep perm gen total 131072K, used 5136K [0x00000007f8000000, 0x0000000800000000, 0x0000000800000000)

Card table byte_map: [0x0000000025f00000,0x0000000026350000] byte_map_base: 0x0000000022340000

Polling page: 0x000000001f960000

Code Cache  [0x000000001f980000, 0x000000001fbf0000, 0x0000000025980000)
 total_blobs=393 nmethods=108 adapters=203 free_code_cache=97051Kb largest_free_block=99379904

Compilation events (10 events):
Event: 0.389 Thread 0x000000000ad51800  104       3       java.util.HashMap$FrontCache::get (32 bytes)
Event: 0.389 Thread 0x000000000ad51800 nmethod 104 0x000000001fab6a50 code [0x000000001fab6be0, 0x000000001fab7150]
Event: 0.391 Thread 0x000000000ad51800  105       3       java.io.BufferedInputStream::getBufIfOpen (21 bytes)
Event: 0.391 Thread 0x000000000ad51800 nmethod 105 0x000000001fab72d0 code [0x000000001fab7440, 0x000000001fab76a8]
Event: 0.391 Thread 0x000000000ad51800  106  s    3       java.io.BufferedInputStream::read (49 bytes)
Event: 0.391 Thread 0x000000000ad51800 nmethod 106 0x000000001fab7750 code [0x000000001fab78e0, 0x000000001fab7e58]
Event: 0.391 Thread 0x000000000ad51800  107       3       java.io.DataInputStream::readInt (72 bytes)
Event: 0.391 Thread 0x000000000ad51800 nmethod 107 0x000000001fab8010 code [0x000000001fab81e0, 0x000000001fab87c8]
Event: 0.396 Thread 0x000000000ad51800  108       3       java.util.HashMap::addEntry (59 bytes)
Event: 0.396 Thread 0x000000000ad51800 nmethod 108 0x000000001fab8c10 code [0x000000001fab8da0, 0x000000001fab92a8]

GC Heap History (0 events):
No events

Deoptimization events (0 events):
No events

Internal exceptions (10 events):
Event: 0.364 Thread 0x000000000a99a800 Threw 0x00000007782ce080 at C:\jdk7u2_64p\jdk7u17\hotspot\src\share\vm\prims\jvm.cpp:1166
Event: 0.364 Thread 0x000000000a99a800 Threw 0x00000007782cfe28 at C:\jdk7u2_64p\jdk7u17\hotspot\src\share\vm\prims\jvm.cpp:1166
Event: 0.371 Thread 0x000000000a99a800 Threw 0x00000007782d9fe8 at C:\jdk7u2_64p\jdk7u17\hotspot\src\share\vm\prims\jni.cpp:716
Event: 0.383 Thread 0x000000000a99a800 Threw 0x00000007782f3188 at C:\jdk7u2_64p\jdk7u17\hotspot\src\share\vm\prims\jvm.cpp:1166
Event: 0.383 Thread 0x000000000a99a800 Threw 0x00000007782fca78 at C:\jdk7u2_64p\jdk7u17\hotspot\src\share\vm\prims\jvm.cpp:1166
Event: 0.384 Thread 0x000000000a99a800 Threw 0x0000000778300880 at C:\jdk7u2_64p\jdk7u17\hotspot\src\share\vm\prims\jvm.cpp:1166
Event: 0.385 Thread 0x000000000a99a800 Threw 0x0000000778303eb8 at C:\jdk7u2_64p\jdk7u17\hotspot\src\share\vm\prims\jvm.cpp:1166
Event: 0.385 Thread 0x000000000a99a800 Threw 0x0000000778309c78 at C:\jdk7u2_64p\jdk7u17\hotspot\src\share\vm\prims\jvm.cpp:1166
Event: 0.386 Thread 0x000000000a99a800 Threw 0x000000077831b7e0 at C:\jdk7u2_64p\jdk7u17\hotspot\src\share\vm\prims\jvm.cpp:1166
Event: 0.396 Thread 0x000000000a99a800 Threw 0x000000077833b3f0 at C:\jdk7u2_64p\jdk7u17\hotspot\src\share\vm\prims\jvm.cpp:1166

Events (10 events):
Event: 0.394 loading class 0x000000000ade32f0
Event: 0.394 loading class 0x000000000ade32f0 done
Event: 0.394 loading class 0x000000000a9e4ee0
Event: 0.394 loading class 0x000000000a9e4ee0 done
Event: 0.394 loading class 0x000000002d5e2a80
Event: 0.394 loading class 0x000000002d5e2a80 done
Event: 0.394 loading class 0x000000002d5e2b70
Event: 0.395 loading class 0x000000002d5e2b70 done
Event: 0.396 loading class 0x000000000ae07ce0
Event: 0.396 loading class 0x000000000ae07ce0 done


Dynamic libraries:
0x0000000140000000 - 0x000000014000e000 	C:\Xilinx\14.7\ISE_DS\PlanAhead\bin\unwrapped\win64.o\planAhead.exe
0x00007ffd804f0000 - 0x00007ffd806e8000 	C:\Windows\SYSTEM32\ntdll.dll
0x00007ffd7e510000 - 0x00007ffd7e5d2000 	C:\Windows\System32\KERNEL32.DLL
0x00007ffd7dc30000 - 0x00007ffd7df2f000 	C:\Windows\System32\KERNELBASE.dll
0x0000000180000000 - 0x0000000180013000 	C:\Xilinx\14.7\ISE_DS\PlanAhead\lib\win64.o\libboost_signals.dll
0x000000000a900000 - 0x000000000a945000 	C:\Xilinx\14.7\ISE_DS\PlanAhead\lib\win64.o\SHSMP64.dll
0x00007ffd7f790000 - 0x00007ffd7f92d000 	C:\Windows\System32\USER32.dll
0x00007ffd7e1a0000 - 0x00007ffd7e1c2000 	C:\Windows\System32\win32u.dll
0x00007ffd7f930000 - 0x00007ffd7f95b000 	C:\Windows\System32\GDI32.dll
0x00000000605d0000 - 0x0000000060673000 	C:\Windows\WinSxS\amd64_microsoft.vc90.crt_1fc8b3b9a1e18e3b_9.0.30729.9625_none_08e1c10da83fbc83\MSVCR90.dll
0x00007ffd7df30000 - 0x00007ffd7e04a000 	C:\Windows\System32\gdi32full.dll
0x00007ffd7db90000 - 0x00007ffd7dc2d000 	C:\Windows\System32\msvcp_win.dll
0x00007ffd7e0a0000 - 0x00007ffd7e1a0000 	C:\Windows\System32\ucrtbase.dll
0x00007ffd7f9d0000 - 0x00007ffd7fa7f000 	C:\Windows\System32\ADVAPI32.dll
0x00007ffd7f260000 - 0x00007ffd7f2fe000 	C:\Windows\System32\msvcrt.dll
0x00007ffd7eba0000 - 0x00007ffd7ec3f000 	C:\Windows\System32\sechost.dll
0x00007ffd7f0d0000 - 0x00007ffd7f1f3000 	C:\Windows\System32\RPCRT4.dll
0x00007ffd7e280000 - 0x00007ffd7e2a7000 	C:\Windows\System32\bcrypt.dll
0x00007ffd741d0000 - 0x00007ffd741da000 	C:\Windows\SYSTEM32\VERSION.dll
0x0000000000920000 - 0x00000000011a1000 	C:\Xilinx\14.7\ISE_DS\PlanAhead\lib\win64.o\librdi_common.dll
0x00000000001e0000 - 0x00000000001f6000 	C:\Xilinx\14.7\ISE_DS\PlanAhead\lib\win64.o\librdi_commonmain.dll
0x00000000011b0000 - 0x000000000129e000 	C:\Xilinx\14.7\ISE_DS\PlanAhead\lib\win64.o\stlport.5.2.dll
0x00007ffd80330000 - 0x00007ffd80338000 	C:\Windows\System32\PSAPI.DLL
0x00007ffd7fb80000 - 0x00007ffd802ed000 	C:\Windows\System32\SHELL32.dll
0x000000005f940000 - 0x000000006005f000 	C:\Xilinx\14.7\ISE_DS\PlanAhead\tps\win64\jre\bin\server\jvm.dll
0x0000000010000000 - 0x000000001012a000 	C:\Xilinx\14.7\ISE_DS\PlanAhead\lib\win64.o\tcl85t.dll
0x00007ffd68210000 - 0x00007ffd686e7000 	C:\Windows\SYSTEM32\WININET.dll
0x0000000012000000 - 0x0000000012282000 	C:\Xilinx\14.7\ISE_DS\PlanAhead\lib\win64.o\xerces-c_3_1.dll
0x00007ffd75540000 - 0x00007ffd7564a000 	C:\Windows\SYSTEM32\WINHTTP.dll
0x00007ffd715c0000 - 0x00007ffd717b1000 	C:\Windows\SYSTEM32\urlmon.dll
0x00007ffd78d00000 - 0x00007ffd78d09000 	C:\Windows\SYSTEM32\WSOCK32.dll
0x00007ffd7f960000 - 0x00007ffd7f9cb000 	C:\Windows\System32\WS2_32.dll
0x0000000060820000 - 0x00000000608f3000 	C:\Windows\WinSxS\amd64_microsoft.vc90.crt_1fc8b3b9a1e18e3b_9.0.30729.9625_none_08e1c10da83fbc83\MSVCP90.dll
0x0000000060740000 - 0x0000000060812000 	C:\Windows\SYSTEM32\MSVCR100.dll
0x00007ffd771f0000 - 0x00007ffd77217000 	C:\Windows\SYSTEM32\WINMM.dll
0x00007ffd71b40000 - 0x00007ffd71dff000 	C:\Windows\SYSTEM32\iertutil.dll
0x00007ffd7f300000 - 0x00007ffd7f655000 	C:\Windows\System32\combase.dll
0x00007ffd7d040000 - 0x00007ffd7d04c000 	C:\Windows\SYSTEM32\netutils.dll
0x00007ffd803a0000 - 0x00007ffd8044d000 	C:\Windows\System32\shcore.dll
0x00007ffd7bc10000 - 0x00007ffd7c3b4000 	C:\Windows\SYSTEM32\windows.storage.dll
0x00007ffd71b10000 - 0x00007ffd71b38000 	C:\Windows\SYSTEM32\srvcli.dll
0x00007ffd7d4f0000 - 0x00007ffd7d51b000 	C:\Windows\SYSTEM32\Wldp.dll
0x00007ffd7e8b0000 - 0x00007ffd7e97d000 	C:\Windows\System32\OLEAUT32.dll
0x00000000012a0000 - 0x0000000001589000 	C:\Xilinx\14.7\ISE_DS\PlanAhead\lib\win64.o\libCOIN-all.dll
0x00000000015a0000 - 0x00000000015af000 	C:\Xilinx\14.7\ISE_DS\PlanAhead\lib\win64.o\libboost_date_time.dll
0x00000000015b0000 - 0x00000000017ea000 	C:\Xilinx\14.7\ISE_DS\PlanAhead\lib\win64.o\libSecurity.dll
0x0000000001800000 - 0x0000000001827000 	C:\Xilinx\14.7\ISE_DS\PlanAhead\lib\win64.o\libboost_filesystem.dll
0x0000000001830000 - 0x00000000018a1000 	C:\Xilinx\14.7\ISE_DS\PlanAhead\lib\win64.o\libboost_program_options.dll
0x00007ffd7faa0000 - 0x00007ffd7fb7a000 	C:\Windows\System32\COMDLG32.dll
0x00007ffd80450000 - 0x00007ffd804a5000 	C:\Windows\System32\SHLWAPI.dll
0x00000000018c0000 - 0x00000000018c9000 	C:\Xilinx\14.7\ISE_DS\PlanAhead\lib\win64.o\libboost_system.dll
0x00007ffd7f660000 - 0x00007ffd7f78b000 	C:\Windows\System32\ole32.dll
0x00007ffd7e2b0000 - 0x00007ffd7e318000 	C:\Windows\System32\WINTRUST.dll
0x00007ffd7e320000 - 0x00007ffd7e47c000 	C:\Windows\System32\CRYPT32.dll
0x00000000018d0000 - 0x000000000197f000 	C:\Xilinx\14.7\ISE_DS\PlanAhead\lib\win64.o\libboost_regex.dll
0x0000000001990000 - 0x00000000019a6000 	C:\Xilinx\14.7\ISE_DS\PlanAhead\lib\win64.o\libboost_thread.dll
0x00000000019c0000 - 0x0000000001a03000 	C:\Xilinx\14.7\ISE_DS\PlanAhead\lib\win64.o\libcurl.dll
0x00007ffd7f200000 - 0x00007ffd7f25e000 	C:\Windows\System32\WLDAP32.dll
0x0000000001a10000 - 0x0000000001a93000 	C:\Xilinx\14.7\ISE_DS\PlanAhead\lib\win64.o\libhdlpsolve.dll
0x0000000001ab0000 - 0x0000000001b67000 	C:\Xilinx\14.7\ISE_DS\PlanAhead\lib\win64.o\libhdxml.dll
0x0000000001b90000 - 0x00000000020d30d3 	C:\Xilinx\14.7\ISE_DS\PlanAhead\lib\win64.o\libisl_iostreams.dll
0x00000000020e0000 - 0x0000000002109000 	C:\Xilinx\14.7\ISE_DS\PlanAhead\lib\win64.o\libisl_sysinfo.dll
0x0000000002120000 - 0x0000000002132000 	C:\Xilinx\14.7\ISE_DS\PlanAhead\lib\win64.o\pthreadVC.dll
0x0000000002140000 - 0x0000000002156000 	C:\Xilinx\14.7\ISE_DS\PlanAhead\lib\win64.o\librdiconfig.dll
0x0000000002170000 - 0x000000000218e000 	C:\Xilinx\14.7\ISE_DS\PlanAhead\lib\win64.o\librdizlib.dll
0x00007ffd75e30000 - 0x00007ffd75e49000 	C:\Windows\SYSTEM32\NETAPI32.dll
0x00007ffd0a230000 - 0x00007ffd0a2e0000 	C:\Windows\WinSxS\amd64_microsoft.windows.common-controls_6595b64144ccf1df_5.82.19041.4355_none_792ecafd2442822f\COMCTL32.dll
0x00000000021d0000 - 0x00000000021dc000 	C:\Xilinx\14.7\ISE_DS\PlanAhead\lib\win64.o\libboost_chrono.dll
0x00000000021e0000 - 0x00000000021f9000 	C:\Xilinx\14.7\ISE_DS\PlanAhead\lib\win64.o\libboost_iostreams.dll
0x00007ffd802f0000 - 0x00007ffd8031f000 	C:\Windows\System32\IMM32.DLL
0x00007ffd7d680000 - 0x00007ffd7d692000 	C:\Windows\SYSTEM32\MSASN1.dll
0x00000000055d0000 - 0x00000000058c3000 	C:\Xilinx\14.7\ISE_DS\PlanAhead\lib\win64.o\librdi_commontasks.dll
0x000000000cb50000 - 0x000000000d190000 	C:\Xilinx\14.7\ISE_DS\PlanAhead\lib\win64.o\librdi_coretasks.dll
0x000000000d190000 - 0x000000000d357000 	C:\Xilinx\14.7\ISE_DS\PlanAhead\lib\win64.o\librdi_chipscope.dll
0x000000000d360000 - 0x000000000e380000 	C:\Xilinx\14.7\ISE_DS\PlanAhead\lib\win64.o\librdi_constraints.dll
0x000000000e380000 - 0x000000000f64c000 	C:\Xilinx\14.7\ISE_DS\PlanAhead\lib\win64.o\librdi_coregen.dll
0x0000000012290000 - 0x00000000158e1000 	C:\Xilinx\14.7\ISE_DS\PlanAhead\lib\win64.o\librdi_designutils.dll
0x000000000f650000 - 0x000000000f964000 	C:\Xilinx\14.7\ISE_DS\PlanAhead\lib\win64.o\librdi_drc.dll
0x0000000010130000 - 0x0000000010d0a000 	C:\Xilinx\14.7\ISE_DS\PlanAhead\lib\win64.o\librdi_device.dll
0x000000000f970000 - 0x000000000fbfe000 	C:\Xilinx\14.7\ISE_DS\PlanAhead\lib\win64.o\librdi_filemgmt.dll
0x0000000010d10000 - 0x0000000011e33000 	C:\Xilinx\14.7\ISE_DS\PlanAhead\lib\win64.o\librdi_place.dll
0x000000000fc00000 - 0x000000000ffd6000 	C:\Xilinx\14.7\ISE_DS\PlanAhead\lib\win64.o\librdi_netlist.dll
0x00000000158f0000 - 0x0000000015e12000 	C:\Xilinx\14.7\ISE_DS\PlanAhead\lib\win64.o\librdi_power.dll
0x0000000015e20000 - 0x00000000161d3000 	C:\Xilinx\14.7\ISE_DS\PlanAhead\lib\win64.o\librdi_project.dll
0x00000000161e0000 - 0x000000001677d000 	C:\Xilinx\14.7\ISE_DS\PlanAhead\lib\win64.o\librdi_rsb.dll
0x0000000016780000 - 0x0000000016b78000 	C:\Xilinx\14.7\ISE_DS\PlanAhead\lib\win64.o\librdi_runs.dll
0x0000000016b80000 - 0x0000000017658000 	C:\Xilinx\14.7\ISE_DS\PlanAhead\lib\win64.o\librdi_timing.dll
0x0000000060720000 - 0x0000000060731000 	C:\Windows\WinSxS\amd64_microsoft.vc90.openmp_1fc8b3b9a1e18e3b_9.0.30729.6161_none_390d35aa0a1f21f9\VCOMP90.DLL
0x0000000011e40000 - 0x0000000011eae000 	C:\Xilinx\14.7\ISE_DS\PlanAhead\lib\win64.o\liblmx6.0.dll
0x0000000011eb0000 - 0x0000000011f2d000 	C:\Xilinx\14.7\ISE_DS\PlanAhead\lib\win64.o\libboost_serialization.dll
0x0000000017660000 - 0x0000000017ba4000 	C:\Xilinx\14.7\ISE_DS\PlanAhead\lib\win64.o\librdi_xdm.dll
0x0000000017bb0000 - 0x0000000018350000 	C:\Xilinx\14.7\ISE_DS\PlanAhead\lib\win64.o\libverific.dll
0x0000000011f30000 - 0x0000000011f38000 	C:\Xilinx\14.7\ISE_DS\PlanAhead\lib\win64.o\libpsta_dllwrapper.dll
0x0000000018350000 - 0x0000000018b1f000 	C:\Xilinx\14.7\ISE_DS\PlanAhead\lib\win64.o\librdi_coregenipxact.dll
0x0000000018b20000 - 0x0000000018f5e000 	C:\Xilinx\14.7\ISE_DS\PlanAhead\lib\win64.o\librdi_ip.dll
0x0000000018f60000 - 0x000000001949b000 	C:\Xilinx\14.7\ISE_DS\PlanAhead\lib\win64.o\librdi_memdata.dll
0x00000000194a0000 - 0x000000001abcf000 	C:\Xilinx\14.7\ISE_DS\PlanAhead\lib\win64.o\librdi_synth.dll
0x000000001abd0000 - 0x000000001adfa000 	C:\Xilinx\14.7\ISE_DS\PlanAhead\lib\win64.o\librdi_labtools.dll
0x000000001ae00000 - 0x000000001ae90000 	C:\Xilinx\14.7\ISE_DS\PlanAhead\lib\win64.o\libise.dll
0x000000001ae90000 - 0x000000001afb8000 	C:\Xilinx\14.7\ISE_DS\PlanAhead\lib\win64.o\librdi_dlyest.dll
0x000000001afc0000 - 0x000000001b59c000 	C:\Xilinx\14.7\ISE_DS\PlanAhead\lib\win64.o\librdi_abc_nomp.dll
0x000000001b5a0000 - 0x000000001bb8e000 	C:\Xilinx\14.7\ISE_DS\PlanAhead\lib\win64.o\librdi_route.dll
0x0000000011fd0000 - 0x0000000011fea000 	C:\Xilinx\14.7\ISE_DS\PlanAhead\lib\win64.o\librdi_hmetis.dll
0x000000001bbc0000 - 0x000000001bbfd000 	C:\Xilinx\14.7\ISE_DS\PlanAhead\lib\win64.o\librdi_simbridge_kernel.dll
0x000000001bc10000 - 0x000000001c086000 	C:\Xilinx\14.7\ISE_DS\PlanAhead\lib\win64.o\librdi_wavedata.dll
0x000000001c0a0000 - 0x000000001e158000 	C:\Xilinx\14.7\ISE_DS\PlanAhead\lib\win64.o\librdi_tcltasks.dll
0x000000001e170000 - 0x000000001e244000 	C:\Xilinx\14.7\ISE_DS\PlanAhead\lib\win64.o\librdi_dsp.dll
0x000000001e260000 - 0x000000001e4d4000 	C:\Xilinx\14.7\ISE_DS\PlanAhead\lib\win64.o\librdi_bitstream.dll
0x000000001e4e0000 - 0x000000001e54e000 	C:\Xilinx\14.7\ISE_DS\PlanAhead\lib\win64.o\librdi_edk.dll
0x000000001e570000 - 0x000000001e77e000 	C:\Xilinx\14.7\ISE_DS\PlanAhead\lib\win64.o\librdi_simdata.dll
0x000000001e890000 - 0x000000001e9e6000 	C:\Xilinx\14.7\ISE_DS\PlanAhead\lib\win64.o\librdi_planaheadtasks.dll
0x000000001ea00000 - 0x000000001f848000 	C:\Xilinx\14.7\ISE_DS\PlanAhead\lib\win64.o\librdi_ipservicestasks.dll
0x0000000060710000 - 0x000000006071f000 	C:\Xilinx\14.7\ISE_DS\PlanAhead\tps\win64\jre\bin\verify.dll
0x00000000606e0000 - 0x0000000060708000 	C:\Xilinx\14.7\ISE_DS\PlanAhead\tps\win64\jre\bin\java.dll
0x00000000606c0000 - 0x00000000606d5000 	C:\Xilinx\14.7\ISE_DS\PlanAhead\tps\win64\jre\bin\zip.dll
0x00000000606a0000 - 0x00000000606b9000 	C:\Xilinx\14.7\ISE_DS\PlanAhead\tps\win64\jre\bin\net.dll
0x00007ffd7d250000 - 0x00007ffd7d2bc000 	C:\Windows\system32\mswsock.dll
0x000000005f920000 - 0x000000005f931000 	C:\Xilinx\14.7\ISE_DS\PlanAhead\tps\win64\jre\bin\nio.dll
0x000000002c940000 - 0x000000002cc26000 	C:\Xilinx\14.7\ISE_DS\PlanAhead\lib\win64.o\librdi_fed.dll
0x000000002cc40000 - 0x000000002cea1000 	C:\Xilinx\14.7\ISE_DS\PlanAhead\lib\win64.o\librdi_guitools.dll
0x000000002cec0000 - 0x000000002cec7000 	C:\Xilinx\14.7\ISE_DS\PlanAhead\lib\win64.o\librdi_commonx11.dll
0x000000002cee0000 - 0x000000002d2ce000 	C:\Xilinx\14.7\ISE_DS\PlanAhead\lib\win64.o\librdi_rsbtasks.dll
0x000000002d2e0000 - 0x000000002d529000 	C:\Xilinx\14.7\ISE_DS\PlanAhead\lib\win64.o\librdi_labtoolstasks.dll
0x000000002d640000 - 0x000000002d7f8000 	C:\Xilinx\14.7\ISE_DS\PlanAhead\lib\win64.o\librdi_simtcltasks.dll
0x000000005f780000 - 0x000000005f913000 	C:\Xilinx\14.7\ISE_DS\PlanAhead\tps\win64\jre\bin\awt.dll
0x00007ffd7ad30000 - 0x00007ffd7adc4000 	C:\Windows\SYSTEM32\apphelp.dll
0x00007ffd758e0000 - 0x00007ffd75ac4000 	C:\Windows\SYSTEM32\dbghelp.dll
0x00007ffd7e480000 - 0x00007ffd7e502000 	C:\Windows\System32\bcryptPrimitives.dll

VM Arguments:
jvm_args: -Dsun.java2d.pmoffscreen=false -Xverify:none -Dswing.aatext=true -XX:-UsePerfData -Djdk.map.althashing.threshold=512 -XX:PermSize=128m -XX:MaxPermSize=128m -XX:NewSize=60m -XX:MaxNewSize=60m -XX:+UseConcMarkSweepGC -XX:+UseParNewGC -XX:+CMSParallelRemarkEnabled -XX:+CMSScavengeBeforeRemark -XX:+UseNUMA -XX:+AggressiveOpts -XX:+UseFastAccessorMethods -XX:+UseFastEmptyMethods -XX:+UseBiasedLocking -XX:+TieredCompilation -Xms128m -Xmx2048m -Xss3m 
java_command: <unknown>
Launcher Type: generic

Environment Variables:
PATH=C:/Xilinx/14.7/ISE_DS/PlanAhead/bin;C:/Xilinx/14.7/ISE_DS/PlanAhead/lib/win64.o;C:/Xilinx/14.7/ISE_DS/PlanAhead/tps/win64/jre/bin/server;C:/Xilinx/14.7/ISE_DS/PlanAhead/tps/win64/jre/bin;C:/Xilinx/14.7/ISE_DS/EDK/bin/nt64;C:/Xilinx/14.7/ISE_DS/EDK/lib/nt64;C:/Xilinx/14.7/ISE_DS/ISE/bin/nt64;C:/Xilinx/14.7/ISE_DS/ISE/lib/nt64;C:/Xilinx/14.7/ISE_DS/common/bin/nt64;C:/Xilinx/14.7/ISE_DS/common/lib/nt64;C:\Xilinx\14.7\ISE_DS\ISE\\lib\nt64;C:\Xilinx\14.7\ISE_DS\ISE\\bin\nt64;C:\Xilinx\14.7\ISE_DS\ISE\bin\nt64;C:\Xilinx\14.7\ISE_DS\ISE\lib\nt64;C:\Xilinx\14.7\ISE_DS\ISE\..\..\..\DocNav;C:\Xilinx\14.7\ISE_DS\PlanAhead\bin;C:\Xilinx\14.7\ISE_DS\EDK\bin\nt64;C:\Xilinx\14.7\ISE_DS\EDK\lib\nt64;C:\Xilinx\14.7\ISE_DS\EDK\gnu\microblaze\nt\bin;C:\Xilinx\14.7\ISE_DS\EDK\gnu\powerpc-eabi\nt\bin;C:\Xilinx\14.7\ISE_DS\EDK\gnuwin\bin;C:\Xilinx\14.7\ISE_DS\EDK\gnu\arm\nt\bin;C:\Xilinx\14.7\ISE_DS\EDK\gnu\microblaze\linux_toolchain\nt64_be\bin;C:\Xilinx\14.7\ISE_DS\EDK\gnu\microblaze\linux_toolchain\nt64_le\bin;C:\Xilinx\14.7\ISE_DS\common\bin\nt64;C:\Xilinx\14.7\ISE_DS\common\lib\nt64;C:\Program Files (x86)\Common Files\Oracle\Java\java8path;C:\Program Files (x86)\Common Files\Oracle\Java\javapath;C:\Program Files (x86)\VMware\VMware Workstation\bin\;C:\Windows\system32;C:\Windows;C:\Windows\System32\Wbem;C:\Windows\System32\WindowsPowerShell\v1.0\;C:\Windows\System32\OpenSSH\;C:\ProgramData\chocolatey\bin;C:\Program Files\PuTTY\;C:\Program Files\MATLAB\R2014a\runtime\win64;C:\Program Files\MATLAB\R2014a\bin;C:\Program Files\MATLAB\R2014a\polyspace\bin;C:\Program Files\Java\jre1.8.0_441\bin;C:\Users\T470s\AppData\Local\Programs\Python\Python312\Scripts\;C:\Users\T470s\AppData\Local\Programs\Python\Python312\;C:\Users\T470s\AppData\Local\Microsoft\WindowsApps;C:\Users\T470s\AppData\Local\Programs\Microsoft VS Code\bin;C:\Modeltech_5.7f\win32;C:\Modeltech_pe_edu_10.3a\win32pe_edu;C:\intelFPGA\18.1\modelsim_ase\win32aloem
USERNAME=T470s
OS=Windows_NT
PROCESSOR_IDENTIFIER=Intel64 Family 6 Model 78 Stepping 3, GenuineIntel



---------------  S Y S T E M  ---------------

OS: Windows 8 , 64 bit Build 9200 

CPU:total 4 (2 cores per cpu, 2 threads per core) family 6 model 78 stepping 3, cmov, cx8, fxsr, mmx, sse, sse2, sse3, ssse3, sse4.1, sse4.2, popcnt, avx, avx2, ht, tsc, tscinvbit

Memory: 4k page, physical 8261904k(1691848k free), swap 11145488k(1548216k free)

vm_info: Java HotSpot(TM) 64-Bit Server VM (23.7-b01) for windows-amd64 JRE (1.7.0_17-b02), built on Mar  1 2013 03:38:30 by "java_re" with unknown MS VC++:1600

time: Sun Mar 23 16:29:44 2025
elapsed time: 0 seconds

