--------------------------------------------------------------------------------
Release 14.7 Trace  (nt64)
Copyright (c) 1995-2013 Xilinx, Inc.  All rights reserved.

C:\Xilinx\14.7\ISE_DS\ISE\bin\nt64\unwrapped\trce.exe -intstyle ise -v 3 -s 2
-n 3 -fastpaths -xml task01.twx task01.ncd -o task01.twr task01.pcf -ucf
BCDa.ucf

Design file:              task01.ncd
Physical constraint file: task01.pcf
Device,package,speed:     xc6slx9,csg324,C,-2 (PRODUCTION 1.23 2013-10-13)
Report level:             verbose report

Environment Variable      Effect 
--------------------      ------ 
NONE                      No environment variables were set
--------------------------------------------------------------------------------

INFO:Timing:2698 - No timing constraints found, doing default enumeration.
INFO:Timing:3412 - To improve timing, see the Timing Closure User Guide (UG612).
INFO:Timing:2752 - To get complete path coverage, use the unconstrained paths 
   option. All paths that are not constrained will be reported in the 
   unconstrained paths section(s) of the report.
INFO:Timing:3339 - The clock-to-out numbers in this timing report are based on 
   a 50 Ohm transmission line loading model.  For the details of this model, 
   and for more information on accounting for different loading conditions, 
   please see the device datasheet.



Data Sheet report:
-----------------
All values displayed in nanoseconds (ns)

Pad to Pad
---------------+---------------+---------+
Source Pad     |Destination Pad|  Delay  |
---------------+---------------+---------+
IN<0>          |OUT<0>         |   13.365|
IN<0>          |OUT<3>         |   13.320|
IN<0>          |OUT<4>         |   12.762|
IN<0>          |OUT<5>         |   13.300|
IN<1>          |OUT<0>         |   13.514|
IN<1>          |OUT<3>         |   13.469|
IN<1>          |OUT<4>         |   12.911|
IN<1>          |OUT<5>         |   13.449|
IN<1>          |OUT<6>         |   12.547|
IN<2>          |OUT<0>         |   13.612|
IN<2>          |OUT<3>         |   13.567|
IN<2>          |OUT<4>         |   13.009|
IN<2>          |OUT<5>         |   13.547|
IN<2>          |OUT<6>         |   12.645|
IN<3>          |OUT<0>         |   13.315|
IN<3>          |OUT<3>         |   13.270|
IN<3>          |OUT<4>         |   12.712|
IN<3>          |OUT<5>         |   13.250|
IN<3>          |OUT<6>         |   12.348|
en             |dp             |   11.023|
---------------+---------------+---------+


Analysis completed Sun Mar 23 16:23:30 2025 
--------------------------------------------------------------------------------

Trace Settings:
-------------------------
Trace Settings 

Peak Memory Usage: 4571 MB



