#
# A fatal error has been detected by the Java Runtime Environment:
#
#  EXCEPTION_UNCAUGHT_CXX_EXCEPTION (0xe06d7363) at pc=0x00007ffd7dc6b699, pid=17392, tid=16800
#
# JRE version: 7.0_17-b02
# Java VM: Java HotSpot(TM) 64-Bit Server VM (23.7-b01 mixed mode windows-amd64 compressed oops)
# Problematic frame:
# C  [KERNELBASE.dll+0x3b699]  RaiseException+0x69
#
# Failed to write core dump. Minidumps are not enabled by default on client versions of Windows
#
# If you would like to submit a bug report, please visit:
#   http://bugreport.sun.com/bugreport/crash.jsp
# The crash happened outside the Java Virtual Machine in native code.
# See problematic frame for where to report the bug.
#

---------------  T H R E A D  ---------------

Current thread (0x000000000a10a800):  JavaThread "main" [_thread_in_native, id=16800, stack(0x000000001f030000,0x000000001f130000)]

siginfo: ExceptionCode=0xe06d7363, ExceptionInformation=0x0000000019930520 0x000000001f12e348 0x00000000009c1910 0x0000000000920000 

Registers:
RAX=0x000000005f9b22ae, RBX=0x000000001f12d970, RCX=0x0000000000000000, RDX=0x000000000a150230
RSP=0x000000001f12bbc0, RBP=0x000000001f12c290, RSI=0x000000001f12e1c0, RDI=0x000000001f12ca30
R8 =0x0000000000000000, R9 =0xfe1456db00000000, R10=0x24ecc179081611ae, R11=0x69a4e03635024081
R12=0x000000001f12e560, R13=0x000000001f12d038, R14=0x0000000000000000, R15=0x000000001f12bd18
RIP=0x00007ffd7dc6b699, EFLAGS=0x0000000000000206

Top of Stack: (sp=0x000000001f12bbc0)
0x000000001f12bbc0:   000000000a18e630 000000001f12d970
0x000000001f12bbd0:   000000001f12e1c0 00007ffd7dc903eb
0x000000001f12bbe0:   00000001e06d7363 0000000000000000
0x000000001f12bbf0:   00007ffd7dc6b699 0000000000000004
0x000000001f12bc00:   0000000019930520 000000001f12e348
0x000000001f12bc10:   00000000009c1910 0000000000920000
0x000000001f12bc20:   00001eb02737ab75 0000000000998110
0x000000001f12bc30:   000000001f12d970 00000000605d334a
0x000000001f12bc40:   0000000000000000 000000000a10fd20
0x000000001f12bc50:   0000000000000000 000000001f12ca30
0x000000001f12bc60:   000000001f12ca30 00000000605d336b
0x000000001f12bc70:   000000001f12d970 000000001f12e560
0x000000001f12bc80:   0000314a3ec1e0f4 000000000a150230
0x000000001f12bc90:   000000001f12d970 0000000060613bb8
0x000000001f12bca0:   00000000009980e0 000000001f12d038
0x000000001f12bcb0:   0000000000000100 0000000000000000 

Instructions: (pc=0x00007ffd7dc6b699)
0x00007ffd7dc6b679:   8b d1 44 0f 47 c0 44 89 44 24 38 49 c1 e0 03 e8
0x00007ffd7dc6b689:   6a 2d 08 00 48 8d 4c 24 20 48 ff 15 7f 0b 1b 00
0x00007ffd7dc6b699:   0f 1f 44 00 00 48 8b 8c 24 c0 00 00 00 48 33 cc
0x00007ffd7dc6b6a9:   e8 a2 b5 05 00 48 81 c4 d8 00 00 00 c3 cc 83 64 


Register to memory mapping:

RAX=0x000000005f9b22ae is an unknown value
RBX=0x000000001f12d970 is pointing into the stack for thread: 0x000000000a10a800
RCX=0x0000000000000000 is an unknown value
RDX=0x000000000a150230 is an unknown value
RSP=0x000000001f12bbc0 is pointing into the stack for thread: 0x000000000a10a800
RBP=0x000000001f12c290 is pointing into the stack for thread: 0x000000000a10a800
RSI=0x000000001f12e1c0 is pointing into the stack for thread: 0x000000000a10a800
RDI=0x000000001f12ca30 is pointing into the stack for thread: 0x000000000a10a800
R8 =0x0000000000000000 is an unknown value
R9 =0xfe1456db00000000 is an unknown value
R10=0x24ecc179081611ae is an unknown value
R11=0x69a4e03635024081 is an unknown value
R12=0x000000001f12e560 is pointing into the stack for thread: 0x000000000a10a800
R13=0x000000001f12d038 is pointing into the stack for thread: 0x000000000a10a800
R14=0x0000000000000000 is an unknown value
R15=0x000000001f12bd18 is pointing into the stack for thread: 0x000000000a10a800


Stack: [0x000000001f030000,0x000000001f130000],  sp=0x000000001f12bbc0,  free space=1006k
Native frames: (J=compiled Java code, j=interpreted, Vv=VM code, C=native code)
C  [KERNELBASE.dll+0x3b699]  RaiseException+0x69
C  0x000000001f12c8f0

Java frames: (J=compiled Java code, j=interpreted, Vv=VM code)
j  ui.data.common.parami.ParamMgr_getValueAsBool(JLjava/lang/String;)Z+0
j  ui.data.common.F.jw(Ljava/lang/String;)Z+5
j  ui.data.common.F.aWC()Z+5
j  ui.h.I.aWC()Z+6
j  ui.aL.aGY()Ljava/lang/String;+0
j  ui.PlanAhead.<clinit>()V+316
v  ~StubRoutines::call_stub

---------------  P R O C E S S  ---------------

Java Threads: ( => current thread )
  0x000000000a2c1000 JavaThread "Service Thread" daemon [_thread_blocked, id=15220, stack(0x000000002bd10000,0x000000002c010000)]
  0x000000000a4c1800 JavaThread "C1 CompilerThread2" daemon [_thread_blocked, id=14392, stack(0x000000002bc10000,0x000000002bd10000)]
  0x000000000a4b1800 JavaThread "C2 CompilerThread1" daemon [_thread_blocked, id=6544, stack(0x000000002bb10000,0x000000002bc10000)]
  0x000000000a3a1000 JavaThread "C2 CompilerThread0" daemon [_thread_blocked, id=10864, stack(0x000000002ba10000,0x000000002bb10000)]
  0x000000000a421800 JavaThread "Attach Listener" daemon [_thread_blocked, id=8996, stack(0x000000002b710000,0x000000002ba10000)]
  0x000000000a562000 JavaThread "Signal Dispatcher" daemon [_thread_blocked, id=15764, stack(0x000000002b410000,0x000000002b710000)]
  0x000000000a564000 JavaThread "Surrogate Locker Thread (Concurrent GC)" daemon [_thread_blocked, id=10576, stack(0x000000002b110000,0x000000002b410000)]
  0x000000000a3c5800 JavaThread "Finalizer" daemon [_thread_blocked, id=3492, stack(0x000000002ae10000,0x000000002b110000)]
  0x000000000a3c7000 JavaThread "Reference Handler" daemon [_thread_blocked, id=12552, stack(0x000000002ab10000,0x000000002ae10000)]
=>0x000000000a10a800 JavaThread "main" [_thread_in_native, id=16800, stack(0x000000001f030000,0x000000001f130000)]

Other Threads:
  0x000000000a372000 VMThread [stack: 0x000000002aa10000,0x000000002ab10000] [id=16928]
  0x000000000a597800 WatcherThread [stack: 0x000000002c010000,0x000000002c110000] [id=15116]

VM state:not at safepoint (normal execution)

VM Mutex/Monitor currently owned by a thread: None

Heap
 par new generation   total 55296K, used 4044K [0x0000000778000000, 0x000000077bc00000, 0x000000077bc00000)
  eden space 49152K,   8% used [0x0000000778000000, 0x00000007783f30c8, 0x000000077b000000)
  from space 6144K,   0% used [0x000000077b000000, 0x000000077b000000, 0x000000077b600000)
  to   space 6144K,   0% used [0x000000077b600000, 0x000000077b600000, 0x000000077bc00000)
 concurrent mark-sweep generation total 69632K, used 0K [0x000000077bc00000, 0x0000000780000000, 0x00000007f8000000)
 concurrent-mark-sweep perm gen total 131072K, used 5140K [0x00000007f8000000, 0x0000000800000000, 0x0000000800000000)

Card table byte_map: [0x00000000256d0000,0x0000000025b20000] byte_map_base: 0x0000000021b10000

Polling page: 0x000000001f130000

Code Cache  [0x000000001f150000, 0x000000001f3c0000, 0x0000000025150000)
 total_blobs=396 nmethods=111 adapters=203 free_code_cache=97027Kb largest_free_block=99355328

Compilation events (10 events):
Event: 1.220 Thread 0x000000000a4c1800  107       3       java.lang.String::lastIndexOf (13 bytes)
Event: 1.220 Thread 0x000000000a4c1800 nmethod 107 0x000000001f28c490 code [0x000000001f28c600, 0x000000001f28c848]
Event: 1.228 Thread 0x000000000a4c1800  108       3       java.util.HashMap$FrontCache::get (32 bytes)
Event: 1.229 Thread 0x000000000a4c1800 nmethod 108 0x000000001f28d390 code [0x000000001f28d520, 0x000000001f28da90]
Event: 1.238 Thread 0x000000000a4c1800  109       3       java.io.BufferedInputStream::getBufIfOpen (21 bytes)
Event: 1.238 Thread 0x000000000a4c1800 nmethod 109 0x000000001f28dc10 code [0x000000001f28dd80, 0x000000001f28dfe8]
Event: 1.238 Thread 0x000000000a4c1800  110  s    3       java.io.BufferedInputStream::read (49 bytes)
Event: 1.239 Thread 0x000000000a4c1800 nmethod 110 0x000000001f28e090 code [0x000000001f28e220, 0x000000001f28e798]
Event: 1.239 Thread 0x000000000a4c1800  111       3       java.io.DataInputStream::readInt (72 bytes)
Event: 1.240 Thread 0x000000000a4c1800 nmethod 111 0x000000001f28e950 code [0x000000001f28eb20, 0x000000001f28f108]

GC Heap History (0 events):
No events

Deoptimization events (0 events):
No events

Internal exceptions (10 events):
Event: 1.130 Thread 0x000000000a10a800 Threw 0x00000007782ce250 at C:\jdk7u2_64p\jdk7u17\hotspot\src\share\vm\prims\jvm.cpp:1166
Event: 1.130 Thread 0x000000000a10a800 Threw 0x00000007782cfff8 at C:\jdk7u2_64p\jdk7u17\hotspot\src\share\vm\prims\jvm.cpp:1166
Event: 1.158 Thread 0x000000000a10a800 Threw 0x00000007782da1a8 at C:\jdk7u2_64p\jdk7u17\hotspot\src\share\vm\prims\jni.cpp:716
Event: 1.206 Thread 0x000000000a10a800 Threw 0x00000007782f3348 at C:\jdk7u2_64p\jdk7u17\hotspot\src\share\vm\prims\jvm.cpp:1166
Event: 1.208 Thread 0x000000000a10a800 Threw 0x00000007782fcb58 at C:\jdk7u2_64p\jdk7u17\hotspot\src\share\vm\prims\jvm.cpp:1166
Event: 1.210 Thread 0x000000000a10a800 Threw 0x00000007783009b8 at C:\jdk7u2_64p\jdk7u17\hotspot\src\share\vm\prims\jvm.cpp:1166
Event: 1.213 Thread 0x000000000a10a800 Threw 0x0000000778304050 at C:\jdk7u2_64p\jdk7u17\hotspot\src\share\vm\prims\jvm.cpp:1166
Event: 1.215 Thread 0x000000000a10a800 Threw 0x0000000778309da0 at C:\jdk7u2_64p\jdk7u17\hotspot\src\share\vm\prims\jvm.cpp:1166
Event: 1.218 Thread 0x000000000a10a800 Threw 0x000000077831b8c8 at C:\jdk7u2_64p\jdk7u17\hotspot\src\share\vm\prims\jvm.cpp:1166
Event: 1.255 Thread 0x000000000a10a800 Threw 0x000000077833b550 at C:\jdk7u2_64p\jdk7u17\hotspot\src\share\vm\prims\jvm.cpp:1166

Events (10 events):
Event: 1.250 loading class 0x000000000a5532f0
Event: 1.250 loading class 0x000000000a5532f0 done
Event: 1.251 loading class 0x000000000a154ee0
Event: 1.251 loading class 0x000000000a154ee0 done
Event: 1.251 loading class 0x000000002cd82a80
Event: 1.251 loading class 0x000000002cd82a80 done
Event: 1.251 loading class 0x000000002cd82b70
Event: 1.253 loading class 0x000000002cd82b70 done
Event: 1.255 loading class 0x000000000a577ce0
Event: 1.255 loading class 0x000000000a577ce0 done


Dynamic libraries:
0x0000000140000000 - 0x000000014000e000 	C:\Xilinx\14.7\ISE_DS\PlanAhead\bin\unwrapped\win64.o\planAhead.exe
0x00007ffd804f0000 - 0x00007ffd806e8000 	C:\Windows\SYSTEM32\ntdll.dll
0x00007ffd7e510000 - 0x00007ffd7e5d2000 	C:\Windows\System32\KERNEL32.DLL
0x00007ffd7dc30000 - 0x00007ffd7df2f000 	C:\Windows\System32\KERNELBASE.dll
0x000000000a900000 - 0x000000000a945000 	C:\Xilinx\14.7\ISE_DS\PlanAhead\lib\win64.o\SHSMP64.dll
0x0000000180000000 - 0x0000000180881000 	C:\Xilinx\14.7\ISE_DS\PlanAhead\lib\win64.o\librdi_common.dll
0x00007ffd7f790000 - 0x00007ffd7f92d000 	C:\Windows\System32\USER32.dll
0x00007ffd7e1a0000 - 0x00007ffd7e1c2000 	C:\Windows\System32\win32u.dll
0x00007ffd7f930000 - 0x00007ffd7f95b000 	C:\Windows\System32\GDI32.dll
0x00007ffd7df30000 - 0x00007ffd7e04a000 	C:\Windows\System32\gdi32full.dll
0x00007ffd7db90000 - 0x00007ffd7dc2d000 	C:\Windows\System32\msvcp_win.dll
0x00007ffd7e0a0000 - 0x00007ffd7e1a0000 	C:\Windows\System32\ucrtbase.dll
0x00007ffd7f9d0000 - 0x00007ffd7fa7f000 	C:\Windows\System32\ADVAPI32.dll
0x00007ffd7f260000 - 0x00007ffd7f2fe000 	C:\Windows\System32\msvcrt.dll
0x00007ffd7eba0000 - 0x00007ffd7ec3f000 	C:\Windows\System32\sechost.dll
0x00007ffd7f0d0000 - 0x00007ffd7f1f3000 	C:\Windows\System32\RPCRT4.dll
0x00007ffd7e280000 - 0x00007ffd7e2a7000 	C:\Windows\System32\bcrypt.dll
0x00000000605d0000 - 0x0000000060673000 	C:\Windows\WinSxS\amd64_microsoft.vc90.crt_1fc8b3b9a1e18e3b_9.0.30729.9625_none_08e1c10da83fbc83\MSVCR90.dll
0x00007ffd741d0000 - 0x00007ffd741da000 	C:\Windows\SYSTEM32\VERSION.dll
0x00007ffd80330000 - 0x00007ffd80338000 	C:\Windows\System32\PSAPI.DLL
0x00007ffd7fb80000 - 0x00007ffd802ed000 	C:\Windows\System32\SHELL32.dll
0x0000000010000000 - 0x000000001012a000 	C:\Xilinx\14.7\ISE_DS\PlanAhead\lib\win64.o\tcl85t.dll
0x0000000012000000 - 0x0000000012282000 	C:\Xilinx\14.7\ISE_DS\PlanAhead\lib\win64.o\xerces-c_3_1.dll
0x00007ffd7f960000 - 0x00007ffd7f9cb000 	C:\Windows\System32\WS2_32.dll
0x000000005f940000 - 0x000000006005f000 	C:\Xilinx\14.7\ISE_DS\PlanAhead\tps\win64\jre\bin\server\jvm.dll
0x00007ffd68210000 - 0x00007ffd686e7000 	C:\Windows\SYSTEM32\WININET.dll
0x00007ffd75540000 - 0x00007ffd7564a000 	C:\Windows\SYSTEM32\WINHTTP.dll
0x00007ffd715c0000 - 0x00007ffd717b1000 	C:\Windows\SYSTEM32\urlmon.dll
0x00007ffd78790000 - 0x00007ffd78799000 	C:\Windows\SYSTEM32\WSOCK32.dll
0x0000000060870000 - 0x0000000060943000 	C:\Windows\WinSxS\amd64_microsoft.vc90.crt_1fc8b3b9a1e18e3b_9.0.30729.9625_none_08e1c10da83fbc83\MSVCP90.dll
0x00007ffd771f0000 - 0x00007ffd77217000 	C:\Windows\SYSTEM32\WINMM.dll
0x00007ffd71b40000 - 0x00007ffd71dff000 	C:\Windows\SYSTEM32\iertutil.dll
0x00007ffd71b10000 - 0x00007ffd71b38000 	C:\Windows\SYSTEM32\srvcli.dll
0x00007ffd7f300000 - 0x00007ffd7f655000 	C:\Windows\System32\combase.dll
0x00007ffd7d040000 - 0x00007ffd7d04c000 	C:\Windows\SYSTEM32\netutils.dll
0x00007ffd7bc10000 - 0x00007ffd7c3b4000 	C:\Windows\SYSTEM32\windows.storage.dll
0x00000000606a0000 - 0x0000000060772000 	C:\Windows\SYSTEM32\MSVCR100.dll
0x00007ffd803a0000 - 0x00007ffd8044d000 	C:\Windows\System32\shcore.dll
0x00007ffd7d4f0000 - 0x00007ffd7d51b000 	C:\Windows\SYSTEM32\Wldp.dll
0x00007ffd7e8b0000 - 0x00007ffd7e97d000 	C:\Windows\System32\OLEAUT32.dll
0x00000000004d0000 - 0x00000000004e6000 	C:\Xilinx\14.7\ISE_DS\PlanAhead\lib\win64.o\librdi_commonmain.dll
0x0000000000920000 - 0x0000000000a0e000 	C:\Xilinx\14.7\ISE_DS\PlanAhead\lib\win64.o\stlport.5.2.dll
0x0000000000500000 - 0x0000000000513000 	C:\Xilinx\14.7\ISE_DS\PlanAhead\lib\win64.o\libboost_signals.dll
0x0000000000a10000 - 0x0000000000cf9000 	C:\Xilinx\14.7\ISE_DS\PlanAhead\lib\win64.o\libCOIN-all.dll
0x0000000000d00000 - 0x0000000000f3a000 	C:\Xilinx\14.7\ISE_DS\PlanAhead\lib\win64.o\libSecurity.dll
0x0000000000f50000 - 0x0000000000f5f000 	C:\Xilinx\14.7\ISE_DS\PlanAhead\lib\win64.o\libboost_date_time.dll
0x0000000000f70000 - 0x0000000000f97000 	C:\Xilinx\14.7\ISE_DS\PlanAhead\lib\win64.o\libboost_filesystem.dll
0x0000000000fb0000 - 0x0000000001021000 	C:\Xilinx\14.7\ISE_DS\PlanAhead\lib\win64.o\libboost_program_options.dll
0x0000000001040000 - 0x00000000010ef000 	C:\Xilinx\14.7\ISE_DS\PlanAhead\lib\win64.o\libboost_regex.dll
0x0000000001100000 - 0x0000000001109000 	C:\Xilinx\14.7\ISE_DS\PlanAhead\lib\win64.o\libboost_system.dll
0x00007ffd7faa0000 - 0x00007ffd7fb7a000 	C:\Windows\System32\COMDLG32.dll
0x00007ffd80450000 - 0x00007ffd804a5000 	C:\Windows\System32\SHLWAPI.dll
0x00007ffd7f660000 - 0x00007ffd7f78b000 	C:\Windows\System32\ole32.dll
0x00007ffd7e2b0000 - 0x00007ffd7e318000 	C:\Windows\System32\WINTRUST.dll
0x00007ffd7e320000 - 0x00007ffd7e47c000 	C:\Windows\System32\CRYPT32.dll
0x0000000001120000 - 0x0000000001136000 	C:\Xilinx\14.7\ISE_DS\PlanAhead\lib\win64.o\libboost_thread.dll
0x0000000001160000 - 0x00000000011a3000 	C:\Xilinx\14.7\ISE_DS\PlanAhead\lib\win64.o\libcurl.dll
0x00000000011b0000 - 0x0000000001233000 	C:\Xilinx\14.7\ISE_DS\PlanAhead\lib\win64.o\libhdlpsolve.dll
0x00007ffd7f200000 - 0x00007ffd7f25e000 	C:\Windows\System32\WLDAP32.dll
0x0000000001240000 - 0x00000000012f7000 	C:\Xilinx\14.7\ISE_DS\PlanAhead\lib\win64.o\libhdxml.dll
0x0000000001310000 - 0x00000000018530d3 	C:\Xilinx\14.7\ISE_DS\PlanAhead\lib\win64.o\libisl_iostreams.dll
0x0000000001870000 - 0x0000000001899000 	C:\Xilinx\14.7\ISE_DS\PlanAhead\lib\win64.o\libisl_sysinfo.dll
0x00000000018c0000 - 0x00000000018d2000 	C:\Xilinx\14.7\ISE_DS\PlanAhead\lib\win64.o\pthreadVC.dll
0x00000000018e0000 - 0x00000000018fe000 	C:\Xilinx\14.7\ISE_DS\PlanAhead\lib\win64.o\librdizlib.dll
0x0000000001900000 - 0x0000000001916000 	C:\Xilinx\14.7\ISE_DS\PlanAhead\lib\win64.o\librdiconfig.dll
0x00007ffd75e30000 - 0x00007ffd75e49000 	C:\Windows\SYSTEM32\NETAPI32.dll
0x00007ffd0a230000 - 0x00007ffd0a2e0000 	C:\Windows\WinSxS\amd64_microsoft.windows.common-controls_6595b64144ccf1df_5.82.19041.4355_none_792ecafd2442822f\COMCTL32.dll
0x0000000001960000 - 0x000000000196c000 	C:\Xilinx\14.7\ISE_DS\PlanAhead\lib\win64.o\libboost_chrono.dll
0x0000000001970000 - 0x0000000001989000 	C:\Xilinx\14.7\ISE_DS\PlanAhead\lib\win64.o\libboost_iostreams.dll
0x00007ffd802f0000 - 0x00007ffd8031f000 	C:\Windows\System32\IMM32.DLL
0x00007ffd7d680000 - 0x00007ffd7d692000 	C:\Windows\SYSTEM32\MSASN1.dll
0x0000000004d80000 - 0x0000000005073000 	C:\Xilinx\14.7\ISE_DS\PlanAhead\lib\win64.o\librdi_commontasks.dll
0x000000000c350000 - 0x000000000c990000 	C:\Xilinx\14.7\ISE_DS\PlanAhead\lib\win64.o\librdi_coretasks.dll
0x000000000c990000 - 0x000000000cb57000 	C:\Xilinx\14.7\ISE_DS\PlanAhead\lib\win64.o\librdi_chipscope.dll
0x000000000cb60000 - 0x000000000db80000 	C:\Xilinx\14.7\ISE_DS\PlanAhead\lib\win64.o\librdi_constraints.dll
0x0000000012290000 - 0x00000000158e1000 	C:\Xilinx\14.7\ISE_DS\PlanAhead\lib\win64.o\librdi_designutils.dll
0x000000000db80000 - 0x000000000e75a000 	C:\Xilinx\14.7\ISE_DS\PlanAhead\lib\win64.o\librdi_device.dll
0x000000000e760000 - 0x000000000ea74000 	C:\Xilinx\14.7\ISE_DS\PlanAhead\lib\win64.o\librdi_drc.dll
0x000000000ea80000 - 0x000000000ed0e000 	C:\Xilinx\14.7\ISE_DS\PlanAhead\lib\win64.o\librdi_filemgmt.dll
0x000000000ed10000 - 0x000000000fe33000 	C:\Xilinx\14.7\ISE_DS\PlanAhead\lib\win64.o\librdi_place.dll
0x0000000010130000 - 0x0000000010506000 	C:\Xilinx\14.7\ISE_DS\PlanAhead\lib\win64.o\librdi_netlist.dll
0x0000000010510000 - 0x00000000117dc000 	C:\Xilinx\14.7\ISE_DS\PlanAhead\lib\win64.o\librdi_coregen.dll
0x00000000117e0000 - 0x0000000011d02000 	C:\Xilinx\14.7\ISE_DS\PlanAhead\lib\win64.o\librdi_power.dll
0x00000000158f0000 - 0x0000000015ce8000 	C:\Xilinx\14.7\ISE_DS\PlanAhead\lib\win64.o\librdi_runs.dll
0x0000000015cf0000 - 0x00000000160a3000 	C:\Xilinx\14.7\ISE_DS\PlanAhead\lib\win64.o\librdi_project.dll
0x00000000160b0000 - 0x000000001664d000 	C:\Xilinx\14.7\ISE_DS\PlanAhead\lib\win64.o\librdi_rsb.dll
0x0000000016650000 - 0x0000000017128000 	C:\Xilinx\14.7\ISE_DS\PlanAhead\lib\win64.o\librdi_timing.dll
0x0000000060850000 - 0x0000000060861000 	C:\Windows\WinSxS\amd64_microsoft.vc90.openmp_1fc8b3b9a1e18e3b_9.0.30729.6161_none_390d35aa0a1f21f9\VCOMP90.DLL
0x000000000fe40000 - 0x000000000feae000 	C:\Xilinx\14.7\ISE_DS\PlanAhead\lib\win64.o\liblmx6.0.dll
0x0000000017130000 - 0x00000000178d0000 	C:\Xilinx\14.7\ISE_DS\PlanAhead\lib\win64.o\libverific.dll
0x000000000feb0000 - 0x000000000ff2d000 	C:\Xilinx\14.7\ISE_DS\PlanAhead\lib\win64.o\libboost_serialization.dll
0x00000000034b0000 - 0x00000000034b8000 	C:\Xilinx\14.7\ISE_DS\PlanAhead\lib\win64.o\libpsta_dllwrapper.dll
0x00000000178d0000 - 0x0000000017e14000 	C:\Xilinx\14.7\ISE_DS\PlanAhead\lib\win64.o\librdi_xdm.dll
0x0000000017e20000 - 0x000000001840e000 	C:\Xilinx\14.7\ISE_DS\PlanAhead\lib\win64.o\librdi_route.dll
0x0000000018410000 - 0x000000001894b000 	C:\Xilinx\14.7\ISE_DS\PlanAhead\lib\win64.o\librdi_memdata.dll
0x0000000018950000 - 0x000000001911f000 	C:\Xilinx\14.7\ISE_DS\PlanAhead\lib\win64.o\librdi_coregenipxact.dll
0x0000000011d10000 - 0x0000000011f3a000 	C:\Xilinx\14.7\ISE_DS\PlanAhead\lib\win64.o\librdi_labtools.dll
0x0000000019120000 - 0x000000001a84f000 	C:\Xilinx\14.7\ISE_DS\PlanAhead\lib\win64.o\librdi_synth.dll
0x000000001a850000 - 0x000000001ac8e000 	C:\Xilinx\14.7\ISE_DS\PlanAhead\lib\win64.o\librdi_ip.dll
0x0000000011f40000 - 0x0000000011fd0000 	C:\Xilinx\14.7\ISE_DS\PlanAhead\lib\win64.o\libise.dll
0x000000001ac90000 - 0x000000001b26c000 	C:\Xilinx\14.7\ISE_DS\PlanAhead\lib\win64.o\librdi_abc_nomp.dll
0x000000001b270000 - 0x000000001b398000 	C:\Xilinx\14.7\ISE_DS\PlanAhead\lib\win64.o\librdi_dlyest.dll
0x000000000ffc0000 - 0x000000000ffda000 	C:\Xilinx\14.7\ISE_DS\PlanAhead\lib\win64.o\librdi_hmetis.dll
0x000000001b3a0000 - 0x000000001b3dd000 	C:\Xilinx\14.7\ISE_DS\PlanAhead\lib\win64.o\librdi_simbridge_kernel.dll
0x000000001b3e0000 - 0x000000001b856000 	C:\Xilinx\14.7\ISE_DS\PlanAhead\lib\win64.o\librdi_wavedata.dll
0x000000001b870000 - 0x000000001d928000 	C:\Xilinx\14.7\ISE_DS\PlanAhead\lib\win64.o\librdi_tcltasks.dll
0x000000001d940000 - 0x000000001dbb4000 	C:\Xilinx\14.7\ISE_DS\PlanAhead\lib\win64.o\librdi_bitstream.dll
0x000000001dbd0000 - 0x000000001dca4000 	C:\Xilinx\14.7\ISE_DS\PlanAhead\lib\win64.o\librdi_dsp.dll
0x000000001dcb0000 - 0x000000001dd1e000 	C:\Xilinx\14.7\ISE_DS\PlanAhead\lib\win64.o\librdi_edk.dll
0x000000001dd40000 - 0x000000001df4e000 	C:\Xilinx\14.7\ISE_DS\PlanAhead\lib\win64.o\librdi_simdata.dll
0x000000001e060000 - 0x000000001e1b6000 	C:\Xilinx\14.7\ISE_DS\PlanAhead\lib\win64.o\librdi_planaheadtasks.dll
0x000000001e1d0000 - 0x000000001f018000 	C:\Xilinx\14.7\ISE_DS\PlanAhead\lib\win64.o\librdi_ipservicestasks.dll
0x0000000060840000 - 0x000000006084f000 	C:\Xilinx\14.7\ISE_DS\PlanAhead\tps\win64\jre\bin\verify.dll
0x0000000060810000 - 0x0000000060838000 	C:\Xilinx\14.7\ISE_DS\PlanAhead\tps\win64\jre\bin\java.dll
0x00000000607f0000 - 0x0000000060805000 	C:\Xilinx\14.7\ISE_DS\PlanAhead\tps\win64\jre\bin\zip.dll
0x00000000607d0000 - 0x00000000607e9000 	C:\Xilinx\14.7\ISE_DS\PlanAhead\tps\win64\jre\bin\net.dll
0x00007ffd7d250000 - 0x00007ffd7d2bc000 	C:\Windows\system32\mswsock.dll
0x000000005f920000 - 0x000000005f931000 	C:\Xilinx\14.7\ISE_DS\PlanAhead\tps\win64\jre\bin\nio.dll
0x000000002c110000 - 0x000000002c3f6000 	C:\Xilinx\14.7\ISE_DS\PlanAhead\lib\win64.o\librdi_fed.dll
0x000000002c410000 - 0x000000002c671000 	C:\Xilinx\14.7\ISE_DS\PlanAhead\lib\win64.o\librdi_guitools.dll
0x000000002c690000 - 0x000000002c697000 	C:\Xilinx\14.7\ISE_DS\PlanAhead\lib\win64.o\librdi_commonx11.dll
0x000000002c6b0000 - 0x000000002ca9e000 	C:\Xilinx\14.7\ISE_DS\PlanAhead\lib\win64.o\librdi_rsbtasks.dll
0x000000002cab0000 - 0x000000002ccf9000 	C:\Xilinx\14.7\ISE_DS\PlanAhead\lib\win64.o\librdi_labtoolstasks.dll
0x000000002ce10000 - 0x000000002cfc8000 	C:\Xilinx\14.7\ISE_DS\PlanAhead\lib\win64.o\librdi_simtcltasks.dll
0x000000005f780000 - 0x000000005f913000 	C:\Xilinx\14.7\ISE_DS\PlanAhead\tps\win64\jre\bin\awt.dll
0x00007ffd7ad30000 - 0x00007ffd7adc4000 	C:\Windows\SYSTEM32\apphelp.dll
0x00007ffd758e0000 - 0x00007ffd75ac4000 	C:\Windows\SYSTEM32\dbghelp.dll
0x00007ffd7e480000 - 0x00007ffd7e502000 	C:\Windows\System32\bcryptPrimitives.dll

VM Arguments:
jvm_args: -Dsun.java2d.pmoffscreen=false -Xverify:none -Dswing.aatext=true -XX:-UsePerfData -Djdk.map.althashing.threshold=512 -XX:PermSize=128m -XX:MaxPermSize=128m -XX:NewSize=60m -XX:MaxNewSize=60m -XX:+UseConcMarkSweepGC -XX:+UseParNewGC -XX:+CMSParallelRemarkEnabled -XX:+CMSScavengeBeforeRemark -XX:+UseNUMA -XX:+AggressiveOpts -XX:+UseFastAccessorMethods -XX:+UseFastEmptyMethods -XX:+UseBiasedLocking -XX:+TieredCompilation -Xms128m -Xmx2048m -Xss3m 
java_command: <unknown>
Launcher Type: generic

Environment Variables:
PATH=C:/Xilinx/14.7/ISE_DS/PlanAhead/bin;C:/Xilinx/14.7/ISE_DS/PlanAhead/lib/win64.o;C:/Xilinx/14.7/ISE_DS/PlanAhead/tps/win64/jre/bin/server;C:/Xilinx/14.7/ISE_DS/PlanAhead/tps/win64/jre/bin;C:/Xilinx/14.7/ISE_DS/EDK/bin/nt64;C:/Xilinx/14.7/ISE_DS/EDK/lib/nt64;C:/Xilinx/14.7/ISE_DS/ISE/bin/nt64;C:/Xilinx/14.7/ISE_DS/ISE/lib/nt64;C:/Xilinx/14.7/ISE_DS/common/bin/nt64;C:/Xilinx/14.7/ISE_DS/common/lib/nt64;C:\Xilinx\14.7\ISE_DS\ISE\\lib\nt64;C:\Xilinx\14.7\ISE_DS\ISE\\bin\nt64;C:\Xilinx\14.7\ISE_DS\ISE\bin\nt64;C:\Xilinx\14.7\ISE_DS\ISE\lib\nt64;C:\Xilinx\14.7\ISE_DS\ISE\..\..\..\DocNav;C:\Xilinx\14.7\ISE_DS\PlanAhead\bin;C:\Xilinx\14.7\ISE_DS\EDK\bin\nt64;C:\Xilinx\14.7\ISE_DS\EDK\lib\nt64;C:\Xilinx\14.7\ISE_DS\EDK\gnu\microblaze\nt\bin;C:\Xilinx\14.7\ISE_DS\EDK\gnu\powerpc-eabi\nt\bin;C:\Xilinx\14.7\ISE_DS\EDK\gnuwin\bin;C:\Xilinx\14.7\ISE_DS\EDK\gnu\arm\nt\bin;C:\Xilinx\14.7\ISE_DS\EDK\gnu\microblaze\linux_toolchain\nt64_be\bin;C:\Xilinx\14.7\ISE_DS\EDK\gnu\microblaze\linux_toolchain\nt64_le\bin;C:\Xilinx\14.7\ISE_DS\common\bin\nt64;C:\Xilinx\14.7\ISE_DS\common\lib\nt64;C:\Program Files (x86)\Common Files\Oracle\Java\java8path;C:\Program Files (x86)\Common Files\Oracle\Java\javapath;C:\Program Files (x86)\VMware\VMware Workstation\bin\;C:\Windows\system32;C:\Windows;C:\Windows\System32\Wbem;C:\Windows\System32\WindowsPowerShell\v1.0\;C:\Windows\System32\OpenSSH\;C:\ProgramData\chocolatey\bin;C:\Program Files\PuTTY\;C:\Program Files\MATLAB\R2014a\runtime\win64;C:\Program Files\MATLAB\R2014a\bin;C:\Program Files\MATLAB\R2014a\polyspace\bin;C:\Program Files\Java\jre1.8.0_441\bin;C:\Users\T470s\AppData\Local\Programs\Python\Python312\Scripts\;C:\Users\T470s\AppData\Local\Programs\Python\Python312\;C:\Users\T470s\AppData\Local\Microsoft\WindowsApps;C:\Users\T470s\AppData\Local\Programs\Microsoft VS Code\bin;C:\Modeltech_5.7f\win32;C:\Modeltech_pe_edu_10.3a\win32pe_edu;C:\intelFPGA\18.1\modelsim_ase\win32aloem
USERNAME=T470s
OS=Windows_NT
PROCESSOR_IDENTIFIER=Intel64 Family 6 Model 78 Stepping 3, GenuineIntel



---------------  S Y S T E M  ---------------

OS: Windows 8 , 64 bit Build 9200 

CPU:total 4 (2 cores per cpu, 2 threads per core) family 6 model 78 stepping 3, cmov, cx8, fxsr, mmx, sse, sse2, sse3, ssse3, sse4.1, sse4.2, popcnt, avx, avx2, ht, tsc, tscinvbit

Memory: 4k page, physical 8261904k(2475972k free), swap 11145488k(3249448k free)

vm_info: Java HotSpot(TM) 64-Bit Server VM (23.7-b01) for windows-amd64 JRE (1.7.0_17-b02), built on Mar  1 2013 03:38:30 by "java_re" with unknown MS VC++:1600

time: Mon Mar 17 12:22:24 2025
elapsed time: 1 seconds

