#
# A fatal error has been detected by the Java Runtime Environment:
#
#  EXCEPTION_UNCAUGHT_CXX_EXCEPTION (0xe06d7363) at pc=0x00007ffa1c54af29, pid=10036, tid=8236
#
# JRE version: 7.0_17-b02
# Java VM: Java HotSpot(TM) 64-Bit Server VM (23.7-b01 mixed mode windows-amd64 compressed oops)
# Problematic frame:
# C  [KERNELBASE.dll+0x3af29]  RaiseException+0x69
#
# Failed to write core dump. Minidumps are not enabled by default on client versions of Windows
#
# If you would like to submit a bug report, please visit:
#   http://bugreport.sun.com/bugreport/crash.jsp
# The crash happened outside the Java Virtual Machine in native code.
# See problematic frame for where to report the bug.
#

---------------  T H R E A D  ---------------

Current thread (0x000000000a89b000):  JavaThread "main" [_thread_in_native, id=8236, stack(0x000000001f910000,0x000000001fa10000)]

siginfo: ExceptionCode=0xe06d7363, ExceptionInformation=0x0000000019930520 0x000000001fa0e348 0x0000000001201910 0x0000000001160000 

Registers:
RAX=0x000000005df122ae, RBX=0x000000001fa0d970, RCX=0x0000000000000000, RDX=0x000000000a8e0230
RSP=0x000000001fa0bbc0, RBP=0x000000001fa0c290, RSI=0x000000001fa0e1c0, RDI=0x000000001fa0ca30
R8 =0x0000000000000000, R9 =0xfe1456db00000000, R10=0x24ecc179081611ae, R11=0x69a4e03635024081
R12=0x000000001fa0e560, R13=0x000000001fa0d038, R14=0x0000000000000000, R15=0x000000001fa0bd18
RIP=0x00007ffa1c54af29, EFLAGS=0x0000000000000206

Top of Stack: (sp=0x000000001fa0bbc0)
0x000000001fa0bbc0:   000000000a96e680 000000001fa0d970
0x000000001fa0bbd0:   000000001fa0e1c0 00007ffa1c56801b
0x000000001fa0bbe0:   00000001e06d7363 0000000000000000
0x000000001fa0bbf0:   00007ffa1c54af29 0000000000000004
0x000000001fa0bc00:   0000000019930520 000000001fa0e348
0x000000001fa0bc10:   0000000001201910 0000000001160000
0x000000001fa0bc20:   0000aa318fc36bf8 00000000011d8110
0x000000001fa0bc30:   000000001fa0d970 000000005e74334a
0x000000001fa0bc40:   0000000000000000 000000000a89fd20
0x000000001fa0bc50:   0000000000000000 000000001fa0ca30
0x000000001fa0bc60:   000000001fa0ca30 000000005e74336b
0x000000001fa0bc70:   000000001fa0d970 000000001fa0e560
0x000000001fa0bc80:   0000016c9c0894fa 000000000a8e0230
0x000000001fa0bc90:   000000001fa0d970 000000005e783bb8
0x000000001fa0bca0:   00000000011d80e0 000000001fa0d038
0x000000001fa0bcb0:   0000000000000100 0000000000000000 

Instructions: (pc=0x00007ffa1c54af29)
0x00007ffa1c54af09:   8b d1 44 0f 47 c0 44 89 44 24 38 49 c1 e0 03 e8
0x00007ffa1c54af19:   7a c2 07 00 48 8d 4c 24 20 48 ff 15 ff 82 1a 00
0x00007ffa1c54af29:   0f 1f 44 00 00 48 8b 8c 24 c0 00 00 00 48 33 cc
0x00007ffa1c54af39:   e8 d2 3e 05 00 48 81 c4 d8 00 00 00 c3 cc 83 64 


Register to memory mapping:

RAX=0x000000005df122ae is an unknown value
RBX=0x000000001fa0d970 is pointing into the stack for thread: 0x000000000a89b000
RCX=0x0000000000000000 is an unknown value
RDX=0x000000000a8e0230 is an unknown value
RSP=0x000000001fa0bbc0 is pointing into the stack for thread: 0x000000000a89b000
RBP=0x000000001fa0c290 is pointing into the stack for thread: 0x000000000a89b000
RSI=0x000000001fa0e1c0 is pointing into the stack for thread: 0x000000000a89b000
RDI=0x000000001fa0ca30 is pointing into the stack for thread: 0x000000000a89b000
R8 =0x0000000000000000 is an unknown value
R9 =0xfe1456db00000000 is an unknown value
R10=0x24ecc179081611ae is an unknown value
R11=0x69a4e03635024081 is an unknown value
R12=0x000000001fa0e560 is pointing into the stack for thread: 0x000000000a89b000
R13=0x000000001fa0d038 is pointing into the stack for thread: 0x000000000a89b000
R14=0x0000000000000000 is an unknown value
R15=0x000000001fa0bd18 is pointing into the stack for thread: 0x000000000a89b000


Stack: [0x000000001f910000,0x000000001fa10000],  sp=0x000000001fa0bbc0,  free space=1006k
Native frames: (J=compiled Java code, j=interpreted, Vv=VM code, C=native code)
C  [KERNELBASE.dll+0x3af29]  RaiseException+0x69
C  0x000000001fa0c8f0

Java frames: (J=compiled Java code, j=interpreted, Vv=VM code)
j  ui.data.common.parami.ParamMgr_getValueAsBool(JLjava/lang/String;)Z+0
j  ui.data.common.F.jw(Ljava/lang/String;)Z+5
j  ui.data.common.F.aWC()Z+5
j  ui.h.I.aWC()Z+6
j  ui.aL.aGY()Ljava/lang/String;+0
j  ui.PlanAhead.<clinit>()V+316
v  ~StubRoutines::call_stub

---------------  P R O C E S S  ---------------

Java Threads: ( => current thread )
  0x000000000ab01000 JavaThread "Service Thread" daemon [_thread_blocked, id=12416, stack(0x000000002c5f0000,0x000000002c8f0000)]
  0x000000000aaf1000 JavaThread "C1 CompilerThread2" daemon [_thread_blocked, id=16764, stack(0x000000002c4f0000,0x000000002c5f0000)]
  0x000000000aad1000 JavaThread "C2 CompilerThread1" daemon [_thread_blocked, id=16020, stack(0x000000002c3f0000,0x000000002c4f0000)]
  0x000000000aac1000 JavaThread "C2 CompilerThread0" daemon [_thread_blocked, id=9220, stack(0x000000002c2f0000,0x000000002c3f0000)]
  0x000000000aaa1000 JavaThread "Attach Listener" daemon [_thread_blocked, id=5976, stack(0x000000002bff0000,0x000000002c2f0000)]
  0x000000000aca1800 JavaThread "Signal Dispatcher" daemon [_thread_blocked, id=12896, stack(0x000000002bcf0000,0x000000002bff0000)]
  0x000000000ad12000 JavaThread "Surrogate Locker Thread (Concurrent GC)" daemon [_thread_blocked, id=4280, stack(0x000000002b9f0000,0x000000002bcf0000)]
  0x000000000ac01800 JavaThread "Finalizer" daemon [_thread_blocked, id=13936, stack(0x000000002b6f0000,0x000000002b9f0000)]
  0x000000000abc7000 JavaThread "Reference Handler" daemon [_thread_blocked, id=13060, stack(0x000000002b3f0000,0x000000002b6f0000)]
=>0x000000000a89b000 JavaThread "main" [_thread_in_native, id=8236, stack(0x000000001f910000,0x000000001fa10000)]

Other Threads:
  0x000000000ab52000 VMThread [stack: 0x000000002b2f0000,0x000000002b3f0000] [id=9120]
  0x000000000ab11000 WatcherThread [stack: 0x000000002c8f0000,0x000000002c9f0000] [id=14208]

VM state:not at safepoint (normal execution)

VM Mutex/Monitor currently owned by a thread: None

Heap
 par new generation   total 55296K, used 4045K [0x0000000778000000, 0x000000077bc00000, 0x000000077bc00000)
  eden space 49152K,   8% used [0x0000000778000000, 0x00000007783f3748, 0x000000077b000000)
  from space 6144K,   0% used [0x000000077b000000, 0x000000077b000000, 0x000000077b600000)
  to   space 6144K,   0% used [0x000000077b600000, 0x000000077b600000, 0x000000077bc00000)
 concurrent mark-sweep generation total 69632K, used 0K [0x000000077bc00000, 0x0000000780000000, 0x00000007f8000000)
 concurrent-mark-sweep perm gen total 131072K, used 5140K [0x00000007f8000000, 0x0000000800000000, 0x0000000800000000)

Card table byte_map: [0x0000000025fb0000,0x0000000026400000] byte_map_base: 0x00000000223f0000

Polling page: 0x000000001fa10000

Code Cache  [0x000000001fa30000, 0x000000001fca0000, 0x0000000025a30000)
 total_blobs=395 nmethods=110 adapters=203 free_code_cache=97027Kb largest_free_block=99355328

Compilation events (10 events):
Event: 0.625 Thread 0x000000000aaf1000  106       3       java.lang.String::lastIndexOf (13 bytes)
Event: 0.626 Thread 0x000000000aaf1000 nmethod 106 0x000000001fb6c490 code [0x000000001fb6c600, 0x000000001fb6c848]
Event: 0.630 Thread 0x000000000aaf1000  107       3       java.util.HashMap$FrontCache::get (32 bytes)
Event: 0.631 Thread 0x000000000aaf1000 nmethod 107 0x000000001fb6d390 code [0x000000001fb6d520, 0x000000001fb6da90]
Event: 0.636 Thread 0x000000000aaf1000  108       3       java.io.BufferedInputStream::getBufIfOpen (21 bytes)
Event: 0.636 Thread 0x000000000aaf1000 nmethod 108 0x000000001fb6dc10 code [0x000000001fb6dd80, 0x000000001fb6dfe8]
Event: 0.636 Thread 0x000000000aaf1000  109  s    3       java.io.BufferedInputStream::read (49 bytes)
Event: 0.636 Thread 0x000000000aaf1000 nmethod 109 0x000000001fb6e090 code [0x000000001fb6e220, 0x000000001fb6e798]
Event: 0.636 Thread 0x000000000aaf1000  110       3       java.io.DataInputStream::readInt (72 bytes)
Event: 0.637 Thread 0x000000000aaf1000 nmethod 110 0x000000001fb6e950 code [0x000000001fb6eb20, 0x000000001fb6f108]

GC Heap History (0 events):
No events

Deoptimization events (0 events):
No events

Internal exceptions (10 events):
Event: 0.573 Thread 0x000000000a89b000 Threw 0x00000007782ceb50 at C:\jdk7u2_64p\jdk7u17\hotspot\src\share\vm\prims\jvm.cpp:1166
Event: 0.573 Thread 0x000000000a89b000 Threw 0x00000007782d08f8 at C:\jdk7u2_64p\jdk7u17\hotspot\src\share\vm\prims\jvm.cpp:1166
Event: 0.593 Thread 0x000000000a89b000 Threw 0x00000007782daa70 at C:\jdk7u2_64p\jdk7u17\hotspot\src\share\vm\prims\jni.cpp:716
Event: 0.619 Thread 0x000000000a89b000 Threw 0x00000007782f3c10 at C:\jdk7u2_64p\jdk7u17\hotspot\src\share\vm\prims\jvm.cpp:1166
Event: 0.620 Thread 0x000000000a89b000 Threw 0x00000007782fd460 at C:\jdk7u2_64p\jdk7u17\hotspot\src\share\vm\prims\jvm.cpp:1166
Event: 0.621 Thread 0x000000000a89b000 Threw 0x00000007783012b0 at C:\jdk7u2_64p\jdk7u17\hotspot\src\share\vm\prims\jvm.cpp:1166
Event: 0.622 Thread 0x000000000a89b000 Threw 0x0000000778304928 at C:\jdk7u2_64p\jdk7u17\hotspot\src\share\vm\prims\jvm.cpp:1166
Event: 0.623 Thread 0x000000000a89b000 Threw 0x000000077830a688 at C:\jdk7u2_64p\jdk7u17\hotspot\src\share\vm\prims\jvm.cpp:1166
Event: 0.625 Thread 0x000000000a89b000 Threw 0x000000077831c1b0 at C:\jdk7u2_64p\jdk7u17\hotspot\src\share\vm\prims\jvm.cpp:1166
Event: 0.644 Thread 0x000000000a89b000 Threw 0x000000077833bed0 at C:\jdk7u2_64p\jdk7u17\hotspot\src\share\vm\prims\jvm.cpp:1166

Events (10 events):
Event: 0.642 loading class 0x000000000ad03320
Event: 0.642 loading class 0x000000000ad03320 done
Event: 0.642 loading class 0x000000000a8e4ee0
Event: 0.642 loading class 0x000000000a8e4ee0 done
Event: 0.643 loading class 0x000000002d912ab0
Event: 0.643 loading class 0x000000002d912ab0 done
Event: 0.643 loading class 0x000000002d912ba0
Event: 0.643 loading class 0x000000002d912ba0 done
Event: 0.644 loading class 0x000000000ad27ce0
Event: 0.644 loading class 0x000000000ad27ce0 done


Dynamic libraries:
0x0000000140000000 - 0x000000014000e000 	C:\Xilinx\14.7\ISE_DS\PlanAhead\bin\unwrapped\win64.o\planAhead.exe
0x00007ffa1eb70000 - 0x00007ffa1ed68000 	C:\Windows\SYSTEM32\ntdll.dll
0x00007ffa1dd50000 - 0x00007ffa1de12000 	C:\Windows\System32\KERNEL32.DLL
0x00007ffa1c510000 - 0x00007ffa1c806000 	C:\Windows\System32\KERNELBASE.dll
0x0000000180000000 - 0x0000000180016000 	C:\Xilinx\14.7\ISE_DS\PlanAhead\lib\win64.o\librdi_commonmain.dll
0x000000005e740000 - 0x000000005e7e3000 	C:\Windows\WinSxS\amd64_microsoft.vc90.crt_1fc8b3b9a1e18e3b_9.0.30729.9625_none_08e1c10da83fbc83\MSVCR90.dll
0x000000000a900000 - 0x000000000a945000 	C:\Xilinx\14.7\ISE_DS\PlanAhead\lib\win64.o\SHSMP64.dll
0x00007ffa1cd30000 - 0x00007ffa1cecd000 	C:\Windows\System32\USER32.dll
0x00007ffa1cb70000 - 0x00007ffa1cb92000 	C:\Windows\System32\win32u.dll
0x00007ffa1d480000 - 0x00007ffa1d4ab000 	C:\Windows\System32\GDI32.dll
0x00007ffa1c210000 - 0x00007ffa1c32a000 	C:\Windows\System32\gdi32full.dll
0x00007ffa1cad0000 - 0x00007ffa1cb6d000 	C:\Windows\System32\msvcp_win.dll
0x00007ffa1c810000 - 0x00007ffa1c910000 	C:\Windows\System32\ucrtbase.dll
0x00007ffa1ded0000 - 0x00007ffa1df7f000 	C:\Windows\System32\ADVAPI32.dll
0x00007ffa1e960000 - 0x00007ffa1e9fe000 	C:\Windows\System32\msvcrt.dll
0x00007ffa1d080000 - 0x00007ffa1d11f000 	C:\Windows\System32\sechost.dll
0x00007ffa1dbc0000 - 0x00007ffa1dce3000 	C:\Windows\System32\RPCRT4.dll
0x00007ffa1c4e0000 - 0x00007ffa1c507000 	C:\Windows\System32\bcrypt.dll
0x00007ffa11c50000 - 0x00007ffa11c5a000 	C:\Windows\SYSTEM32\VERSION.dll
0x0000000010000000 - 0x000000001012a000 	C:\Xilinx\14.7\ISE_DS\PlanAhead\lib\win64.o\tcl85t.dll
0x00007ffa1e7d0000 - 0x00007ffa1e83b000 	C:\Windows\System32\WS2_32.dll
0x00000000008d0000 - 0x0000000001151000 	C:\Xilinx\14.7\ISE_DS\PlanAhead\lib\win64.o\librdi_common.dll
0x0000000001160000 - 0x000000000124e000 	C:\Xilinx\14.7\ISE_DS\PlanAhead\lib\win64.o\stlport.5.2.dll
0x0000000001250000 - 0x0000000001263000 	C:\Xilinx\14.7\ISE_DS\PlanAhead\lib\win64.o\libboost_signals.dll
0x0000000001360000 - 0x0000000001387000 	C:\Xilinx\14.7\ISE_DS\PlanAhead\lib\win64.o\libboost_filesystem.dll
0x00007ffa1dbb0000 - 0x00007ffa1dbb8000 	C:\Windows\System32\PSAPI.DLL
0x00007ffa1dfe0000 - 0x00007ffa1e74e000 	C:\Windows\System32\SHELL32.dll
0x00007ffa0d740000 - 0x00007ffa0d84a000 	C:\Windows\SYSTEM32\WINHTTP.dll
0x00007ffa0eab0000 - 0x00007ffa0eca0000 	C:\Windows\SYSTEM32\urlmon.dll
0x0000000012000000 - 0x0000000012282000 	C:\Xilinx\14.7\ISE_DS\PlanAhead\lib\win64.o\xerces-c_3_1.dll
0x00007ffa05830000 - 0x00007ffa05d06000 	C:\Windows\SYSTEM32\WININET.dll
0x00007ffa17a50000 - 0x00007ffa17a59000 	C:\Windows\SYSTEM32\WSOCK32.dll
0x000000005e900000 - 0x000000005e9d3000 	C:\Windows\WinSxS\amd64_microsoft.vc90.crt_1fc8b3b9a1e18e3b_9.0.30729.9625_none_08e1c10da83fbc83\MSVCP90.dll
0x000000005dea0000 - 0x000000005e5bf000 	C:\Xilinx\14.7\ISE_DS\PlanAhead\tps\win64\jre\bin\server\jvm.dll
0x00007ffa10640000 - 0x00007ffa108ff000 	C:\Windows\SYSTEM32\iertutil.dll
0x00007ffa0ee30000 - 0x00007ffa0ee58000 	C:\Windows\SYSTEM32\srvcli.dll
0x00007ffa1b6c0000 - 0x00007ffa1b6cc000 	C:\Windows\SYSTEM32\netutils.dll
0x00007ffa1a290000 - 0x00007ffa1aa33000 	C:\Windows\SYSTEM32\windows.storage.dll
0x00007ffa1d120000 - 0x00007ffa1d473000 	C:\Windows\System32\combase.dll
0x00007ffa176a0000 - 0x00007ffa176c7000 	C:\Windows\SYSTEM32\WINMM.dll
0x00007ffa1cc80000 - 0x00007ffa1cd2d000 	C:\Windows\System32\shcore.dll
0x00007ffa1bb70000 - 0x00007ffa1bb9b000 	C:\Windows\SYSTEM32\Wldp.dll
0x00007ffa1d4b0000 - 0x00007ffa1d57d000 	C:\Windows\System32\OLEAUT32.dll
0x000000005ddc0000 - 0x000000005de92000 	C:\Windows\SYSTEM32\MSVCR100.dll
0x00000000013d0000 - 0x00000000016b9000 	C:\Xilinx\14.7\ISE_DS\PlanAhead\lib\win64.o\libCOIN-all.dll
0x00000000016c0000 - 0x00000000018fa000 	C:\Xilinx\14.7\ISE_DS\PlanAhead\lib\win64.o\libSecurity.dll
0x0000000001280000 - 0x000000000128f000 	C:\Xilinx\14.7\ISE_DS\PlanAhead\lib\win64.o\libboost_date_time.dll
0x00000000012a0000 - 0x0000000001311000 	C:\Xilinx\14.7\ISE_DS\PlanAhead\lib\win64.o\libboost_program_options.dll
0x0000000001330000 - 0x0000000001339000 	C:\Xilinx\14.7\ISE_DS\PlanAhead\lib\win64.o\libboost_system.dll
0x00007ffa1cba0000 - 0x00007ffa1cc7a000 	C:\Windows\System32\COMDLG32.dll
0x0000000001900000 - 0x00000000019af000 	C:\Xilinx\14.7\ISE_DS\PlanAhead\lib\win64.o\libboost_regex.dll
0x00007ffa1db50000 - 0x00007ffa1dba5000 	C:\Windows\System32\SHLWAPI.dll
0x00000000019b0000 - 0x00000000019c6000 	C:\Xilinx\14.7\ISE_DS\PlanAhead\lib\win64.o\libboost_thread.dll
0x00007ffa1d5a0000 - 0x00007ffa1d6cb000 	C:\Windows\System32\ole32.dll
0x00007ffa1ca50000 - 0x00007ffa1cac3000 	C:\Windows\System32\WINTRUST.dll
0x00007ffa1c330000 - 0x00007ffa1c48d000 	C:\Windows\System32\CRYPT32.dll
0x00000000019d0000 - 0x0000000001a13000 	C:\Xilinx\14.7\ISE_DS\PlanAhead\lib\win64.o\libcurl.dll
0x0000000001a20000 - 0x0000000001aa3000 	C:\Xilinx\14.7\ISE_DS\PlanAhead\lib\win64.o\libhdlpsolve.dll
0x00007ffa1ea40000 - 0x00007ffa1ea9e000 	C:\Windows\System32\WLDAP32.dll
0x0000000001ab0000 - 0x0000000001ff30d3 	C:\Xilinx\14.7\ISE_DS\PlanAhead\lib\win64.o\libisl_iostreams.dll
0x0000000002010000 - 0x00000000020c7000 	C:\Xilinx\14.7\ISE_DS\PlanAhead\lib\win64.o\libhdxml.dll
0x00000000020e0000 - 0x0000000002109000 	C:\Xilinx\14.7\ISE_DS\PlanAhead\lib\win64.o\libisl_sysinfo.dll
0x0000000002120000 - 0x0000000002132000 	C:\Xilinx\14.7\ISE_DS\PlanAhead\lib\win64.o\pthreadVC.dll
0x0000000002140000 - 0x0000000002156000 	C:\Xilinx\14.7\ISE_DS\PlanAhead\lib\win64.o\librdiconfig.dll
0x0000000002180000 - 0x000000000219e000 	C:\Xilinx\14.7\ISE_DS\PlanAhead\lib\win64.o\librdizlib.dll
0x00007ffa13570000 - 0x00007ffa13589000 	C:\Windows\SYSTEM32\NETAPI32.dll
0x00007ffa16a40000 - 0x00007ffa16af0000 	C:\Windows\WinSxS\amd64_microsoft.windows.common-controls_6595b64144ccf1df_5.82.19041.4355_none_792ecafd2442822f\COMCTL32.dll
0x00000000021d0000 - 0x00000000021dc000 	C:\Xilinx\14.7\ISE_DS\PlanAhead\lib\win64.o\libboost_chrono.dll
0x00000000021e0000 - 0x00000000021f9000 	C:\Xilinx\14.7\ISE_DS\PlanAhead\lib\win64.o\libboost_iostreams.dll
0x00007ffa1ea10000 - 0x00007ffa1ea3f000 	C:\Windows\System32\IMM32.DLL
0x00007ffa1bd00000 - 0x00007ffa1bd12000 	C:\Windows\SYSTEM32\MSASN1.dll
0x00000000055f0000 - 0x00000000058e3000 	C:\Xilinx\14.7\ISE_DS\PlanAhead\lib\win64.o\librdi_commontasks.dll
0x000000000cb50000 - 0x000000000d190000 	C:\Xilinx\14.7\ISE_DS\PlanAhead\lib\win64.o\librdi_coretasks.dll
0x000000000d190000 - 0x000000000e1b0000 	C:\Xilinx\14.7\ISE_DS\PlanAhead\lib\win64.o\librdi_constraints.dll
0x000000000e1b0000 - 0x000000000e377000 	C:\Xilinx\14.7\ISE_DS\PlanAhead\lib\win64.o\librdi_chipscope.dll
0x000000000e380000 - 0x000000000f64c000 	C:\Xilinx\14.7\ISE_DS\PlanAhead\lib\win64.o\librdi_coregen.dll
0x0000000010130000 - 0x0000000010d0a000 	C:\Xilinx\14.7\ISE_DS\PlanAhead\lib\win64.o\librdi_device.dll
0x0000000012290000 - 0x00000000158e1000 	C:\Xilinx\14.7\ISE_DS\PlanAhead\lib\win64.o\librdi_designutils.dll
0x000000000f650000 - 0x000000000f964000 	C:\Xilinx\14.7\ISE_DS\PlanAhead\lib\win64.o\librdi_drc.dll
0x000000000f980000 - 0x000000000fc0e000 	C:\Xilinx\14.7\ISE_DS\PlanAhead\lib\win64.o\librdi_filemgmt.dll
0x000000000fc10000 - 0x000000000ffe6000 	C:\Xilinx\14.7\ISE_DS\PlanAhead\lib\win64.o\librdi_netlist.dll
0x0000000010d10000 - 0x0000000011232000 	C:\Xilinx\14.7\ISE_DS\PlanAhead\lib\win64.o\librdi_power.dll
0x00000000158f0000 - 0x0000000016a13000 	C:\Xilinx\14.7\ISE_DS\PlanAhead\lib\win64.o\librdi_place.dll
0x0000000011270000 - 0x0000000011623000 	C:\Xilinx\14.7\ISE_DS\PlanAhead\lib\win64.o\librdi_project.dll
0x0000000011630000 - 0x0000000011bcd000 	C:\Xilinx\14.7\ISE_DS\PlanAhead\lib\win64.o\librdi_rsb.dll
0x0000000011be0000 - 0x0000000011fd8000 	C:\Xilinx\14.7\ISE_DS\PlanAhead\lib\win64.o\librdi_runs.dll
0x0000000016a20000 - 0x00000000174f8000 	C:\Xilinx\14.7\ISE_DS\PlanAhead\lib\win64.o\librdi_timing.dll
0x000000005e8e0000 - 0x000000005e8f1000 	C:\Windows\WinSxS\amd64_microsoft.vc90.openmp_1fc8b3b9a1e18e3b_9.0.30729.6161_none_390d35aa0a1f21f9\VCOMP90.DLL
0x0000000017530000 - 0x0000000017538000 	C:\Xilinx\14.7\ISE_DS\PlanAhead\lib\win64.o\libpsta_dllwrapper.dll
0x0000000017540000 - 0x00000000175ae000 	C:\Xilinx\14.7\ISE_DS\PlanAhead\lib\win64.o\liblmx6.0.dll
0x00000000175c0000 - 0x000000001763d000 	C:\Xilinx\14.7\ISE_DS\PlanAhead\lib\win64.o\libboost_serialization.dll
0x0000000017640000 - 0x0000000017e0f000 	C:\Xilinx\14.7\ISE_DS\PlanAhead\lib\win64.o\librdi_coregenipxact.dll
0x0000000017e20000 - 0x00000000185c0000 	C:\Xilinx\14.7\ISE_DS\PlanAhead\lib\win64.o\libverific.dll
0x00000000185d0000 - 0x0000000018b14000 	C:\Xilinx\14.7\ISE_DS\PlanAhead\lib\win64.o\librdi_xdm.dll
0x0000000018b30000 - 0x000000001911e000 	C:\Xilinx\14.7\ISE_DS\PlanAhead\lib\win64.o\librdi_route.dll
0x0000000019130000 - 0x000000001935a000 	C:\Xilinx\14.7\ISE_DS\PlanAhead\lib\win64.o\librdi_labtools.dll
0x0000000019360000 - 0x000000001989b000 	C:\Xilinx\14.7\ISE_DS\PlanAhead\lib\win64.o\librdi_memdata.dll
0x00000000198b0000 - 0x000000001afdf000 	C:\Xilinx\14.7\ISE_DS\PlanAhead\lib\win64.o\librdi_synth.dll
0x000000001b000000 - 0x000000001b43e000 	C:\Xilinx\14.7\ISE_DS\PlanAhead\lib\win64.o\librdi_ip.dll
0x000000001b440000 - 0x000000001b568000 	C:\Xilinx\14.7\ISE_DS\PlanAhead\lib\win64.o\librdi_dlyest.dll
0x000000001b590000 - 0x000000001b620000 	C:\Xilinx\14.7\ISE_DS\PlanAhead\lib\win64.o\libise.dll
0x000000001b620000 - 0x000000001bbfc000 	C:\Xilinx\14.7\ISE_DS\PlanAhead\lib\win64.o\librdi_abc_nomp.dll
0x000000001bc10000 - 0x000000001bc2a000 	C:\Xilinx\14.7\ISE_DS\PlanAhead\lib\win64.o\librdi_hmetis.dll
0x000000001bc70000 - 0x000000001bcad000 	C:\Xilinx\14.7\ISE_DS\PlanAhead\lib\win64.o\librdi_simbridge_kernel.dll
0x000000001bcc0000 - 0x000000001c136000 	C:\Xilinx\14.7\ISE_DS\PlanAhead\lib\win64.o\librdi_wavedata.dll
0x000000001c150000 - 0x000000001e208000 	C:\Xilinx\14.7\ISE_DS\PlanAhead\lib\win64.o\librdi_tcltasks.dll
0x000000001e220000 - 0x000000001e494000 	C:\Xilinx\14.7\ISE_DS\PlanAhead\lib\win64.o\librdi_bitstream.dll
0x000000001e4b0000 - 0x000000001e584000 	C:\Xilinx\14.7\ISE_DS\PlanAhead\lib\win64.o\librdi_dsp.dll
0x000000001e590000 - 0x000000001e5fe000 	C:\Xilinx\14.7\ISE_DS\PlanAhead\lib\win64.o\librdi_edk.dll
0x000000001e620000 - 0x000000001e82e000 	C:\Xilinx\14.7\ISE_DS\PlanAhead\lib\win64.o\librdi_simdata.dll
0x000000001e940000 - 0x000000001ea96000 	C:\Xilinx\14.7\ISE_DS\PlanAhead\lib\win64.o\librdi_planaheadtasks.dll
0x000000001eab0000 - 0x000000001f8f8000 	C:\Xilinx\14.7\ISE_DS\PlanAhead\lib\win64.o\librdi_ipservicestasks.dll
0x000000005e8d0000 - 0x000000005e8df000 	C:\Xilinx\14.7\ISE_DS\PlanAhead\tps\win64\jre\bin\verify.dll
0x000000005e8a0000 - 0x000000005e8c8000 	C:\Xilinx\14.7\ISE_DS\PlanAhead\tps\win64\jre\bin\java.dll
0x000000005e880000 - 0x000000005e895000 	C:\Xilinx\14.7\ISE_DS\PlanAhead\tps\win64\jre\bin\zip.dll
0x000000005e860000 - 0x000000005e879000 	C:\Xilinx\14.7\ISE_DS\PlanAhead\tps\win64\jre\bin\net.dll
0x00007ffa1b8d0000 - 0x00007ffa1b93c000 	C:\Windows\system32\mswsock.dll
0x000000005dda0000 - 0x000000005ddb1000 	C:\Xilinx\14.7\ISE_DS\PlanAhead\tps\win64\jre\bin\nio.dll
0x000000002c9f0000 - 0x000000002ccd6000 	C:\Xilinx\14.7\ISE_DS\PlanAhead\lib\win64.o\librdi_fed.dll
0x000000002ccf0000 - 0x000000002cf51000 	C:\Xilinx\14.7\ISE_DS\PlanAhead\lib\win64.o\librdi_guitools.dll
0x000000002cf70000 - 0x000000002cf77000 	C:\Xilinx\14.7\ISE_DS\PlanAhead\lib\win64.o\librdi_commonx11.dll
0x000000002cf90000 - 0x000000002d37e000 	C:\Xilinx\14.7\ISE_DS\PlanAhead\lib\win64.o\librdi_rsbtasks.dll
0x000000002d390000 - 0x000000002d5d9000 	C:\Xilinx\14.7\ISE_DS\PlanAhead\lib\win64.o\librdi_labtoolstasks.dll
0x000000002d5f0000 - 0x000000002d7a8000 	C:\Xilinx\14.7\ISE_DS\PlanAhead\lib\win64.o\librdi_simtcltasks.dll
0x000000005dc00000 - 0x000000005dd93000 	C:\Xilinx\14.7\ISE_DS\PlanAhead\tps\win64\jre\bin\awt.dll
0x00007ffa179b0000 - 0x00007ffa17a44000 	C:\Windows\SYSTEM32\apphelp.dll
0x00007ffa08d10000 - 0x00007ffa08f11000 	C:\Windows\SYSTEM32\dbghelp.dll
0x00007ffa1c9c0000 - 0x00007ffa1ca42000 	C:\Windows\System32\bcryptPrimitives.dll

VM Arguments:
jvm_args: -Dsun.java2d.pmoffscreen=false -Xverify:none -Dswing.aatext=true -XX:-UsePerfData -Djdk.map.althashing.threshold=512 -XX:PermSize=128m -XX:MaxPermSize=128m -XX:NewSize=60m -XX:MaxNewSize=60m -XX:+UseConcMarkSweepGC -XX:+UseParNewGC -XX:+CMSParallelRemarkEnabled -XX:+CMSScavengeBeforeRemark -XX:+UseNUMA -XX:+AggressiveOpts -XX:+UseFastAccessorMethods -XX:+UseFastEmptyMethods -XX:+UseBiasedLocking -XX:+TieredCompilation -Xms128m -Xmx2048m -Xss3m 
java_command: <unknown>
Launcher Type: generic

Environment Variables:
USERNAME=Mohsin Sajjad
OS=Windows_NT
PROCESSOR_IDENTIFIER=Intel64 Family 6 Model 78 Stepping 3, GenuineIntel



---------------  S Y S T E M  ---------------

OS: Windows 8 , 64 bit Build 9200 

CPU:total 4 (2 cores per cpu, 2 threads per core) family 6 model 78 stepping 3, cmov, cx8, fxsr, mmx, sse, sse2, sse3, ssse3, sse4.1, sse4.2, popcnt, avx, avx2, ht, tsc, tscinvbit

Memory: 4k page, physical 8261904k(3104748k free), swap 11800848k(4233876k free)

vm_info: Java HotSpot(TM) 64-Bit Server VM (23.7-b01) for windows-amd64 JRE (1.7.0_17-b02), built on Mar  1 2013 03:38:30 by "java_re" with unknown MS VC++:1600

time: Mon May 19 12:35:58 2025
elapsed time: 0 seconds

