#
# A fatal error has been detected by the Java Runtime Environment:
#
#  EXCEPTION_UNCAUGHT_CXX_EXCEPTION (0xe06d7363) at pc=0x00007ffa1c54af29, pid=7736, tid=8468
#
# JRE version: 7.0_17-b02
# Java VM: Java HotSpot(TM) 64-Bit Server VM (23.7-b01 mixed mode windows-amd64 compressed oops)
# Problematic frame:
# C  [KERNELBASE.dll+0x3af29]  RaiseException+0x69
#
# Failed to write core dump. Minidumps are not enabled by default on client versions of Windows
#
# If you would like to submit a bug report, please visit:
#   http://bugreport.sun.com/bugreport/crash.jsp
# The crash happened outside the Java Virtual Machine in native code.
# See problematic frame for where to report the bug.
#

---------------  T H R E A D  ---------------

Current thread (0x0000000003bc1800):  JavaThread "main" [_thread_in_native, id=8468, stack(0x000000001f8b0000,0x000000001f9b0000)]

siginfo: ExceptionCode=0xe06d7363, ExceptionInformation=0x0000000019930520 0x000000001f9ae348 0x0000000001231910 0x0000000001190000 

Registers:
RAX=0x000000005db222ae, RBX=0x000000001f9ad970, RCX=0x0000000000000000, RDX=0x0000000003bd6980
RSP=0x000000001f9abbc0, RBP=0x000000001f9ac290, RSI=0x000000001f9ae1c0, RDI=0x000000001f9aca30
R8 =0x0000000000000000, R9 =0xfe1456db00000000, R10=0x24ecc179081611ae, R11=0x69a4e03635024081
R12=0x000000001f9ae560, R13=0x000000001f9ad038, R14=0x0000000000000000, R15=0x000000001f9abd18
RIP=0x00007ffa1c54af29, EFLAGS=0x0000000000000206

Top of Stack: (sp=0x000000001f9abbc0)
0x000000001f9abbc0:   0000000003b8f350 000000001f9ad970
0x000000001f9abbd0:   000000001f9ae1c0 00007ffa1c56801b
0x000000001f9abbe0:   00000001e06d7363 0000000000000000
0x000000001f9abbf0:   00007ffa1c54af29 0000000000000004
0x000000001f9abc00:   0000000019930520 000000001f9ae348
0x000000001f9abc10:   0000000001231910 0000000001190000
0x000000001f9abc20:   0000cbeab51f8d30 0000000001208110
0x000000001f9abc30:   000000001f9ad970 000000005e74334a
0x000000001f9abc40:   0000000000000000 0000000003bc6270
0x000000001f9abc50:   0000000000000000 000000001f9aca30
0x000000001f9abc60:   000000001f9aca30 000000005e74336b
0x000000001f9abc70:   000000001f9ad970 000000001f9ae560
0x000000001f9abc80:   000058bbeaee9fd5 0000000003bd6980
0x000000001f9abc90:   000000001f9ad970 000000005e783bb8
0x000000001f9abca0:   00000000012080e0 000000001f9ad038
0x000000001f9abcb0:   0000000000000100 0000000000000000 

Instructions: (pc=0x00007ffa1c54af29)
0x00007ffa1c54af09:   8b d1 44 0f 47 c0 44 89 44 24 38 49 c1 e0 03 e8
0x00007ffa1c54af19:   7a c2 07 00 48 8d 4c 24 20 48 ff 15 ff 82 1a 00
0x00007ffa1c54af29:   0f 1f 44 00 00 48 8b 8c 24 c0 00 00 00 48 33 cc
0x00007ffa1c54af39:   e8 d2 3e 05 00 48 81 c4 d8 00 00 00 c3 cc 83 64 


Register to memory mapping:

RAX=0x000000005db222ae is an unknown value
RBX=0x000000001f9ad970 is pointing into the stack for thread: 0x0000000003bc1800
RCX=0x0000000000000000 is an unknown value
RDX=0x0000000003bd6980 is an unknown value
RSP=0x000000001f9abbc0 is pointing into the stack for thread: 0x0000000003bc1800
RBP=0x000000001f9ac290 is pointing into the stack for thread: 0x0000000003bc1800
RSI=0x000000001f9ae1c0 is pointing into the stack for thread: 0x0000000003bc1800
RDI=0x000000001f9aca30 is pointing into the stack for thread: 0x0000000003bc1800
R8 =0x0000000000000000 is an unknown value
R9 =0xfe1456db00000000 is an unknown value
R10=0x24ecc179081611ae is an unknown value
R11=0x69a4e03635024081 is an unknown value
R12=0x000000001f9ae560 is pointing into the stack for thread: 0x0000000003bc1800
R13=0x000000001f9ad038 is pointing into the stack for thread: 0x0000000003bc1800
R14=0x0000000000000000 is an unknown value
R15=0x000000001f9abd18 is pointing into the stack for thread: 0x0000000003bc1800


Stack: [0x000000001f8b0000,0x000000001f9b0000],  sp=0x000000001f9abbc0,  free space=1006k
Native frames: (J=compiled Java code, j=interpreted, Vv=VM code, C=native code)
C  [KERNELBASE.dll+0x3af29]  RaiseException+0x69
C  0x000000001f9ac8f0

Java frames: (J=compiled Java code, j=interpreted, Vv=VM code)
j  ui.data.common.parami.ParamMgr_getValueAsBool(JLjava/lang/String;)Z+0
j  ui.data.common.F.jw(Ljava/lang/String;)Z+5
j  ui.data.common.F.aWC()Z+5
j  ui.h.I.aWC()Z+6
j  ui.aL.aGY()Ljava/lang/String;+0
j  ui.PlanAhead.<clinit>()V+316
v  ~StubRoutines::call_stub

---------------  P R O C E S S  ---------------

Java Threads: ( => current thread )
  0x000000000ab31000 JavaThread "Service Thread" daemon [_thread_blocked, id=14376, stack(0x000000002c590000,0x000000002c890000)]
  0x000000000ab21000 JavaThread "C1 CompilerThread2" daemon [_thread_blocked, id=11372, stack(0x000000002c490000,0x000000002c590000)]
  0x000000000ac91800 JavaThread "C2 CompilerThread1" daemon [_thread_blocked, id=13964, stack(0x000000002c390000,0x000000002c490000)]
  0x000000000ac94000 JavaThread "C2 CompilerThread0" daemon [_thread_blocked, id=9744, stack(0x000000002c290000,0x000000002c390000)]
  0x000000000ac95800 JavaThread "Attach Listener" daemon [_thread_blocked, id=16800, stack(0x000000002bf90000,0x000000002c290000)]
  0x000000000ac97800 JavaThread "Signal Dispatcher" daemon [_thread_blocked, id=16340, stack(0x000000002bc90000,0x000000002bf90000)]
  0x000000000ac99800 JavaThread "Surrogate Locker Thread (Concurrent GC)" daemon [_thread_blocked, id=7320, stack(0x000000002b990000,0x000000002bc90000)]
  0x000000000ab24800 JavaThread "Finalizer" daemon [_thread_blocked, id=16244, stack(0x000000002b690000,0x000000002b990000)]
  0x000000000ab26800 JavaThread "Reference Handler" daemon [_thread_blocked, id=4696, stack(0x000000002b390000,0x000000002b690000)]
=>0x0000000003bc1800 JavaThread "main" [_thread_in_native, id=8468, stack(0x000000001f8b0000,0x000000001f9b0000)]

Other Threads:
  0x000000000aa62000 VMThread [stack: 0x000000002b290000,0x000000002b390000] [id=6024]
  0x000000000acc7800 WatcherThread [stack: 0x000000002c890000,0x000000002c990000] [id=9864]

VM state:not at safepoint (normal execution)

VM Mutex/Monitor currently owned by a thread: None

Heap
 par new generation   total 55296K, used 4045K [0x0000000778000000, 0x000000077bc00000, 0x000000077bc00000)
  eden space 49152K,   8% used [0x0000000778000000, 0x00000007783f35e8, 0x000000077b000000)
  from space 6144K,   0% used [0x000000077b000000, 0x000000077b000000, 0x000000077b600000)
  to   space 6144K,   0% used [0x000000077b600000, 0x000000077b600000, 0x000000077bc00000)
 concurrent mark-sweep generation total 69632K, used 0K [0x000000077bc00000, 0x0000000780000000, 0x00000007f8000000)
 concurrent-mark-sweep perm gen total 131072K, used 5140K [0x00000007f8000000, 0x0000000800000000, 0x0000000800000000)

Card table byte_map: [0x0000000025f50000,0x00000000263a0000] byte_map_base: 0x0000000022390000

Polling page: 0x000000001f9b0000

Code Cache  [0x000000001f9d0000, 0x000000001fc40000, 0x00000000259d0000)
 total_blobs=395 nmethods=110 adapters=203 free_code_cache=97029Kb largest_free_block=99344448

Compilation events (10 events):
Event: 0.331 Thread 0x000000000ab21000  106       3       java.util.HashMap$FrontCache::get (32 bytes)
Event: 0.331 Thread 0x000000000ac94000  107       4       java.lang.AbstractStringBuilder::append (29 bytes)
Event: 0.332 Thread 0x000000000ab21000 nmethod 106 0x000000001fb0c8d0 code [0x000000001fb0ca60, 0x000000001fb0cfd0]
Event: 0.334 Thread 0x000000000ab21000  108       3       java.io.BufferedInputStream::getBufIfOpen (21 bytes)
Event: 0.334 Thread 0x000000000ab21000 nmethod 108 0x000000001fb0d150 code [0x000000001fb0d2c0, 0x000000001fb0d528]
Event: 0.334 Thread 0x000000000ab21000  109  s    3       java.io.BufferedInputStream::read (49 bytes)
Event: 0.335 Thread 0x000000000ab21000 nmethod 109 0x000000001fb0d5d0 code [0x000000001fb0d760, 0x000000001fb0dcd8]
Event: 0.335 Thread 0x000000000ab21000  110       3       java.io.DataInputStream::readInt (72 bytes)
Event: 0.335 Thread 0x000000000ab21000 nmethod 110 0x000000001fb0de90 code [0x000000001fb0e060, 0x000000001fb0e648]
Event: 0.336 Thread 0x000000000ac94000 nmethod 107 0x000000001fb11990 code [0x000000001fb11ae0, 0x000000001fb11dd8]

GC Heap History (0 events):
No events

Deoptimization events (0 events):
No events

Internal exceptions (10 events):
Event: 0.302 Thread 0x0000000003bc1800 Threw 0x00000007782ceb18 at C:\jdk7u2_64p\jdk7u17\hotspot\src\share\vm\prims\jvm.cpp:1166
Event: 0.302 Thread 0x0000000003bc1800 Threw 0x00000007782d08c0 at C:\jdk7u2_64p\jdk7u17\hotspot\src\share\vm\prims\jvm.cpp:1166
Event: 0.310 Thread 0x0000000003bc1800 Threw 0x00000007782dab68 at C:\jdk7u2_64p\jdk7u17\hotspot\src\share\vm\prims\jni.cpp:716
Event: 0.325 Thread 0x0000000003bc1800 Threw 0x00000007782f3d68 at C:\jdk7u2_64p\jdk7u17\hotspot\src\share\vm\prims\jvm.cpp:1166
Event: 0.325 Thread 0x0000000003bc1800 Threw 0x00000007782fd5b8 at C:\jdk7u2_64p\jdk7u17\hotspot\src\share\vm\prims\jvm.cpp:1166
Event: 0.326 Thread 0x0000000003bc1800 Threw 0x00000007783013f8 at C:\jdk7u2_64p\jdk7u17\hotspot\src\share\vm\prims\jvm.cpp:1166
Event: 0.327 Thread 0x0000000003bc1800 Threw 0x0000000778304a30 at C:\jdk7u2_64p\jdk7u17\hotspot\src\share\vm\prims\jvm.cpp:1166
Event: 0.328 Thread 0x0000000003bc1800 Threw 0x000000077830a760 at C:\jdk7u2_64p\jdk7u17\hotspot\src\share\vm\prims\jvm.cpp:1166
Event: 0.329 Thread 0x0000000003bc1800 Threw 0x000000077831c288 at C:\jdk7u2_64p\jdk7u17\hotspot\src\share\vm\prims\jvm.cpp:1166
Event: 0.341 Thread 0x0000000003bc1800 Threw 0x000000077833c178 at C:\jdk7u2_64p\jdk7u17\hotspot\src\share\vm\prims\jvm.cpp:1166

Events (10 events):
Event: 0.339 loading class 0x000000000ac745b0
Event: 0.339 loading class 0x000000000ac745b0 done
Event: 0.339 loading class 0x0000000003bd1a60
Event: 0.339 loading class 0x0000000003bd1a60 done
Event: 0.339 loading class 0x000000000bd63d40
Event: 0.339 loading class 0x000000000bd63d40 done
Event: 0.340 loading class 0x000000000bd63e30
Event: 0.340 loading class 0x000000000bd63e30 done
Event: 0.341 loading class 0x000000000aca83a0
Event: 0.341 loading class 0x000000000aca83a0 done


Dynamic libraries:
0x0000000140000000 - 0x000000014000e000 	C:\Xilinx\14.7\ISE_DS\PlanAhead\bin\unwrapped\win64.o\planAhead.exe
0x00007ffa1eb70000 - 0x00007ffa1ed68000 	C:\Windows\SYSTEM32\ntdll.dll
0x00007ffa1dd50000 - 0x00007ffa1de12000 	C:\Windows\System32\KERNEL32.DLL
0x00007ffa1c510000 - 0x00007ffa1c806000 	C:\Windows\System32\KERNELBASE.dll
0x000000000a900000 - 0x000000000a945000 	C:\Xilinx\14.7\ISE_DS\PlanAhead\lib\win64.o\SHSMP64.dll
0x0000000180000000 - 0x0000000180013000 	C:\Xilinx\14.7\ISE_DS\PlanAhead\lib\win64.o\libboost_signals.dll
0x00007ffa1cd30000 - 0x00007ffa1cecd000 	C:\Windows\System32\USER32.dll
0x00007ffa1cb70000 - 0x00007ffa1cb92000 	C:\Windows\System32\win32u.dll
0x00007ffa1d480000 - 0x00007ffa1d4ab000 	C:\Windows\System32\GDI32.dll
0x00007ffa1c210000 - 0x00007ffa1c32a000 	C:\Windows\System32\gdi32full.dll
0x00007ffa1cad0000 - 0x00007ffa1cb6d000 	C:\Windows\System32\msvcp_win.dll
0x000000005e740000 - 0x000000005e7e3000 	C:\Windows\WinSxS\amd64_microsoft.vc90.crt_1fc8b3b9a1e18e3b_9.0.30729.9625_none_08e1c10da83fbc83\MSVCR90.dll
0x00007ffa1c810000 - 0x00007ffa1c910000 	C:\Windows\System32\ucrtbase.dll
0x00007ffa1ded0000 - 0x00007ffa1df7f000 	C:\Windows\System32\ADVAPI32.dll
0x00007ffa1e960000 - 0x00007ffa1e9fe000 	C:\Windows\System32\msvcrt.dll
0x00007ffa1d080000 - 0x00007ffa1d11f000 	C:\Windows\System32\sechost.dll
0x00007ffa1dbc0000 - 0x00007ffa1dce3000 	C:\Windows\System32\RPCRT4.dll
0x00007ffa1c4e0000 - 0x00007ffa1c507000 	C:\Windows\System32\bcrypt.dll
0x00007ffa11c50000 - 0x00007ffa11c5a000 	C:\Windows\SYSTEM32\VERSION.dll
0x0000000000900000 - 0x0000000001181000 	C:\Xilinx\14.7\ISE_DS\PlanAhead\lib\win64.o\librdi_common.dll
0x00007ffa1dbb0000 - 0x00007ffa1dbb8000 	C:\Windows\System32\PSAPI.DLL
0x0000000001190000 - 0x000000000127e000 	C:\Xilinx\14.7\ISE_DS\PlanAhead\lib\win64.o\stlport.5.2.dll
0x00007ffa1dfe0000 - 0x00007ffa1e74e000 	C:\Windows\System32\SHELL32.dll
0x00000000001e0000 - 0x00000000001f6000 	C:\Xilinx\14.7\ISE_DS\PlanAhead\lib\win64.o\librdi_commonmain.dll
0x000000005dab0000 - 0x000000005e1cf000 	C:\Xilinx\14.7\ISE_DS\PlanAhead\tps\win64\jre\bin\server\jvm.dll
0x0000000010000000 - 0x000000001012a000 	C:\Xilinx\14.7\ISE_DS\PlanAhead\lib\win64.o\tcl85t.dll
0x0000000012000000 - 0x0000000012282000 	C:\Xilinx\14.7\ISE_DS\PlanAhead\lib\win64.o\xerces-c_3_1.dll
0x00007ffa05830000 - 0x00007ffa05d06000 	C:\Windows\SYSTEM32\WININET.dll
0x00007ffa0d740000 - 0x00007ffa0d84a000 	C:\Windows\SYSTEM32\WINHTTP.dll
0x00007ffa0eab0000 - 0x00007ffa0eca0000 	C:\Windows\SYSTEM32\urlmon.dll
0x00007ffa17a50000 - 0x00007ffa17a59000 	C:\Windows\SYSTEM32\WSOCK32.dll
0x00007ffa1e7d0000 - 0x00007ffa1e83b000 	C:\Windows\System32\WS2_32.dll
0x000000005e900000 - 0x000000005e9d3000 	C:\Windows\WinSxS\amd64_microsoft.vc90.crt_1fc8b3b9a1e18e3b_9.0.30729.9625_none_08e1c10da83fbc83\MSVCP90.dll
0x00007ffa176a0000 - 0x00007ffa176c7000 	C:\Windows\SYSTEM32\WINMM.dll
0x000000005d9d0000 - 0x000000005daa2000 	C:\Windows\SYSTEM32\MSVCR100.dll
0x00007ffa10640000 - 0x00007ffa108ff000 	C:\Windows\SYSTEM32\iertutil.dll
0x00007ffa0ee30000 - 0x00007ffa0ee58000 	C:\Windows\SYSTEM32\srvcli.dll
0x00007ffa1d120000 - 0x00007ffa1d473000 	C:\Windows\System32\combase.dll
0x00007ffa1cc80000 - 0x00007ffa1cd2d000 	C:\Windows\System32\shcore.dll
0x00007ffa1b6c0000 - 0x00007ffa1b6cc000 	C:\Windows\SYSTEM32\netutils.dll
0x00007ffa1a290000 - 0x00007ffa1aa33000 	C:\Windows\SYSTEM32\windows.storage.dll
0x00007ffa1bb70000 - 0x00007ffa1bb9b000 	C:\Windows\SYSTEM32\Wldp.dll
0x00007ffa1d4b0000 - 0x00007ffa1d57d000 	C:\Windows\System32\OLEAUT32.dll
0x00000000012a0000 - 0x00000000014da000 	C:\Xilinx\14.7\ISE_DS\PlanAhead\lib\win64.o\libSecurity.dll
0x00007ffa1cba0000 - 0x00007ffa1cc7a000 	C:\Windows\System32\COMDLG32.dll
0x00000000014f0000 - 0x00000000017d9000 	C:\Xilinx\14.7\ISE_DS\PlanAhead\lib\win64.o\libCOIN-all.dll
0x00007ffa1db50000 - 0x00007ffa1dba5000 	C:\Windows\System32\SHLWAPI.dll
0x00000000017e0000 - 0x00000000017ef000 	C:\Xilinx\14.7\ISE_DS\PlanAhead\lib\win64.o\libboost_date_time.dll
0x00007ffa1d5a0000 - 0x00007ffa1d6cb000 	C:\Windows\System32\ole32.dll
0x00000000017f0000 - 0x0000000001817000 	C:\Xilinx\14.7\ISE_DS\PlanAhead\lib\win64.o\libboost_filesystem.dll
0x00007ffa1ca50000 - 0x00007ffa1cac3000 	C:\Windows\System32\WINTRUST.dll
0x00007ffa1c330000 - 0x00007ffa1c48d000 	C:\Windows\System32\CRYPT32.dll
0x0000000001820000 - 0x00000000018cf000 	C:\Xilinx\14.7\ISE_DS\PlanAhead\lib\win64.o\libboost_regex.dll
0x00000000018e0000 - 0x00000000018e9000 	C:\Xilinx\14.7\ISE_DS\PlanAhead\lib\win64.o\libboost_system.dll
0x0000000001910000 - 0x0000000001926000 	C:\Xilinx\14.7\ISE_DS\PlanAhead\lib\win64.o\libboost_thread.dll
0x0000000001930000 - 0x0000000001973000 	C:\Xilinx\14.7\ISE_DS\PlanAhead\lib\win64.o\libcurl.dll
0x00007ffa1ea40000 - 0x00007ffa1ea9e000 	C:\Windows\System32\WLDAP32.dll
0x0000000001980000 - 0x0000000001a03000 	C:\Xilinx\14.7\ISE_DS\PlanAhead\lib\win64.o\libhdlpsolve.dll
0x0000000001a20000 - 0x0000000001ad7000 	C:\Xilinx\14.7\ISE_DS\PlanAhead\lib\win64.o\libhdxml.dll
0x0000000001af0000 - 0x00000000020330d3 	C:\Xilinx\14.7\ISE_DS\PlanAhead\lib\win64.o\libisl_iostreams.dll
0x0000000002050000 - 0x0000000002079000 	C:\Xilinx\14.7\ISE_DS\PlanAhead\lib\win64.o\libisl_sysinfo.dll
0x0000000002090000 - 0x00000000020a6000 	C:\Xilinx\14.7\ISE_DS\PlanAhead\lib\win64.o\librdiconfig.dll
0x00000000020c0000 - 0x0000000002131000 	C:\Xilinx\14.7\ISE_DS\PlanAhead\lib\win64.o\libboost_program_options.dll
0x0000000002150000 - 0x000000000216e000 	C:\Xilinx\14.7\ISE_DS\PlanAhead\lib\win64.o\librdizlib.dll
0x0000000002180000 - 0x0000000002192000 	C:\Xilinx\14.7\ISE_DS\PlanAhead\lib\win64.o\pthreadVC.dll
0x00007ffa13570000 - 0x00007ffa13589000 	C:\Windows\SYSTEM32\NETAPI32.dll
0x00007ffa16a40000 - 0x00007ffa16af0000 	C:\Windows\WinSxS\amd64_microsoft.windows.common-controls_6595b64144ccf1df_5.82.19041.4355_none_792ecafd2442822f\COMCTL32.dll
0x00000000021d0000 - 0x00000000021dc000 	C:\Xilinx\14.7\ISE_DS\PlanAhead\lib\win64.o\libboost_chrono.dll
0x00000000021e0000 - 0x00000000021f9000 	C:\Xilinx\14.7\ISE_DS\PlanAhead\lib\win64.o\libboost_iostreams.dll
0x00007ffa1ea10000 - 0x00007ffa1ea3f000 	C:\Windows\System32\IMM32.DLL
0x00007ffa1bd00000 - 0x00007ffa1bd12000 	C:\Windows\SYSTEM32\MSASN1.dll
0x00000000055d0000 - 0x00000000058c3000 	C:\Xilinx\14.7\ISE_DS\PlanAhead\lib\win64.o\librdi_commontasks.dll
0x000000000cb50000 - 0x000000000d190000 	C:\Xilinx\14.7\ISE_DS\PlanAhead\lib\win64.o\librdi_coretasks.dll
0x000000000d190000 - 0x000000000d357000 	C:\Xilinx\14.7\ISE_DS\PlanAhead\lib\win64.o\librdi_chipscope.dll
0x000000000d360000 - 0x000000000e380000 	C:\Xilinx\14.7\ISE_DS\PlanAhead\lib\win64.o\librdi_constraints.dll
0x000000000e380000 - 0x000000000f64c000 	C:\Xilinx\14.7\ISE_DS\PlanAhead\lib\win64.o\librdi_coregen.dll
0x0000000010130000 - 0x0000000010d0a000 	C:\Xilinx\14.7\ISE_DS\PlanAhead\lib\win64.o\librdi_device.dll
0x000000000f650000 - 0x000000000f964000 	C:\Xilinx\14.7\ISE_DS\PlanAhead\lib\win64.o\librdi_drc.dll
0x000000000f970000 - 0x000000000fbfe000 	C:\Xilinx\14.7\ISE_DS\PlanAhead\lib\win64.o\librdi_filemgmt.dll
0x000000000fc00000 - 0x000000000ffd6000 	C:\Xilinx\14.7\ISE_DS\PlanAhead\lib\win64.o\librdi_netlist.dll
0x0000000010d10000 - 0x0000000011e33000 	C:\Xilinx\14.7\ISE_DS\PlanAhead\lib\win64.o\librdi_place.dll
0x0000000012290000 - 0x00000000127b2000 	C:\Xilinx\14.7\ISE_DS\PlanAhead\lib\win64.o\librdi_power.dll
0x00000000127c0000 - 0x0000000012d5d000 	C:\Xilinx\14.7\ISE_DS\PlanAhead\lib\win64.o\librdi_rsb.dll
0x0000000012d60000 - 0x0000000013158000 	C:\Xilinx\14.7\ISE_DS\PlanAhead\lib\win64.o\librdi_runs.dll
0x0000000013160000 - 0x0000000013513000 	C:\Xilinx\14.7\ISE_DS\PlanAhead\lib\win64.o\librdi_project.dll
0x0000000013520000 - 0x0000000016b71000 	C:\Xilinx\14.7\ISE_DS\PlanAhead\lib\win64.o\librdi_designutils.dll
0x0000000016b80000 - 0x0000000017658000 	C:\Xilinx\14.7\ISE_DS\PlanAhead\lib\win64.o\librdi_timing.dll
0x000000005e8e0000 - 0x000000005e8f1000 	C:\Windows\WinSxS\amd64_microsoft.vc90.openmp_1fc8b3b9a1e18e3b_9.0.30729.6161_none_390d35aa0a1f21f9\VCOMP90.DLL
0x0000000011e50000 - 0x0000000011ebe000 	C:\Xilinx\14.7\ISE_DS\PlanAhead\lib\win64.o\liblmx6.0.dll
0x0000000017660000 - 0x0000000017e00000 	C:\Xilinx\14.7\ISE_DS\PlanAhead\lib\win64.o\libverific.dll
0x0000000017e00000 - 0x00000000185cf000 	C:\Xilinx\14.7\ISE_DS\PlanAhead\lib\win64.o\librdi_coregenipxact.dll
0x0000000011f00000 - 0x0000000011f08000 	C:\Xilinx\14.7\ISE_DS\PlanAhead\lib\win64.o\libpsta_dllwrapper.dll
0x00000000185d0000 - 0x0000000018bbe000 	C:\Xilinx\14.7\ISE_DS\PlanAhead\lib\win64.o\librdi_route.dll
0x0000000011f30000 - 0x0000000011fad000 	C:\Xilinx\14.7\ISE_DS\PlanAhead\lib\win64.o\libboost_serialization.dll
0x0000000018bc0000 - 0x0000000018c50000 	C:\Xilinx\14.7\ISE_DS\PlanAhead\lib\win64.o\libise.dll
0x0000000018c50000 - 0x000000001922c000 	C:\Xilinx\14.7\ISE_DS\PlanAhead\lib\win64.o\librdi_abc_nomp.dll
0x0000000019230000 - 0x0000000019358000 	C:\Xilinx\14.7\ISE_DS\PlanAhead\lib\win64.o\librdi_dlyest.dll
0x0000000011fe0000 - 0x0000000011ffa000 	C:\Xilinx\14.7\ISE_DS\PlanAhead\lib\win64.o\librdi_hmetis.dll
0x00000000197c0000 - 0x00000000199ea000 	C:\Xilinx\14.7\ISE_DS\PlanAhead\lib\win64.o\librdi_labtools.dll
0x0000000019a00000 - 0x0000000019f3b000 	C:\Xilinx\14.7\ISE_DS\PlanAhead\lib\win64.o\librdi_memdata.dll
0x0000000019f50000 - 0x000000001b67f000 	C:\Xilinx\14.7\ISE_DS\PlanAhead\lib\win64.o\librdi_synth.dll
0x000000001b680000 - 0x000000001bbc4000 	C:\Xilinx\14.7\ISE_DS\PlanAhead\lib\win64.o\librdi_xdm.dll
0x0000000019370000 - 0x00000000197ae000 	C:\Xilinx\14.7\ISE_DS\PlanAhead\lib\win64.o\librdi_ip.dll
0x000000001bc10000 - 0x000000001bc4d000 	C:\Xilinx\14.7\ISE_DS\PlanAhead\lib\win64.o\librdi_simbridge_kernel.dll
0x000000001bc60000 - 0x000000001c0d6000 	C:\Xilinx\14.7\ISE_DS\PlanAhead\lib\win64.o\librdi_wavedata.dll
0x000000001c0f0000 - 0x000000001e1a8000 	C:\Xilinx\14.7\ISE_DS\PlanAhead\lib\win64.o\librdi_tcltasks.dll
0x000000001e1c0000 - 0x000000001e434000 	C:\Xilinx\14.7\ISE_DS\PlanAhead\lib\win64.o\librdi_bitstream.dll
0x000000001e450000 - 0x000000001e524000 	C:\Xilinx\14.7\ISE_DS\PlanAhead\lib\win64.o\librdi_dsp.dll
0x000000001e530000 - 0x000000001e59e000 	C:\Xilinx\14.7\ISE_DS\PlanAhead\lib\win64.o\librdi_edk.dll
0x000000001e5c0000 - 0x000000001e7ce000 	C:\Xilinx\14.7\ISE_DS\PlanAhead\lib\win64.o\librdi_simdata.dll
0x000000001e8e0000 - 0x000000001ea36000 	C:\Xilinx\14.7\ISE_DS\PlanAhead\lib\win64.o\librdi_planaheadtasks.dll
0x000000001ea50000 - 0x000000001f898000 	C:\Xilinx\14.7\ISE_DS\PlanAhead\lib\win64.o\librdi_ipservicestasks.dll
0x000000005e8d0000 - 0x000000005e8df000 	C:\Xilinx\14.7\ISE_DS\PlanAhead\tps\win64\jre\bin\verify.dll
0x000000005e8a0000 - 0x000000005e8c8000 	C:\Xilinx\14.7\ISE_DS\PlanAhead\tps\win64\jre\bin\java.dll
0x000000005e880000 - 0x000000005e895000 	C:\Xilinx\14.7\ISE_DS\PlanAhead\tps\win64\jre\bin\zip.dll
0x000000005e860000 - 0x000000005e879000 	C:\Xilinx\14.7\ISE_DS\PlanAhead\tps\win64\jre\bin\net.dll
0x00007ffa1b8d0000 - 0x00007ffa1b93c000 	C:\Windows\system32\mswsock.dll
0x000000005d9b0000 - 0x000000005d9c1000 	C:\Xilinx\14.7\ISE_DS\PlanAhead\tps\win64\jre\bin\nio.dll
0x000000002c990000 - 0x000000002cc76000 	C:\Xilinx\14.7\ISE_DS\PlanAhead\lib\win64.o\librdi_fed.dll
0x000000002cc90000 - 0x000000002cef1000 	C:\Xilinx\14.7\ISE_DS\PlanAhead\lib\win64.o\librdi_guitools.dll
0x000000002cf10000 - 0x000000002cf17000 	C:\Xilinx\14.7\ISE_DS\PlanAhead\lib\win64.o\librdi_commonx11.dll
0x000000002cf30000 - 0x000000002d31e000 	C:\Xilinx\14.7\ISE_DS\PlanAhead\lib\win64.o\librdi_rsbtasks.dll
0x000000002d330000 - 0x000000002d579000 	C:\Xilinx\14.7\ISE_DS\PlanAhead\lib\win64.o\librdi_labtoolstasks.dll
0x000000002d590000 - 0x000000002d748000 	C:\Xilinx\14.7\ISE_DS\PlanAhead\lib\win64.o\librdi_simtcltasks.dll
0x000000005d810000 - 0x000000005d9a3000 	C:\Xilinx\14.7\ISE_DS\PlanAhead\tps\win64\jre\bin\awt.dll
0x00007ffa179b0000 - 0x00007ffa17a44000 	C:\Windows\SYSTEM32\apphelp.dll
0x00007ffa08d10000 - 0x00007ffa08f11000 	C:\Windows\SYSTEM32\dbghelp.dll
0x00007ffa1c9c0000 - 0x00007ffa1ca42000 	C:\Windows\System32\bcryptPrimitives.dll

VM Arguments:
jvm_args: -Dsun.java2d.pmoffscreen=false -Xverify:none -Dswing.aatext=true -XX:-UsePerfData -Djdk.map.althashing.threshold=512 -XX:PermSize=128m -XX:MaxPermSize=128m -XX:NewSize=60m -XX:MaxNewSize=60m -XX:+UseConcMarkSweepGC -XX:+UseParNewGC -XX:+CMSParallelRemarkEnabled -XX:+CMSScavengeBeforeRemark -XX:+UseNUMA -XX:+AggressiveOpts -XX:+UseFastAccessorMethods -XX:+UseFastEmptyMethods -XX:+UseBiasedLocking -XX:+TieredCompilation -Xms128m -Xmx2048m -Xss3m 
java_command: <unknown>
Launcher Type: generic

Environment Variables:
USERNAME=Mohsin Sajjad
OS=Windows_NT
PROCESSOR_IDENTIFIER=Intel64 Family 6 Model 78 Stepping 3, GenuineIntel



---------------  S Y S T E M  ---------------

OS: Windows 8 , 64 bit Build 9200 

CPU:total 4 (2 cores per cpu, 2 threads per core) family 6 model 78 stepping 3, cmov, cx8, fxsr, mmx, sse, sse2, sse3, ssse3, sse4.1, sse4.2, popcnt, avx, avx2, ht, tsc, tscinvbit

Memory: 4k page, physical 8261904k(2725272k free), swap 11800848k(3577256k free)

vm_info: Java HotSpot(TM) 64-Bit Server VM (23.7-b01) for windows-amd64 JRE (1.7.0_17-b02), built on Mar  1 2013 03:38:30 by "java_re" with unknown MS VC++:1600

time: Mon May 19 14:11:08 2025
elapsed time: 0 seconds

