ISim log file
Running: D:\Semester Data\6th semester\DSD LAB\lab11\tb_factorial_top_isim_beh.exe -intstyle ise -gui -tclbatch isim.cmd -wdb D:/Semester Data/6th semester/DSD LAB/lab11/tb_factorial_top_isim_beh.wdb 
ISim P.20131013 (signature 0x7708f090)
----------------------------------------------------------------------
WARNING:Security:42 - Your software subscription period has lapsed. Your current version of Xilinx tools will continue to function, but you no longer qualify for Xilinx software updates or new releases.


----------------------------------------------------------------------
This is a Full version of ISim.
Time resolution is 1 ps
# onerror resume
# wave add /
# run 1000 ns
Simulator is doing circuit initialization process.
Finished circuit initialization process.
Time=0 | Result=  x
Time=5000 | Result=  0
ISim P.20131013 (signature 0x7708f090)
----------------------------------------------------------------------
WARNING:Security:42 - Your software subscription period has lapsed. Your current version of Xilinx tools will continue to function, but you no longer qualify for Xilinx software updates or new releases.


----------------------------------------------------------------------
This is a Full version of ISim.
# run 1000 ns
Simulator is doing circuit initialization process.
Finished circuit initialization process.
Time=0 | Result=  x
Time=5000 | Result=  0
ISim P.20131013 (signature 0x7708f090)
----------------------------------------------------------------------
WARNING:Security:42 - Your software subscription period has lapsed. Your current version of Xilinx tools will continue to function, but you no longer qualify for Xilinx software updates or new releases.


----------------------------------------------------------------------
This is a Full version of ISim.
# run 1000 ns
Simulator is doing circuit initialization process.
Finished circuit initialization process.
Time=0 | Result =   x
Time=5000 | Result =   0
Time=25000 | Result =   1
# run all
Final Result at Time=2040000 is:   1
Stopped at time : 690100175 ns : File "D:/Semester Data/6th semester/DSD LAB/lab11/factorial_cal.v" Line 25
