Running: C:\Xilinx\14.7\ISE_DS\ISE\bin\nt64\unwrapped\fuse.exe -intstyle ise -incremental -lib unisims_ver -lib unimacro_ver -lib xilinxcorelib_ver -lib secureip -o D:/Semester Data/6th semester/DSD LAB/lab11_task02_multiplier/tb_mult_top_isim_beh.exe -prj D:/Semester Data/6th semester/DSD LAB/lab11_task02_multiplier/tb_mult_top_beh.prj tb_mult_top work.glbl 
ISim P.20131013 (signature 0x7708f090)
Number of CPUs detected in this system: 4
Turning on mult-threading, number of parallel sub-compilation jobs: 8 
Determining compilation order of HDL files
Analyzing Verilog file "D:/Semester Data/6th semester/DSD LAB/lab11_task02_multiplier/task02.v" into library work
Analyzing Verilog file "D:/Semester Data/6th semester/DSD LAB/lab11_task02_multiplier/tb.v" into library work
Analyzing Verilog file "C:/Xilinx/14.7/ISE_DS/ISE//verilog/src/glbl.v" into library work
Starting static elaboration
Completed static elaboration
Compiling module mult_control
Compiling module mult_datapath
Compiling module mult_top
Compiling module tb_mult_top
Compiling module glbl
Time Resolution for simulation is 1ps.
Waiting for 1 sub-compilation(s) to finish...
Compiled 5 Verilog Units
Built simulation executable D:/Semester Data/6th semester/DSD LAB/lab11_task02_multiplier/tb_mult_top_isim_beh.exe
Fuse Memory Usage: 27928 KB
Fuse CPU Usage: 421 ms
