Release 14.7 Map P.20131013 (nt64)
Xilinx Mapping Report File for Design 'buffer'

Design Information
------------------
Command Line   : map -intstyle ise -p xc6slx9-csg324-2 -w -logic_opt off -ol
high -t 1 -xt 0 -register_duplication off -r 4 -global_opt off -mt off -ir off
-pr off -lc off -power off -o buffer_map.ncd buffer.ngd buffer.pcf 
Target Device  : xc6slx9
Target Package : csg324
Target Speed   : -2
Mapper Version : spartan6 -- $Revision: 1.55 $
Mapped Date    : Sun Mar 02 20:54:46 2025

Design Summary
--------------
Number of errors   :   2
Number of warnings :   0

Section 1 - Errors
------------------
ERROR:MapLib:30 - LOC constraint P85 on I is invalid: No such site on the
   device. To bypass this error set the environment variable 'XIL_MAP_LOCWARN'.
ERROR:MapLib:30 - LOC constraint P48 on O is invalid: No such site on the
   device. To bypass this error set the environment variable 'XIL_MAP_LOCWARN'.

Section 2 - Warnings
--------------------

Section 3 - Informational
-------------------------
INFO:MapLib:562 - No environment variables are currently set.

Section 4 - Removed Logic Summary
---------------------------------

Section 5 - Removed Logic
-------------------------
