#
# A fatal error has been detected by the Java Runtime Environment:
#
#  EXCEPTION_UNCAUGHT_CXX_EXCEPTION (0xe06d7363) at pc=0x00007ff87301b699, pid=17856, tid=18312
#
# JRE version: 7.0_17-b02
# Java VM: Java HotSpot(TM) 64-Bit Server VM (23.7-b01 mixed mode windows-amd64 compressed oops)
# Problematic frame:
# C  [KERNELBASE.dll+0x3b699]  RaiseException+0x69
#
# Failed to write core dump. Minidumps are not enabled by default on client versions of Windows
#
# If you would like to submit a bug report, please visit:
#   http://bugreport.sun.com/bugreport/crash.jsp
# The crash happened outside the Java Virtual Machine in native code.
# See problematic frame for where to report the bug.
#

---------------  T H R E A D  ---------------

Current thread (0x000000000a97a800):  JavaThread "main" [_thread_in_native, id=18312, stack(0x000000001fa10000,0x000000001fb10000)]

siginfo: ExceptionCode=0xe06d7363, ExceptionInformation=0x0000000019930520 0x000000001fb0e348 0x0000000001291910 0x00000000011f0000 

Registers:
RAX=0x0000000063e222ae, RBX=0x000000001fb0d970, RCX=0x0000000000000000, RDX=0x000000000a9f0230
RSP=0x000000001fb0bbc0, RBP=0x000000001fb0c290, RSI=0x000000001fb0e1c0, RDI=0x000000001fb0ca30
R8 =0x0000000000000000, R9 =0xfe1456db00000000, R10=0x24ecc179081611ae, R11=0x69a4e03635024081
R12=0x000000001fb0e560, R13=0x000000001fb0d038, R14=0x0000000000000000, R15=0x000000001fb0bd18
RIP=0x00007ff87301b699, EFLAGS=0x0000000000000206

Top of Stack: (sp=0x000000001fb0bbc0)
0x000000001fb0bbc0:   000000000aa5e630 000000001fb0d970
0x000000001fb0bbd0:   000000001fb0e1c0 00007ff87304045b
0x000000001fb0bbe0:   00000001e06d7363 0000000000000000
0x000000001fb0bbf0:   00007ff87301b699 0000000000000004
0x000000001fb0bc00:   0000000019930520 000000001fb0e348
0x000000001fb0bc10:   0000000001291910 00000000011f0000
0x000000001fb0bc20:   0000e9374216327d 0000000001268110
0x000000001fb0bc30:   000000001fb0d970 000000006465334a
0x000000001fb0bc40:   0000000000000000 000000000a97f780
0x000000001fb0bc50:   0000000000000000 000000001fb0ca30
0x000000001fb0bc60:   000000001fb0ca30 000000006465336b
0x000000001fb0bc70:   000000001fb0d970 000000001fb0e560
0x000000001fb0bc80:   000041b01c075a11 000000000a9f0230
0x000000001fb0bc90:   000000001fb0d970 0000000064693bb8
0x000000001fb0bca0:   00000000012680e0 000000001fb0d038
0x000000001fb0bcb0:   0000000000000100 0000000000000000 

Instructions: (pc=0x00007ff87301b699)
0x00007ff87301b679:   8b d1 44 0f 47 c0 44 89 44 24 38 49 c1 e0 03 e8
0x00007ff87301b689:   0a 2e 08 00 48 8d 4c 24 20 48 ff 15 6f 0b 1b 00
0x00007ff87301b699:   0f 1f 44 00 00 48 8b 8c 24 c0 00 00 00 48 33 cc
0x00007ff87301b6a9:   e8 12 b6 05 00 48 81 c4 d8 00 00 00 c3 cc 83 64 


Register to memory mapping:

RAX=0x0000000063e222ae is an unknown value
RBX=0x000000001fb0d970 is pointing into the stack for thread: 0x000000000a97a800
RCX=0x0000000000000000 is an unknown value
RDX=0x000000000a9f0230 is an unknown value
RSP=0x000000001fb0bbc0 is pointing into the stack for thread: 0x000000000a97a800
RBP=0x000000001fb0c290 is pointing into the stack for thread: 0x000000000a97a800
RSI=0x000000001fb0e1c0 is pointing into the stack for thread: 0x000000000a97a800
RDI=0x000000001fb0ca30 is pointing into the stack for thread: 0x000000000a97a800
R8 =0x0000000000000000 is an unknown value
R9 =0xfe1456db00000000 is an unknown value
R10=0x24ecc179081611ae is an unknown value
R11=0x69a4e03635024081 is an unknown value
R12=0x000000001fb0e560 is pointing into the stack for thread: 0x000000000a97a800
R13=0x000000001fb0d038 is pointing into the stack for thread: 0x000000000a97a800
R14=0x0000000000000000 is an unknown value
R15=0x000000001fb0bd18 is pointing into the stack for thread: 0x000000000a97a800


Stack: [0x000000001fa10000,0x000000001fb10000],  sp=0x000000001fb0bbc0,  free space=1006k
Native frames: (J=compiled Java code, j=interpreted, Vv=VM code, C=native code)
C  [KERNELBASE.dll+0x3b699]  RaiseException+0x69
C  0x000000001fb0c8f0

Java frames: (J=compiled Java code, j=interpreted, Vv=VM code)
j  ui.data.common.parami.ParamMgr_getValueAsBool(JLjava/lang/String;)Z+0
j  ui.data.common.F.jw(Ljava/lang/String;)Z+5
j  ui.data.common.F.aWC()Z+5
j  ui.h.I.aWC()Z+6
j  ui.aL.aGY()Ljava/lang/String;+0
j  ui.PlanAhead.<clinit>()V+316
v  ~StubRoutines::call_stub

---------------  P R O C E S S  ---------------

Java Threads: ( => current thread )
  0x000000000aae0800 JavaThread "Service Thread" daemon [_thread_blocked, id=8364, stack(0x000000002c5f0000,0x000000002c8f0000)]
  0x000000000ad91800 JavaThread "C1 CompilerThread2" daemon [_thread_blocked, id=10976, stack(0x000000002c4f0000,0x000000002c5f0000)]
  0x000000000ad81800 JavaThread "C2 CompilerThread1" daemon [_thread_blocked, id=16604, stack(0x000000002c3f0000,0x000000002c4f0000)]
  0x000000000ac91000 JavaThread "C2 CompilerThread0" daemon [_thread_blocked, id=17488, stack(0x000000002c2f0000,0x000000002c3f0000)]
  0x000000000acf1800 JavaThread "Attach Listener" daemon [_thread_blocked, id=15560, stack(0x000000002bff0000,0x000000002c2f0000)]
  0x000000000ae52000 JavaThread "Signal Dispatcher" daemon [_thread_blocked, id=5728, stack(0x000000002bcf0000,0x000000002bff0000)]
  0x000000000ae54000 JavaThread "Surrogate Locker Thread (Concurrent GC)" daemon [_thread_blocked, id=15612, stack(0x000000002b9f0000,0x000000002bcf0000)]
  0x000000000acb5800 JavaThread "Finalizer" daemon [_thread_blocked, id=2084, stack(0x000000002b6f0000,0x000000002b9f0000)]
  0x000000000acb7000 JavaThread "Reference Handler" daemon [_thread_blocked, id=280, stack(0x000000002b3f0000,0x000000002b6f0000)]
=>0x000000000a97a800 JavaThread "main" [_thread_in_native, id=18312, stack(0x000000001fa10000,0x000000001fb10000)]

Other Threads:
  0x000000000ac42000 VMThread [stack: 0x000000002b2f0000,0x000000002b3f0000] [id=12920]
  0x000000000ae77800 WatcherThread [stack: 0x000000002c8f0000,0x000000002c9f0000] [id=8584]

VM state:not at safepoint (normal execution)

VM Mutex/Monitor currently owned by a thread: None

Heap
 par new generation   total 55296K, used 4044K [0x0000000778000000, 0x000000077bc00000, 0x000000077bc00000)
  eden space 49152K,   8% used [0x0000000778000000, 0x00000007783f31e8, 0x000000077b000000)
  from space 6144K,   0% used [0x000000077b000000, 0x000000077b000000, 0x000000077b600000)
  to   space 6144K,   0% used [0x000000077b600000, 0x000000077b600000, 0x000000077bc00000)
 concurrent mark-sweep generation total 69632K, used 0K [0x000000077bc00000, 0x0000000780000000, 0x00000007f8000000)
 concurrent-mark-sweep perm gen total 131072K, used 5139K [0x00000007f8000000, 0x0000000800000000, 0x0000000800000000)

Card table byte_map: [0x0000000026090000,0x00000000264e0000] byte_map_base: 0x00000000224d0000

Polling page: 0x0000000011f90000

Code Cache  [0x000000001fb10000, 0x000000001fd80000, 0x0000000025b10000)
 total_blobs=394 nmethods=109 adapters=203 free_code_cache=97031Kb largest_free_block=99359104

Compilation events (10 events):
Event: 0.708 Thread 0x000000000ad91800  105       3       java.lang.String::lastIndexOf (13 bytes)
Event: 0.708 Thread 0x000000000ad91800 nmethod 105 0x000000001fc4b5d0 code [0x000000001fc4b740, 0x000000001fc4b988]
Event: 0.715 Thread 0x000000000ad91800  106       3       java.util.HashMap$FrontCache::get (32 bytes)
Event: 0.716 Thread 0x000000000ad91800 nmethod 106 0x000000001fc4c4d0 code [0x000000001fc4c660, 0x000000001fc4cbd0]
Event: 0.725 Thread 0x000000000ad91800  107       3       java.io.BufferedInputStream::getBufIfOpen (21 bytes)
Event: 0.725 Thread 0x000000000ad91800 nmethod 107 0x000000001fc4cd50 code [0x000000001fc4cec0, 0x000000001fc4d128]
Event: 0.725 Thread 0x000000000ad91800  108  s    3       java.io.BufferedInputStream::read (49 bytes)
Event: 0.726 Thread 0x000000000ad91800 nmethod 108 0x000000001fc4d1d0 code [0x000000001fc4d360, 0x000000001fc4d8d8]
Event: 0.726 Thread 0x000000000ad91800  109       3       java.io.DataInputStream::readInt (72 bytes)
Event: 0.727 Thread 0x000000000ad91800 nmethod 109 0x000000001fc4da90 code [0x000000001fc4dc60, 0x000000001fc4e248]

GC Heap History (0 events):
No events

Deoptimization events (0 events):
No events

Internal exceptions (10 events):
Event: 0.618 Thread 0x000000000a97a800 Threw 0x00000007782ce288 at C:\jdk7u2_64p\jdk7u17\hotspot\src\share\vm\prims\jvm.cpp:1166
Event: 0.618 Thread 0x000000000a97a800 Threw 0x00000007782d0030 at C:\jdk7u2_64p\jdk7u17\hotspot\src\share\vm\prims\jvm.cpp:1166
Event: 0.648 Thread 0x000000000a97a800 Threw 0x00000007782da128 at C:\jdk7u2_64p\jdk7u17\hotspot\src\share\vm\prims\jni.cpp:716
Event: 0.693 Thread 0x000000000a97a800 Threw 0x00000007782f32c8 at C:\jdk7u2_64p\jdk7u17\hotspot\src\share\vm\prims\jvm.cpp:1166
Event: 0.696 Thread 0x000000000a97a800 Threw 0x00000007782fcad8 at C:\jdk7u2_64p\jdk7u17\hotspot\src\share\vm\prims\jvm.cpp:1166
Event: 0.698 Thread 0x000000000a97a800 Threw 0x0000000778300998 at C:\jdk7u2_64p\jdk7u17\hotspot\src\share\vm\prims\jvm.cpp:1166
Event: 0.701 Thread 0x000000000a97a800 Threw 0x00000007783040a0 at C:\jdk7u2_64p\jdk7u17\hotspot\src\share\vm\prims\jvm.cpp:1166
Event: 0.703 Thread 0x000000000a97a800 Threw 0x0000000778309dd0 at C:\jdk7u2_64p\jdk7u17\hotspot\src\share\vm\prims\jvm.cpp:1166
Event: 0.706 Thread 0x000000000a97a800 Threw 0x000000077831b958 at C:\jdk7u2_64p\jdk7u17\hotspot\src\share\vm\prims\jvm.cpp:1166
Event: 0.743 Thread 0x000000000a97a800 Threw 0x000000077833b510 at C:\jdk7u2_64p\jdk7u17\hotspot\src\share\vm\prims\jvm.cpp:1166

Events (10 events):
Event: 0.737 loading class 0x000000000ae432f0
Event: 0.738 loading class 0x000000000ae432f0 done
Event: 0.738 loading class 0x000000000a9f4ee0
Event: 0.738 loading class 0x000000000a9f4ee0 done
Event: 0.738 loading class 0x000000000cc22a80
Event: 0.738 loading class 0x000000000cc22a80 done
Event: 0.739 loading class 0x000000000cc22b70
Event: 0.740 loading class 0x000000000cc22b70 done
Event: 0.743 loading class 0x000000000ae67ce0
Event: 0.743 loading class 0x000000000ae67ce0 done


Dynamic libraries:
0x0000000140000000 - 0x000000014000e000 	C:\Xilinx\14.7\ISE_DS\PlanAhead\bin\unwrapped\win64.o\planAhead.exe
0x00007ff8757d0000 - 0x00007ff8759c8000 	C:\Windows\SYSTEM32\ntdll.dll
0x00007ff874f70000 - 0x00007ff875032000 	C:\Windows\System32\KERNEL32.DLL
0x00007ff872fe0000 - 0x00007ff8732df000 	C:\Windows\System32\KERNELBASE.dll
0x000000000a900000 - 0x000000000a945000 	C:\Xilinx\14.7\ISE_DS\PlanAhead\lib\win64.o\SHSMP64.dll
0x0000000180000000 - 0x0000000180013000 	C:\Xilinx\14.7\ISE_DS\PlanAhead\lib\win64.o\libboost_signals.dll
0x00007ff873cc0000 - 0x00007ff873e5d000 	C:\Windows\System32\USER32.dll
0x00007ff8732e0000 - 0x00007ff873302000 	C:\Windows\System32\win32u.dll
0x00007ff873bf0000 - 0x00007ff873c1b000 	C:\Windows\System32\GDI32.dll
0x00007ff872e70000 - 0x00007ff872f8a000 	C:\Windows\System32\gdi32full.dll
0x00007ff873550000 - 0x00007ff8735ed000 	C:\Windows\System32\msvcp_win.dll
0x00007ff8733c0000 - 0x00007ff8734c0000 	C:\Windows\System32\ucrtbase.dll
0x00007ff8754d0000 - 0x00007ff87557f000 	C:\Windows\System32\ADVAPI32.dll
0x00007ff873910000 - 0x00007ff8739ae000 	C:\Windows\System32\msvcrt.dll
0x00007ff873c20000 - 0x00007ff873cbf000 	C:\Windows\System32\sechost.dll
0x00007ff875580000 - 0x00007ff8756a3000 	C:\Windows\System32\RPCRT4.dll
0x00007ff8735f0000 - 0x00007ff873617000 	C:\Windows\System32\bcrypt.dll
0x0000000064650000 - 0x00000000646f3000 	C:\Windows\WinSxS\amd64_microsoft.vc90.crt_1fc8b3b9a1e18e3b_9.0.30729.9625_none_08e1c10da83fbc83\MSVCR90.dll
0x00007ff86f7d0000 - 0x00007ff86f7da000 	C:\Windows\SYSTEM32\VERSION.dll
0x0000000000960000 - 0x00000000011e1000 	C:\Xilinx\14.7\ISE_DS\PlanAhead\lib\win64.o\librdi_common.dll
0x00000000001e0000 - 0x00000000001f6000 	C:\Xilinx\14.7\ISE_DS\PlanAhead\lib\win64.o\librdi_commonmain.dll
0x00000000011f0000 - 0x00000000012de000 	C:\Xilinx\14.7\ISE_DS\PlanAhead\lib\win64.o\stlport.5.2.dll
0x00007ff8754c0000 - 0x00007ff8754c8000 	C:\Windows\System32\PSAPI.DLL
0x00007ff8743d0000 - 0x00007ff874b3d000 	C:\Windows\System32\SHELL32.dll
0x0000000063db0000 - 0x00000000644cf000 	C:\Xilinx\14.7\ISE_DS\PlanAhead\tps\win64\jre\bin\server\jvm.dll
0x0000000010000000 - 0x000000001012a000 	C:\Xilinx\14.7\ISE_DS\PlanAhead\lib\win64.o\tcl85t.dll
0x00007ff85e820000 - 0x00007ff85ecf7000 	C:\Windows\SYSTEM32\WININET.dll
0x0000000012000000 - 0x0000000012282000 	C:\Xilinx\14.7\ISE_DS\PlanAhead\lib\win64.o\xerces-c_3_1.dll
0x00007ff8683b0000 - 0x00007ff8684ba000 	C:\Windows\SYSTEM32\WINHTTP.dll
0x00007ff863630000 - 0x00007ff863821000 	C:\Windows\SYSTEM32\urlmon.dll
0x00007ff870da0000 - 0x00007ff870da9000 	C:\Windows\SYSTEM32\WSOCK32.dll
0x00007ff874ea0000 - 0x00007ff874f0b000 	C:\Windows\System32\WS2_32.dll
0x0000000064c00000 - 0x0000000064cd3000 	C:\Windows\WinSxS\amd64_microsoft.vc90.crt_1fc8b3b9a1e18e3b_9.0.30729.9625_none_08e1c10da83fbc83\MSVCP90.dll
0x00007ff86ca60000 - 0x00007ff86ca87000 	C:\Windows\SYSTEM32\WINMM.dll
0x0000000063cd0000 - 0x0000000063da2000 	C:\Windows\SYSTEM32\MSVCR100.dll
0x00007ff863b40000 - 0x00007ff863dff000 	C:\Windows\SYSTEM32\iertutil.dll
0x00007ff863b10000 - 0x00007ff863b38000 	C:\Windows\SYSTEM32\srvcli.dll
0x00007ff871c80000 - 0x00007ff871c8c000 	C:\Windows\SYSTEM32\netutils.dll
0x00007ff874b40000 - 0x00007ff874e95000 	C:\Windows\System32\combase.dll
0x00007ff8701e0000 - 0x00007ff870984000 	C:\Windows\SYSTEM32\windows.storage.dll
0x00007ff873fb0000 - 0x00007ff87405d000 	C:\Windows\System32\shcore.dll
0x00007ff872130000 - 0x00007ff87215f000 	C:\Windows\SYSTEM32\Wldp.dll
0x00007ff8756b0000 - 0x00007ff87577d000 	C:\Windows\System32\OLEAUT32.dll
0x00000000012e0000 - 0x000000000151a000 	C:\Xilinx\14.7\ISE_DS\PlanAhead\lib\win64.o\libSecurity.dll
0x00007ff873a80000 - 0x00007ff873b5a000 	C:\Windows\System32\COMDLG32.dll
0x0000000000460000 - 0x000000000046f000 	C:\Xilinx\14.7\ISE_DS\PlanAhead\lib\win64.o\libboost_date_time.dll
0x00007ff8738b0000 - 0x00007ff873905000 	C:\Windows\System32\SHLWAPI.dll
0x00007ff8742a0000 - 0x00007ff8743cb000 	C:\Windows\System32\ole32.dll
0x0000000001520000 - 0x0000000001547000 	C:\Xilinx\14.7\ISE_DS\PlanAhead\lib\win64.o\libboost_filesystem.dll
0x00007ff873780000 - 0x00007ff8737e9000 	C:\Windows\System32\WINTRUST.dll
0x00007ff873620000 - 0x00007ff87377c000 	C:\Windows\System32\CRYPT32.dll
0x0000000001550000 - 0x00000000015c1000 	C:\Xilinx\14.7\ISE_DS\PlanAhead\lib\win64.o\libboost_program_options.dll
0x00000000015d0000 - 0x000000000167f000 	C:\Xilinx\14.7\ISE_DS\PlanAhead\lib\win64.o\libboost_regex.dll
0x0000000001680000 - 0x0000000001689000 	C:\Xilinx\14.7\ISE_DS\PlanAhead\lib\win64.o\libboost_system.dll
0x00000000016a0000 - 0x00000000016b6000 	C:\Xilinx\14.7\ISE_DS\PlanAhead\lib\win64.o\libboost_thread.dll
0x00000000016c0000 - 0x0000000001703000 	C:\Xilinx\14.7\ISE_DS\PlanAhead\lib\win64.o\libcurl.dll
0x00007ff8737f0000 - 0x00007ff87384e000 	C:\Windows\System32\WLDAP32.dll
0x0000000001710000 - 0x0000000001793000 	C:\Xilinx\14.7\ISE_DS\PlanAhead\lib\win64.o\libhdlpsolve.dll
0x00000000017b0000 - 0x0000000001867000 	C:\Xilinx\14.7\ISE_DS\PlanAhead\lib\win64.o\libhdxml.dll
0x0000000001880000 - 0x0000000001dc30d3 	C:\Xilinx\14.7\ISE_DS\PlanAhead\lib\win64.o\libisl_iostreams.dll
0x0000000001de0000 - 0x0000000001e09000 	C:\Xilinx\14.7\ISE_DS\PlanAhead\lib\win64.o\libisl_sysinfo.dll
0x0000000001e20000 - 0x0000000001e32000 	C:\Xilinx\14.7\ISE_DS\PlanAhead\lib\win64.o\pthreadVC.dll
0x0000000001e40000 - 0x0000000001e56000 	C:\Xilinx\14.7\ISE_DS\PlanAhead\lib\win64.o\librdiconfig.dll
0x0000000001e70000 - 0x0000000001e8e000 	C:\Xilinx\14.7\ISE_DS\PlanAhead\lib\win64.o\librdizlib.dll
0x0000000001ea0000 - 0x0000000002189000 	C:\Xilinx\14.7\ISE_DS\PlanAhead\lib\win64.o\libCOIN-all.dll
0x00007ff869310000 - 0x00007ff869329000 	C:\Windows\SYSTEM32\NETAPI32.dll
0x00007ff8061a0000 - 0x00007ff806250000 	C:\Windows\WinSxS\amd64_microsoft.windows.common-controls_6595b64144ccf1df_5.82.19041.4355_none_792ecafd2442822f\COMCTL32.dll
0x00000000021d0000 - 0x00000000021dc000 	C:\Xilinx\14.7\ISE_DS\PlanAhead\lib\win64.o\libboost_chrono.dll
0x00000000021e0000 - 0x00000000021f9000 	C:\Xilinx\14.7\ISE_DS\PlanAhead\lib\win64.o\libboost_iostreams.dll
0x00007ff873e60000 - 0x00007ff873e8f000 	C:\Windows\System32\IMM32.DLL
0x00007ff872560000 - 0x00007ff872572000 	C:\Windows\SYSTEM32\MSASN1.dll
0x00000000056e0000 - 0x00000000059d3000 	C:\Xilinx\14.7\ISE_DS\PlanAhead\lib\win64.o\librdi_commontasks.dll
0x000000000cc50000 - 0x000000000d290000 	C:\Xilinx\14.7\ISE_DS\PlanAhead\lib\win64.o\librdi_coretasks.dll
0x000000000d290000 - 0x000000000e2b0000 	C:\Xilinx\14.7\ISE_DS\PlanAhead\lib\win64.o\librdi_constraints.dll
0x0000000012290000 - 0x00000000158e1000 	C:\Xilinx\14.7\ISE_DS\PlanAhead\lib\win64.o\librdi_designutils.dll
0x000000000f580000 - 0x000000000f747000 	C:\Xilinx\14.7\ISE_DS\PlanAhead\lib\win64.o\librdi_chipscope.dll
0x0000000010130000 - 0x0000000010d0a000 	C:\Xilinx\14.7\ISE_DS\PlanAhead\lib\win64.o\librdi_device.dll
0x000000000e2b0000 - 0x000000000f57c000 	C:\Xilinx\14.7\ISE_DS\PlanAhead\lib\win64.o\librdi_coregen.dll
0x000000000f750000 - 0x000000000fa64000 	C:\Xilinx\14.7\ISE_DS\PlanAhead\lib\win64.o\librdi_drc.dll
0x000000000fa70000 - 0x000000000fcfe000 	C:\Xilinx\14.7\ISE_DS\PlanAhead\lib\win64.o\librdi_filemgmt.dll
0x0000000010d10000 - 0x00000000110e6000 	C:\Xilinx\14.7\ISE_DS\PlanAhead\lib\win64.o\librdi_netlist.dll
0x00000000158f0000 - 0x0000000016a13000 	C:\Xilinx\14.7\ISE_DS\PlanAhead\lib\win64.o\librdi_place.dll
0x00000000110f0000 - 0x00000000114a3000 	C:\Xilinx\14.7\ISE_DS\PlanAhead\lib\win64.o\librdi_project.dll
0x00000000114b0000 - 0x00000000119d2000 	C:\Xilinx\14.7\ISE_DS\PlanAhead\lib\win64.o\librdi_power.dll
0x00000000119e0000 - 0x0000000011dd8000 	C:\Xilinx\14.7\ISE_DS\PlanAhead\lib\win64.o\librdi_runs.dll
0x0000000016a20000 - 0x00000000174f8000 	C:\Xilinx\14.7\ISE_DS\PlanAhead\lib\win64.o\librdi_timing.dll
0x0000000017500000 - 0x0000000017a9d000 	C:\Xilinx\14.7\ISE_DS\PlanAhead\lib\win64.o\librdi_rsb.dll
0x0000000064be0000 - 0x0000000064bf1000 	C:\Windows\WinSxS\amd64_microsoft.vc90.openmp_1fc8b3b9a1e18e3b_9.0.30729.6161_none_390d35aa0a1f21f9\VCOMP90.DLL
0x0000000003cd0000 - 0x0000000003cd8000 	C:\Xilinx\14.7\ISE_DS\PlanAhead\lib\win64.o\libpsta_dllwrapper.dll
0x000000000fd00000 - 0x000000000fd6e000 	C:\Xilinx\14.7\ISE_DS\PlanAhead\lib\win64.o\liblmx6.0.dll
0x000000000fd70000 - 0x000000000fded000 	C:\Xilinx\14.7\ISE_DS\PlanAhead\lib\win64.o\libboost_serialization.dll
0x0000000017aa0000 - 0x0000000018240000 	C:\Xilinx\14.7\ISE_DS\PlanAhead\lib\win64.o\libverific.dll
0x0000000018240000 - 0x0000000018a0f000 	C:\Xilinx\14.7\ISE_DS\PlanAhead\lib\win64.o\librdi_coregenipxact.dll
0x00000000191b0000 - 0x00000000193da000 	C:\Xilinx\14.7\ISE_DS\PlanAhead\lib\win64.o\librdi_labtools.dll
0x00000000193e0000 - 0x000000001991b000 	C:\Xilinx\14.7\ISE_DS\PlanAhead\lib\win64.o\librdi_memdata.dll
0x0000000019920000 - 0x000000001b04f000 	C:\Xilinx\14.7\ISE_DS\PlanAhead\lib\win64.o\librdi_synth.dll
0x000000000fe00000 - 0x000000000fe90000 	C:\Xilinx\14.7\ISE_DS\PlanAhead\lib\win64.o\libise.dll
0x000000001b050000 - 0x000000001b62c000 	C:\Xilinx\14.7\ISE_DS\PlanAhead\lib\win64.o\librdi_abc_nomp.dll
0x000000001b630000 - 0x000000001bb74000 	C:\Xilinx\14.7\ISE_DS\PlanAhead\lib\win64.o\librdi_xdm.dll
0x000000000feb0000 - 0x000000000ffd8000 	C:\Xilinx\14.7\ISE_DS\PlanAhead\lib\win64.o\librdi_dlyest.dll
0x0000000011de0000 - 0x0000000011dfa000 	C:\Xilinx\14.7\ISE_DS\PlanAhead\lib\win64.o\librdi_hmetis.dll
0x000000001bb80000 - 0x000000001c16e000 	C:\Xilinx\14.7\ISE_DS\PlanAhead\lib\win64.o\librdi_route.dll
0x000000001c170000 - 0x000000001c5ae000 	C:\Xilinx\14.7\ISE_DS\PlanAhead\lib\win64.o\librdi_ip.dll
0x0000000011e50000 - 0x0000000011e8d000 	C:\Xilinx\14.7\ISE_DS\PlanAhead\lib\win64.o\librdi_simbridge_kernel.dll
0x0000000018a10000 - 0x0000000018e86000 	C:\Xilinx\14.7\ISE_DS\PlanAhead\lib\win64.o\librdi_wavedata.dll
0x000000001c5b0000 - 0x000000001e668000 	C:\Xilinx\14.7\ISE_DS\PlanAhead\lib\win64.o\librdi_tcltasks.dll
0x0000000018e90000 - 0x0000000019104000 	C:\Xilinx\14.7\ISE_DS\PlanAhead\lib\win64.o\librdi_bitstream.dll
0x0000000011ed0000 - 0x0000000011f3e000 	C:\Xilinx\14.7\ISE_DS\PlanAhead\lib\win64.o\librdi_edk.dll
0x000000001e670000 - 0x000000001e744000 	C:\Xilinx\14.7\ISE_DS\PlanAhead\lib\win64.o\librdi_dsp.dll
0x000000001e750000 - 0x000000001e95e000 	C:\Xilinx\14.7\ISE_DS\PlanAhead\lib\win64.o\librdi_simdata.dll
0x000000001ea60000 - 0x000000001ebb6000 	C:\Xilinx\14.7\ISE_DS\PlanAhead\lib\win64.o\librdi_planaheadtasks.dll
0x000000001ebc0000 - 0x000000001fa08000 	C:\Xilinx\14.7\ISE_DS\PlanAhead\lib\win64.o\librdi_ipservicestasks.dll
0x0000000064bd0000 - 0x0000000064bdf000 	C:\Xilinx\14.7\ISE_DS\PlanAhead\tps\win64\jre\bin\verify.dll
0x0000000064ba0000 - 0x0000000064bc8000 	C:\Xilinx\14.7\ISE_DS\PlanAhead\tps\win64\jre\bin\java.dll
0x0000000064b80000 - 0x0000000064b95000 	C:\Xilinx\14.7\ISE_DS\PlanAhead\tps\win64\jre\bin\zip.dll
0x0000000064b60000 - 0x0000000064b79000 	C:\Xilinx\14.7\ISE_DS\PlanAhead\tps\win64\jre\bin\net.dll
0x00007ff871e90000 - 0x00007ff871efc000 	C:\Windows\system32\mswsock.dll
0x0000000063cb0000 - 0x0000000063cc1000 	C:\Xilinx\14.7\ISE_DS\PlanAhead\tps\win64\jre\bin\nio.dll
0x000000002c9f0000 - 0x000000002ccd6000 	C:\Xilinx\14.7\ISE_DS\PlanAhead\lib\win64.o\librdi_fed.dll
0x000000002cce0000 - 0x000000002cf41000 	C:\Xilinx\14.7\ISE_DS\PlanAhead\lib\win64.o\librdi_guitools.dll
0x000000002cf60000 - 0x000000002cf67000 	C:\Xilinx\14.7\ISE_DS\PlanAhead\lib\win64.o\librdi_commonx11.dll
0x000000002cf80000 - 0x000000002d36e000 	C:\Xilinx\14.7\ISE_DS\PlanAhead\lib\win64.o\librdi_rsbtasks.dll
0x000000002d380000 - 0x000000002d5c9000 	C:\Xilinx\14.7\ISE_DS\PlanAhead\lib\win64.o\librdi_labtoolstasks.dll
0x000000002d5e0000 - 0x000000002d798000 	C:\Xilinx\14.7\ISE_DS\PlanAhead\lib\win64.o\librdi_simtcltasks.dll
0x0000000063b10000 - 0x0000000063ca3000 	C:\Xilinx\14.7\ISE_DS\PlanAhead\tps\win64\jre\bin\awt.dll
0x00007ff86f000000 - 0x00007ff86f094000 	C:\Windows\SYSTEM32\apphelp.dll
0x00007ff872770000 - 0x00007ff872954000 	C:\Windows\SYSTEM32\dbghelp.dll
0x00007ff8734c0000 - 0x00007ff873542000 	C:\Windows\System32\bcryptPrimitives.dll

VM Arguments:
jvm_args: -Dsun.java2d.pmoffscreen=false -Xverify:none -Dswing.aatext=true -XX:-UsePerfData -Djdk.map.althashing.threshold=512 -XX:PermSize=128m -XX:MaxPermSize=128m -XX:NewSize=60m -XX:MaxNewSize=60m -XX:+UseConcMarkSweepGC -XX:+UseParNewGC -XX:+CMSParallelRemarkEnabled -XX:+CMSScavengeBeforeRemark -XX:+UseNUMA -XX:+AggressiveOpts -XX:+UseFastAccessorMethods -XX:+UseFastEmptyMethods -XX:+UseBiasedLocking -XX:+TieredCompilation -Xms128m -Xmx2048m -Xss3m 
java_command: <unknown>
Launcher Type: generic

Environment Variables:
PATH=C:/Xilinx/14.7/ISE_DS/PlanAhead/bin;C:/Xilinx/14.7/ISE_DS/PlanAhead/lib/win64.o;C:/Xilinx/14.7/ISE_DS/PlanAhead/tps/win64/jre/bin/server;C:/Xilinx/14.7/ISE_DS/PlanAhead/tps/win64/jre/bin;C:/Xilinx/14.7/ISE_DS/EDK/bin/nt64;C:/Xilinx/14.7/ISE_DS/EDK/lib/nt64;C:/Xilinx/14.7/ISE_DS/ISE/bin/nt64;C:/Xilinx/14.7/ISE_DS/ISE/lib/nt64;C:/Xilinx/14.7/ISE_DS/common/bin/nt64;C:/Xilinx/14.7/ISE_DS/common/lib/nt64;C:\Xilinx\14.7\ISE_DS\ISE\\lib\nt64;C:\Xilinx\14.7\ISE_DS\ISE\\bin\nt64;C:\Xilinx\14.7\ISE_DS\ISE\bin\nt64;C:\Xilinx\14.7\ISE_DS\ISE\lib\nt64;C:\Xilinx\14.7\ISE_DS\ISE\..\..\..\DocNav;C:\Xilinx\14.7\ISE_DS\PlanAhead\bin;C:\Xilinx\14.7\ISE_DS\EDK\bin\nt64;C:\Xilinx\14.7\ISE_DS\EDK\lib\nt64;C:\Xilinx\14.7\ISE_DS\EDK\gnu\microblaze\nt\bin;C:\Xilinx\14.7\ISE_DS\EDK\gnu\powerpc-eabi\nt\bin;C:\Xilinx\14.7\ISE_DS\EDK\gnuwin\bin;C:\Xilinx\14.7\ISE_DS\EDK\gnu\arm\nt\bin;C:\Xilinx\14.7\ISE_DS\EDK\gnu\microblaze\linux_toolchain\nt64_be\bin;C:\Xilinx\14.7\ISE_DS\EDK\gnu\microblaze\linux_toolchain\nt64_le\bin;C:\Xilinx\14.7\ISE_DS\common\bin\nt64;C:\Xilinx\14.7\ISE_DS\common\lib\nt64;C:\Program Files (x86)\Common Files\Oracle\Java\java8path;C:\Program Files (x86)\Common Files\Oracle\Java\javapath;C:\Program Files (x86)\VMware\VMware Workstation\bin\;C:\Windows\system32;C:\Windows;C:\Windows\System32\Wbem;C:\Windows\System32\WindowsPowerShell\v1.0\;C:\Windows\System32\OpenSSH\;C:\ProgramData\chocolatey\bin;C:\Program Files\PuTTY\;C:\Program Files\MATLAB\R2014a\runtime\win64;C:\Program Files\MATLAB\R2014a\bin;C:\Program Files\MATLAB\R2014a\polyspace\bin;C:\Program Files\Java\jre1.8.0_441\bin;C:\Users\T470s\AppData\Local\Programs\Python\Python312\Scripts\;C:\Users\T470s\AppData\Local\Programs\Python\Python312\;C:\Users\T470s\AppData\Local\Microsoft\WindowsApps;C:\Users\T470s\AppData\Local\Programs\Microsoft VS Code\bin;C:\Modeltech_5.7f\win32;C:\Modeltech_pe_edu_10.3a\win32pe_edu;C:\intelFPGA\18.1\modelsim_ase\win32aloem
USERNAME=T470s
OS=Windows_NT
PROCESSOR_IDENTIFIER=Intel64 Family 6 Model 78 Stepping 3, GenuineIntel



---------------  S Y S T E M  ---------------

OS: Windows 8 , 64 bit Build 9200 

CPU:total 4 (2 cores per cpu, 2 threads per core) family 6 model 78 stepping 3, cmov, cx8, fxsr, mmx, sse, sse2, sse3, ssse3, sse4.1, sse4.2, popcnt, avx, avx2, ht, tsc, tscinvbit

Memory: 4k page, physical 8261904k(1007284k free), swap 12251700k(1502612k free)

vm_info: Java HotSpot(TM) 64-Bit Server VM (23.7-b01) for windows-amd64 JRE (1.7.0_17-b02), built on Mar  1 2013 03:38:30 by "java_re" with unknown MS VC++:1600

time: Sun Mar 02 20:42:50 2025
elapsed time: 0 seconds

