#
# A fatal error has been detected by the Java Runtime Environment:
#
#  EXCEPTION_UNCAUGHT_CXX_EXCEPTION (0xe06d7363) at pc=0x00007ffe8382af29, pid=17452, tid=1020
#
# JRE version: 7.0_17-b02
# Java VM: Java HotSpot(TM) 64-Bit Server VM (23.7-b01 mixed mode windows-amd64 compressed oops)
# Problematic frame:
# C  [KERNELBASE.dll+0x3af29]  RaiseException+0x69
#
# Failed to write core dump. Minidumps are not enabled by default on client versions of Windows
#
# If you would like to submit a bug report, please visit:
#   http://bugreport.sun.com/bugreport/crash.jsp
# The crash happened outside the Java Virtual Machine in native code.
# See problematic frame for where to report the bug.
#

---------------  T H R E A D  ---------------

Current thread (0x000000000a99b000):  JavaThread "main" [_thread_in_native, id=1020, stack(0x000000001f860000,0x000000001f960000)]

siginfo: ExceptionCode=0xe06d7363, ExceptionInformation=0x0000000019930520 0x000000001f95e348 0x0000000001271910 0x00000000011d0000 

Registers:
RAX=0x00000000539122ae, RBX=0x000000001f95d970, RCX=0x0000000000000000, RDX=0x000000000a9e0230
RSP=0x000000001f95bbc0, RBP=0x000000001f95c290, RSI=0x000000001f95e1c0, RDI=0x000000001f95ca30
R8 =0x0000000000000000, R9 =0xfe1456db00000000, R10=0x24ecc179081611ae, R11=0x69a4e03635024081
R12=0x000000001f95e560, R13=0x000000001f95d038, R14=0x0000000000000000, R15=0x000000001f95bd18
RIP=0x00007ffe8382af29, EFLAGS=0x0000000000000206

Top of Stack: (sp=0x000000001f95bbc0)
0x000000001f95bbc0:   000000000aa1e680 000000001f95d970
0x000000001f95bbd0:   000000001f95e1c0 00007ffe8384801b
0x000000001f95bbe0:   00000001e06d7363 0000000000000000
0x000000001f95bbf0:   00007ffe8382af29 0000000000000004
0x000000001f95bc00:   0000000019930520 000000001f95e348
0x000000001f95bc10:   0000000001271910 00000000011d0000
0x000000001f95bc20:   000091e61193f293 0000000001248110
0x000000001f95bc30:   000000001f95d970 000000005429334a
0x000000001f95bc40:   0000000000000000 000000000a99fd20
0x000000001f95bc50:   0000000000000000 000000001f95ca30
0x000000001f95bc60:   000000001f95ca30 000000005429336b
0x000000001f95bc70:   000000001f95d970 000000001f95e560
0x000000001f95bc80:   00007413f2a85710 000000000a9e0230
0x000000001f95bc90:   000000001f95d970 00000000542d3bb8
0x000000001f95bca0:   00000000012480e0 000000001f95d038
0x000000001f95bcb0:   0000000000000100 0000000000000000 

Instructions: (pc=0x00007ffe8382af29)
0x00007ffe8382af09:   8b d1 44 0f 47 c0 44 89 44 24 38 49 c1 e0 03 e8
0x00007ffe8382af19:   7a c2 07 00 48 8d 4c 24 20 48 ff 15 ff 82 1a 00
0x00007ffe8382af29:   0f 1f 44 00 00 48 8b 8c 24 c0 00 00 00 48 33 cc
0x00007ffe8382af39:   e8 d2 3e 05 00 48 81 c4 d8 00 00 00 c3 cc 83 64 


Register to memory mapping:

RAX=0x00000000539122ae is an unknown value
RBX=0x000000001f95d970 is pointing into the stack for thread: 0x000000000a99b000
RCX=0x0000000000000000 is an unknown value
RDX=0x000000000a9e0230 is an unknown value
RSP=0x000000001f95bbc0 is pointing into the stack for thread: 0x000000000a99b000
RBP=0x000000001f95c290 is pointing into the stack for thread: 0x000000000a99b000
RSI=0x000000001f95e1c0 is pointing into the stack for thread: 0x000000000a99b000
RDI=0x000000001f95ca30 is pointing into the stack for thread: 0x000000000a99b000
R8 =0x0000000000000000 is an unknown value
R9 =0xfe1456db00000000 is an unknown value
R10=0x24ecc179081611ae is an unknown value
R11=0x69a4e03635024081 is an unknown value
R12=0x000000001f95e560 is pointing into the stack for thread: 0x000000000a99b000
R13=0x000000001f95d038 is pointing into the stack for thread: 0x000000000a99b000
R14=0x0000000000000000 is an unknown value
R15=0x000000001f95bd18 is pointing into the stack for thread: 0x000000000a99b000


Stack: [0x000000001f860000,0x000000001f960000],  sp=0x000000001f95bbc0,  free space=1006k
Native frames: (J=compiled Java code, j=interpreted, Vv=VM code, C=native code)
C  [KERNELBASE.dll+0x3af29]  RaiseException+0x69
C  0x000000001f95c8f0

Java frames: (J=compiled Java code, j=interpreted, Vv=VM code)
j  ui.data.common.parami.ParamMgr_getValueAsBool(JLjava/lang/String;)Z+0
j  ui.data.common.F.jw(Ljava/lang/String;)Z+5
j  ui.data.common.F.aWC()Z+5
j  ui.h.I.aWC()Z+6
j  ui.aL.aGY()Ljava/lang/String;+0
j  ui.PlanAhead.<clinit>()V+316
v  ~StubRoutines::call_stub

---------------  P R O C E S S  ---------------

Java Threads: ( => current thread )
  0x000000000ab51000 JavaThread "Service Thread" daemon [_thread_blocked, id=3908, stack(0x000000002c540000,0x000000002c840000)]
  0x000000000ad51800 JavaThread "C1 CompilerThread2" daemon [_thread_blocked, id=5920, stack(0x000000002c440000,0x000000002c540000)]
  0x000000000ad41800 JavaThread "C2 CompilerThread1" daemon [_thread_blocked, id=18276, stack(0x000000002c340000,0x000000002c440000)]
  0x000000000ac51000 JavaThread "C2 CompilerThread0" daemon [_thread_blocked, id=2732, stack(0x000000002c240000,0x000000002c340000)]
  0x000000000acb1800 JavaThread "Attach Listener" daemon [_thread_blocked, id=9332, stack(0x000000002bf40000,0x000000002c240000)]
  0x000000000adf2000 JavaThread "Signal Dispatcher" daemon [_thread_blocked, id=5916, stack(0x000000002bc40000,0x000000002bf40000)]
  0x000000000adf4000 JavaThread "Surrogate Locker Thread (Concurrent GC)" daemon [_thread_blocked, id=9892, stack(0x000000002b940000,0x000000002bc40000)]
  0x000000000ac75800 JavaThread "Finalizer" daemon [_thread_blocked, id=5072, stack(0x000000002b640000,0x000000002b940000)]
  0x000000000ac77000 JavaThread "Reference Handler" daemon [_thread_blocked, id=5572, stack(0x000000002b340000,0x000000002b640000)]
=>0x000000000a99b000 JavaThread "main" [_thread_in_native, id=1020, stack(0x000000001f860000,0x000000001f960000)]

Other Threads:
  0x000000000ac02000 VMThread [stack: 0x000000002b240000,0x000000002b340000] [id=2076]
  0x000000000ae47800 WatcherThread [stack: 0x000000002c840000,0x000000002c940000] [id=13904]

VM state:not at safepoint (normal execution)

VM Mutex/Monitor currently owned by a thread: None

Heap
 par new generation   total 55296K, used 4045K [0x0000000778000000, 0x000000077bc00000, 0x000000077bc00000)
  eden space 49152K,   8% used [0x0000000778000000, 0x00000007783f3698, 0x000000077b000000)
  from space 6144K,   0% used [0x000000077b000000, 0x000000077b000000, 0x000000077b600000)
  to   space 6144K,   0% used [0x000000077b600000, 0x000000077b600000, 0x000000077bc00000)
 concurrent mark-sweep generation total 69632K, used 0K [0x000000077bc00000, 0x0000000780000000, 0x00000007f8000000)
 concurrent-mark-sweep perm gen total 131072K, used 5140K [0x00000007f8000000, 0x0000000800000000, 0x0000000800000000)

Card table byte_map: [0x0000000025f00000,0x0000000026350000] byte_map_base: 0x0000000022340000

Polling page: 0x000000001f960000

Code Cache  [0x000000001f980000, 0x000000001fbf0000, 0x0000000025980000)
 total_blobs=396 nmethods=111 adapters=203 free_code_cache=97026Kb largest_free_block=99353728

Compilation events (10 events):
Event: 0.772 Thread 0x000000000ad51800  107       3       java.lang.String::lastIndexOf (13 bytes)
Event: 0.772 Thread 0x000000000ad51800 nmethod 107 0x000000001fabcad0 code [0x000000001fabcc40, 0x000000001fabce88]
Event: 0.777 Thread 0x000000000ad51800  108       3       java.util.HashMap$FrontCache::get (32 bytes)
Event: 0.778 Thread 0x000000000ad51800 nmethod 108 0x000000001fabd9d0 code [0x000000001fabdb60, 0x000000001fabe0d0]
Event: 0.784 Thread 0x000000000ad51800  109       3       java.io.BufferedInputStream::getBufIfOpen (21 bytes)
Event: 0.784 Thread 0x000000000ad51800 nmethod 109 0x000000001fabe250 code [0x000000001fabe3c0, 0x000000001fabe628]
Event: 0.784 Thread 0x000000000ad51800  110  s    3       java.io.BufferedInputStream::read (49 bytes)
Event: 0.785 Thread 0x000000000ad51800 nmethod 110 0x000000001fabe6d0 code [0x000000001fabe860, 0x000000001fabedd8]
Event: 0.785 Thread 0x000000000ad51800  111       3       java.io.DataInputStream::readInt (72 bytes)
Event: 0.785 Thread 0x000000000ad51800 nmethod 111 0x000000001fabef90 code [0x000000001fabf160, 0x000000001fabf748]

GC Heap History (0 events):
No events

Deoptimization events (0 events):
No events

Internal exceptions (10 events):
Event: 0.711 Thread 0x000000000a99b000 Threw 0x00000007782cec58 at C:\jdk7u2_64p\jdk7u17\hotspot\src\share\vm\prims\jvm.cpp:1166
Event: 0.711 Thread 0x000000000a99b000 Threw 0x00000007782d0a00 at C:\jdk7u2_64p\jdk7u17\hotspot\src\share\vm\prims\jvm.cpp:1166
Event: 0.732 Thread 0x000000000a99b000 Threw 0x00000007782dab20 at C:\jdk7u2_64p\jdk7u17\hotspot\src\share\vm\prims\jni.cpp:716
Event: 0.762 Thread 0x000000000a99b000 Threw 0x00000007782f3cc0 at C:\jdk7u2_64p\jdk7u17\hotspot\src\share\vm\prims\jvm.cpp:1166
Event: 0.764 Thread 0x000000000a99b000 Threw 0x00000007782fd570 at C:\jdk7u2_64p\jdk7u17\hotspot\src\share\vm\prims\jvm.cpp:1166
Event: 0.765 Thread 0x000000000a99b000 Threw 0x0000000778301380 at C:\jdk7u2_64p\jdk7u17\hotspot\src\share\vm\prims\jvm.cpp:1166
Event: 0.767 Thread 0x000000000a99b000 Threw 0x00000007783049b8 at C:\jdk7u2_64p\jdk7u17\hotspot\src\share\vm\prims\jvm.cpp:1166
Event: 0.768 Thread 0x000000000a99b000 Threw 0x000000077830a648 at C:\jdk7u2_64p\jdk7u17\hotspot\src\share\vm\prims\jvm.cpp:1166
Event: 0.771 Thread 0x000000000a99b000 Threw 0x000000077831c170 at C:\jdk7u2_64p\jdk7u17\hotspot\src\share\vm\prims\jvm.cpp:1166
Event: 0.796 Thread 0x000000000a99b000 Threw 0x000000077833bf08 at C:\jdk7u2_64p\jdk7u17\hotspot\src\share\vm\prims\jvm.cpp:1166

Events (10 events):
Event: 0.793 loading class 0x000000000ade3320
Event: 0.793 loading class 0x000000000ade3320 done
Event: 0.793 loading class 0x000000000a9e4ee0
Event: 0.793 loading class 0x000000000a9e4ee0 done
Event: 0.794 loading class 0x000000002d5f2ab0
Event: 0.794 loading class 0x000000002d5f2ab0 done
Event: 0.794 loading class 0x000000002d5f2ba0
Event: 0.795 loading class 0x000000002d5f2ba0 done
Event: 0.796 loading class 0x000000000ae07ce0
Event: 0.796 loading class 0x000000000ae07ce0 done


Dynamic libraries:
0x0000000140000000 - 0x000000014000e000 	C:\Xilinx\14.7\ISE_DS\PlanAhead\bin\unwrapped\win64.o\planAhead.exe
0x00007ffe85b90000 - 0x00007ffe85d88000 	C:\Windows\SYSTEM32\ntdll.dll
0x00007ffe85360000 - 0x00007ffe85422000 	C:\Windows\System32\KERNEL32.DLL
0x00007ffe837f0000 - 0x00007ffe83ae6000 	C:\Windows\System32\KERNELBASE.dll
0x000000000a900000 - 0x000000000a945000 	C:\Xilinx\14.7\ISE_DS\PlanAhead\lib\win64.o\SHSMP64.dll
0x00007ffe83bc0000 - 0x00007ffe83d5d000 	C:\Windows\System32\USER32.dll
0x0000000180000000 - 0x0000000180016000 	C:\Xilinx\14.7\ISE_DS\PlanAhead\lib\win64.o\librdi_commonmain.dll
0x00007ffe83b90000 - 0x00007ffe83bb2000 	C:\Windows\System32\win32u.dll
0x00007ffe83ec0000 - 0x00007ffe83eeb000 	C:\Windows\System32\GDI32.dll
0x00007ffe836d0000 - 0x00007ffe837ea000 	C:\Windows\System32\gdi32full.dll
0x0000000054290000 - 0x0000000054333000 	C:\Windows\WinSxS\amd64_microsoft.vc90.crt_1fc8b3b9a1e18e3b_9.0.30729.9625_none_08e1c10da83fbc83\MSVCR90.dll
0x00007ffe83af0000 - 0x00007ffe83b8d000 	C:\Windows\System32\msvcp_win.dll
0x00007ffe835d0000 - 0x00007ffe836d0000 	C:\Windows\System32\ucrtbase.dll
0x00007ffe852b0000 - 0x00007ffe8535f000 	C:\Windows\System32\ADVAPI32.dll
0x00007ffe83d70000 - 0x00007ffe83e0e000 	C:\Windows\System32\msvcrt.dll
0x00007ffe83ef0000 - 0x00007ffe83f8f000 	C:\Windows\System32\sechost.dll
0x00007ffe84dc0000 - 0x00007ffe84ee3000 	C:\Windows\System32\RPCRT4.dll
0x00007ffe83230000 - 0x00007ffe83257000 	C:\Windows\System32\bcrypt.dll
0x00007ffe77e40000 - 0x00007ffe77e4a000 	C:\Windows\SYSTEM32\VERSION.dll
0x0000000010000000 - 0x000000001012a000 	C:\Xilinx\14.7\ISE_DS\PlanAhead\lib\win64.o\tcl85t.dll
0x00007ffe858d0000 - 0x00007ffe8593b000 	C:\Windows\System32\WS2_32.dll
0x0000000000940000 - 0x00000000011c1000 	C:\Xilinx\14.7\ISE_DS\PlanAhead\lib\win64.o\librdi_common.dll
0x0000000000400000 - 0x0000000000413000 	C:\Xilinx\14.7\ISE_DS\PlanAhead\lib\win64.o\libboost_signals.dll
0x00000000011d0000 - 0x00000000012be000 	C:\Xilinx\14.7\ISE_DS\PlanAhead\lib\win64.o\stlport.5.2.dll
0x0000000000420000 - 0x0000000000447000 	C:\Xilinx\14.7\ISE_DS\PlanAhead\lib\win64.o\libboost_filesystem.dll
0x00007ffe85a10000 - 0x00007ffe85a18000 	C:\Windows\System32\PSAPI.DLL
0x00007ffe84040000 - 0x00007ffe847ae000 	C:\Windows\System32\SHELL32.dll
0x00007ffe6f3f0000 - 0x00007ffe6f8c6000 	C:\Windows\SYSTEM32\WININET.dll
0x00007ffe77fb0000 - 0x00007ffe780ba000 	C:\Windows\SYSTEM32\WINHTTP.dll
0x0000000012000000 - 0x0000000012282000 	C:\Xilinx\14.7\ISE_DS\PlanAhead\lib\win64.o\xerces-c_3_1.dll
0x00007ffe74780000 - 0x00007ffe74970000 	C:\Windows\SYSTEM32\urlmon.dll
0x00007ffe7dc50000 - 0x00007ffe7dc59000 	C:\Windows\SYSTEM32\WSOCK32.dll
0x00000000538a0000 - 0x0000000053fbf000 	C:\Xilinx\14.7\ISE_DS\PlanAhead\tps\win64\jre\bin\server\jvm.dll
0x0000000053fc0000 - 0x0000000054093000 	C:\Windows\WinSxS\amd64_microsoft.vc90.crt_1fc8b3b9a1e18e3b_9.0.30729.9625_none_08e1c10da83fbc83\MSVCP90.dll
0x00007ffe74ae0000 - 0x00007ffe74d9f000 	C:\Windows\SYSTEM32\iertutil.dll
0x00007ffe74ab0000 - 0x00007ffe74ad8000 	C:\Windows\SYSTEM32\srvcli.dll
0x00007ffe84f50000 - 0x00007ffe852a3000 	C:\Windows\System32\combase.dll
0x00007ffe812b0000 - 0x00007ffe81a53000 	C:\Windows\SYSTEM32\windows.storage.dll
0x00007ffe83e10000 - 0x00007ffe83ebd000 	C:\Windows\System32\shcore.dll
0x00007ffe826e0000 - 0x00007ffe826ec000 	C:\Windows\SYSTEM32\netutils.dll
0x00007ffe7e290000 - 0x00007ffe7e2b7000 	C:\Windows\SYSTEM32\WINMM.dll
0x00000000537c0000 - 0x0000000053892000 	C:\Windows\SYSTEM32\MSVCR100.dll
0x00007ffe82b90000 - 0x00007ffe82bbb000 	C:\Windows\SYSTEM32\Wldp.dll
0x00007ffe85940000 - 0x00007ffe85a0d000 	C:\Windows\System32\OLEAUT32.dll
0x00000000012e0000 - 0x000000000151a000 	C:\Xilinx\14.7\ISE_DS\PlanAhead\lib\win64.o\libSecurity.dll
0x00007ffe85790000 - 0x00007ffe8586a000 	C:\Windows\System32\COMDLG32.dll
0x0000000001530000 - 0x0000000001819000 	C:\Xilinx\14.7\ISE_DS\PlanAhead\lib\win64.o\libCOIN-all.dll
0x00007ffe85870000 - 0x00007ffe858c5000 	C:\Windows\System32\SHLWAPI.dll
0x0000000001820000 - 0x000000000182f000 	C:\Xilinx\14.7\ISE_DS\PlanAhead\lib\win64.o\libboost_date_time.dll
0x0000000001830000 - 0x00000000018df000 	C:\Xilinx\14.7\ISE_DS\PlanAhead\lib\win64.o\libboost_regex.dll
0x00007ffe85a20000 - 0x00007ffe85b4b000 	C:\Windows\System32\ole32.dll
0x00007ffe83340000 - 0x00007ffe833b3000 	C:\Windows\System32\WINTRUST.dll
0x00007ffe83470000 - 0x00007ffe835cd000 	C:\Windows\System32\CRYPT32.dll
0x00000000018e0000 - 0x0000000001951000 	C:\Xilinx\14.7\ISE_DS\PlanAhead\lib\win64.o\libboost_program_options.dll
0x0000000001970000 - 0x0000000001979000 	C:\Xilinx\14.7\ISE_DS\PlanAhead\lib\win64.o\libboost_system.dll
0x0000000001990000 - 0x00000000019a6000 	C:\Xilinx\14.7\ISE_DS\PlanAhead\lib\win64.o\libboost_thread.dll
0x00000000019c0000 - 0x0000000001a03000 	C:\Xilinx\14.7\ISE_DS\PlanAhead\lib\win64.o\libcurl.dll
0x0000000001a20000 - 0x0000000001aa3000 	C:\Xilinx\14.7\ISE_DS\PlanAhead\lib\win64.o\libhdlpsolve.dll
0x00007ffe84800000 - 0x00007ffe8485e000 	C:\Windows\System32\WLDAP32.dll
0x0000000001ab0000 - 0x0000000001b67000 	C:\Xilinx\14.7\ISE_DS\PlanAhead\lib\win64.o\libhdxml.dll
0x0000000001b80000 - 0x00000000020c30d3 	C:\Xilinx\14.7\ISE_DS\PlanAhead\lib\win64.o\libisl_iostreams.dll
0x00000000020e0000 - 0x0000000002109000 	C:\Xilinx\14.7\ISE_DS\PlanAhead\lib\win64.o\libisl_sysinfo.dll
0x0000000002120000 - 0x0000000002132000 	C:\Xilinx\14.7\ISE_DS\PlanAhead\lib\win64.o\pthreadVC.dll
0x0000000002150000 - 0x0000000002166000 	C:\Xilinx\14.7\ISE_DS\PlanAhead\lib\win64.o\librdiconfig.dll
0x0000000002170000 - 0x000000000218e000 	C:\Xilinx\14.7\ISE_DS\PlanAhead\lib\win64.o\librdizlib.dll
0x00007ffe7a220000 - 0x00007ffe7a239000 	C:\Windows\SYSTEM32\NETAPI32.dll
0x00007ffe24760000 - 0x00007ffe24810000 	C:\Windows\WinSxS\amd64_microsoft.windows.common-controls_6595b64144ccf1df_5.82.19041.4355_none_792ecafd2442822f\COMCTL32.dll
0x00000000021d0000 - 0x00000000021dc000 	C:\Xilinx\14.7\ISE_DS\PlanAhead\lib\win64.o\libboost_chrono.dll
0x00000000021e0000 - 0x00000000021f9000 	C:\Xilinx\14.7\ISE_DS\PlanAhead\lib\win64.o\libboost_iostreams.dll
0x00007ffe847b0000 - 0x00007ffe847df000 	C:\Windows\System32\IMM32.DLL
0x00007ffe82d20000 - 0x00007ffe82d32000 	C:\Windows\SYSTEM32\MSASN1.dll
0x0000000005650000 - 0x0000000005943000 	C:\Xilinx\14.7\ISE_DS\PlanAhead\lib\win64.o\librdi_commontasks.dll
0x000000000cb50000 - 0x000000000d190000 	C:\Xilinx\14.7\ISE_DS\PlanAhead\lib\win64.o\librdi_coretasks.dll
0x000000000d190000 - 0x000000000d357000 	C:\Xilinx\14.7\ISE_DS\PlanAhead\lib\win64.o\librdi_chipscope.dll
0x000000000d360000 - 0x000000000e380000 	C:\Xilinx\14.7\ISE_DS\PlanAhead\lib\win64.o\librdi_constraints.dll
0x000000000e380000 - 0x000000000ef5a000 	C:\Xilinx\14.7\ISE_DS\PlanAhead\lib\win64.o\librdi_device.dll
0x0000000010130000 - 0x00000000113fc000 	C:\Xilinx\14.7\ISE_DS\PlanAhead\lib\win64.o\librdi_coregen.dll
0x0000000012290000 - 0x00000000158e1000 	C:\Xilinx\14.7\ISE_DS\PlanAhead\lib\win64.o\librdi_designutils.dll
0x000000000ef60000 - 0x000000000f274000 	C:\Xilinx\14.7\ISE_DS\PlanAhead\lib\win64.o\librdi_drc.dll
0x000000000f280000 - 0x000000000f50e000 	C:\Xilinx\14.7\ISE_DS\PlanAhead\lib\win64.o\librdi_filemgmt.dll
0x000000000f510000 - 0x000000000f8e6000 	C:\Xilinx\14.7\ISE_DS\PlanAhead\lib\win64.o\librdi_netlist.dll
0x00000000158f0000 - 0x0000000016a13000 	C:\Xilinx\14.7\ISE_DS\PlanAhead\lib\win64.o\librdi_place.dll
0x000000000f8f0000 - 0x000000000fe12000 	C:\Xilinx\14.7\ISE_DS\PlanAhead\lib\win64.o\librdi_power.dll
0x0000000011400000 - 0x00000000117b3000 	C:\Xilinx\14.7\ISE_DS\PlanAhead\lib\win64.o\librdi_project.dll
0x00000000117c0000 - 0x0000000011d5d000 	C:\Xilinx\14.7\ISE_DS\PlanAhead\lib\win64.o\librdi_rsb.dll
0x0000000016a20000 - 0x0000000016e18000 	C:\Xilinx\14.7\ISE_DS\PlanAhead\lib\win64.o\librdi_runs.dll
0x0000000016e20000 - 0x00000000178f8000 	C:\Xilinx\14.7\ISE_DS\PlanAhead\lib\win64.o\librdi_timing.dll
0x0000000054190000 - 0x00000000541a1000 	C:\Windows\WinSxS\amd64_microsoft.vc90.openmp_1fc8b3b9a1e18e3b_9.0.30729.6161_none_390d35aa0a1f21f9\VCOMP90.DLL
0x000000000fe20000 - 0x000000000fe8e000 	C:\Xilinx\14.7\ISE_DS\PlanAhead\lib\win64.o\liblmx6.0.dll
0x0000000017900000 - 0x00000000180a0000 	C:\Xilinx\14.7\ISE_DS\PlanAhead\lib\win64.o\libverific.dll
0x00000000180a0000 - 0x000000001886f000 	C:\Xilinx\14.7\ISE_DS\PlanAhead\lib\win64.o\librdi_coregenipxact.dll
0x000000000feb0000 - 0x000000000ff2d000 	C:\Xilinx\14.7\ISE_DS\PlanAhead\lib\win64.o\libboost_serialization.dll
0x000000000ff40000 - 0x000000000ff48000 	C:\Xilinx\14.7\ISE_DS\PlanAhead\lib\win64.o\libpsta_dllwrapper.dll
0x0000000018870000 - 0x0000000018db4000 	C:\Xilinx\14.7\ISE_DS\PlanAhead\lib\win64.o\librdi_xdm.dll
0x0000000011d60000 - 0x0000000011f8a000 	C:\Xilinx\14.7\ISE_DS\PlanAhead\lib\win64.o\librdi_labtools.dll
0x0000000018dc0000 - 0x00000000192fb000 	C:\Xilinx\14.7\ISE_DS\PlanAhead\lib\win64.o\librdi_memdata.dll
0x0000000019300000 - 0x000000001aa2f000 	C:\Xilinx\14.7\ISE_DS\PlanAhead\lib\win64.o\librdi_synth.dll
0x000000001aa30000 - 0x000000001b01e000 	C:\Xilinx\14.7\ISE_DS\PlanAhead\lib\win64.o\librdi_route.dll
0x000000001b020000 - 0x000000001b45e000 	C:\Xilinx\14.7\ISE_DS\PlanAhead\lib\win64.o\librdi_ip.dll
0x000000001b460000 - 0x000000001b4f0000 	C:\Xilinx\14.7\ISE_DS\PlanAhead\lib\win64.o\libise.dll
0x000000001b4f0000 - 0x000000001bacc000 	C:\Xilinx\14.7\ISE_DS\PlanAhead\lib\win64.o\librdi_abc_nomp.dll
0x000000001bad0000 - 0x000000001bbf8000 	C:\Xilinx\14.7\ISE_DS\PlanAhead\lib\win64.o\librdi_dlyest.dll
0x000000000ffd0000 - 0x000000000ffea000 	C:\Xilinx\14.7\ISE_DS\PlanAhead\lib\win64.o\librdi_hmetis.dll
0x0000000011fc0000 - 0x0000000011ffd000 	C:\Xilinx\14.7\ISE_DS\PlanAhead\lib\win64.o\librdi_simbridge_kernel.dll
0x000000001bc10000 - 0x000000001c086000 	C:\Xilinx\14.7\ISE_DS\PlanAhead\lib\win64.o\librdi_wavedata.dll
0x000000001c0a0000 - 0x000000001e158000 	C:\Xilinx\14.7\ISE_DS\PlanAhead\lib\win64.o\librdi_tcltasks.dll
0x000000001e170000 - 0x000000001e3e4000 	C:\Xilinx\14.7\ISE_DS\PlanAhead\lib\win64.o\librdi_bitstream.dll
0x000000001e400000 - 0x000000001e4d4000 	C:\Xilinx\14.7\ISE_DS\PlanAhead\lib\win64.o\librdi_dsp.dll
0x000000001e4e0000 - 0x000000001e54e000 	C:\Xilinx\14.7\ISE_DS\PlanAhead\lib\win64.o\librdi_edk.dll
0x000000001e570000 - 0x000000001e77e000 	C:\Xilinx\14.7\ISE_DS\PlanAhead\lib\win64.o\librdi_simdata.dll
0x000000001e890000 - 0x000000001e9e6000 	C:\Xilinx\14.7\ISE_DS\PlanAhead\lib\win64.o\librdi_planaheadtasks.dll
0x000000001ea00000 - 0x000000001f848000 	C:\Xilinx\14.7\ISE_DS\PlanAhead\lib\win64.o\librdi_ipservicestasks.dll
0x00000000537b0000 - 0x00000000537bf000 	C:\Xilinx\14.7\ISE_DS\PlanAhead\tps\win64\jre\bin\verify.dll
0x0000000053780000 - 0x00000000537a8000 	C:\Xilinx\14.7\ISE_DS\PlanAhead\tps\win64\jre\bin\java.dll
0x0000000053760000 - 0x0000000053775000 	C:\Xilinx\14.7\ISE_DS\PlanAhead\tps\win64\jre\bin\zip.dll
0x0000000053740000 - 0x0000000053759000 	C:\Xilinx\14.7\ISE_DS\PlanAhead\tps\win64\jre\bin\net.dll
0x00007ffe828f0000 - 0x00007ffe8295c000 	C:\Windows\system32\mswsock.dll
0x0000000053720000 - 0x0000000053731000 	C:\Xilinx\14.7\ISE_DS\PlanAhead\tps\win64\jre\bin\nio.dll
0x000000002c940000 - 0x000000002cc26000 	C:\Xilinx\14.7\ISE_DS\PlanAhead\lib\win64.o\librdi_fed.dll
0x000000002cc40000 - 0x000000002cea1000 	C:\Xilinx\14.7\ISE_DS\PlanAhead\lib\win64.o\librdi_guitools.dll
0x000000002cec0000 - 0x000000002cec7000 	C:\Xilinx\14.7\ISE_DS\PlanAhead\lib\win64.o\librdi_commonx11.dll
0x000000002cee0000 - 0x000000002d2ce000 	C:\Xilinx\14.7\ISE_DS\PlanAhead\lib\win64.o\librdi_rsbtasks.dll
0x000000002d2e0000 - 0x000000002d529000 	C:\Xilinx\14.7\ISE_DS\PlanAhead\lib\win64.o\librdi_labtoolstasks.dll
0x000000002d640000 - 0x000000002d7f8000 	C:\Xilinx\14.7\ISE_DS\PlanAhead\lib\win64.o\librdi_simtcltasks.dll
0x0000000053580000 - 0x0000000053713000 	C:\Xilinx\14.7\ISE_DS\PlanAhead\tps\win64\jre\bin\awt.dll
0x00007ffe80100000 - 0x00007ffe80194000 	C:\Windows\SYSTEM32\apphelp.dll
0x00007ffe710a0000 - 0x00007ffe712a1000 	C:\Windows\SYSTEM32\dbghelp.dll
0x00007ffe83260000 - 0x00007ffe832e2000 	C:\Windows\System32\bcryptPrimitives.dll

VM Arguments:
jvm_args: -Dsun.java2d.pmoffscreen=false -Xverify:none -Dswing.aatext=true -XX:-UsePerfData -Djdk.map.althashing.threshold=512 -XX:PermSize=128m -XX:MaxPermSize=128m -XX:NewSize=60m -XX:MaxNewSize=60m -XX:+UseConcMarkSweepGC -XX:+UseParNewGC -XX:+CMSParallelRemarkEnabled -XX:+CMSScavengeBeforeRemark -XX:+UseNUMA -XX:+AggressiveOpts -XX:+UseFastAccessorMethods -XX:+UseFastEmptyMethods -XX:+UseBiasedLocking -XX:+TieredCompilation -Xms128m -Xmx2048m -Xss3m 
java_command: <unknown>
Launcher Type: generic

Environment Variables:
USERNAME=Mohsin Sajjad
OS=Windows_NT
PROCESSOR_IDENTIFIER=Intel64 Family 6 Model 78 Stepping 3, GenuineIntel



---------------  S Y S T E M  ---------------

OS: Windows 8 , 64 bit Build 9200 

CPU:total 4 (2 cores per cpu, 2 threads per core) family 6 model 78 stepping 3, cmov, cx8, fxsr, mmx, sse, sse2, sse3, ssse3, sse4.1, sse4.2, popcnt, avx, avx2, ht, tsc, tscinvbit

Memory: 4k page, physical 8261904k(2751744k free), swap 15844664k(7327732k free)

vm_info: Java HotSpot(TM) 64-Bit Server VM (23.7-b01) for windows-amd64 JRE (1.7.0_17-b02), built on Mar  1 2013 03:38:30 by "java_re" with unknown MS VC++:1600

time: Mon May 26 11:31:19 2025
elapsed time: 0 seconds

