#
# A fatal error has been detected by the Java Runtime Environment:
#
#  EXCEPTION_UNCAUGHT_CXX_EXCEPTION (0xe06d7363) at pc=0x00007ff96db7b699, pid=8736, tid=7784
#
# JRE version: 7.0_17-b02
# Java VM: Java HotSpot(TM) 64-Bit Server VM (23.7-b01 mixed mode windows-amd64 compressed oops)
# Problematic frame:
# C  [KERNELBASE.dll+0x3b699]  RaiseException+0x69
#
# Failed to write core dump. Minidumps are not enabled by default on client versions of Windows
#
# If you would like to submit a bug report, please visit:
#   http://bugreport.sun.com/bugreport/crash.jsp
# The crash happened outside the Java Virtual Machine in native code.
# See problematic frame for where to report the bug.
#

---------------  T H R E A D  ---------------

Current thread (0x000000000a07b000):  JavaThread "main" [_thread_in_native, id=7784, stack(0x000000001f0c0000,0x000000001f1c0000)]

siginfo: ExceptionCode=0xe06d7363, ExceptionInformation=0x0000000019930520 0x000000001f1be348 0x0000000000a31910 0x0000000000990000 

Registers:
RAX=0x0000000056b222ae, RBX=0x000000001f1bd970, RCX=0x0000000000000000, RDX=0x000000000a0c0230
RSP=0x000000001f1bbbc0, RBP=0x000000001f1bc290, RSI=0x000000001f1be1c0, RDI=0x000000001f1bca30
R8 =0x0000000000000000, R9 =0xfe1456db00000000, R10=0x24ecc179081611ae, R11=0x69a4e03635024081
R12=0x000000001f1be560, R13=0x000000001f1bd038, R14=0x0000000000000000, R15=0x000000001f1bbd18
RIP=0x00007ff96db7b699, EFLAGS=0x0000000000000206

Top of Stack: (sp=0x000000001f1bbbc0)
0x000000001f1bbbc0:   000000000a0fe680 000000001f1bd970
0x000000001f1bbbd0:   000000001f1be1c0 00007ff96db9877b
0x000000001f1bbbe0:   00000001e06d7363 0000000000000000
0x000000001f1bbbf0:   00007ff96db7b699 0000000000000004
0x000000001f1bbc00:   0000000019930520 000000001f1be348
0x000000001f1bbc10:   0000000000a31910 0000000000990000
0x000000001f1bbc20:   00007571f44a2d47 0000000000a08110
0x000000001f1bbc30:   000000001f1bd970 000000005735334a
0x000000001f1bbc40:   0000000000000000 000000000a07fd20
0x000000001f1bbc50:   0000000000000000 000000001f1bca30
0x000000001f1bbc60:   000000001f1bca30 000000005735336b
0x000000001f1bbc70:   000000001f1bd970 000000001f1be560
0x000000001f1bbc80:   000045aaa58fb20e 000000000a0c0230
0x000000001f1bbc90:   000000001f1bd970 0000000057393bb8
0x000000001f1bbca0:   0000000000a080e0 000000001f1bd038
0x000000001f1bbcb0:   0000000000000100 0000000000000000 

Instructions: (pc=0x00007ff96db7b699)
0x00007ff96db7b679:   8b d1 44 0f 47 c0 44 89 44 24 38 49 c1 e0 03 e8
0x00007ff96db7b689:   6a b5 07 00 48 8d 4c 24 20 48 ff 15 8f 7b 1a 00
0x00007ff96db7b699:   0f 1f 44 00 00 48 8b 8c 24 c0 00 00 00 48 33 cc
0x00007ff96db7b6a9:   e8 12 38 05 00 48 81 c4 d8 00 00 00 c3 cc 83 64 


Register to memory mapping:

RAX=0x0000000056b222ae is an unknown value
RBX=0x000000001f1bd970 is pointing into the stack for thread: 0x000000000a07b000
RCX=0x0000000000000000 is an unknown value
RDX=0x000000000a0c0230 is an unknown value
RSP=0x000000001f1bbbc0 is pointing into the stack for thread: 0x000000000a07b000
RBP=0x000000001f1bc290 is pointing into the stack for thread: 0x000000000a07b000
RSI=0x000000001f1be1c0 is pointing into the stack for thread: 0x000000000a07b000
RDI=0x000000001f1bca30 is pointing into the stack for thread: 0x000000000a07b000
R8 =0x0000000000000000 is an unknown value
R9 =0xfe1456db00000000 is an unknown value
R10=0x24ecc179081611ae is an unknown value
R11=0x69a4e03635024081 is an unknown value
R12=0x000000001f1be560 is pointing into the stack for thread: 0x000000000a07b000
R13=0x000000001f1bd038 is pointing into the stack for thread: 0x000000000a07b000
R14=0x0000000000000000 is an unknown value
R15=0x000000001f1bbd18 is pointing into the stack for thread: 0x000000000a07b000


Stack: [0x000000001f0c0000,0x000000001f1c0000],  sp=0x000000001f1bbbc0,  free space=1006k
Native frames: (J=compiled Java code, j=interpreted, Vv=VM code, C=native code)
C  [KERNELBASE.dll+0x3b699]  RaiseException+0x69
C  0x000000001f1bc8f0

Java frames: (J=compiled Java code, j=interpreted, Vv=VM code)
j  ui.data.common.parami.ParamMgr_getValueAsBool(JLjava/lang/String;)Z+0
j  ui.data.common.F.jw(Ljava/lang/String;)Z+5
j  ui.data.common.F.aWC()Z+5
j  ui.h.I.aWC()Z+6
j  ui.aL.aGY()Ljava/lang/String;+0
j  ui.PlanAhead.<clinit>()V+316
v  ~StubRoutines::call_stub

---------------  P R O C E S S  ---------------

Java Threads: ( => current thread )
  0x000000000a260800 JavaThread "Service Thread" daemon [_thread_blocked, id=13000, stack(0x000000002bda0000,0x000000002c0a0000)]
  0x000000000a431000 JavaThread "C1 CompilerThread2" daemon [_thread_blocked, id=3668, stack(0x000000002bca0000,0x000000002bda0000)]
  0x000000000a421800 JavaThread "C2 CompilerThread1" daemon [_thread_blocked, id=3840, stack(0x000000002bba0000,0x000000002bca0000)]
  0x000000000a311000 JavaThread "C2 CompilerThread0" daemon [_thread_blocked, id=15616, stack(0x000000002baa0000,0x000000002bba0000)]
  0x000000000a391800 JavaThread "Attach Listener" daemon [_thread_blocked, id=548, stack(0x000000002b7a0000,0x000000002baa0000)]
  0x000000000a4d2000 JavaThread "Signal Dispatcher" daemon [_thread_blocked, id=17556, stack(0x000000002b4a0000,0x000000002b7a0000)]
  0x000000000a4d4000 JavaThread "Surrogate Locker Thread (Concurrent GC)" daemon [_thread_blocked, id=16232, stack(0x000000002b1a0000,0x000000002b4a0000)]
  0x000000000a345800 JavaThread "Finalizer" daemon [_thread_blocked, id=7412, stack(0x000000002aea0000,0x000000002b1a0000)]
  0x000000000a347000 JavaThread "Reference Handler" daemon [_thread_blocked, id=12440, stack(0x000000002aba0000,0x000000002aea0000)]
=>0x000000000a07b000 JavaThread "main" [_thread_in_native, id=7784, stack(0x000000001f0c0000,0x000000001f1c0000)]

Other Threads:
  0x000000000a2e2000 VMThread [stack: 0x000000002aaa0000,0x000000002aba0000] [id=7160]
  0x000000000a281000 WatcherThread [stack: 0x000000002c0a0000,0x000000002c1a0000] [id=18236]

VM state:not at safepoint (normal execution)

VM Mutex/Monitor currently owned by a thread: None

Heap
 par new generation   total 55296K, used 4045K [0x0000000778000000, 0x000000077bc00000, 0x000000077bc00000)
  eden space 49152K,   8% used [0x0000000778000000, 0x00000007783f3698, 0x000000077b000000)
  from space 6144K,   0% used [0x000000077b000000, 0x000000077b000000, 0x000000077b600000)
  to   space 6144K,   0% used [0x000000077b600000, 0x000000077b600000, 0x000000077bc00000)
 concurrent mark-sweep generation total 69632K, used 0K [0x000000077bc00000, 0x0000000780000000, 0x00000007f8000000)
 concurrent-mark-sweep perm gen total 131072K, used 5140K [0x00000007f8000000, 0x0000000800000000, 0x0000000800000000)

Card table byte_map: [0x0000000025760000,0x0000000025bb0000] byte_map_base: 0x0000000021ba0000

Polling page: 0x000000001f1c0000

Code Cache  [0x000000001f1e0000, 0x000000001f450000, 0x00000000251e0000)
 total_blobs=395 nmethods=110 adapters=203 free_code_cache=97027Kb largest_free_block=99355456

Compilation events (10 events):
Event: 1.301 Thread 0x000000000a431000  106       3       java.lang.String::lastIndexOf (13 bytes)
Event: 1.301 Thread 0x000000000a431000 nmethod 106 0x000000001f31c410 code [0x000000001f31c580, 0x000000001f31c7c8]
Event: 1.308 Thread 0x000000000a431000  107       3       java.util.HashMap$FrontCache::get (32 bytes)
Event: 1.309 Thread 0x000000000a431000 nmethod 107 0x000000001f31d310 code [0x000000001f31d4a0, 0x000000001f31da10]
Event: 1.317 Thread 0x000000000a431000  108       3       java.io.BufferedInputStream::getBufIfOpen (21 bytes)
Event: 1.318 Thread 0x000000000a431000 nmethod 108 0x000000001f31db90 code [0x000000001f31dd00, 0x000000001f31df68]
Event: 1.318 Thread 0x000000000a431000  109  s    3       java.io.BufferedInputStream::read (49 bytes)
Event: 1.319 Thread 0x000000000a431000 nmethod 109 0x000000001f31e010 code [0x000000001f31e1a0, 0x000000001f31e718]
Event: 1.319 Thread 0x000000000a431000  110       3       java.io.DataInputStream::readInt (72 bytes)
Event: 1.319 Thread 0x000000000a431000 nmethod 110 0x000000001f31e8d0 code [0x000000001f31eaa0, 0x000000001f31f088]

GC Heap History (0 events):
No events

Deoptimization events (0 events):
No events

Internal exceptions (10 events):
Event: 1.218 Thread 0x000000000a07b000 Threw 0x00000007782cecb8 at C:\jdk7u2_64p\jdk7u17\hotspot\src\share\vm\prims\jvm.cpp:1166
Event: 1.219 Thread 0x000000000a07b000 Threw 0x00000007782d0a60 at C:\jdk7u2_64p\jdk7u17\hotspot\src\share\vm\prims\jvm.cpp:1166
Event: 1.247 Thread 0x000000000a07b000 Threw 0x00000007782dab38 at C:\jdk7u2_64p\jdk7u17\hotspot\src\share\vm\prims\jni.cpp:716
Event: 1.289 Thread 0x000000000a07b000 Threw 0x00000007782f3cd8 at C:\jdk7u2_64p\jdk7u17\hotspot\src\share\vm\prims\jvm.cpp:1166
Event: 1.291 Thread 0x000000000a07b000 Threw 0x00000007782fd4a8 at C:\jdk7u2_64p\jdk7u17\hotspot\src\share\vm\prims\jvm.cpp:1166
Event: 1.293 Thread 0x000000000a07b000 Threw 0x0000000778301360 at C:\jdk7u2_64p\jdk7u17\hotspot\src\share\vm\prims\jvm.cpp:1166
Event: 1.294 Thread 0x000000000a07b000 Threw 0x00000007783049f8 at C:\jdk7u2_64p\jdk7u17\hotspot\src\share\vm\prims\jvm.cpp:1166
Event: 1.297 Thread 0x000000000a07b000 Threw 0x000000077830a728 at C:\jdk7u2_64p\jdk7u17\hotspot\src\share\vm\prims\jvm.cpp:1166
Event: 1.299 Thread 0x000000000a07b000 Threw 0x000000077831c2b0 at C:\jdk7u2_64p\jdk7u17\hotspot\src\share\vm\prims\jvm.cpp:1166
Event: 1.332 Thread 0x000000000a07b000 Threw 0x000000077833be28 at C:\jdk7u2_64p\jdk7u17\hotspot\src\share\vm\prims\jvm.cpp:1166

Events (10 events):
Event: 1.328 loading class 0x000000000a4c32f0
Event: 1.328 loading class 0x000000000a4c32f0 done
Event: 1.328 loading class 0x000000000a0c4ee0
Event: 1.328 loading class 0x000000000a0c4ee0 done
Event: 1.328 loading class 0x000000000c312a80
Event: 1.328 loading class 0x000000000c312a80 done
Event: 1.329 loading class 0x000000000c312b70
Event: 1.330 loading class 0x000000000c312b70 done
Event: 1.332 loading class 0x000000000a4e7ce0
Event: 1.332 loading class 0x000000000a4e7ce0 done


Dynamic libraries:
0x0000000140000000 - 0x000000014000e000 	C:\Xilinx\14.7\ISE_DS\PlanAhead\bin\unwrapped\win64.o\planAhead.exe
0x00007ff970310000 - 0x00007ff970508000 	C:\Windows\SYSTEM32\ntdll.dll
0x00007ff96f060000 - 0x00007ff96f122000 	C:\Windows\System32\KERNEL32.DLL
0x00007ff96db40000 - 0x00007ff96de36000 	C:\Windows\System32\KERNELBASE.dll
0x00007ff968ac0000 - 0x00007ff968b54000 	C:\Windows\SYSTEM32\apphelp.dll
0x000000000a900000 - 0x000000000a945000 	C:\Xilinx\14.7\ISE_DS\PlanAhead\lib\win64.o\SHSMP64.dll
0x00007ff96ebe0000 - 0x00007ff96ed7d000 	C:\Windows\System32\USER32.dll
0x00007ff96df70000 - 0x00007ff96df92000 	C:\Windows\System32\win32u.dll
0x0000000180000000 - 0x0000000180881000 	C:\Xilinx\14.7\ISE_DS\PlanAhead\lib\win64.o\librdi_common.dll
0x00007ff96e330000 - 0x00007ff96e35b000 	C:\Windows\System32\GDI32.dll
0x00007ff96dfa0000 - 0x00007ff96e0ba000 	C:\Windows\System32\gdi32full.dll
0x00007ff96da50000 - 0x00007ff96daed000 	C:\Windows\System32\msvcp_win.dll
0x00007ff96de70000 - 0x00007ff96df70000 	C:\Windows\System32\ucrtbase.dll
0x00007ff96efb0000 - 0x00007ff96f05f000 	C:\Windows\System32\ADVAPI32.dll
0x00007ff96f130000 - 0x00007ff96f1ce000 	C:\Windows\System32\msvcrt.dll
0x0000000057350000 - 0x00000000573f3000 	C:\Windows\WinSxS\amd64_microsoft.vc90.crt_1fc8b3b9a1e18e3b_9.0.30729.9625_none_08e1c10da83fbc83\MSVCR90.dll
0x00007ff96e7e0000 - 0x00007ff96e87f000 	C:\Windows\System32\sechost.dll
0x00007ff96f1f0000 - 0x00007ff96f313000 	C:\Windows\System32\RPCRT4.dll
0x00007ff96de40000 - 0x00007ff96de67000 	C:\Windows\System32\bcrypt.dll
0x00007ff960f40000 - 0x00007ff960f4a000 	C:\Windows\SYSTEM32\VERSION.dll
0x00007ff96e770000 - 0x00007ff96e778000 	C:\Windows\System32\PSAPI.DLL
0x00007ff96f4d0000 - 0x00007ff96fc3f000 	C:\Windows\System32\SHELL32.dll
0x0000000010000000 - 0x000000001012a000 	C:\Xilinx\14.7\ISE_DS\PlanAhead\lib\win64.o\tcl85t.dll
0x0000000012000000 - 0x0000000012282000 	C:\Xilinx\14.7\ISE_DS\PlanAhead\lib\win64.o\xerces-c_3_1.dll
0x0000000056ab0000 - 0x00000000571cf000 	C:\Xilinx\14.7\ISE_DS\PlanAhead\tps\win64\jre\bin\server\jvm.dll
0x00007ff96ed80000 - 0x00007ff96edeb000 	C:\Windows\System32\WS2_32.dll
0x00007ff958570000 - 0x00007ff958a47000 	C:\Windows\SYSTEM32\WININET.dll
0x00007ff9618a0000 - 0x00007ff9619aa000 	C:\Windows\SYSTEM32\WINHTTP.dll
0x00007ff95cee0000 - 0x00007ff95d0d1000 	C:\Windows\SYSTEM32\urlmon.dll
0x0000000057900000 - 0x00000000579d3000 	C:\Windows\WinSxS\amd64_microsoft.vc90.crt_1fc8b3b9a1e18e3b_9.0.30729.9625_none_08e1c10da83fbc83\MSVCP90.dll
0x00007ff967f70000 - 0x00007ff967f79000 	C:\Windows\SYSTEM32\WSOCK32.dll
0x00007ff95a070000 - 0x00007ff95a097000 	C:\Windows\SYSTEM32\WINMM.dll
0x0000000057730000 - 0x0000000057802000 	C:\Windows\SYSTEM32\MSVCR100.dll
0x00007ff95d250000 - 0x00007ff95d50f000 	C:\Windows\SYSTEM32\iertutil.dll
0x00007ff95d220000 - 0x00007ff95d248000 	C:\Windows\SYSTEM32\srvcli.dll
0x00007ff96ceb0000 - 0x00007ff96cebc000 	C:\Windows\SYSTEM32\netutils.dll
0x00007ff96e880000 - 0x00007ff96ebd5000 	C:\Windows\System32\combase.dll
0x00007ff96ba20000 - 0x00007ff96c1c3000 	C:\Windows\SYSTEM32\windows.storage.dll
0x00007ff96e570000 - 0x00007ff96e61d000 	C:\Windows\System32\shcore.dll
0x00007ff96d360000 - 0x00007ff96d38b000 	C:\Windows\SYSTEM32\Wldp.dll
0x00007ff96edf0000 - 0x00007ff96eebd000 	C:\Windows\System32\OLEAUT32.dll
0x0000000000400000 - 0x0000000000416000 	C:\Xilinx\14.7\ISE_DS\PlanAhead\lib\win64.o\librdi_commonmain.dll
0x0000000000990000 - 0x0000000000a7e000 	C:\Xilinx\14.7\ISE_DS\PlanAhead\lib\win64.o\stlport.5.2.dll
0x0000000000430000 - 0x0000000000443000 	C:\Xilinx\14.7\ISE_DS\PlanAhead\lib\win64.o\libboost_signals.dll
0x0000000000a80000 - 0x0000000000d69000 	C:\Xilinx\14.7\ISE_DS\PlanAhead\lib\win64.o\libCOIN-all.dll
0x0000000000d70000 - 0x0000000000faa000 	C:\Xilinx\14.7\ISE_DS\PlanAhead\lib\win64.o\libSecurity.dll
0x0000000000470000 - 0x0000000000497000 	C:\Xilinx\14.7\ISE_DS\PlanAhead\lib\win64.o\libboost_filesystem.dll
0x00000000004a0000 - 0x00000000004af000 	C:\Xilinx\14.7\ISE_DS\PlanAhead\lib\win64.o\libboost_date_time.dll
0x0000000000fb0000 - 0x0000000001021000 	C:\Xilinx\14.7\ISE_DS\PlanAhead\lib\win64.o\libboost_program_options.dll
0x0000000001040000 - 0x00000000010ef000 	C:\Xilinx\14.7\ISE_DS\PlanAhead\lib\win64.o\libboost_regex.dll
0x00007ff96eed0000 - 0x00007ff96efaa000 	C:\Windows\System32\COMDLG32.dll
0x0000000001110000 - 0x0000000001119000 	C:\Xilinx\14.7\ISE_DS\PlanAhead\lib\win64.o\libboost_system.dll
0x00007ff96e510000 - 0x00007ff96e565000 	C:\Windows\System32\SHLWAPI.dll
0x00007ff96e360000 - 0x00007ff96e48b000 	C:\Windows\System32\ole32.dll
0x00007ff96e0c0000 - 0x00007ff96e133000 	C:\Windows\System32\WINTRUST.dll
0x00007ff96e1d0000 - 0x00007ff96e32d000 	C:\Windows\System32\CRYPT32.dll
0x0000000001120000 - 0x0000000001136000 	C:\Xilinx\14.7\ISE_DS\PlanAhead\lib\win64.o\libboost_thread.dll
0x0000000001150000 - 0x0000000001193000 	C:\Xilinx\14.7\ISE_DS\PlanAhead\lib\win64.o\libcurl.dll
0x00000000011b0000 - 0x0000000001233000 	C:\Xilinx\14.7\ISE_DS\PlanAhead\lib\win64.o\libhdlpsolve.dll
0x00007ff96fdf0000 - 0x00007ff96fe4e000 	C:\Windows\System32\WLDAP32.dll
0x0000000001240000 - 0x00000000012f7000 	C:\Xilinx\14.7\ISE_DS\PlanAhead\lib\win64.o\libhdxml.dll
0x0000000001310000 - 0x00000000018530d3 	C:\Xilinx\14.7\ISE_DS\PlanAhead\lib\win64.o\libisl_iostreams.dll
0x0000000001870000 - 0x0000000001899000 	C:\Xilinx\14.7\ISE_DS\PlanAhead\lib\win64.o\libisl_sysinfo.dll
0x00000000018b0000 - 0x00000000018c2000 	C:\Xilinx\14.7\ISE_DS\PlanAhead\lib\win64.o\pthreadVC.dll
0x00000000018d0000 - 0x00000000018e6000 	C:\Xilinx\14.7\ISE_DS\PlanAhead\lib\win64.o\librdiconfig.dll
0x0000000001900000 - 0x000000000191e000 	C:\Xilinx\14.7\ISE_DS\PlanAhead\lib\win64.o\librdizlib.dll
0x00007ff9670c0000 - 0x00007ff967170000 	C:\Windows\WinSxS\amd64_microsoft.windows.common-controls_6595b64144ccf1df_5.82.19041.4355_none_792ecafd2442822f\COMCTL32.dll
0x00007ff961c10000 - 0x00007ff961c29000 	C:\Windows\SYSTEM32\NETAPI32.dll
0x0000000001960000 - 0x000000000196c000 	C:\Xilinx\14.7\ISE_DS\PlanAhead\lib\win64.o\libboost_chrono.dll
0x0000000001970000 - 0x0000000001989000 	C:\Xilinx\14.7\ISE_DS\PlanAhead\lib\win64.o\libboost_iostreams.dll
0x00007ff96f320000 - 0x00007ff96f34f000 	C:\Windows\System32\IMM32.DLL
0x00007ff96d4f0000 - 0x00007ff96d502000 	C:\Windows\SYSTEM32\MSASN1.dll
0x0000000004dc0000 - 0x00000000050b3000 	C:\Xilinx\14.7\ISE_DS\PlanAhead\lib\win64.o\librdi_commontasks.dll
0x000000000c350000 - 0x000000000c990000 	C:\Xilinx\14.7\ISE_DS\PlanAhead\lib\win64.o\librdi_coretasks.dll
0x000000000c990000 - 0x000000000cb57000 	C:\Xilinx\14.7\ISE_DS\PlanAhead\lib\win64.o\librdi_chipscope.dll
0x000000000cb60000 - 0x000000000db80000 	C:\Xilinx\14.7\ISE_DS\PlanAhead\lib\win64.o\librdi_constraints.dll
0x000000000db80000 - 0x000000000ee4c000 	C:\Xilinx\14.7\ISE_DS\PlanAhead\lib\win64.o\librdi_coregen.dll
0x000000000ee50000 - 0x000000000fa2a000 	C:\Xilinx\14.7\ISE_DS\PlanAhead\lib\win64.o\librdi_device.dll
0x000000000fa30000 - 0x000000000fd44000 	C:\Xilinx\14.7\ISE_DS\PlanAhead\lib\win64.o\librdi_drc.dll
0x0000000012290000 - 0x00000000158e1000 	C:\Xilinx\14.7\ISE_DS\PlanAhead\lib\win64.o\librdi_designutils.dll
0x000000000fd50000 - 0x000000000ffde000 	C:\Xilinx\14.7\ISE_DS\PlanAhead\lib\win64.o\librdi_filemgmt.dll
0x0000000010130000 - 0x0000000010506000 	C:\Xilinx\14.7\ISE_DS\PlanAhead\lib\win64.o\librdi_netlist.dll
0x0000000010510000 - 0x0000000010a32000 	C:\Xilinx\14.7\ISE_DS\PlanAhead\lib\win64.o\librdi_power.dll
0x0000000010a40000 - 0x0000000010df3000 	C:\Xilinx\14.7\ISE_DS\PlanAhead\lib\win64.o\librdi_project.dll
0x0000000010e00000 - 0x0000000011f23000 	C:\Xilinx\14.7\ISE_DS\PlanAhead\lib\win64.o\librdi_place.dll
0x00000000158f0000 - 0x0000000015e8d000 	C:\Xilinx\14.7\ISE_DS\PlanAhead\lib\win64.o\librdi_rsb.dll
0x0000000015e90000 - 0x0000000016288000 	C:\Xilinx\14.7\ISE_DS\PlanAhead\lib\win64.o\librdi_runs.dll
0x0000000016290000 - 0x0000000016d68000 	C:\Xilinx\14.7\ISE_DS\PlanAhead\lib\win64.o\librdi_timing.dll
0x00000000578e0000 - 0x00000000578f1000 	C:\Windows\WinSxS\amd64_microsoft.vc90.openmp_1fc8b3b9a1e18e3b_9.0.30729.6161_none_390d35aa0a1f21f9\VCOMP90.DLL
0x0000000011f70000 - 0x0000000011fde000 	C:\Xilinx\14.7\ISE_DS\PlanAhead\lib\win64.o\liblmx6.0.dll
0x0000000016d70000 - 0x0000000016ded000 	C:\Xilinx\14.7\ISE_DS\PlanAhead\lib\win64.o\libboost_serialization.dll
0x0000000016df0000 - 0x0000000017590000 	C:\Xilinx\14.7\ISE_DS\PlanAhead\lib\win64.o\libverific.dll
0x0000000011ff0000 - 0x0000000011ff8000 	C:\Xilinx\14.7\ISE_DS\PlanAhead\lib\win64.o\libpsta_dllwrapper.dll
0x00000000175b0000 - 0x0000000017d7f000 	C:\Xilinx\14.7\ISE_DS\PlanAhead\lib\win64.o\librdi_coregenipxact.dll
0x0000000017d80000 - 0x00000000182c4000 	C:\Xilinx\14.7\ISE_DS\PlanAhead\lib\win64.o\librdi_xdm.dll
0x00000000182d0000 - 0x00000000188be000 	C:\Xilinx\14.7\ISE_DS\PlanAhead\lib\win64.o\librdi_route.dll
0x00000000188e0000 - 0x0000000018b0a000 	C:\Xilinx\14.7\ISE_DS\PlanAhead\lib\win64.o\librdi_labtools.dll
0x0000000018b10000 - 0x000000001904b000 	C:\Xilinx\14.7\ISE_DS\PlanAhead\lib\win64.o\librdi_memdata.dll
0x0000000019060000 - 0x000000001a78f000 	C:\Xilinx\14.7\ISE_DS\PlanAhead\lib\win64.o\librdi_synth.dll
0x000000001a7a0000 - 0x000000001abde000 	C:\Xilinx\14.7\ISE_DS\PlanAhead\lib\win64.o\librdi_ip.dll
0x000000001abf0000 - 0x000000001ad18000 	C:\Xilinx\14.7\ISE_DS\PlanAhead\lib\win64.o\librdi_dlyest.dll
0x000000001ad30000 - 0x000000001adc0000 	C:\Xilinx\14.7\ISE_DS\PlanAhead\lib\win64.o\libise.dll
0x000000001add0000 - 0x000000001b3ac000 	C:\Xilinx\14.7\ISE_DS\PlanAhead\lib\win64.o\librdi_abc_nomp.dll
0x000000001b3c0000 - 0x000000001b3da000 	C:\Xilinx\14.7\ISE_DS\PlanAhead\lib\win64.o\librdi_hmetis.dll
0x000000001b420000 - 0x000000001b45d000 	C:\Xilinx\14.7\ISE_DS\PlanAhead\lib\win64.o\librdi_simbridge_kernel.dll
0x000000001b470000 - 0x000000001b8e6000 	C:\Xilinx\14.7\ISE_DS\PlanAhead\lib\win64.o\librdi_wavedata.dll
0x000000001b900000 - 0x000000001d9b8000 	C:\Xilinx\14.7\ISE_DS\PlanAhead\lib\win64.o\librdi_tcltasks.dll
0x000000001d9d0000 - 0x000000001dc44000 	C:\Xilinx\14.7\ISE_DS\PlanAhead\lib\win64.o\librdi_bitstream.dll
0x000000001dc60000 - 0x000000001dd34000 	C:\Xilinx\14.7\ISE_DS\PlanAhead\lib\win64.o\librdi_dsp.dll
0x000000001dd40000 - 0x000000001ddae000 	C:\Xilinx\14.7\ISE_DS\PlanAhead\lib\win64.o\librdi_edk.dll
0x000000001ddd0000 - 0x000000001dfde000 	C:\Xilinx\14.7\ISE_DS\PlanAhead\lib\win64.o\librdi_simdata.dll
0x000000001e0f0000 - 0x000000001e246000 	C:\Xilinx\14.7\ISE_DS\PlanAhead\lib\win64.o\librdi_planaheadtasks.dll
0x000000001e260000 - 0x000000001f0a8000 	C:\Xilinx\14.7\ISE_DS\PlanAhead\lib\win64.o\librdi_ipservicestasks.dll
0x00000000578d0000 - 0x00000000578df000 	C:\Xilinx\14.7\ISE_DS\PlanAhead\tps\win64\jre\bin\verify.dll
0x00000000578a0000 - 0x00000000578c8000 	C:\Xilinx\14.7\ISE_DS\PlanAhead\tps\win64\jre\bin\java.dll
0x0000000057880000 - 0x0000000057895000 	C:\Xilinx\14.7\ISE_DS\PlanAhead\tps\win64\jre\bin\zip.dll
0x0000000057860000 - 0x0000000057879000 	C:\Xilinx\14.7\ISE_DS\PlanAhead\tps\win64\jre\bin\net.dll
0x00007ff96d0c0000 - 0x00007ff96d12c000 	C:\Windows\system32\mswsock.dll
0x0000000057710000 - 0x0000000057721000 	C:\Xilinx\14.7\ISE_DS\PlanAhead\tps\win64\jre\bin\nio.dll
0x000000002c1a0000 - 0x000000002c486000 	C:\Xilinx\14.7\ISE_DS\PlanAhead\lib\win64.o\librdi_fed.dll
0x000000002c4a0000 - 0x000000002c701000 	C:\Xilinx\14.7\ISE_DS\PlanAhead\lib\win64.o\librdi_guitools.dll
0x000000002c720000 - 0x000000002c727000 	C:\Xilinx\14.7\ISE_DS\PlanAhead\lib\win64.o\librdi_commonx11.dll
0x000000002c740000 - 0x000000002cb2e000 	C:\Xilinx\14.7\ISE_DS\PlanAhead\lib\win64.o\librdi_rsbtasks.dll
0x000000002cb40000 - 0x000000002cd89000 	C:\Xilinx\14.7\ISE_DS\PlanAhead\lib\win64.o\librdi_labtoolstasks.dll
0x000000002cda0000 - 0x000000002cf58000 	C:\Xilinx\14.7\ISE_DS\PlanAhead\lib\win64.o\librdi_simtcltasks.dll
0x0000000057570000 - 0x0000000057703000 	C:\Xilinx\14.7\ISE_DS\PlanAhead\tps\win64\jre\bin\awt.dll
0x00007ff9613b0000 - 0x00007ff961594000 	C:\Windows\SYSTEM32\dbghelp.dll
0x00007ff96e140000 - 0x00007ff96e1c2000 	C:\Windows\System32\bcryptPrimitives.dll

VM Arguments:
jvm_args: -Dsun.java2d.pmoffscreen=false -Xverify:none -Dswing.aatext=true -XX:-UsePerfData -Djdk.map.althashing.threshold=512 -XX:PermSize=128m -XX:MaxPermSize=128m -XX:NewSize=60m -XX:MaxNewSize=60m -XX:+UseConcMarkSweepGC -XX:+UseParNewGC -XX:+CMSParallelRemarkEnabled -XX:+CMSScavengeBeforeRemark -XX:+UseNUMA -XX:+AggressiveOpts -XX:+UseFastAccessorMethods -XX:+UseFastEmptyMethods -XX:+UseBiasedLocking -XX:+TieredCompilation -Xms128m -Xmx2048m -Xss3m 
java_command: <unknown>
Launcher Type: generic

Environment Variables:
USERNAME=T470s
OS=Windows_NT
PROCESSOR_IDENTIFIER=Intel64 Family 6 Model 78 Stepping 3, GenuineIntel



---------------  S Y S T E M  ---------------

OS: Windows 8 , 64 bit Build 9200 

CPU:total 4 (2 cores per cpu, 2 threads per core) family 6 model 78 stepping 3, cmov, cx8, fxsr, mmx, sse, sse2, sse3, ssse3, sse4.1, sse4.2, popcnt, avx, avx2, ht, tsc, tscinvbit

Memory: 4k page, physical 8261904k(3054472k free), swap 11449304k(5433956k free)

vm_info: Java HotSpot(TM) 64-Bit Server VM (23.7-b01) for windows-amd64 JRE (1.7.0_17-b02), built on Mar  1 2013 03:38:30 by "java_re" with unknown MS VC++:1600

time: Mon Apr 28 12:53:25 2025
elapsed time: 1 seconds

