Release 14.7 - xst P.20131013 (nt64)
Copyright (c) 1995-2013 Xilinx, Inc.  All rights reserved.
--> Parameter TMPDIR set to xst/projnav.tmp


Total REAL time to Xst completion: 1.00 secs
Total CPU time to Xst completion: 0.22 secs
 
--> Parameter xsthdpdir set to xst


Total REAL time to Xst completion: 1.00 secs
Total CPU time to Xst completion: 0.22 secs
 
--> Reading design: topMultiplexer.prj

TABLE OF CONTENTS
  1) Synthesis Options Summary
  2) HDL Parsing
  3) HDL Elaboration
  4) HDL Synthesis
       4.1) HDL Synthesis Report
  5) Advanced HDL Synthesis
       5.1) Advanced HDL Synthesis Report
  6) Low Level Synthesis
  7) Partition Report
  8) Design Summary
       8.1) Primitive and Black Box Usage
       8.2) Device utilization summary
       8.3) Partition Resource Summary
       8.4) Timing Report
            8.4.1) Clock Information
            8.4.2) Asynchronous Control Signals Information
            8.4.3) Timing Summary
            8.4.4) Timing Details
            8.4.5) Cross Clock Domains Report


=========================================================================
*                      Synthesis Options Summary                        *
=========================================================================
---- Source Parameters
Input File Name                    : "topMultiplexer.prj"
Ignore Synthesis Constraint File   : NO

---- Target Parameters
Output File Name                   : "topMultiplexer"
Output Format                      : NGC
Target Device                      : xc6slx9-2-csg324

---- Source Options
Top Module Name                    : topMultiplexer
Automatic FSM Extraction           : YES
FSM Encoding Algorithm             : Auto
Safe Implementation                : No
FSM Style                          : LUT
RAM Extraction                     : Yes
RAM Style                          : Auto
ROM Extraction                     : Yes
Shift Register Extraction          : YES
ROM Style                          : Auto
Resource Sharing                   : YES
Asynchronous To Synchronous        : NO
Shift Register Minimum Size        : 2
Use DSP Block                      : Auto
Automatic Register Balancing       : No

---- Target Options
LUT Combining                      : Auto
Reduce Control Sets                : Auto
Add IO Buffers                     : YES
Global Maximum Fanout              : 100000
Add Generic Clock Buffer(BUFG)     : 16
Register Duplication               : YES
Optimize Instantiated Primitives   : NO
Use Clock Enable                   : Auto
Use Synchronous Set                : Auto
Use Synchronous Reset              : Auto
Pack IO Registers into IOBs        : Auto
Equivalent register Removal        : YES

---- General Options
Optimization Goal                  : Speed
Optimization Effort                : 1
Power Reduction                    : NO
Keep Hierarchy                     : No
Netlist Hierarchy                  : As_Optimized
RTL Output                         : Yes
Global Optimization                : AllClockNets
Read Cores                         : YES
Write Timing Constraints           : NO
Cross Clock Analysis               : NO
Hierarchy Separator                : /
Bus Delimiter                      : <>
Case Specifier                     : Maintain
Slice Utilization Ratio            : 100
BRAM Utilization Ratio             : 100
DSP48 Utilization Ratio            : 100
Auto BRAM Packing                  : NO
Slice Utilization Ratio Delta      : 5

=========================================================================


=========================================================================
*                          HDL Parsing                                  *
=========================================================================
Analyzing Verilog file "D:\Semester Data\6th semester\DSD LAB\lab03\lab08\task01.v" into library work
Parsing module <BCD_Counter>.
Parsing module <three_BCD>.
Parsing module <BCD_to_7seg>.
Parsing module <Clock_Divider>.
Parsing module <Counter18bit>.
Parsing module <mux4X1>.
Parsing module <decoder2X4>.
Parsing module <topMultiplexer>.

=========================================================================
*                            HDL Elaboration                            *
=========================================================================

Elaborating module <topMultiplexer>.

Elaborating module <Counter18bit>.
WARNING:HDLCompiler:413 - "D:\Semester Data\6th semester\DSD LAB\lab03\lab08\task01.v" Line 62: Result of 19-bit expression is truncated to fit in 18-bit target.

Elaborating module <Clock_Divider>.
WARNING:HDLCompiler:413 - "D:\Semester Data\6th semester\DSD LAB\lab03\lab08\task01.v" Line 51: Result of 29-bit expression is truncated to fit in 28-bit target.

Elaborating module <three_BCD>.

Elaborating module <BCD_Counter>.
WARNING:HDLCompiler:413 - "D:\Semester Data\6th semester\DSD LAB\lab03\lab08\task01.v" Line 9: Result of 5-bit expression is truncated to fit in 4-bit target.

Elaborating module <BCD_to_7seg>.

Elaborating module <mux4X1>.

Elaborating module <decoder2X4>.

=========================================================================
*                           HDL Synthesis                               *
=========================================================================

Synthesizing Unit <topMultiplexer>.
    Related source file is "D:\Semester Data\6th semester\DSD LAB\lab03\lab08\task01.v".
    Summary:
	no macro.
Unit <topMultiplexer> synthesized.

Synthesizing Unit <Counter18bit>.
    Related source file is "D:\Semester Data\6th semester\DSD LAB\lab03\lab08\task01.v".
    Found 18-bit register for signal <count>.
    Found 18-bit adder for signal <count[17]_GND_2_o_add_0_OUT> created at line 62.
    Summary:
	inferred   1 Adder/Subtractor(s).
	inferred  18 D-type flip-flop(s).
Unit <Counter18bit> synthesized.

Synthesizing Unit <Clock_Divider>.
    Related source file is "D:\Semester Data\6th semester\DSD LAB\lab03\lab08\task01.v".
        DIVISOR = 28'b0101111101011110000100000000
    Found 1-bit register for signal <clock_out>.
    Found 28-bit register for signal <counter>.
    Found 28-bit adder for signal <counter[27]_GND_3_o_add_2_OUT> created at line 51.
    Summary:
	inferred   1 Adder/Subtractor(s).
	inferred  29 D-type flip-flop(s).
Unit <Clock_Divider> synthesized.

Synthesizing Unit <three_BCD>.
    Related source file is "D:\Semester Data\6th semester\DSD LAB\lab03\lab08\task01.v".
    Summary:
	no macro.
Unit <three_BCD> synthesized.

Synthesizing Unit <BCD_Counter>.
    Related source file is "D:\Semester Data\6th semester\DSD LAB\lab03\lab08\task01.v".
    Found 4-bit register for signal <Q>.
    Found 4-bit adder for signal <Q[3]_GND_5_o_add_1_OUT> created at line 9.
    Summary:
	inferred   1 Adder/Subtractor(s).
	inferred   4 D-type flip-flop(s).
	inferred   1 Multiplexer(s).
Unit <BCD_Counter> synthesized.

Synthesizing Unit <BCD_to_7seg>.
    Related source file is "D:\Semester Data\6th semester\DSD LAB\lab03\lab08\task01.v".
    Found 16x8-bit Read Only RAM for signal <seg>
    Summary:
	inferred   1 RAM(s).
Unit <BCD_to_7seg> synthesized.

Synthesizing Unit <mux4X1>.
    Related source file is "D:\Semester Data\6th semester\DSD LAB\lab03\lab08\task01.v".
    Found 8-bit 4-to-1 multiplexer for signal <out> created at line 75.
    Summary:
	inferred   1 Multiplexer(s).
Unit <mux4X1> synthesized.

Synthesizing Unit <decoder2X4>.
    Related source file is "D:\Semester Data\6th semester\DSD LAB\lab03\lab08\task01.v".
    Found 4x4-bit Read Only RAM for signal <out>
    Summary:
	inferred   1 RAM(s).
Unit <decoder2X4> synthesized.

=========================================================================
HDL Synthesis Report

Macro Statistics
# RAMs                                                 : 4
 16x8-bit single-port Read Only RAM                    : 3
 4x4-bit single-port Read Only RAM                     : 1
# Adders/Subtractors                                   : 5
 18-bit adder                                          : 1
 28-bit adder                                          : 1
 4-bit adder                                           : 3
# Registers                                            : 6
 1-bit register                                        : 1
 18-bit register                                       : 1
 28-bit register                                       : 1
 4-bit register                                        : 3
# Multiplexers                                         : 4
 4-bit 2-to-1 multiplexer                              : 3
 8-bit 4-to-1 multiplexer                              : 1

=========================================================================

=========================================================================
*                       Advanced HDL Synthesis                          *
=========================================================================


Synthesizing (advanced) Unit <BCD_Counter>.
The following registers are absorbed into counter <Q>: 1 register on signal <Q>.
Unit <BCD_Counter> synthesized (advanced).

Synthesizing (advanced) Unit <BCD_to_7seg>.
INFO:Xst:3218 - HDL ADVISOR - The RAM <Mram_seg> will be implemented on LUTs either because you have described an asynchronous read or because of currently unsupported block RAM features. If you have described an asynchronous read, making it synchronous would allow you to take advantage of available block RAM resources, for optimized device usage and improved timings. Please refer to your documentation for coding guidelines.
    -----------------------------------------------------------------------
    | ram_type           | Distributed                         |          |
    -----------------------------------------------------------------------
    | Port A                                                              |
    |     aspect ratio   | 16-word x 8-bit                     |          |
    |     weA            | connected to signal <GND>           | high     |
    |     addrA          | connected to signal <bcd>           |          |
    |     diA            | connected to signal <GND>           |          |
    |     doA            | connected to signal <seg>           |          |
    -----------------------------------------------------------------------
Unit <BCD_to_7seg> synthesized (advanced).

Synthesizing (advanced) Unit <Clock_Divider>.
The following registers are absorbed into counter <counter>: 1 register on signal <counter>.
Unit <Clock_Divider> synthesized (advanced).

Synthesizing (advanced) Unit <Counter18bit>.
The following registers are absorbed into counter <count>: 1 register on signal <count>.
Unit <Counter18bit> synthesized (advanced).

Synthesizing (advanced) Unit <decoder2X4>.
INFO:Xst:3218 - HDL ADVISOR - The RAM <Mram_out> will be implemented on LUTs either because you have described an asynchronous read or because of currently unsupported block RAM features. If you have described an asynchronous read, making it synchronous would allow you to take advantage of available block RAM resources, for optimized device usage and improved timings. Please refer to your documentation for coding guidelines.
    -----------------------------------------------------------------------
    | ram_type           | Distributed                         |          |
    -----------------------------------------------------------------------
    | Port A                                                              |
    |     aspect ratio   | 4-word x 4-bit                      |          |
    |     weA            | connected to signal <GND>           | high     |
    |     addrA          | connected to signal <select>        |          |
    |     diA            | connected to signal <GND>           |          |
    |     doA            | connected to signal <out>           |          |
    -----------------------------------------------------------------------
Unit <decoder2X4> synthesized (advanced).

=========================================================================
Advanced HDL Synthesis Report

Macro Statistics
# RAMs                                                 : 4
 16x8-bit single-port distributed Read Only RAM        : 3
 4x4-bit single-port distributed Read Only RAM         : 1
# Counters                                             : 5
 18-bit up counter                                     : 1
 28-bit up counter                                     : 1
 4-bit up counter                                      : 3
# Registers                                            : 1
 Flip-Flops                                            : 1
# Multiplexers                                         : 1
 8-bit 4-to-1 multiplexer                              : 1

=========================================================================

=========================================================================
*                         Low Level Synthesis                           *
=========================================================================

Optimizing unit <topMultiplexer> ...

Mapping all equations...
Building and optimizing final netlist ...
Found area constraint ratio of 100 (+ 5) on block topMultiplexer, actual ratio is 2.

Final Macro Processing ...

=========================================================================
Final Register Report

Macro Statistics
# Registers                                            : 59
 Flip-Flops                                            : 59

=========================================================================

=========================================================================
*                           Partition Report                            *
=========================================================================

Partition Implementation Status
-------------------------------

  No Partitions were found in this design.

-------------------------------

=========================================================================
*                            Design Summary                             *
=========================================================================

Top Level Output File Name         : topMultiplexer.ngc

Primitive and Black Box Usage:
------------------------------
# BELS                             : 221
#      GND                         : 1
#      INV                         : 8
#      LUT1                        : 44
#      LUT2                        : 32
#      LUT3                        : 5
#      LUT4                        : 6
#      LUT5                        : 8
#      LUT6                        : 20
#      MUXCY                       : 44
#      MUXF7                       : 6
#      VCC                         : 1
#      XORCY                       : 46
# FlipFlops/Latches                : 59
#      FD                          : 29
#      FDC                         : 30
# Clock Buffers                    : 1
#      BUFGP                       : 1
# IO Buffers                       : 13
#      IBUF                        : 1
#      OBUF                        : 12

Device utilization summary:
---------------------------

Selected Device : 6slx9csg324-2 


Slice Logic Utilization: 
 Number of Slice Registers:              59  out of  11440     0%  
 Number of Slice LUTs:                  123  out of   5720     2%  
    Number used as Logic:               123  out of   5720     2%  

Slice Logic Distribution: 
 Number of LUT Flip Flop pairs used:    123
   Number with an unused Flip Flop:      64  out of    123    52%  
   Number with an unused LUT:             0  out of    123     0%  
   Number of fully used LUT-FF pairs:    59  out of    123    47%  
   Number of unique control sets:         5

IO Utilization: 
 Number of IOs:                          14
 Number of bonded IOBs:                  14  out of    200     7%  

Specific Feature Utilization:
 Number of BUFG/BUFGCTRLs:                1  out of     16     6%  

---------------------------
Partition Resource Summary:
---------------------------

  No Partitions were found in this design.

---------------------------


=========================================================================
Timing Report

NOTE: THESE TIMING NUMBERS ARE ONLY A SYNTHESIS ESTIMATE.
      FOR ACCURATE TIMING INFORMATION PLEASE REFER TO THE TRACE REPORT
      GENERATED AFTER PLACE-and-ROUTE.

Clock Information:
------------------
-----------------------------------+----------------------------------+-------+
Clock Signal                       | Clock buffer(FF name)            | Load  |
-----------------------------------+----------------------------------+-------+
divider/clock_out                  | NONE(three_BCD_Counters/bcdu/Q_0)| 4     |
three_BCD_Counters/bcdu/Q_3        | NONE(three_BCD_Counters/bcdt/Q_0)| 4     |
three_BCD_Counters/bcdt/Q_3        | NONE(three_BCD_Counters/bcdh/Q_0)| 4     |
clk                                | BUFGP                            | 47    |
-----------------------------------+----------------------------------+-------+
INFO:Xst:2169 - HDL ADVISOR - Some clock signals were not automatically buffered by XST with BUFG/BUFR resources. Please use the buffer_type constraint in order to insert these buffers to the clock signals to help prevent skew problems.

Asynchronous Control Signals Information:
----------------------------------------
No asynchronous control signals found in this design

Timing Summary:
---------------
Speed Grade: -2

   Minimum period: 4.739ns (Maximum Frequency: 211.015MHz)
   Minimum input arrival time before clock: 3.273ns
   Maximum output required time after clock: 9.276ns
   Maximum combinational path delay: No path found

Timing Details:
---------------
All values displayed in nanoseconds (ns)

=========================================================================
Timing constraint: Default period analysis for Clock 'divider/clock_out'
  Clock period: 2.573ns (frequency: 388.651MHz)
  Total number of paths / destination ports: 12 / 4
-------------------------------------------------------------------------
Delay:               2.573ns (Levels of Logic = 1)
  Source:            three_BCD_Counters/bcdu/Q_0 (FF)
  Destination:       three_BCD_Counters/bcdu/Q_0 (FF)
  Source Clock:      divider/clock_out falling
  Destination Clock: divider/clock_out falling

  Data Path: three_BCD_Counters/bcdu/Q_0 to three_BCD_Counters/bcdu/Q_0
                                Gate     Net
    Cell:in->out      fanout   Delay   Delay  Logical Name (Net Name)
    ----------------------------------------  ------------
     FDC:C->Q             11   0.525   1.038  three_BCD_Counters/bcdu/Q_0 (three_BCD_Counters/bcdu/Q_0)
     INV:I->O              1   0.255   0.681  three_BCD_Counters/bcdu/Mcount_Q_xor<0>11_INV_0 (three_BCD_Counters/bcdu/Mcount_Q)
     FDC:D                     0.074          three_BCD_Counters/bcdu/Q_0
    ----------------------------------------
    Total                      2.573ns (0.854ns logic, 1.719ns route)
                                       (33.2% logic, 66.8% route)

=========================================================================
Timing constraint: Default period analysis for Clock 'three_BCD_Counters/bcdu/Q_3'
  Clock period: 2.573ns (frequency: 388.651MHz)
  Total number of paths / destination ports: 12 / 4
-------------------------------------------------------------------------
Delay:               2.573ns (Levels of Logic = 1)
  Source:            three_BCD_Counters/bcdt/Q_0 (FF)
  Destination:       three_BCD_Counters/bcdt/Q_0 (FF)
  Source Clock:      three_BCD_Counters/bcdu/Q_3 falling
  Destination Clock: three_BCD_Counters/bcdu/Q_3 falling

  Data Path: three_BCD_Counters/bcdt/Q_0 to three_BCD_Counters/bcdt/Q_0
                                Gate     Net
    Cell:in->out      fanout   Delay   Delay  Logical Name (Net Name)
    ----------------------------------------  ------------
     FDC:C->Q             11   0.525   1.038  three_BCD_Counters/bcdt/Q_0 (three_BCD_Counters/bcdt/Q_0)
     INV:I->O              1   0.255   0.681  three_BCD_Counters/bcdt/Mcount_Q_xor<0>11_INV_0 (three_BCD_Counters/bcdt/Mcount_Q)
     FDC:D                     0.074          three_BCD_Counters/bcdt/Q_0
    ----------------------------------------
    Total                      2.573ns (0.854ns logic, 1.719ns route)
                                       (33.2% logic, 66.8% route)

=========================================================================
Timing constraint: Default period analysis for Clock 'three_BCD_Counters/bcdt/Q_3'
  Clock period: 2.573ns (frequency: 388.651MHz)
  Total number of paths / destination ports: 12 / 4
-------------------------------------------------------------------------
Delay:               2.573ns (Levels of Logic = 1)
  Source:            three_BCD_Counters/bcdh/Q_0 (FF)
  Destination:       three_BCD_Counters/bcdh/Q_0 (FF)
  Source Clock:      three_BCD_Counters/bcdt/Q_3 falling
  Destination Clock: three_BCD_Counters/bcdt/Q_3 falling

  Data Path: three_BCD_Counters/bcdh/Q_0 to three_BCD_Counters/bcdh/Q_0
                                Gate     Net
    Cell:in->out      fanout   Delay   Delay  Logical Name (Net Name)
    ----------------------------------------  ------------
     FDC:C->Q             11   0.525   1.038  three_BCD_Counters/bcdh/Q_0 (three_BCD_Counters/bcdh/Q_0)
     INV:I->O              1   0.255   0.681  three_BCD_Counters/bcdh/Mcount_Q_xor<0>11_INV_0 (three_BCD_Counters/bcdh/Mcount_Q)
     FDC:D                     0.074          three_BCD_Counters/bcdh/Q_0
    ----------------------------------------
    Total                      2.573ns (0.854ns logic, 1.719ns route)
                                       (33.2% logic, 66.8% route)

=========================================================================
Timing constraint: Default period analysis for Clock 'clk'
  Clock period: 4.739ns (frequency: 211.015MHz)
  Total number of paths / destination ports: 1391 / 47
-------------------------------------------------------------------------
Delay:               4.739ns (Levels of Logic = 3)
  Source:            divider/counter_24 (FF)
  Destination:       divider/counter_0 (FF)
  Source Clock:      clk rising
  Destination Clock: clk rising

  Data Path: divider/counter_24 to divider/counter_0
                                Gate     Net
    Cell:in->out      fanout   Delay   Delay  Logical Name (Net Name)
    ----------------------------------------  ------------
     FD:C->Q               2   0.525   1.181  divider/counter_24 (divider/counter_24)
     LUT6:I0->O            3   0.254   1.042  divider/GND_3_o_GND_3_o_equal_2_o<27>7_SW0 (N01)
     LUT6:I2->O           15   0.254   1.155  divider/GND_3_o_GND_3_o_equal_2_o<27>7 (divider/GND_3_o_GND_3_o_equal_2_o)
     LUT2:I1->O            1   0.254   0.000  divider/counter_0_rstpot (divider/counter_0_rstpot)
     FD:D                      0.074          divider/counter_0
    ----------------------------------------
    Total                      4.739ns (1.361ns logic, 3.378ns route)
                                       (28.7% logic, 71.3% route)

=========================================================================
Timing constraint: Default OFFSET IN BEFORE for Clock 'divider/clock_out'
  Total number of paths / destination ports: 4 / 4
-------------------------------------------------------------------------
Offset:              3.273ns (Levels of Logic = 1)
  Source:            rst (PAD)
  Destination:       three_BCD_Counters/bcdu/Q_0 (FF)
  Destination Clock: divider/clock_out falling

  Data Path: rst to three_BCD_Counters/bcdu/Q_0
                                Gate     Net
    Cell:in->out      fanout   Delay   Delay  Logical Name (Net Name)
    ----------------------------------------  ------------
     IBUF:I->O            30   1.328   1.486  rst_IBUF (rst_IBUF)
     FDC:CLR                   0.459          three_BCD_Counters/bcdu/Q_0
    ----------------------------------------
    Total                      3.273ns (1.787ns logic, 1.486ns route)
                                       (54.6% logic, 45.4% route)

=========================================================================
Timing constraint: Default OFFSET IN BEFORE for Clock 'three_BCD_Counters/bcdu/Q_3'
  Total number of paths / destination ports: 4 / 4
-------------------------------------------------------------------------
Offset:              3.273ns (Levels of Logic = 1)
  Source:            rst (PAD)
  Destination:       three_BCD_Counters/bcdt/Q_0 (FF)
  Destination Clock: three_BCD_Counters/bcdu/Q_3 falling

  Data Path: rst to three_BCD_Counters/bcdt/Q_0
                                Gate     Net
    Cell:in->out      fanout   Delay   Delay  Logical Name (Net Name)
    ----------------------------------------  ------------
     IBUF:I->O            30   1.328   1.486  rst_IBUF (rst_IBUF)
     FDC:CLR                   0.459          three_BCD_Counters/bcdt/Q_0
    ----------------------------------------
    Total                      3.273ns (1.787ns logic, 1.486ns route)
                                       (54.6% logic, 45.4% route)

=========================================================================
Timing constraint: Default OFFSET IN BEFORE for Clock 'three_BCD_Counters/bcdt/Q_3'
  Total number of paths / destination ports: 4 / 4
-------------------------------------------------------------------------
Offset:              3.273ns (Levels of Logic = 1)
  Source:            rst (PAD)
  Destination:       three_BCD_Counters/bcdh/Q_0 (FF)
  Destination Clock: three_BCD_Counters/bcdt/Q_3 falling

  Data Path: rst to three_BCD_Counters/bcdh/Q_0
                                Gate     Net
    Cell:in->out      fanout   Delay   Delay  Logical Name (Net Name)
    ----------------------------------------  ------------
     IBUF:I->O            30   1.328   1.486  rst_IBUF (rst_IBUF)
     FDC:CLR                   0.459          three_BCD_Counters/bcdh/Q_0
    ----------------------------------------
    Total                      3.273ns (1.787ns logic, 1.486ns route)
                                       (54.6% logic, 45.4% route)

=========================================================================
Timing constraint: Default OFFSET IN BEFORE for Clock 'clk'
  Total number of paths / destination ports: 18 / 18
-------------------------------------------------------------------------
Offset:              3.273ns (Levels of Logic = 1)
  Source:            rst (PAD)
  Destination:       cnt/count_0 (FF)
  Destination Clock: clk rising

  Data Path: rst to cnt/count_0
                                Gate     Net
    Cell:in->out      fanout   Delay   Delay  Logical Name (Net Name)
    ----------------------------------------  ------------
     IBUF:I->O            30   1.328   1.486  rst_IBUF (rst_IBUF)
     FDC:CLR                   0.459          cnt/count_0
    ----------------------------------------
    Total                      3.273ns (1.787ns logic, 1.486ns route)
                                       (54.6% logic, 45.4% route)

=========================================================================
Timing constraint: Default OFFSET OUT AFTER for Clock 'clk'
  Total number of paths / destination ports: 47 / 11
-------------------------------------------------------------------------
Offset:              9.276ns (Levels of Logic = 6)
  Source:            cnt/count_17 (FF)
  Destination:       out_mux<3> (PAD)
  Source Clock:      clk rising

  Data Path: cnt/count_17 to out_mux<3>
                                Gate     Net
    Cell:in->out      fanout   Delay   Delay  Logical Name (Net Name)
    ----------------------------------------  ------------
     FDC:C->Q             25   0.525   1.833  cnt/count_17 (cnt/count_17)
     LUT5:I0->O            2   0.254   0.726  Mux/Mmux_out13 (Mux/Mmux_out12)
     LUT6:I5->O            1   0.254   0.000  Mux/Mmux_out14_G (N9)
     MUXF7:I1->O           2   0.175   0.726  Mux/Mmux_out14 (out_mux_0_OBUF)
     LUT5:I4->O            1   0.254   0.682  Mux/Mmux_out44_SW0 (N2)
     LUT6:I5->O            1   0.254   0.681  Mux/Mmux_out44 (out_mux_3_OBUF)
     OBUF:I->O                 2.912          out_mux_3_OBUF (out_mux<3>)
    ----------------------------------------
    Total                      9.276ns (4.628ns logic, 4.648ns route)
                                       (49.9% logic, 50.1% route)

=========================================================================
Timing constraint: Default OFFSET OUT AFTER for Clock 'divider/clock_out'
  Total number of paths / destination ports: 31 / 7
-------------------------------------------------------------------------
Offset:              7.857ns (Levels of Logic = 5)
  Source:            three_BCD_Counters/bcdu/Q_3 (FF)
  Destination:       out_mux<3> (PAD)
  Source Clock:      divider/clock_out falling

  Data Path: three_BCD_Counters/bcdu/Q_3 to out_mux<3>
                                Gate     Net
    Cell:in->out      fanout   Delay   Delay  Logical Name (Net Name)
    ----------------------------------------  ------------
     FDC:C->Q              9   0.525   1.406  three_BCD_Counters/bcdu/Q_3 (three_BCD_Counters/bcdu/Q_3)
     LUT6:I1->O            1   0.254   0.000  Mux/Mmux_out14_F (N8)
     MUXF7:I0->O           2   0.163   0.726  Mux/Mmux_out14 (out_mux_0_OBUF)
     LUT5:I4->O            1   0.254   0.682  Mux/Mmux_out44_SW0 (N2)
     LUT6:I5->O            1   0.254   0.681  Mux/Mmux_out44 (out_mux_3_OBUF)
     OBUF:I->O                 2.912          out_mux_3_OBUF (out_mux<3>)
    ----------------------------------------
    Total                      7.857ns (4.362ns logic, 3.495ns route)
                                       (55.5% logic, 44.5% route)

=========================================================================
Timing constraint: Default OFFSET OUT AFTER for Clock 'three_BCD_Counters/bcdt/Q_3'
  Total number of paths / destination ports: 59 / 7
-------------------------------------------------------------------------
Offset:              8.663ns (Levels of Logic = 6)
  Source:            three_BCD_Counters/bcdh/Q_3 (FF)
  Destination:       out_mux<3> (PAD)
  Source Clock:      three_BCD_Counters/bcdt/Q_3 falling

  Data Path: three_BCD_Counters/bcdh/Q_3 to out_mux<3>
                                Gate     Net
    Cell:in->out      fanout   Delay   Delay  Logical Name (Net Name)
    ----------------------------------------  ------------
     FDC:C->Q              8   0.525   1.220  three_BCD_Counters/bcdh/Q_3 (three_BCD_Counters/bcdh/Q_3)
     LUT5:I1->O            2   0.254   0.726  Mux/Mmux_out13 (Mux/Mmux_out12)
     LUT6:I5->O            1   0.254   0.000  Mux/Mmux_out14_G (N9)
     MUXF7:I1->O           2   0.175   0.726  Mux/Mmux_out14 (out_mux_0_OBUF)
     LUT5:I4->O            1   0.254   0.682  Mux/Mmux_out44_SW0 (N2)
     LUT6:I5->O            1   0.254   0.681  Mux/Mmux_out44 (out_mux_3_OBUF)
     OBUF:I->O                 2.912          out_mux_3_OBUF (out_mux<3>)
    ----------------------------------------
    Total                      8.663ns (4.628ns logic, 4.035ns route)
                                       (53.4% logic, 46.6% route)

=========================================================================
Timing constraint: Default OFFSET OUT AFTER for Clock 'three_BCD_Counters/bcdu/Q_3'
  Total number of paths / destination ports: 31 / 7
-------------------------------------------------------------------------
Offset:              7.869ns (Levels of Logic = 5)
  Source:            three_BCD_Counters/bcdt/Q_3 (FF)
  Destination:       out_mux<3> (PAD)
  Source Clock:      three_BCD_Counters/bcdu/Q_3 falling

  Data Path: three_BCD_Counters/bcdt/Q_3 to out_mux<3>
                                Gate     Net
    Cell:in->out      fanout   Delay   Delay  Logical Name (Net Name)
    ----------------------------------------  ------------
     FDC:C->Q              9   0.525   1.406  three_BCD_Counters/bcdt/Q_3 (three_BCD_Counters/bcdt/Q_3)
     LUT6:I1->O            1   0.254   0.000  Mux/Mmux_out14_G (N9)
     MUXF7:I1->O           2   0.175   0.726  Mux/Mmux_out14 (out_mux_0_OBUF)
     LUT5:I4->O            1   0.254   0.682  Mux/Mmux_out44_SW0 (N2)
     LUT6:I5->O            1   0.254   0.681  Mux/Mmux_out44 (out_mux_3_OBUF)
     OBUF:I->O                 2.912          out_mux_3_OBUF (out_mux<3>)
    ----------------------------------------
    Total                      7.869ns (4.374ns logic, 3.495ns route)
                                       (55.6% logic, 44.4% route)

=========================================================================

Cross Clock Domains Report:
--------------------------

Clock to Setup on destination clock clk
---------------+---------+---------+---------+---------+
               | Src:Rise| Src:Fall| Src:Rise| Src:Fall|
Source Clock   |Dest:Rise|Dest:Rise|Dest:Fall|Dest:Fall|
---------------+---------+---------+---------+---------+
clk            |    4.739|         |         |         |
---------------+---------+---------+---------+---------+

Clock to Setup on destination clock divider/clock_out
-----------------+---------+---------+---------+---------+
                 | Src:Rise| Src:Fall| Src:Rise| Src:Fall|
Source Clock     |Dest:Rise|Dest:Rise|Dest:Fall|Dest:Fall|
-----------------+---------+---------+---------+---------+
divider/clock_out|         |         |    2.573|         |
-----------------+---------+---------+---------+---------+

Clock to Setup on destination clock three_BCD_Counters/bcdt/Q_3
---------------------------+---------+---------+---------+---------+
                           | Src:Rise| Src:Fall| Src:Rise| Src:Fall|
Source Clock               |Dest:Rise|Dest:Rise|Dest:Fall|Dest:Fall|
---------------------------+---------+---------+---------+---------+
three_BCD_Counters/bcdt/Q_3|         |         |    2.573|         |
---------------------------+---------+---------+---------+---------+

Clock to Setup on destination clock three_BCD_Counters/bcdu/Q_3
---------------------------+---------+---------+---------+---------+
                           | Src:Rise| Src:Fall| Src:Rise| Src:Fall|
Source Clock               |Dest:Rise|Dest:Rise|Dest:Fall|Dest:Fall|
---------------------------+---------+---------+---------+---------+
three_BCD_Counters/bcdu/Q_3|         |         |    2.573|         |
---------------------------+---------+---------+---------+---------+

=========================================================================


Total REAL time to Xst completion: 9.00 secs
Total CPU time to Xst completion: 8.81 secs
 
--> 

Total memory usage is 4486780 kilobytes

Number of errors   :    0 (   0 filtered)
Number of warnings :    3 (   0 filtered)
Number of infos    :    3 (   0 filtered)

