--------------------------------------------------------------------------------
Release 14.7 Trace  (nt64)
Copyright (c) 1995-2013 Xilinx, Inc.  All rights reserved.

C:\Xilinx\14.7\ISE_DS\ISE\bin\nt64\unwrapped\trce.exe -intstyle ise -v 3 -s 2
-n 3 -fastpaths -xml tasks.twx tasks.ncd -o tasks.twr tasks.pcf

Design file:              tasks.ncd
Physical constraint file: tasks.pcf
Device,package,speed:     xc6slx9,csg324,C,-2 (PRODUCTION 1.23 2013-10-13)
Report level:             verbose report

Environment Variable      Effect 
--------------------      ------ 
NONE                      No environment variables were set
--------------------------------------------------------------------------------

INFO:Timing:2698 - No timing constraints found, doing default enumeration.
INFO:Timing:3412 - To improve timing, see the Timing Closure User Guide (UG612).
INFO:Timing:2752 - To get complete path coverage, use the unconstrained paths 
   option. All paths that are not constrained will be reported in the 
   unconstrained paths section(s) of the report.
INFO:Timing:3339 - The clock-to-out numbers in this timing report are based on 
   a 50 Ohm transmission line loading model.  For the details of this model, 
   and for more information on accounting for different loading conditions, 
   please see the device datasheet.



Data Sheet report:
-----------------
All values displayed in nanoseconds (ns)

Pad to Pad
---------------+---------------+---------+
Source Pad     |Destination Pad|  Delay  |
---------------+---------------+---------+
IN<0>          |OUT<0>         |    8.611|
IN<0>          |OUT<3>         |    9.083|
IN<0>          |OUT<4>         |    8.899|
IN<0>          |OUT<5>         |    9.199|
IN<1>          |OUT<0>         |    8.426|
IN<1>          |OUT<3>         |    8.898|
IN<1>          |OUT<4>         |    8.714|
IN<1>          |OUT<5>         |    9.014|
IN<1>          |OUT<6>         |    8.655|
IN<2>          |OUT<0>         |    8.574|
IN<2>          |OUT<3>         |    9.046|
IN<2>          |OUT<4>         |    8.862|
IN<2>          |OUT<5>         |    9.162|
IN<2>          |OUT<6>         |    8.803|
IN<3>          |OUT<0>         |    8.177|
IN<3>          |OUT<3>         |    8.649|
IN<3>          |OUT<4>         |    8.465|
IN<3>          |OUT<5>         |    8.765|
IN<3>          |OUT<6>         |    8.406|
en             |dp             |    7.352|
---------------+---------------+---------+


Analysis completed Mon Mar 10 11:13:28 2025 
--------------------------------------------------------------------------------

Trace Settings:
-------------------------
Trace Settings 

Peak Memory Usage: 4571 MB



