#
# A fatal error has been detected by the Java Runtime Environment:
#
#  EXCEPTION_UNCAUGHT_CXX_EXCEPTION (0xe06d7363) at pc=0x00007ffea905b699, pid=17744, tid=17032
#
# JRE version: 7.0_17-b02
# Java VM: Java HotSpot(TM) 64-Bit Server VM (23.7-b01 mixed mode windows-amd64 compressed oops)
# Problematic frame:
# C  [KERNELBASE.dll+0x3b699]  RaiseException+0x69
#
# Failed to write core dump. Minidumps are not enabled by default on client versions of Windows
#
# If you would like to submit a bug report, please visit:
#   http://bugreport.sun.com/bugreport/crash.jsp
# The crash happened outside the Java Virtual Machine in native code.
# See problematic frame for where to report the bug.
#

---------------  T H R E A D  ---------------

Current thread (0x000000000a09b000):  JavaThread "main" [_thread_in_native, id=17032, stack(0x000000001f0a0000,0x000000001f1a0000)]

siginfo: ExceptionCode=0xe06d7363, ExceptionInformation=0x0000000019930520 0x000000001f19e348 0x0000000000a01910 0x0000000000960000 

Registers:
RAX=0x0000000075f922ae, RBX=0x000000001f19d970, RCX=0x0000000000000000, RDX=0x000000000a0e0230
RSP=0x000000001f19bbc0, RBP=0x000000001f19c290, RSI=0x000000001f19e1c0, RDI=0x000000001f19ca30
R8 =0x0000000000000000, R9 =0xfe1456db00000000, R10=0x24ecc179081611ae, R11=0x69a4e03635024081
R12=0x000000001f19e560, R13=0x000000001f19d038, R14=0x0000000000000000, R15=0x000000001f19bd18
RIP=0x00007ffea905b699, EFLAGS=0x0000000000000206

Top of Stack: (sp=0x000000001f19bbc0)
0x000000001f19bbc0:   000000000a11e630 000000001f19d970
0x000000001f19bbd0:   000000001f19e1c0 00007ffea907877b
0x000000001f19bbe0:   00000001e06d7363 0000000000000000
0x000000001f19bbf0:   00007ffea905b699 0000000000000004
0x000000001f19bc00:   0000000019930520 000000001f19e348
0x000000001f19bc10:   0000000000a01910 0000000000960000
0x000000001f19bc20:   00001098dcfd2ef9 00000000009d8110
0x000000001f19bc30:   000000001f19d970 000000007718334a
0x000000001f19bc40:   0000000000000000 000000000a09fd20
0x000000001f19bc50:   0000000000000000 000000001f19ca30
0x000000001f19bc60:   000000001f19ca30 000000007718336b
0x000000001f19bc70:   000000001f19d970 000000001f19e560
0x000000001f19bc80:   00000f85da63f4dc 000000000a0e0230
0x000000001f19bc90:   000000001f19d970 00000000771c3bb8
0x000000001f19bca0:   00000000009d80e0 000000001f19d038
0x000000001f19bcb0:   0000000000000100 0000000000000000 

Instructions: (pc=0x00007ffea905b699)
0x00007ffea905b679:   8b d1 44 0f 47 c0 44 89 44 24 38 49 c1 e0 03 e8
0x00007ffea905b689:   6a b5 07 00 48 8d 4c 24 20 48 ff 15 8f 7b 1a 00
0x00007ffea905b699:   0f 1f 44 00 00 48 8b 8c 24 c0 00 00 00 48 33 cc
0x00007ffea905b6a9:   e8 12 38 05 00 48 81 c4 d8 00 00 00 c3 cc 83 64 


Register to memory mapping:

RAX=0x0000000075f922ae is an unknown value
RBX=0x000000001f19d970 is pointing into the stack for thread: 0x000000000a09b000
RCX=0x0000000000000000 is an unknown value
RDX=0x000000000a0e0230 is an unknown value
RSP=0x000000001f19bbc0 is pointing into the stack for thread: 0x000000000a09b000
RBP=0x000000001f19c290 is pointing into the stack for thread: 0x000000000a09b000
RSI=0x000000001f19e1c0 is pointing into the stack for thread: 0x000000000a09b000
RDI=0x000000001f19ca30 is pointing into the stack for thread: 0x000000000a09b000
R8 =0x0000000000000000 is an unknown value
R9 =0xfe1456db00000000 is an unknown value
R10=0x24ecc179081611ae is an unknown value
R11=0x69a4e03635024081 is an unknown value
R12=0x000000001f19e560 is pointing into the stack for thread: 0x000000000a09b000
R13=0x000000001f19d038 is pointing into the stack for thread: 0x000000000a09b000
R14=0x0000000000000000 is an unknown value
R15=0x000000001f19bd18 is pointing into the stack for thread: 0x000000000a09b000


Stack: [0x000000001f0a0000,0x000000001f1a0000],  sp=0x000000001f19bbc0,  free space=1006k
Native frames: (J=compiled Java code, j=interpreted, Vv=VM code, C=native code)
C  [KERNELBASE.dll+0x3b699]  RaiseException+0x69
C  0x000000001f19c8f0

Java frames: (J=compiled Java code, j=interpreted, Vv=VM code)
j  ui.data.common.parami.ParamMgr_getValueAsBool(JLjava/lang/String;)Z+0
j  ui.data.common.F.jw(Ljava/lang/String;)Z+5
j  ui.data.common.F.aWC()Z+5
j  ui.h.I.aWC()Z+6
j  ui.aL.aGY()Ljava/lang/String;+0
j  ui.PlanAhead.<clinit>()V+316
v  ~StubRoutines::call_stub

---------------  P R O C E S S  ---------------

Java Threads: ( => current thread )
  0x000000000a1a1000 JavaThread "Service Thread" daemon [_thread_blocked, id=19584, stack(0x000000002bd80000,0x000000002c080000)]
  0x000000000a431800 JavaThread "C1 CompilerThread2" daemon [_thread_blocked, id=9920, stack(0x000000002bc80000,0x000000002bd80000)]
  0x000000000a421800 JavaThread "C2 CompilerThread1" daemon [_thread_blocked, id=15220, stack(0x000000002bb80000,0x000000002bc80000)]
  0x000000000a311000 JavaThread "C2 CompilerThread0" daemon [_thread_blocked, id=2960, stack(0x000000002ba80000,0x000000002bb80000)]
  0x000000000a391800 JavaThread "Attach Listener" daemon [_thread_blocked, id=22840, stack(0x000000002b780000,0x000000002ba80000)]
  0x000000000a4f2000 JavaThread "Signal Dispatcher" daemon [_thread_blocked, id=17988, stack(0x000000002b480000,0x000000002b780000)]
  0x000000000a4f4000 JavaThread "Surrogate Locker Thread (Concurrent GC)" daemon [_thread_blocked, id=11652, stack(0x000000002b180000,0x000000002b480000)]
  0x000000000a335800 JavaThread "Finalizer" daemon [_thread_blocked, id=10628, stack(0x000000002ae80000,0x000000002b180000)]
  0x000000000a337000 JavaThread "Reference Handler" daemon [_thread_blocked, id=15308, stack(0x000000002ab80000,0x000000002ae80000)]
=>0x000000000a09b000 JavaThread "main" [_thread_in_native, id=17032, stack(0x000000001f0a0000,0x000000001f1a0000)]

Other Threads:
  0x000000000a2e2000 VMThread [stack: 0x000000002aa80000,0x000000002ab80000] [id=11640]
  0x000000000a200800 WatcherThread [stack: 0x000000002c080000,0x000000002c180000] [id=11700]

VM state:not at safepoint (normal execution)

VM Mutex/Monitor currently owned by a thread: None

Heap
 par new generation   total 55296K, used 4045K [0x0000000778000000, 0x000000077bc00000, 0x000000077bc00000)
  eden space 49152K,   8% used [0x0000000778000000, 0x00000007783f3578, 0x000000077b000000)
  from space 6144K,   0% used [0x000000077b000000, 0x000000077b000000, 0x000000077b600000)
  to   space 6144K,   0% used [0x000000077b600000, 0x000000077b600000, 0x000000077bc00000)
 concurrent mark-sweep generation total 69632K, used 0K [0x000000077bc00000, 0x0000000780000000, 0x00000007f8000000)
 concurrent-mark-sweep perm gen total 131072K, used 5137K [0x00000007f8000000, 0x0000000800000000, 0x0000000800000000)

Card table byte_map: [0x0000000025740000,0x0000000025b90000] byte_map_base: 0x0000000021b80000

Polling page: 0x000000001f1a0000

Code Cache  [0x000000001f1c0000, 0x000000001f430000, 0x00000000251c0000)
 total_blobs=395 nmethods=110 adapters=203 free_code_cache=97047Kb largest_free_block=99375680

Compilation events (10 events):
Event: 0.186 Thread 0x000000000a431800  106       3       java.util.HashMap$FrontCache::get (32 bytes)
Event: 0.187 Thread 0x000000000a431800 nmethod 106 0x000000001f2f7ad0 code [0x000000001f2f7c60, 0x000000001f2f81d0]
Event: 0.188 Thread 0x000000000a431800  107       3       java.io.BufferedInputStream::getBufIfOpen (21 bytes)
Event: 0.188 Thread 0x000000000a431800 nmethod 107 0x000000001f2f8350 code [0x000000001f2f84c0, 0x000000001f2f8728]
Event: 0.188 Thread 0x000000000a431800  108  s    3       java.io.BufferedInputStream::read (49 bytes)
Event: 0.188 Thread 0x000000000a431800 nmethod 108 0x000000001f2f87d0 code [0x000000001f2f8960, 0x000000001f2f8ed8]
Event: 0.188 Thread 0x000000000a431800  109       3       java.io.DataInputStream::readInt (72 bytes)
Event: 0.188 Thread 0x000000000a431800 nmethod 109 0x000000001f2f9090 code [0x000000001f2f9260, 0x000000001f2f9848]
Event: 0.191 Thread 0x000000000a431800  110       3       java.util.HashMap::addEntry (59 bytes)
Event: 0.191 Thread 0x000000000a431800 nmethod 110 0x000000001f2f9c90 code [0x000000001f2f9e20, 0x000000001f2fa328]

GC Heap History (0 events):
No events

Deoptimization events (0 events):
No events

Internal exceptions (10 events):
Event: 0.171 Thread 0x000000000a09b000 Threw 0x00000007782ce948 at C:\jdk7u2_64p\jdk7u17\hotspot\src\share\vm\prims\jvm.cpp:1166
Event: 0.171 Thread 0x000000000a09b000 Threw 0x00000007782d06f0 at C:\jdk7u2_64p\jdk7u17\hotspot\src\share\vm\prims\jvm.cpp:1166
Event: 0.175 Thread 0x000000000a09b000 Threw 0x00000007782da8f8 at C:\jdk7u2_64p\jdk7u17\hotspot\src\share\vm\prims\jni.cpp:716
Event: 0.182 Thread 0x000000000a09b000 Threw 0x00000007782f3ad8 at C:\jdk7u2_64p\jdk7u17\hotspot\src\share\vm\prims\jvm.cpp:1166
Event: 0.183 Thread 0x000000000a09b000 Threw 0x00000007782fd348 at C:\jdk7u2_64p\jdk7u17\hotspot\src\share\vm\prims\jvm.cpp:1166
Event: 0.183 Thread 0x000000000a09b000 Threw 0x0000000778301220 at C:\jdk7u2_64p\jdk7u17\hotspot\src\share\vm\prims\jvm.cpp:1166
Event: 0.184 Thread 0x000000000a09b000 Threw 0x0000000778304858 at C:\jdk7u2_64p\jdk7u17\hotspot\src\share\vm\prims\jvm.cpp:1166
Event: 0.184 Thread 0x000000000a09b000 Threw 0x000000077830a4e8 at C:\jdk7u2_64p\jdk7u17\hotspot\src\share\vm\prims\jvm.cpp:1166
Event: 0.185 Thread 0x000000000a09b000 Threw 0x000000077831c050 at C:\jdk7u2_64p\jdk7u17\hotspot\src\share\vm\prims\jvm.cpp:1166
Event: 0.191 Thread 0x000000000a09b000 Threw 0x000000077833bc58 at C:\jdk7u2_64p\jdk7u17\hotspot\src\share\vm\prims\jvm.cpp:1166

Events (10 events):
Event: 0.190 loading class 0x000000000a4e32c0
Event: 0.190 loading class 0x000000000a4e32c0 done
Event: 0.190 loading class 0x000000000a0e4ee0
Event: 0.190 loading class 0x000000000a0e4ee0 done
Event: 0.190 loading class 0x000000000c332a50
Event: 0.190 loading class 0x000000000c332a50 done
Event: 0.190 loading class 0x000000000c332b40
Event: 0.190 loading class 0x000000000c332b40 done
Event: 0.191 loading class 0x000000000a507ce0
Event: 0.191 loading class 0x000000000a507ce0 done


Dynamic libraries:
0x0000000140000000 - 0x000000014000e000 	C:\Xilinx\14.7\ISE_DS\PlanAhead\bin\unwrapped\win64.o\planAhead.exe
0x00007ffeab330000 - 0x00007ffeab528000 	C:\Windows\SYSTEM32\ntdll.dll
0x00007ffea9f60000 - 0x00007ffeaa022000 	C:\Windows\System32\KERNEL32.DLL
0x00007ffea9020000 - 0x00007ffea9316000 	C:\Windows\System32\KERNELBASE.dll
0x000000000a900000 - 0x000000000a945000 	C:\Xilinx\14.7\ISE_DS\PlanAhead\lib\win64.o\SHSMP64.dll
0x0000000180000000 - 0x0000000180881000 	C:\Xilinx\14.7\ISE_DS\PlanAhead\lib\win64.o\librdi_common.dll
0x00007ffea98e0000 - 0x00007ffea9a7d000 	C:\Windows\System32\USER32.dll
0x00007ffea9320000 - 0x00007ffea9342000 	C:\Windows\System32\win32u.dll
0x00007ffea94d0000 - 0x00007ffea94fb000 	C:\Windows\System32\GDI32.dll
0x00007ffea8be0000 - 0x00007ffea8cfa000 	C:\Windows\System32\gdi32full.dll
0x0000000077180000 - 0x0000000077223000 	C:\Windows\WinSxS\amd64_microsoft.vc90.crt_1fc8b3b9a1e18e3b_9.0.30729.9625_none_08e1c10da83fbc83\MSVCR90.dll
0x00007ffea8f30000 - 0x00007ffea8fcd000 	C:\Windows\System32\msvcp_win.dll
0x00007ffea8e30000 - 0x00007ffea8f30000 	C:\Windows\System32\ucrtbase.dll
0x00007ffeaa420000 - 0x00007ffeaa4cf000 	C:\Windows\System32\ADVAPI32.dll
0x00007ffea9690000 - 0x00007ffea972e000 	C:\Windows\System32\msvcrt.dll
0x00007ffeaa040000 - 0x00007ffeaa0df000 	C:\Windows\System32\sechost.dll
0x00007ffeab0c0000 - 0x00007ffeab1e3000 	C:\Windows\System32\RPCRT4.dll
0x00007ffea8bb0000 - 0x00007ffea8bd7000 	C:\Windows\System32\bcrypt.dll
0x00007ffe9ecc0000 - 0x00007ffe9ecca000 	C:\Windows\SYSTEM32\VERSION.dll
0x00007ffeaa410000 - 0x00007ffeaa418000 	C:\Windows\System32\PSAPI.DLL
0x00007ffeaa4d0000 - 0x00007ffeaac3f000 	C:\Windows\System32\SHELL32.dll
0x0000000075f20000 - 0x000000007663f000 	C:\Xilinx\14.7\ISE_DS\PlanAhead\tps\win64\jre\bin\server\jvm.dll
0x0000000010000000 - 0x000000001012a000 	C:\Xilinx\14.7\ISE_DS\PlanAhead\lib\win64.o\tcl85t.dll
0x00007ffe92e80000 - 0x00007ffe93357000 	C:\Windows\SYSTEM32\WININET.dll
0x0000000012000000 - 0x0000000012282000 	C:\Xilinx\14.7\ISE_DS\PlanAhead\lib\win64.o\xerces-c_3_1.dll
0x00007ffe9f1a0000 - 0x00007ffe9f2aa000 	C:\Windows\SYSTEM32\WINHTTP.dll
0x00007ffe9b150000 - 0x00007ffe9b341000 	C:\Windows\SYSTEM32\urlmon.dll
0x00007ffea37d0000 - 0x00007ffea37d9000 	C:\Windows\SYSTEM32\WSOCK32.dll
0x00007ffeaa190000 - 0x00007ffeaa1fb000 	C:\Windows\System32\WS2_32.dll
0x0000000076640000 - 0x0000000076713000 	C:\Windows\WinSxS\amd64_microsoft.vc90.crt_1fc8b3b9a1e18e3b_9.0.30729.9625_none_08e1c10da83fbc83\MSVCP90.dll
0x00007ffea31e0000 - 0x00007ffea3207000 	C:\Windows\SYSTEM32\WINMM.dll
0x0000000075e40000 - 0x0000000075f12000 	C:\Windows\SYSTEM32\MSVCR100.dll
0x00007ffe9b5c0000 - 0x00007ffe9b87f000 	C:\Windows\SYSTEM32\iertutil.dll
0x00007ffe9b590000 - 0x00007ffe9b5b8000 	C:\Windows\SYSTEM32\srvcli.dll
0x00007ffea9c00000 - 0x00007ffea9f55000 	C:\Windows\System32\combase.dll
0x00007ffeaa0e0000 - 0x00007ffeaa18d000 	C:\Windows\System32\shcore.dll
0x00007ffea6a40000 - 0x00007ffea71e3000 	C:\Windows\SYSTEM32\windows.storage.dll
0x00007ffea7ed0000 - 0x00007ffea7edc000 	C:\Windows\SYSTEM32\netutils.dll
0x00007ffea8380000 - 0x00007ffea83ab000 	C:\Windows\SYSTEM32\Wldp.dll
0x00007ffeaa200000 - 0x00007ffeaa2cd000 	C:\Windows\System32\OLEAUT32.dll
0x00000000004d0000 - 0x00000000004e3000 	C:\Xilinx\14.7\ISE_DS\PlanAhead\lib\win64.o\libboost_signals.dll
0x0000000000960000 - 0x0000000000a4e000 	C:\Xilinx\14.7\ISE_DS\PlanAhead\lib\win64.o\stlport.5.2.dll
0x0000000000500000 - 0x0000000000516000 	C:\Xilinx\14.7\ISE_DS\PlanAhead\lib\win64.o\librdi_commonmain.dll
0x0000000000a50000 - 0x0000000000c8a000 	C:\Xilinx\14.7\ISE_DS\PlanAhead\lib\win64.o\libSecurity.dll
0x0000000000c90000 - 0x0000000000f79000 	C:\Xilinx\14.7\ISE_DS\PlanAhead\lib\win64.o\libCOIN-all.dll
0x0000000000540000 - 0x000000000054f000 	C:\Xilinx\14.7\ISE_DS\PlanAhead\lib\win64.o\libboost_date_time.dll
0x00007ffeaa330000 - 0x00007ffeaa40a000 	C:\Windows\System32\COMDLG32.dll
0x00007ffea9630000 - 0x00007ffea9685000 	C:\Windows\System32\SHLWAPI.dll
0x00007ffea9500000 - 0x00007ffea962b000 	C:\Windows\System32\ole32.dll
0x00007ffea8db0000 - 0x00007ffea8e23000 	C:\Windows\System32\WINTRUST.dll
0x0000000000f80000 - 0x0000000000fa7000 	C:\Xilinx\14.7\ISE_DS\PlanAhead\lib\win64.o\libboost_filesystem.dll
0x00007ffea8a50000 - 0x00007ffea8bad000 	C:\Windows\System32\CRYPT32.dll
0x0000000000fb0000 - 0x0000000001021000 	C:\Xilinx\14.7\ISE_DS\PlanAhead\lib\win64.o\libboost_program_options.dll
0x0000000001050000 - 0x00000000010ff000 	C:\Xilinx\14.7\ISE_DS\PlanAhead\lib\win64.o\libboost_regex.dll
0x0000000001100000 - 0x0000000001109000 	C:\Xilinx\14.7\ISE_DS\PlanAhead\lib\win64.o\libboost_system.dll
0x0000000001130000 - 0x0000000001146000 	C:\Xilinx\14.7\ISE_DS\PlanAhead\lib\win64.o\libboost_thread.dll
0x0000000001170000 - 0x00000000011b3000 	C:\Xilinx\14.7\ISE_DS\PlanAhead\lib\win64.o\libcurl.dll
0x00000000011c0000 - 0x0000000001277000 	C:\Xilinx\14.7\ISE_DS\PlanAhead\lib\win64.o\libhdxml.dll
0x0000000001280000 - 0x00000000017c30d3 	C:\Xilinx\14.7\ISE_DS\PlanAhead\lib\win64.o\libisl_iostreams.dll
0x00007ffeaa2d0000 - 0x00007ffeaa32e000 	C:\Windows\System32\WLDAP32.dll
0x00000000017e0000 - 0x00000000017f2000 	C:\Xilinx\14.7\ISE_DS\PlanAhead\lib\win64.o\pthreadVC.dll
0x0000000001800000 - 0x0000000001883000 	C:\Xilinx\14.7\ISE_DS\PlanAhead\lib\win64.o\libhdlpsolve.dll
0x00000000018a0000 - 0x00000000018b6000 	C:\Xilinx\14.7\ISE_DS\PlanAhead\lib\win64.o\librdiconfig.dll
0x00000000018e0000 - 0x00000000018fe000 	C:\Xilinx\14.7\ISE_DS\PlanAhead\lib\win64.o\librdizlib.dll
0x00007ffe9fb60000 - 0x00007ffe9fb79000 	C:\Windows\SYSTEM32\NETAPI32.dll
0x00007ffe8fae0000 - 0x00007ffe8fb90000 	C:\Windows\WinSxS\amd64_microsoft.windows.common-controls_6595b64144ccf1df_5.82.19041.4355_none_792ecafd2442822f\COMCTL32.dll
0x0000000001920000 - 0x0000000001949000 	C:\Xilinx\14.7\ISE_DS\PlanAhead\lib\win64.o\libisl_sysinfo.dll
0x0000000001960000 - 0x0000000001979000 	C:\Xilinx\14.7\ISE_DS\PlanAhead\lib\win64.o\libboost_iostreams.dll
0x0000000001980000 - 0x000000000198c000 	C:\Xilinx\14.7\ISE_DS\PlanAhead\lib\win64.o\libboost_chrono.dll
0x00007ffeab2a0000 - 0x00007ffeab2cf000 	C:\Windows\System32\IMM32.DLL
0x00007ffea8510000 - 0x00007ffea8522000 	C:\Windows\SYSTEM32\MSASN1.dll
0x0000000004d80000 - 0x0000000005073000 	C:\Xilinx\14.7\ISE_DS\PlanAhead\lib\win64.o\librdi_commontasks.dll
0x000000000c350000 - 0x000000000c990000 	C:\Xilinx\14.7\ISE_DS\PlanAhead\lib\win64.o\librdi_coretasks.dll
0x000000000c990000 - 0x000000000d9b0000 	C:\Xilinx\14.7\ISE_DS\PlanAhead\lib\win64.o\librdi_constraints.dll
0x000000000d9b0000 - 0x000000000db77000 	C:\Xilinx\14.7\ISE_DS\PlanAhead\lib\win64.o\librdi_chipscope.dll
0x0000000012290000 - 0x00000000158e1000 	C:\Xilinx\14.7\ISE_DS\PlanAhead\lib\win64.o\librdi_designutils.dll
0x000000000ee50000 - 0x000000000fa2a000 	C:\Xilinx\14.7\ISE_DS\PlanAhead\lib\win64.o\librdi_device.dll
0x000000000db80000 - 0x000000000ee4c000 	C:\Xilinx\14.7\ISE_DS\PlanAhead\lib\win64.o\librdi_coregen.dll
0x000000000fa30000 - 0x000000000fd44000 	C:\Xilinx\14.7\ISE_DS\PlanAhead\lib\win64.o\librdi_drc.dll
0x0000000010130000 - 0x0000000010506000 	C:\Xilinx\14.7\ISE_DS\PlanAhead\lib\win64.o\librdi_netlist.dll
0x0000000010510000 - 0x0000000011633000 	C:\Xilinx\14.7\ISE_DS\PlanAhead\lib\win64.o\librdi_place.dll
0x000000000fd50000 - 0x000000000ffde000 	C:\Xilinx\14.7\ISE_DS\PlanAhead\lib\win64.o\librdi_filemgmt.dll
0x0000000011640000 - 0x0000000011b62000 	C:\Xilinx\14.7\ISE_DS\PlanAhead\lib\win64.o\librdi_power.dll
0x0000000011b70000 - 0x0000000011f23000 	C:\Xilinx\14.7\ISE_DS\PlanAhead\lib\win64.o\librdi_project.dll
0x00000000158f0000 - 0x0000000015e8d000 	C:\Xilinx\14.7\ISE_DS\PlanAhead\lib\win64.o\librdi_rsb.dll
0x0000000015e90000 - 0x0000000016968000 	C:\Xilinx\14.7\ISE_DS\PlanAhead\lib\win64.o\librdi_timing.dll
0x0000000016970000 - 0x0000000016d68000 	C:\Xilinx\14.7\ISE_DS\PlanAhead\lib\win64.o\librdi_runs.dll
0x0000000077080000 - 0x0000000077091000 	C:\Windows\WinSxS\amd64_microsoft.vc90.openmp_1fc8b3b9a1e18e3b_9.0.30729.6161_none_390d35aa0a1f21f9\VCOMP90.DLL
0x0000000011f50000 - 0x0000000011f58000 	C:\Xilinx\14.7\ISE_DS\PlanAhead\lib\win64.o\libpsta_dllwrapper.dll
0x0000000011f60000 - 0x0000000011fce000 	C:\Xilinx\14.7\ISE_DS\PlanAhead\lib\win64.o\liblmx6.0.dll
0x0000000016d70000 - 0x0000000016ded000 	C:\Xilinx\14.7\ISE_DS\PlanAhead\lib\win64.o\libboost_serialization.dll
0x0000000016df0000 - 0x0000000017590000 	C:\Xilinx\14.7\ISE_DS\PlanAhead\lib\win64.o\libverific.dll
0x0000000017590000 - 0x0000000017ad4000 	C:\Xilinx\14.7\ISE_DS\PlanAhead\lib\win64.o\librdi_xdm.dll
0x0000000017ae0000 - 0x00000000182af000 	C:\Xilinx\14.7\ISE_DS\PlanAhead\lib\win64.o\librdi_coregenipxact.dll
0x00000000182d0000 - 0x00000000188be000 	C:\Xilinx\14.7\ISE_DS\PlanAhead\lib\win64.o\librdi_route.dll
0x00000000188c0000 - 0x0000000018aea000 	C:\Xilinx\14.7\ISE_DS\PlanAhead\lib\win64.o\librdi_labtools.dll
0x0000000018b00000 - 0x000000001903b000 	C:\Xilinx\14.7\ISE_DS\PlanAhead\lib\win64.o\librdi_memdata.dll
0x0000000019050000 - 0x000000001a77f000 	C:\Xilinx\14.7\ISE_DS\PlanAhead\lib\win64.o\librdi_synth.dll
0x000000001a790000 - 0x000000001a820000 	C:\Xilinx\14.7\ISE_DS\PlanAhead\lib\win64.o\libise.dll
0x000000001a830000 - 0x000000001ae0c000 	C:\Xilinx\14.7\ISE_DS\PlanAhead\lib\win64.o\librdi_abc_nomp.dll
0x000000001ae10000 - 0x000000001af38000 	C:\Xilinx\14.7\ISE_DS\PlanAhead\lib\win64.o\librdi_dlyest.dll
0x000000001af50000 - 0x000000001af6a000 	C:\Xilinx\14.7\ISE_DS\PlanAhead\lib\win64.o\librdi_hmetis.dll
0x000000001af80000 - 0x000000001b3be000 	C:\Xilinx\14.7\ISE_DS\PlanAhead\lib\win64.o\librdi_ip.dll
0x000000001b400000 - 0x000000001b43d000 	C:\Xilinx\14.7\ISE_DS\PlanAhead\lib\win64.o\librdi_simbridge_kernel.dll
0x000000001b450000 - 0x000000001b8c6000 	C:\Xilinx\14.7\ISE_DS\PlanAhead\lib\win64.o\librdi_wavedata.dll
0x000000001b8e0000 - 0x000000001d998000 	C:\Xilinx\14.7\ISE_DS\PlanAhead\lib\win64.o\librdi_tcltasks.dll
0x000000001d9b0000 - 0x000000001da84000 	C:\Xilinx\14.7\ISE_DS\PlanAhead\lib\win64.o\librdi_dsp.dll
0x000000001daa0000 - 0x000000001dcae000 	C:\Xilinx\14.7\ISE_DS\PlanAhead\lib\win64.o\librdi_simdata.dll
0x000000001dcb0000 - 0x000000001df24000 	C:\Xilinx\14.7\ISE_DS\PlanAhead\lib\win64.o\librdi_bitstream.dll
0x000000001df40000 - 0x000000001dfae000 	C:\Xilinx\14.7\ISE_DS\PlanAhead\lib\win64.o\librdi_edk.dll
0x000000001e0d0000 - 0x000000001e226000 	C:\Xilinx\14.7\ISE_DS\PlanAhead\lib\win64.o\librdi_planaheadtasks.dll
0x000000001e240000 - 0x000000001f088000 	C:\Xilinx\14.7\ISE_DS\PlanAhead\lib\win64.o\librdi_ipservicestasks.dll
0x0000000076f80000 - 0x0000000076f8f000 	C:\Xilinx\14.7\ISE_DS\PlanAhead\tps\win64\jre\bin\verify.dll
0x0000000075e10000 - 0x0000000075e38000 	C:\Xilinx\14.7\ISE_DS\PlanAhead\tps\win64\jre\bin\java.dll
0x0000000076f60000 - 0x0000000076f75000 	C:\Xilinx\14.7\ISE_DS\PlanAhead\tps\win64\jre\bin\zip.dll
0x0000000075df0000 - 0x0000000075e09000 	C:\Xilinx\14.7\ISE_DS\PlanAhead\tps\win64\jre\bin\net.dll
0x00007ffea80e0000 - 0x00007ffea814c000 	C:\Windows\system32\mswsock.dll
0x0000000075dd0000 - 0x0000000075de1000 	C:\Xilinx\14.7\ISE_DS\PlanAhead\tps\win64\jre\bin\nio.dll
0x000000002c180000 - 0x000000002c466000 	C:\Xilinx\14.7\ISE_DS\PlanAhead\lib\win64.o\librdi_fed.dll
0x000000002c480000 - 0x000000002c6e1000 	C:\Xilinx\14.7\ISE_DS\PlanAhead\lib\win64.o\librdi_guitools.dll
0x000000002c700000 - 0x000000002c707000 	C:\Xilinx\14.7\ISE_DS\PlanAhead\lib\win64.o\librdi_commonx11.dll
0x000000002c720000 - 0x000000002cb0e000 	C:\Xilinx\14.7\ISE_DS\PlanAhead\lib\win64.o\librdi_rsbtasks.dll
0x000000002cb20000 - 0x000000002cd69000 	C:\Xilinx\14.7\ISE_DS\PlanAhead\lib\win64.o\librdi_labtoolstasks.dll
0x000000002cd80000 - 0x000000002cf38000 	C:\Xilinx\14.7\ISE_DS\PlanAhead\lib\win64.o\librdi_simtcltasks.dll
0x0000000075c30000 - 0x0000000075dc3000 	C:\Xilinx\14.7\ISE_DS\PlanAhead\tps\win64\jre\bin\awt.dll
0x00007ffea5b90000 - 0x00007ffea5c24000 	C:\Windows\SYSTEM32\apphelp.dll
0x00007ffe9f4d0000 - 0x00007ffe9f6b4000 	C:\Windows\SYSTEM32\dbghelp.dll
0x00007ffea89c0000 - 0x00007ffea8a42000 	C:\Windows\System32\bcryptPrimitives.dll

VM Arguments:
jvm_args: -Dsun.java2d.pmoffscreen=false -Xverify:none -Dswing.aatext=true -XX:-UsePerfData -Djdk.map.althashing.threshold=512 -XX:PermSize=128m -XX:MaxPermSize=128m -XX:NewSize=60m -XX:MaxNewSize=60m -XX:+UseConcMarkSweepGC -XX:+UseParNewGC -XX:+CMSParallelRemarkEnabled -XX:+CMSScavengeBeforeRemark -XX:+UseNUMA -XX:+AggressiveOpts -XX:+UseFastAccessorMethods -XX:+UseFastEmptyMethods -XX:+UseBiasedLocking -XX:+TieredCompilation -Xms128m -Xmx2048m -Xss3m 
java_command: <unknown>
Launcher Type: generic

Environment Variables:
USERNAME=T470s
OS=Windows_NT
PROCESSOR_IDENTIFIER=Intel64 Family 6 Model 78 Stepping 3, GenuineIntel



---------------  S Y S T E M  ---------------

OS: Windows 8 , 64 bit Build 9200 

CPU:total 4 (2 cores per cpu, 2 threads per core) family 6 model 78 stepping 3, cmov, cx8, fxsr, mmx, sse, sse2, sse3, ssse3, sse4.1, sse4.2, popcnt, avx, avx2, ht, tsc, tscinvbit

Memory: 4k page, physical 8261904k(1479676k free), swap 11244248k(1295000k free)

vm_info: Java HotSpot(TM) 64-Bit Server VM (23.7-b01) for windows-amd64 JRE (1.7.0_17-b02), built on Mar  1 2013 03:38:30 by "java_re" with unknown MS VC++:1600

time: Sun Apr 20 22:31:29 2025
elapsed time: 0 seconds

