Release 14.7 - xst P.20131013 (nt64)
Copyright (c) 1995-2013 Xilinx, Inc.  All rights reserved.
--> Parameter TMPDIR set to xst/projnav.tmp


Total REAL time to Xst completion: 0.00 secs
Total CPU time to Xst completion: 0.11 secs
 
--> Parameter xsthdpdir set to xst


Total REAL time to Xst completion: 0.00 secs
Total CPU time to Xst completion: 0.12 secs
 
--> Reading design: Top.prj

TABLE OF CONTENTS
  1) Synthesis Options Summary
  2) HDL Parsing
  3) HDL Elaboration
  4) HDL Synthesis
       4.1) HDL Synthesis Report
  5) Advanced HDL Synthesis
       5.1) Advanced HDL Synthesis Report
  6) Low Level Synthesis
  7) Partition Report
  8) Design Summary
       8.1) Primitive and Black Box Usage
       8.2) Device utilization summary
       8.3) Partition Resource Summary
       8.4) Timing Report
            8.4.1) Clock Information
            8.4.2) Asynchronous Control Signals Information
            8.4.3) Timing Summary
            8.4.4) Timing Details
            8.4.5) Cross Clock Domains Report


=========================================================================
*                      Synthesis Options Summary                        *
=========================================================================
---- Source Parameters
Input File Name                    : "Top.prj"
Ignore Synthesis Constraint File   : NO

---- Target Parameters
Output File Name                   : "Top"
Output Format                      : NGC
Target Device                      : xc6slx9-2-csg324

---- Source Options
Top Module Name                    : Top
Automatic FSM Extraction           : YES
FSM Encoding Algorithm             : Auto
Safe Implementation                : No
FSM Style                          : LUT
RAM Extraction                     : Yes
RAM Style                          : Auto
ROM Extraction                     : Yes
Shift Register Extraction          : YES
ROM Style                          : Auto
Resource Sharing                   : YES
Asynchronous To Synchronous        : NO
Shift Register Minimum Size        : 2
Use DSP Block                      : Auto
Automatic Register Balancing       : No

---- Target Options
LUT Combining                      : Auto
Reduce Control Sets                : Auto
Add IO Buffers                     : YES
Global Maximum Fanout              : 100000
Add Generic Clock Buffer(BUFG)     : 16
Register Duplication               : YES
Optimize Instantiated Primitives   : NO
Use Clock Enable                   : Auto
Use Synchronous Set                : Auto
Use Synchronous Reset              : Auto
Pack IO Registers into IOBs        : Auto
Equivalent register Removal        : YES

---- General Options
Optimization Goal                  : Speed
Optimization Effort                : 1
Power Reduction                    : NO
Keep Hierarchy                     : No
Netlist Hierarchy                  : As_Optimized
RTL Output                         : Yes
Global Optimization                : AllClockNets
Read Cores                         : YES
Write Timing Constraints           : NO
Cross Clock Analysis               : NO
Hierarchy Separator                : /
Bus Delimiter                      : <>
Case Specifier                     : Maintain
Slice Utilization Ratio            : 100
BRAM Utilization Ratio             : 100
DSP48 Utilization Ratio            : 100
Auto BRAM Packing                  : NO
Slice Utilization Ratio Delta      : 5

=========================================================================


=========================================================================
*                          HDL Parsing                                  *
=========================================================================
Analyzing Verilog file "D:\Semester Data\6th semester\DSD LAB\lab03\down_counter_3bit\up_down.v" into library work
Parsing module <Clock_Divider>.
Parsing module <up_down_counter>.
Parsing module <BCD>.
Parsing module <Top>.

=========================================================================
*                            HDL Elaboration                            *
=========================================================================

Elaborating module <Top>.

Elaborating module <up_down_counter>.

Elaborating module <Clock_Divider>.
WARNING:HDLCompiler:413 - "D:\Semester Data\6th semester\DSD LAB\lab03\down_counter_3bit\up_down.v" Line 12: Result of 29-bit expression is truncated to fit in 28-bit target.
WARNING:HDLCompiler:413 - "D:\Semester Data\6th semester\DSD LAB\lab03\down_counter_3bit\up_down.v" Line 27: Result of 4-bit expression is truncated to fit in 3-bit target.
WARNING:HDLCompiler:413 - "D:\Semester Data\6th semester\DSD LAB\lab03\down_counter_3bit\up_down.v" Line 30: Result of 32-bit expression is truncated to fit in 3-bit target.

Elaborating module <BCD>.

=========================================================================
*                           HDL Synthesis                               *
=========================================================================

Synthesizing Unit <Top>.
    Related source file is "D:\Semester Data\6th semester\DSD LAB\lab03\down_counter_3bit\up_down.v".
    Summary:
	no macro.
Unit <Top> synthesized.

Synthesizing Unit <up_down_counter>.
    Related source file is "D:\Semester Data\6th semester\DSD LAB\lab03\down_counter_3bit\up_down.v".
    Found 3-bit register for signal <COUNT>.
    Found 3-bit adder for signal <COUNT[2]_GND_2_o_add_1_OUT> created at line 27.
    Found 3-bit subtractor for signal <GND_2_o_GND_2_o_sub_3_OUT<2:0>> created at line 30.
    Summary:
	inferred   1 Adder/Subtractor(s).
	inferred   3 D-type flip-flop(s).
Unit <up_down_counter> synthesized.

Synthesizing Unit <Clock_Divider>.
    Related source file is "D:\Semester Data\6th semester\DSD LAB\lab03\down_counter_3bit\up_down.v".
        DIVISOR = 28'b0101111101011110000100000000
    Found 1-bit register for signal <clock_out>.
    Found 28-bit register for signal <counter>.
    Found 28-bit adder for signal <counter[27]_GND_3_o_add_2_OUT> created at line 12.
    Summary:
	inferred   1 Adder/Subtractor(s).
	inferred  29 D-type flip-flop(s).
Unit <Clock_Divider> synthesized.

Synthesizing Unit <BCD>.
    Related source file is "D:\Semester Data\6th semester\DSD LAB\lab03\down_counter_3bit\up_down.v".
    Found 8x11-bit Read Only RAM for signal <seg>
    Summary:
	inferred   1 RAM(s).
Unit <BCD> synthesized.

=========================================================================
HDL Synthesis Report

Macro Statistics
# RAMs                                                 : 1
 8x11-bit single-port Read Only RAM                    : 1
# Adders/Subtractors                                   : 2
 28-bit adder                                          : 1
 3-bit addsub                                          : 1
# Registers                                            : 3
 1-bit register                                        : 1
 28-bit register                                       : 1
 3-bit register                                        : 1

=========================================================================

=========================================================================
*                       Advanced HDL Synthesis                          *
=========================================================================


Synthesizing (advanced) Unit <BCD>.
INFO:Xst:3218 - HDL ADVISOR - The RAM <Mram_seg> will be implemented on LUTs either because you have described an asynchronous read or because of currently unsupported block RAM features. If you have described an asynchronous read, making it synchronous would allow you to take advantage of available block RAM resources, for optimized device usage and improved timings. Please refer to your documentation for coding guidelines.
    -----------------------------------------------------------------------
    | ram_type           | Distributed                         |          |
    -----------------------------------------------------------------------
    | Port A                                                              |
    |     aspect ratio   | 8-word x 11-bit                     |          |
    |     weA            | connected to signal <GND>           | high     |
    |     addrA          | connected to signal <bcd>           |          |
    |     diA            | connected to signal <GND>           |          |
    |     doA            | connected to signal <seg>           |          |
    -----------------------------------------------------------------------
Unit <BCD> synthesized (advanced).

Synthesizing (advanced) Unit <Clock_Divider>.
The following registers are absorbed into counter <counter>: 1 register on signal <counter>.
Unit <Clock_Divider> synthesized (advanced).

Synthesizing (advanced) Unit <up_down_counter>.
The following registers are absorbed into counter <COUNT>: 1 register on signal <COUNT>.
Unit <up_down_counter> synthesized (advanced).

=========================================================================
Advanced HDL Synthesis Report

Macro Statistics
# RAMs                                                 : 1
 8x11-bit single-port distributed Read Only RAM        : 1
# Counters                                             : 2
 28-bit up counter                                     : 1
 3-bit updown counter                                  : 1
# Registers                                            : 1
 Flip-Flops                                            : 1

=========================================================================

=========================================================================
*                         Low Level Synthesis                           *
=========================================================================

Optimizing unit <Top> ...

Mapping all equations...
Building and optimizing final netlist ...
Found area constraint ratio of 100 (+ 5) on block Top, actual ratio is 0.

Final Macro Processing ...

=========================================================================
Final Register Report

Macro Statistics
# Registers                                            : 32
 Flip-Flops                                            : 32

=========================================================================

=========================================================================
*                           Partition Report                            *
=========================================================================

Partition Implementation Status
-------------------------------

  No Partitions were found in this design.

-------------------------------

=========================================================================
*                            Design Summary                             *
=========================================================================

Top Level Output File Name         : Top.ngc

Primitive and Black Box Usage:
------------------------------
# BELS                             : 132
#      GND                         : 1
#      INV                         : 2
#      LUT1                        : 27
#      LUT2                        : 28
#      LUT3                        : 10
#      LUT4                        : 1
#      LUT6                        : 7
#      MUXCY                       : 27
#      VCC                         : 1
#      XORCY                       : 28
# FlipFlops/Latches                : 32
#      FD                          : 32
# Clock Buffers                    : 1
#      BUFGP                       : 1
# IO Buffers                       : 12
#      IBUF                        : 1
#      OBUF                        : 11

Device utilization summary:
---------------------------

Selected Device : 6slx9csg324-2 


Slice Logic Utilization: 
 Number of Slice Registers:              32  out of  11440     0%  
 Number of Slice LUTs:                   75  out of   5720     1%  
    Number used as Logic:                75  out of   5720     1%  

Slice Logic Distribution: 
 Number of LUT Flip Flop pairs used:     75
   Number with an unused Flip Flop:      43  out of     75    57%  
   Number with an unused LUT:             0  out of     75     0%  
   Number of fully used LUT-FF pairs:    32  out of     75    42%  
   Number of unique control sets:         2

IO Utilization: 
 Number of IOs:                          13
 Number of bonded IOBs:                  13  out of    200     6%  

Specific Feature Utilization:
 Number of BUFG/BUFGCTRLs:                1  out of     16     6%  

---------------------------
Partition Resource Summary:
---------------------------

  No Partitions were found in this design.

---------------------------


=========================================================================
Timing Report

NOTE: THESE TIMING NUMBERS ARE ONLY A SYNTHESIS ESTIMATE.
      FOR ACCURATE TIMING INFORMATION PLEASE REFER TO THE TRACE REPORT
      GENERATED AFTER PLACE-and-ROUTE.

Clock Information:
------------------
-----------------------------------+------------------------+-------+
Clock Signal                       | Clock buffer(FF name)  | Load  |
-----------------------------------+------------------------+-------+
udc/c/clock_out                    | NONE(udc/COUNT_0)      | 3     |
clk                                | BUFGP                  | 29    |
-----------------------------------+------------------------+-------+
INFO:Xst:2169 - HDL ADVISOR - Some clock signals were not automatically buffered by XST with BUFG/BUFR resources. Please use the buffer_type constraint in order to insert these buffers to the clock signals to help prevent skew problems.

Asynchronous Control Signals Information:
----------------------------------------
No asynchronous control signals found in this design

Timing Summary:
---------------
Speed Grade: -2

   Minimum period: 4.739ns (Maximum Frequency: 211.015MHz)
   Minimum input arrival time before clock: 2.658ns
   Maximum output required time after clock: 5.633ns
   Maximum combinational path delay: No path found

Timing Details:
---------------
All values displayed in nanoseconds (ns)

=========================================================================
Timing constraint: Default period analysis for Clock 'udc/c/clock_out'
  Clock period: 2.542ns (frequency: 393.391MHz)
  Total number of paths / destination ports: 6 / 3
-------------------------------------------------------------------------
Delay:               2.542ns (Levels of Logic = 1)
  Source:            udc/COUNT_0 (FF)
  Destination:       udc/COUNT_0 (FF)
  Source Clock:      udc/c/clock_out rising
  Destination Clock: udc/c/clock_out rising

  Data Path: udc/COUNT_0 to udc/COUNT_0
                                Gate     Net
    Cell:in->out      fanout   Delay   Delay  Logical Name (Net Name)
    ----------------------------------------  ------------
     FD:C->Q              10   0.525   1.007  udc/COUNT_0 (udc/COUNT_0)
     INV:I->O              1   0.255   0.681  Result<0>1_INV_0 (Result<0>)
     FD:D                      0.074          udc/COUNT_0
    ----------------------------------------
    Total                      2.542ns (0.854ns logic, 1.688ns route)
                                       (33.6% logic, 66.4% route)

=========================================================================
Timing constraint: Default period analysis for Clock 'clk'
  Clock period: 4.739ns (frequency: 211.015MHz)
  Total number of paths / destination ports: 1220 / 29
-------------------------------------------------------------------------
Delay:               4.739ns (Levels of Logic = 3)
  Source:            udc/c/counter_24 (FF)
  Destination:       udc/c/counter_0 (FF)
  Source Clock:      clk rising
  Destination Clock: clk rising

  Data Path: udc/c/counter_24 to udc/c/counter_0
                                Gate     Net
    Cell:in->out      fanout   Delay   Delay  Logical Name (Net Name)
    ----------------------------------------  ------------
     FD:C->Q               2   0.525   1.181  udc/c/counter_24 (udc/c/counter_24)
     LUT6:I0->O            3   0.254   1.042  udc/c/GND_3_o_GND_3_o_equal_2_o<27>7_SW0 (N0)
     LUT6:I2->O           15   0.254   1.155  udc/c/GND_3_o_GND_3_o_equal_2_o<27>7 (udc/c/GND_3_o_GND_3_o_equal_2_o)
     LUT2:I1->O            1   0.254   0.000  udc/c/counter_0_rstpot (udc/c/counter_0_rstpot)
     FD:D                      0.074          udc/c/counter_0
    ----------------------------------------
    Total                      4.739ns (1.361ns logic, 3.378ns route)
                                       (28.7% logic, 71.3% route)

=========================================================================
Timing constraint: Default OFFSET IN BEFORE for Clock 'udc/c/clock_out'
  Total number of paths / destination ports: 2 / 2
-------------------------------------------------------------------------
Offset:              2.658ns (Levels of Logic = 2)
  Source:            rst (PAD)
  Destination:       udc/COUNT_2 (FF)
  Destination Clock: udc/c/clock_out rising

  Data Path: rst to udc/COUNT_2
                                Gate     Net
    Cell:in->out      fanout   Delay   Delay  Logical Name (Net Name)
    ----------------------------------------  ------------
     IBUF:I->O             2   1.328   1.002  rst_IBUF (rst_IBUF)
     LUT4:I0->O            1   0.254   0.000  Result<2>1 (Result<2>)
     FD:D                      0.074          udc/COUNT_2
    ----------------------------------------
    Total                      2.658ns (1.656ns logic, 1.002ns route)
                                       (62.3% logic, 37.7% route)

=========================================================================
Timing constraint: Default OFFSET OUT AFTER for Clock 'udc/c/clock_out'
  Total number of paths / destination ports: 24 / 8
-------------------------------------------------------------------------
Offset:              5.633ns (Levels of Logic = 2)
  Source:            udc/COUNT_0 (FF)
  Destination:       seg<6> (PAD)
  Source Clock:      udc/c/clock_out rising

  Data Path: udc/COUNT_0 to seg<6>
                                Gate     Net
    Cell:in->out      fanout   Delay   Delay  Logical Name (Net Name)
    ----------------------------------------  ------------
     FD:C->Q              10   0.525   1.236  udc/COUNT_0 (udc/COUNT_0)
     LUT3:I0->O            2   0.235   0.725  seg<6>1 (seg_6_OBUF)
     OBUF:I->O                 2.912          seg_6_OBUF (seg<6>)
    ----------------------------------------
    Total                      5.633ns (3.672ns logic, 1.961ns route)
                                       (65.2% logic, 34.8% route)

=========================================================================

Cross Clock Domains Report:
--------------------------

Clock to Setup on destination clock clk
---------------+---------+---------+---------+---------+
               | Src:Rise| Src:Fall| Src:Rise| Src:Fall|
Source Clock   |Dest:Rise|Dest:Rise|Dest:Fall|Dest:Fall|
---------------+---------+---------+---------+---------+
clk            |    4.739|         |         |         |
---------------+---------+---------+---------+---------+

Clock to Setup on destination clock udc/c/clock_out
---------------+---------+---------+---------+---------+
               | Src:Rise| Src:Fall| Src:Rise| Src:Fall|
Source Clock   |Dest:Rise|Dest:Rise|Dest:Fall|Dest:Fall|
---------------+---------+---------+---------+---------+
udc/c/clock_out|    2.542|         |         |         |
---------------+---------+---------+---------+---------+

=========================================================================


Total REAL time to Xst completion: 6.00 secs
Total CPU time to Xst completion: 6.05 secs
 
--> 

Total memory usage is 4486780 kilobytes

Number of errors   :    0 (   0 filtered)
Number of warnings :    3 (   0 filtered)
Number of infos    :    2 (   0 filtered)

