#
# A fatal error has been detected by the Java Runtime Environment:
#
#  EXCEPTION_UNCAUGHT_CXX_EXCEPTION (0xe06d7363) at pc=0x00007ffd490db699, pid=17396, tid=19128
#
# JRE version: 7.0_17-b02
# Java VM: Java HotSpot(TM) 64-Bit Server VM (23.7-b01 mixed mode windows-amd64 compressed oops)
# Problematic frame:
# C  [KERNELBASE.dll+0x3b699]  RaiseException+0x69
#
# Failed to write core dump. Minidumps are not enabled by default on client versions of Windows
#
# If you would like to submit a bug report, please visit:
#   http://bugreport.sun.com/bugreport/crash.jsp
# The crash happened outside the Java Virtual Machine in native code.
# See problematic frame for where to report the bug.
#

---------------  T H R E A D  ---------------

Current thread (0x000000000a8fb000):  JavaThread "main" [_thread_in_native, id=19128, stack(0x000000001f8b0000,0x000000001f9b0000)]

siginfo: ExceptionCode=0xe06d7363, ExceptionInformation=0x0000000019930520 0x000000001f9ae348 0x0000000001241910 0x00000000011a0000 

Registers:
RAX=0x00000000563e22ae, RBX=0x000000001f9ad970, RCX=0x0000000000000000, RDX=0x000000000a990230
RSP=0x000000001f9abbc0, RBP=0x000000001f9ac290, RSI=0x000000001f9ae1c0, RDI=0x000000001f9aca30
R8 =0x0000000000000000, R9 =0xfe1456db00000000, R10=0x24ecc179081611ae, R11=0x69a4e03635024081
R12=0x000000001f9ae560, R13=0x000000001f9ad038, R14=0x0000000000000000, R15=0x000000001f9abd18
RIP=0x00007ffd490db699, EFLAGS=0x0000000000000206

Top of Stack: (sp=0x000000001f9abbc0)
0x000000001f9abbc0:   000000000a9ce680 000000001f9ad970
0x000000001f9abbd0:   000000001f9ae1c0 00007ffd490f877b
0x000000001f9abbe0:   00000001e06d7363 0000000000000000
0x000000001f9abbf0:   00007ffd490db699 0000000000000004
0x000000001f9abc00:   0000000019930520 000000001f9ae348
0x000000001f9abc10:   0000000001241910 00000000011a0000
0x000000001f9abc20:   00009b88870d4fda 0000000001218110
0x000000001f9abc30:   000000001f9ad970 000000005746334a
0x000000001f9abc40:   0000000000000000 000000000a8ffd20
0x000000001f9abc50:   0000000000000000 000000001f9aca30
0x000000001f9abc60:   000000001f9aca30 000000005746336b
0x000000001f9abc70:   000000001f9ad970 000000001f9ae560
0x000000001f9abc80:   0000f868e9e9d1b7 000000000a990230
0x000000001f9abc90:   000000001f9ad970 00000000574a3bb8
0x000000001f9abca0:   00000000012180e0 000000001f9ad038
0x000000001f9abcb0:   0000000000000100 0000000000000000 

Instructions: (pc=0x00007ffd490db699)
0x00007ffd490db679:   8b d1 44 0f 47 c0 44 89 44 24 38 49 c1 e0 03 e8
0x00007ffd490db689:   6a b5 07 00 48 8d 4c 24 20 48 ff 15 8f 7b 1a 00
0x00007ffd490db699:   0f 1f 44 00 00 48 8b 8c 24 c0 00 00 00 48 33 cc
0x00007ffd490db6a9:   e8 12 38 05 00 48 81 c4 d8 00 00 00 c3 cc 83 64 


Register to memory mapping:

RAX=0x00000000563e22ae is an unknown value
RBX=0x000000001f9ad970 is pointing into the stack for thread: 0x000000000a8fb000
RCX=0x0000000000000000 is an unknown value
RDX=0x000000000a990230 is an unknown value
RSP=0x000000001f9abbc0 is pointing into the stack for thread: 0x000000000a8fb000
RBP=0x000000001f9ac290 is pointing into the stack for thread: 0x000000000a8fb000
RSI=0x000000001f9ae1c0 is pointing into the stack for thread: 0x000000000a8fb000
RDI=0x000000001f9aca30 is pointing into the stack for thread: 0x000000000a8fb000
R8 =0x0000000000000000 is an unknown value
R9 =0xfe1456db00000000 is an unknown value
R10=0x24ecc179081611ae is an unknown value
R11=0x69a4e03635024081 is an unknown value
R12=0x000000001f9ae560 is pointing into the stack for thread: 0x000000000a8fb000
R13=0x000000001f9ad038 is pointing into the stack for thread: 0x000000000a8fb000
R14=0x0000000000000000 is an unknown value
R15=0x000000001f9abd18 is pointing into the stack for thread: 0x000000000a8fb000


Stack: [0x000000001f8b0000,0x000000001f9b0000],  sp=0x000000001f9abbc0,  free space=1006k
Native frames: (J=compiled Java code, j=interpreted, Vv=VM code, C=native code)
C  [KERNELBASE.dll+0x3b699]  RaiseException+0x69
C  0x000000001f9ac8f0

Java frames: (J=compiled Java code, j=interpreted, Vv=VM code)
j  ui.data.common.parami.ParamMgr_getValueAsBool(JLjava/lang/String;)Z+0
j  ui.data.common.F.jw(Ljava/lang/String;)Z+5
j  ui.data.common.F.aWC()Z+5
j  ui.h.I.aWC()Z+6
j  ui.aL.aGY()Ljava/lang/String;+0
j  ui.PlanAhead.<clinit>()V+316
v  ~StubRoutines::call_stub

---------------  P R O C E S S  ---------------

Java Threads: ( => current thread )
  0x000000000aa71000 JavaThread "Service Thread" daemon [_thread_blocked, id=280, stack(0x000000002c590000,0x000000002c890000)]
  0x000000000ace1800 JavaThread "C1 CompilerThread2" daemon [_thread_blocked, id=5016, stack(0x000000002c490000,0x000000002c590000)]
  0x000000000acd1800 JavaThread "C2 CompilerThread1" daemon [_thread_blocked, id=392, stack(0x000000002c390000,0x000000002c490000)]
  0x000000000abe1000 JavaThread "C2 CompilerThread0" daemon [_thread_blocked, id=7284, stack(0x000000002c290000,0x000000002c390000)]
  0x000000000ac41800 JavaThread "Attach Listener" daemon [_thread_blocked, id=3744, stack(0x000000002bf90000,0x000000002c290000)]
  0x000000000ada2000 JavaThread "Signal Dispatcher" daemon [_thread_blocked, id=9844, stack(0x000000002bc90000,0x000000002bf90000)]
  0x000000000ada4000 JavaThread "Surrogate Locker Thread (Concurrent GC)" daemon [_thread_blocked, id=4328, stack(0x000000002b990000,0x000000002bc90000)]
  0x000000000ac05800 JavaThread "Finalizer" daemon [_thread_blocked, id=11004, stack(0x000000002b690000,0x000000002b990000)]
  0x000000000ac07000 JavaThread "Reference Handler" daemon [_thread_blocked, id=13772, stack(0x000000002b390000,0x000000002b690000)]
=>0x000000000a8fb000 JavaThread "main" [_thread_in_native, id=19128, stack(0x000000001f8b0000,0x000000001f9b0000)]

Other Threads:
  0x000000000abb2000 VMThread [stack: 0x000000002b290000,0x000000002b390000] [id=4760]
  0x000000000ab21000 WatcherThread [stack: 0x000000002c890000,0x000000002c990000] [id=15456]

VM state:not at safepoint (normal execution)

VM Mutex/Monitor currently owned by a thread: None

Heap
 par new generation   total 55296K, used 4045K [0x0000000778000000, 0x000000077bc00000, 0x000000077bc00000)
  eden space 49152K,   8% used [0x0000000778000000, 0x00000007783f36c8, 0x000000077b000000)
  from space 6144K,   0% used [0x000000077b000000, 0x000000077b000000, 0x000000077b600000)
  to   space 6144K,   0% used [0x000000077b600000, 0x000000077b600000, 0x000000077bc00000)
 concurrent mark-sweep generation total 69632K, used 0K [0x000000077bc00000, 0x0000000780000000, 0x00000007f8000000)
 concurrent-mark-sweep perm gen total 131072K, used 5139K [0x00000007f8000000, 0x0000000800000000, 0x0000000800000000)

Card table byte_map: [0x0000000025f50000,0x00000000263a0000] byte_map_base: 0x0000000022390000

Polling page: 0x000000001f9b0000

Code Cache  [0x000000001f9d0000, 0x000000001fc40000, 0x00000000259d0000)
 total_blobs=394 nmethods=109 adapters=203 free_code_cache=97031Kb largest_free_block=99358848

Compilation events (10 events):
Event: 0.364 Thread 0x000000000ace1800  105       3       java.lang.String::lastIndexOf (13 bytes)
Event: 0.364 Thread 0x000000000ace1800 nmethod 105 0x000000001fb0b6d0 code [0x000000001fb0b840, 0x000000001fb0ba88]
Event: 0.366 Thread 0x000000000ace1800  106       3       java.util.HashMap$FrontCache::get (32 bytes)
Event: 0.366 Thread 0x000000000ace1800 nmethod 106 0x000000001fb0c5d0 code [0x000000001fb0c760, 0x000000001fb0ccd0]
Event: 0.368 Thread 0x000000000ace1800  107       3       java.io.BufferedInputStream::getBufIfOpen (21 bytes)
Event: 0.368 Thread 0x000000000ace1800 nmethod 107 0x000000001fb0ce50 code [0x000000001fb0cfc0, 0x000000001fb0d228]
Event: 0.368 Thread 0x000000000ace1800  108  s    3       java.io.BufferedInputStream::read (49 bytes)
Event: 0.368 Thread 0x000000000ace1800 nmethod 108 0x000000001fb0d2d0 code [0x000000001fb0d460, 0x000000001fb0d9d8]
Event: 0.368 Thread 0x000000000ace1800  109       3       java.io.DataInputStream::readInt (72 bytes)
Event: 0.369 Thread 0x000000000ace1800 nmethod 109 0x000000001fb0db90 code [0x000000001fb0dd60, 0x000000001fb0e348]

GC Heap History (0 events):
No events

Deoptimization events (0 events):
No events

Internal exceptions (10 events):
Event: 0.341 Thread 0x000000000a8fb000 Threw 0x00000007782cec70 at C:\jdk7u2_64p\jdk7u17\hotspot\src\share\vm\prims\jvm.cpp:1166
Event: 0.341 Thread 0x000000000a8fb000 Threw 0x00000007782d0a18 at C:\jdk7u2_64p\jdk7u17\hotspot\src\share\vm\prims\jvm.cpp:1166
Event: 0.348 Thread 0x000000000a8fb000 Threw 0x00000007782dabb0 at C:\jdk7u2_64p\jdk7u17\hotspot\src\share\vm\prims\jni.cpp:716
Event: 0.359 Thread 0x000000000a8fb000 Threw 0x00000007782f3d50 at C:\jdk7u2_64p\jdk7u17\hotspot\src\share\vm\prims\jvm.cpp:1166
Event: 0.360 Thread 0x000000000a8fb000 Threw 0x00000007782fd560 at C:\jdk7u2_64p\jdk7u17\hotspot\src\share\vm\prims\jvm.cpp:1166
Event: 0.360 Thread 0x000000000a8fb000 Threw 0x0000000778301370 at C:\jdk7u2_64p\jdk7u17\hotspot\src\share\vm\prims\jvm.cpp:1166
Event: 0.361 Thread 0x000000000a8fb000 Threw 0x0000000778304a08 at C:\jdk7u2_64p\jdk7u17\hotspot\src\share\vm\prims\jvm.cpp:1166
Event: 0.362 Thread 0x000000000a8fb000 Threw 0x000000077830a838 at C:\jdk7u2_64p\jdk7u17\hotspot\src\share\vm\prims\jvm.cpp:1166
Event: 0.363 Thread 0x000000000a8fb000 Threw 0x000000077831c360 at C:\jdk7u2_64p\jdk7u17\hotspot\src\share\vm\prims\jvm.cpp:1166
Event: 0.372 Thread 0x000000000a8fb000 Threw 0x000000077833bf98 at C:\jdk7u2_64p\jdk7u17\hotspot\src\share\vm\prims\jvm.cpp:1166

Events (10 events):
Event: 0.371 loading class 0x000000000ad932f0
Event: 0.371 loading class 0x000000000ad932f0 done
Event: 0.371 loading class 0x000000000a994ee0
Event: 0.371 loading class 0x000000000a994ee0 done
Event: 0.371 loading class 0x000000002d7d2a80
Event: 0.371 loading class 0x000000002d7d2a80 done
Event: 0.371 loading class 0x000000002d7d2b70
Event: 0.372 loading class 0x000000002d7d2b70 done
Event: 0.372 loading class 0x000000000adb7ce0
Event: 0.372 loading class 0x000000000adb7ce0 done


Dynamic libraries:
0x0000000140000000 - 0x000000014000e000 	C:\Xilinx\14.7\ISE_DS\PlanAhead\bin\unwrapped\win64.o\planAhead.exe
0x00007ffd4b910000 - 0x00007ffd4bb08000 	C:\Windows\SYSTEM32\ntdll.dll
0x00007ffd4a580000 - 0x00007ffd4a642000 	C:\Windows\System32\KERNEL32.DLL
0x00007ffd490a0000 - 0x00007ffd49396000 	C:\Windows\System32\KERNELBASE.dll
0x0000000180000000 - 0x0000000180013000 	C:\Xilinx\14.7\ISE_DS\PlanAhead\lib\win64.o\libboost_signals.dll
0x000000000a900000 - 0x000000000a945000 	C:\Xilinx\14.7\ISE_DS\PlanAhead\lib\win64.o\SHSMP64.dll
0x00007ffd4b730000 - 0x00007ffd4b8cd000 	C:\Windows\System32\USER32.dll
0x00007ffd49750000 - 0x00007ffd49772000 	C:\Windows\System32\win32u.dll
0x0000000057460000 - 0x0000000057503000 	C:\Windows\WinSxS\amd64_microsoft.vc90.crt_1fc8b3b9a1e18e3b_9.0.30729.9625_none_08e1c10da83fbc83\MSVCR90.dll
0x00007ffd4b3c0000 - 0x00007ffd4b3eb000 	C:\Windows\System32\GDI32.dll
0x00007ffd493a0000 - 0x00007ffd494ba000 	C:\Windows\System32\gdi32full.dll
0x00007ffd49890000 - 0x00007ffd4992d000 	C:\Windows\System32\msvcp_win.dll
0x00007ffd48fa0000 - 0x00007ffd490a0000 	C:\Windows\System32\ucrtbase.dll
0x00007ffd4b4a0000 - 0x00007ffd4b54f000 	C:\Windows\System32\ADVAPI32.dll
0x00007ffd4b1f0000 - 0x00007ffd4b28e000 	C:\Windows\System32\msvcrt.dll
0x00007ffd4b320000 - 0x00007ffd4b3bf000 	C:\Windows\System32\sechost.dll
0x00007ffd4a310000 - 0x00007ffd4a433000 	C:\Windows\System32\RPCRT4.dll
0x00007ffd496d0000 - 0x00007ffd496f7000 	C:\Windows\System32\bcrypt.dll
0x00007ffd39750000 - 0x00007ffd3975a000 	C:\Windows\SYSTEM32\VERSION.dll
0x0000000000910000 - 0x0000000001191000 	C:\Xilinx\14.7\ISE_DS\PlanAhead\lib\win64.o\librdi_common.dll
0x00000000001e0000 - 0x00000000001f6000 	C:\Xilinx\14.7\ISE_DS\PlanAhead\lib\win64.o\librdi_commonmain.dll
0x00007ffd4b400000 - 0x00007ffd4b408000 	C:\Windows\System32\PSAPI.DLL
0x00000000011a0000 - 0x000000000128e000 	C:\Xilinx\14.7\ISE_DS\PlanAhead\lib\win64.o\stlport.5.2.dll
0x00007ffd49ba0000 - 0x00007ffd4a30f000 	C:\Windows\System32\SHELL32.dll
0x0000000056370000 - 0x0000000056a8f000 	C:\Xilinx\14.7\ISE_DS\PlanAhead\tps\win64\jre\bin\server\jvm.dll
0x00007ffd31e00000 - 0x00007ffd322d7000 	C:\Windows\SYSTEM32\WININET.dll
0x0000000010000000 - 0x000000001012a000 	C:\Xilinx\14.7\ISE_DS\PlanAhead\lib\win64.o\tcl85t.dll
0x0000000012000000 - 0x0000000012282000 	C:\Xilinx\14.7\ISE_DS\PlanAhead\lib\win64.o\xerces-c_3_1.dll
0x00007ffd3ae70000 - 0x00007ffd3af7a000 	C:\Windows\SYSTEM32\WINHTTP.dll
0x00007ffd39550000 - 0x00007ffd39741000 	C:\Windows\SYSTEM32\urlmon.dll
0x00007ffd433a0000 - 0x00007ffd433a9000 	C:\Windows\SYSTEM32\WSOCK32.dll
0x00007ffd4b410000 - 0x00007ffd4b47b000 	C:\Windows\System32\WS2_32.dll
0x00000000572f0000 - 0x00000000573c3000 	C:\Windows\WinSxS\amd64_microsoft.vc90.crt_1fc8b3b9a1e18e3b_9.0.30729.9625_none_08e1c10da83fbc83\MSVCP90.dll
0x00007ffd42740000 - 0x00007ffd42767000 	C:\Windows\SYSTEM32\WINMM.dll
0x0000000057120000 - 0x00000000571f2000 	C:\Windows\SYSTEM32\MSVCR100.dll
0x00007ffd39a70000 - 0x00007ffd39d2f000 	C:\Windows\SYSTEM32\iertutil.dll
0x00007ffd48450000 - 0x00007ffd4845c000 	C:\Windows\SYSTEM32\netutils.dll
0x00007ffd4ae30000 - 0x00007ffd4b185000 	C:\Windows\System32\combase.dll
0x00007ffd47020000 - 0x00007ffd477c3000 	C:\Windows\SYSTEM32\windows.storage.dll
0x00007ffd39a40000 - 0x00007ffd39a68000 	C:\Windows\SYSTEM32\srvcli.dll
0x00007ffd48900000 - 0x00007ffd4892b000 	C:\Windows\SYSTEM32\Wldp.dll
0x00007ffd4ad80000 - 0x00007ffd4ae2d000 	C:\Windows\System32\shcore.dll
0x00007ffd4aad0000 - 0x00007ffd4ab9d000 	C:\Windows\System32\OLEAUT32.dll
0x00000000012a0000 - 0x0000000001589000 	C:\Xilinx\14.7\ISE_DS\PlanAhead\lib\win64.o\libCOIN-all.dll
0x00000000015a0000 - 0x00000000015af000 	C:\Xilinx\14.7\ISE_DS\PlanAhead\lib\win64.o\libboost_date_time.dll
0x00000000015b0000 - 0x00000000017ea000 	C:\Xilinx\14.7\ISE_DS\PlanAhead\lib\win64.o\libSecurity.dll
0x0000000001800000 - 0x0000000001871000 	C:\Xilinx\14.7\ISE_DS\PlanAhead\lib\win64.o\libboost_program_options.dll
0x0000000001880000 - 0x00000000018a7000 	C:\Xilinx\14.7\ISE_DS\PlanAhead\lib\win64.o\libboost_filesystem.dll
0x00007ffd4a4a0000 - 0x00007ffd4a57a000 	C:\Windows\System32\COMDLG32.dll
0x00000000018c0000 - 0x000000000196f000 	C:\Xilinx\14.7\ISE_DS\PlanAhead\lib\win64.o\libboost_regex.dll
0x00007ffd4a440000 - 0x00007ffd4a495000 	C:\Windows\System32\SHLWAPI.dll
0x00007ffd4b600000 - 0x00007ffd4b72b000 	C:\Windows\System32\ole32.dll
0x00007ffd49780000 - 0x00007ffd497f3000 	C:\Windows\System32\WINTRUST.dll
0x00007ffd49570000 - 0x00007ffd496cd000 	C:\Windows\System32\CRYPT32.dll
0x0000000001980000 - 0x0000000001989000 	C:\Xilinx\14.7\ISE_DS\PlanAhead\lib\win64.o\libboost_system.dll
0x0000000001990000 - 0x00000000019a6000 	C:\Xilinx\14.7\ISE_DS\PlanAhead\lib\win64.o\libboost_thread.dll
0x00000000019c0000 - 0x0000000001a03000 	C:\Xilinx\14.7\ISE_DS\PlanAhead\lib\win64.o\libcurl.dll
0x00007ffd49930000 - 0x00007ffd4998e000 	C:\Windows\System32\WLDAP32.dll
0x0000000001a20000 - 0x0000000001f630d3 	C:\Xilinx\14.7\ISE_DS\PlanAhead\lib\win64.o\libisl_iostreams.dll
0x0000000001f70000 - 0x0000000001ff3000 	C:\Xilinx\14.7\ISE_DS\PlanAhead\lib\win64.o\libhdlpsolve.dll
0x0000000002010000 - 0x0000000002039000 	C:\Xilinx\14.7\ISE_DS\PlanAhead\lib\win64.o\libisl_sysinfo.dll
0x0000000002050000 - 0x0000000002107000 	C:\Xilinx\14.7\ISE_DS\PlanAhead\lib\win64.o\libhdxml.dll
0x0000000002120000 - 0x0000000002136000 	C:\Xilinx\14.7\ISE_DS\PlanAhead\lib\win64.o\librdiconfig.dll
0x0000000002170000 - 0x000000000218e000 	C:\Xilinx\14.7\ISE_DS\PlanAhead\lib\win64.o\librdizlib.dll
0x0000000002190000 - 0x00000000021a2000 	C:\Xilinx\14.7\ISE_DS\PlanAhead\lib\win64.o\pthreadVC.dll
0x00007ffd3ef20000 - 0x00007ffd3ef39000 	C:\Windows\SYSTEM32\NETAPI32.dll
0x00007ffd06330000 - 0x00007ffd063e0000 	C:\Windows\WinSxS\amd64_microsoft.windows.common-controls_6595b64144ccf1df_5.82.19041.4355_none_792ecafd2442822f\COMCTL32.dll
0x00000000021f0000 - 0x00000000021fc000 	C:\Xilinx\14.7\ISE_DS\PlanAhead\lib\win64.o\libboost_chrono.dll
0x00000000021d0000 - 0x00000000021e9000 	C:\Xilinx\14.7\ISE_DS\PlanAhead\lib\win64.o\libboost_iostreams.dll
0x00007ffd4b550000 - 0x00007ffd4b57f000 	C:\Windows\System32\IMM32.DLL
0x00007ffd48af0000 - 0x00007ffd48b02000 	C:\Windows\SYSTEM32\MSASN1.dll
0x0000000005680000 - 0x0000000005973000 	C:\Xilinx\14.7\ISE_DS\PlanAhead\lib\win64.o\librdi_commontasks.dll
0x000000000cb50000 - 0x000000000d190000 	C:\Xilinx\14.7\ISE_DS\PlanAhead\lib\win64.o\librdi_coretasks.dll
0x000000000d190000 - 0x000000000d357000 	C:\Xilinx\14.7\ISE_DS\PlanAhead\lib\win64.o\librdi_chipscope.dll
0x0000000012290000 - 0x00000000158e1000 	C:\Xilinx\14.7\ISE_DS\PlanAhead\lib\win64.o\librdi_designutils.dll
0x000000000e380000 - 0x000000000f64c000 	C:\Xilinx\14.7\ISE_DS\PlanAhead\lib\win64.o\librdi_coregen.dll
0x000000000d360000 - 0x000000000e380000 	C:\Xilinx\14.7\ISE_DS\PlanAhead\lib\win64.o\librdi_constraints.dll
0x0000000010130000 - 0x0000000010d0a000 	C:\Xilinx\14.7\ISE_DS\PlanAhead\lib\win64.o\librdi_device.dll
0x000000000f650000 - 0x000000000f964000 	C:\Xilinx\14.7\ISE_DS\PlanAhead\lib\win64.o\librdi_drc.dll
0x000000000f970000 - 0x000000000fd46000 	C:\Xilinx\14.7\ISE_DS\PlanAhead\lib\win64.o\librdi_netlist.dll
0x000000000fd50000 - 0x000000000ffde000 	C:\Xilinx\14.7\ISE_DS\PlanAhead\lib\win64.o\librdi_filemgmt.dll
0x0000000010d10000 - 0x0000000011e33000 	C:\Xilinx\14.7\ISE_DS\PlanAhead\lib\win64.o\librdi_place.dll
0x00000000158f0000 - 0x0000000015e12000 	C:\Xilinx\14.7\ISE_DS\PlanAhead\lib\win64.o\librdi_power.dll
0x0000000015e20000 - 0x00000000161d3000 	C:\Xilinx\14.7\ISE_DS\PlanAhead\lib\win64.o\librdi_project.dll
0x00000000161e0000 - 0x000000001677d000 	C:\Xilinx\14.7\ISE_DS\PlanAhead\lib\win64.o\librdi_rsb.dll
0x0000000016780000 - 0x0000000016b78000 	C:\Xilinx\14.7\ISE_DS\PlanAhead\lib\win64.o\librdi_runs.dll
0x0000000016b80000 - 0x0000000017658000 	C:\Xilinx\14.7\ISE_DS\PlanAhead\lib\win64.o\librdi_timing.dll
0x00000000572d0000 - 0x00000000572e1000 	C:\Windows\WinSxS\amd64_microsoft.vc90.openmp_1fc8b3b9a1e18e3b_9.0.30729.6161_none_390d35aa0a1f21f9\VCOMP90.DLL
0x0000000011e70000 - 0x0000000011ede000 	C:\Xilinx\14.7\ISE_DS\PlanAhead\lib\win64.o\liblmx6.0.dll
0x0000000017660000 - 0x0000000017e2f000 	C:\Xilinx\14.7\ISE_DS\PlanAhead\lib\win64.o\librdi_coregenipxact.dll
0x0000000017e30000 - 0x00000000185d0000 	C:\Xilinx\14.7\ISE_DS\PlanAhead\lib\win64.o\libverific.dll
0x0000000011ef0000 - 0x0000000011f6d000 	C:\Xilinx\14.7\ISE_DS\PlanAhead\lib\win64.o\libboost_serialization.dll
0x00000000185d0000 - 0x0000000018b14000 	C:\Xilinx\14.7\ISE_DS\PlanAhead\lib\win64.o\librdi_xdm.dll
0x0000000011f90000 - 0x0000000011f98000 	C:\Xilinx\14.7\ISE_DS\PlanAhead\lib\win64.o\libpsta_dllwrapper.dll
0x0000000018b20000 - 0x0000000018d4a000 	C:\Xilinx\14.7\ISE_DS\PlanAhead\lib\win64.o\librdi_labtools.dll
0x0000000018d50000 - 0x000000001918e000 	C:\Xilinx\14.7\ISE_DS\PlanAhead\lib\win64.o\librdi_ip.dll
0x0000000019190000 - 0x00000000196cb000 	C:\Xilinx\14.7\ISE_DS\PlanAhead\lib\win64.o\librdi_memdata.dll
0x00000000196d0000 - 0x000000001adff000 	C:\Xilinx\14.7\ISE_DS\PlanAhead\lib\win64.o\librdi_synth.dll
0x000000001ae00000 - 0x000000001b3ee000 	C:\Xilinx\14.7\ISE_DS\PlanAhead\lib\win64.o\librdi_route.dll
0x000000001b3f0000 - 0x000000001b480000 	C:\Xilinx\14.7\ISE_DS\PlanAhead\lib\win64.o\libise.dll
0x000000001b480000 - 0x000000001ba5c000 	C:\Xilinx\14.7\ISE_DS\PlanAhead\lib\win64.o\librdi_abc_nomp.dll
0x000000001ba70000 - 0x000000001bb98000 	C:\Xilinx\14.7\ISE_DS\PlanAhead\lib\win64.o\librdi_dlyest.dll
0x000000001bbb0000 - 0x000000001bbca000 	C:\Xilinx\14.7\ISE_DS\PlanAhead\lib\win64.o\librdi_hmetis.dll
0x000000001bc10000 - 0x000000001bc4d000 	C:\Xilinx\14.7\ISE_DS\PlanAhead\lib\win64.o\librdi_simbridge_kernel.dll
0x000000001bc60000 - 0x000000001c0d6000 	C:\Xilinx\14.7\ISE_DS\PlanAhead\lib\win64.o\librdi_wavedata.dll
0x000000001c0f0000 - 0x000000001e1a8000 	C:\Xilinx\14.7\ISE_DS\PlanAhead\lib\win64.o\librdi_tcltasks.dll
0x000000001e1c0000 - 0x000000001e294000 	C:\Xilinx\14.7\ISE_DS\PlanAhead\lib\win64.o\librdi_dsp.dll
0x000000001e2b0000 - 0x000000001e524000 	C:\Xilinx\14.7\ISE_DS\PlanAhead\lib\win64.o\librdi_bitstream.dll
0x000000001e530000 - 0x000000001e59e000 	C:\Xilinx\14.7\ISE_DS\PlanAhead\lib\win64.o\librdi_edk.dll
0x000000001e5c0000 - 0x000000001e7ce000 	C:\Xilinx\14.7\ISE_DS\PlanAhead\lib\win64.o\librdi_simdata.dll
0x000000001e8e0000 - 0x000000001ea36000 	C:\Xilinx\14.7\ISE_DS\PlanAhead\lib\win64.o\librdi_planaheadtasks.dll
0x000000001ea50000 - 0x000000001f898000 	C:\Xilinx\14.7\ISE_DS\PlanAhead\lib\win64.o\librdi_ipservicestasks.dll
0x00000000572c0000 - 0x00000000572cf000 	C:\Xilinx\14.7\ISE_DS\PlanAhead\tps\win64\jre\bin\verify.dll
0x0000000057290000 - 0x00000000572b8000 	C:\Xilinx\14.7\ISE_DS\PlanAhead\tps\win64\jre\bin\java.dll
0x0000000057270000 - 0x0000000057285000 	C:\Xilinx\14.7\ISE_DS\PlanAhead\tps\win64\jre\bin\zip.dll
0x0000000057250000 - 0x0000000057269000 	C:\Xilinx\14.7\ISE_DS\PlanAhead\tps\win64\jre\bin\net.dll
0x00007ffd48660000 - 0x00007ffd486cc000 	C:\Windows\system32\mswsock.dll
0x0000000057100000 - 0x0000000057111000 	C:\Xilinx\14.7\ISE_DS\PlanAhead\tps\win64\jre\bin\nio.dll
0x000000002c990000 - 0x000000002cc76000 	C:\Xilinx\14.7\ISE_DS\PlanAhead\lib\win64.o\librdi_fed.dll
0x000000002cc90000 - 0x000000002cef1000 	C:\Xilinx\14.7\ISE_DS\PlanAhead\lib\win64.o\librdi_guitools.dll
0x000000002cf10000 - 0x000000002cf17000 	C:\Xilinx\14.7\ISE_DS\PlanAhead\lib\win64.o\librdi_commonx11.dll
0x000000002cf30000 - 0x000000002d31e000 	C:\Xilinx\14.7\ISE_DS\PlanAhead\lib\win64.o\librdi_rsbtasks.dll
0x000000002d330000 - 0x000000002d579000 	C:\Xilinx\14.7\ISE_DS\PlanAhead\lib\win64.o\librdi_labtoolstasks.dll
0x000000002d590000 - 0x000000002d748000 	C:\Xilinx\14.7\ISE_DS\PlanAhead\lib\win64.o\librdi_simtcltasks.dll
0x00000000561d0000 - 0x0000000056363000 	C:\Xilinx\14.7\ISE_DS\PlanAhead\tps\win64\jre\bin\awt.dll
0x00007ffd45f80000 - 0x00007ffd46014000 	C:\Windows\SYSTEM32\apphelp.dll
0x00007ffd34ea0000 - 0x00007ffd35084000 	C:\Windows\SYSTEM32\dbghelp.dll
0x00007ffd49800000 - 0x00007ffd49882000 	C:\Windows\System32\bcryptPrimitives.dll

VM Arguments:
jvm_args: -Dsun.java2d.pmoffscreen=false -Xverify:none -Dswing.aatext=true -XX:-UsePerfData -Djdk.map.althashing.threshold=512 -XX:PermSize=128m -XX:MaxPermSize=128m -XX:NewSize=60m -XX:MaxNewSize=60m -XX:+UseConcMarkSweepGC -XX:+UseParNewGC -XX:+CMSParallelRemarkEnabled -XX:+CMSScavengeBeforeRemark -XX:+UseNUMA -XX:+AggressiveOpts -XX:+UseFastAccessorMethods -XX:+UseFastEmptyMethods -XX:+UseBiasedLocking -XX:+TieredCompilation -Xms128m -Xmx2048m -Xss3m 
java_command: <unknown>
Launcher Type: generic

Environment Variables:
USERNAME=T470s
OS=Windows_NT
PROCESSOR_IDENTIFIER=Intel64 Family 6 Model 78 Stepping 3, GenuineIntel



---------------  S Y S T E M  ---------------

OS: Windows 8 , 64 bit Build 9200 

CPU:total 4 (2 cores per cpu, 2 threads per core) family 6 model 78 stepping 3, cmov, cx8, fxsr, mmx, sse, sse2, sse3, ssse3, sse4.1, sse4.2, popcnt, avx, avx2, ht, tsc, tscinvbit

Memory: 4k page, physical 8261904k(3018104k free), swap 11693396k(4585696k free)

vm_info: Java HotSpot(TM) 64-Bit Server VM (23.7-b01) for windows-amd64 JRE (1.7.0_17-b02), built on Mar  1 2013 03:38:30 by "java_re" with unknown MS VC++:1600

time: Mon May 05 12:41:17 2025
elapsed time: 0 seconds

