Release 14.7 - xst P.20131013 (nt64)
Copyright (c) 1995-2013 Xilinx, Inc.  All rights reserved.
--> Parameter TMPDIR set to xst/projnav.tmp


Total REAL time to Xst completion: 0.00 secs
Total CPU time to Xst completion: 0.16 secs
 
--> Parameter xsthdpdir set to xst


Total REAL time to Xst completion: 0.00 secs
Total CPU time to Xst completion: 0.16 secs
 
--> Reading design: top.prj

TABLE OF CONTENTS
  1) Synthesis Options Summary
  2) HDL Parsing
  3) HDL Elaboration
  4) HDL Synthesis
       4.1) HDL Synthesis Report
  5) Advanced HDL Synthesis
       5.1) Advanced HDL Synthesis Report
  6) Low Level Synthesis
  7) Partition Report
  8) Design Summary
       8.1) Primitive and Black Box Usage
       8.2) Device utilization summary
       8.3) Partition Resource Summary
       8.4) Timing Report
            8.4.1) Clock Information
            8.4.2) Asynchronous Control Signals Information
            8.4.3) Timing Summary
            8.4.4) Timing Details
            8.4.5) Cross Clock Domains Report


=========================================================================
*                      Synthesis Options Summary                        *
=========================================================================
---- Source Parameters
Input File Name                    : "top.prj"
Ignore Synthesis Constraint File   : NO

---- Target Parameters
Output File Name                   : "top"
Output Format                      : NGC
Target Device                      : xc6slx9-2-csg324

---- Source Options
Top Module Name                    : top
Automatic FSM Extraction           : YES
FSM Encoding Algorithm             : Auto
Safe Implementation                : No
FSM Style                          : LUT
RAM Extraction                     : Yes
RAM Style                          : Auto
ROM Extraction                     : Yes
Shift Register Extraction          : YES
ROM Style                          : Auto
Resource Sharing                   : YES
Asynchronous To Synchronous        : NO
Shift Register Minimum Size        : 2
Use DSP Block                      : Auto
Automatic Register Balancing       : No

---- Target Options
LUT Combining                      : Auto
Reduce Control Sets                : Auto
Add IO Buffers                     : YES
Global Maximum Fanout              : 100000
Add Generic Clock Buffer(BUFG)     : 16
Register Duplication               : YES
Optimize Instantiated Primitives   : NO
Use Clock Enable                   : Auto
Use Synchronous Set                : Auto
Use Synchronous Reset              : Auto
Pack IO Registers into IOBs        : Auto
Equivalent register Removal        : YES

---- General Options
Optimization Goal                  : Speed
Optimization Effort                : 1
Power Reduction                    : NO
Keep Hierarchy                     : No
Netlist Hierarchy                  : As_Optimized
RTL Output                         : Yes
Global Optimization                : AllClockNets
Read Cores                         : YES
Write Timing Constraints           : NO
Cross Clock Analysis               : NO
Hierarchy Separator                : /
Bus Delimiter                      : <>
Case Specifier                     : Maintain
Slice Utilization Ratio            : 100
BRAM Utilization Ratio             : 100
DSP48 Utilization Ratio            : 100
Auto BRAM Packing                  : NO
Slice Utilization Ratio Delta      : 5

=========================================================================


=========================================================================
*                          HDL Parsing                                  *
=========================================================================
Analyzing Verilog file "D:\Semester Data\6th semester\DSD LAB\lab03\lab09\task01.v" into library work
Parsing module <light_switch>.
Parsing module <Clock_Divider>.
Parsing module <df1>.
Parsing module <Synchronizer>.
Parsing module <level_to_pulse>.
Parsing module <top>.

=========================================================================
*                            HDL Elaboration                            *
=========================================================================

Elaborating module <top>.

Elaborating module <Clock_Divider>.
WARNING:HDLCompiler:413 - "D:\Semester Data\6th semester\DSD LAB\lab03\lab09\task01.v" Line 51: Result of 29-bit expression is truncated to fit in 28-bit target.

Elaborating module <Synchronizer>.

Elaborating module <df1>.

Elaborating module <level_to_pulse>.

Elaborating module <light_switch>.

=========================================================================
*                           HDL Synthesis                               *
=========================================================================

Synthesizing Unit <top>.
    Related source file is "D:\Semester Data\6th semester\DSD LAB\lab03\lab09\task01.v".
    Summary:
	no macro.
Unit <top> synthesized.

Synthesizing Unit <Clock_Divider>.
    Related source file is "D:\Semester Data\6th semester\DSD LAB\lab03\lab09\task01.v".
        DIVISOR = 28'b0101111101011110000100000000
    Found 1-bit register for signal <clock_out>.
    Found 28-bit register for signal <counter>.
    Found 28-bit adder for signal <counter[27]_GND_2_o_add_2_OUT> created at line 51.
    Summary:
	inferred   1 Adder/Subtractor(s).
	inferred  29 D-type flip-flop(s).
Unit <Clock_Divider> synthesized.

Synthesizing Unit <Synchronizer>.
    Related source file is "D:\Semester Data\6th semester\DSD LAB\lab03\lab09\task01.v".
    Summary:
	no macro.
Unit <Synchronizer> synthesized.

Synthesizing Unit <df1>.
    Related source file is "D:\Semester Data\6th semester\DSD LAB\lab03\lab09\task01.v".
    Found 1-bit register for signal <q>.
    Summary:
	inferred   1 D-type flip-flop(s).
Unit <df1> synthesized.

Synthesizing Unit <level_to_pulse>.
    Related source file is "D:\Semester Data\6th semester\DSD LAB\lab03\lab09\task01.v".
    Summary:
	no macro.
Unit <level_to_pulse> synthesized.

Synthesizing Unit <light_switch>.
    Related source file is "D:\Semester Data\6th semester\DSD LAB\lab03\lab09\task01.v".
        S0 = 2'b00
        S1 = 2'b01
    Found 2-bit register for signal <state>.
    Found 1-bit register for signal <led>.
    Found finite state machine <FSM_0> for signal <state>.
    -----------------------------------------------------------------------
    | States             | 2                                              |
    | Transitions        | 4                                              |
    | Inputs             | 2                                              |
    | Outputs            | 3                                              |
    | Clock              | clk (rising_edge)                              |
    | Reset              | rst (positive)                                 |
    | Reset type         | asynchronous                                   |
    | Reset State        | 00                                             |
    | Encoding           | auto                                           |
    | Implementation     | LUT                                            |
    -----------------------------------------------------------------------
    Summary:
	inferred   1 D-type flip-flop(s).
	inferred   1 Finite State Machine(s).
Unit <light_switch> synthesized.

=========================================================================
HDL Synthesis Report

Macro Statistics
# Adders/Subtractors                                   : 1
 28-bit adder                                          : 1
# Registers                                            : 6
 1-bit register                                        : 5
 28-bit register                                       : 1
# FSMs                                                 : 1

=========================================================================

=========================================================================
*                       Advanced HDL Synthesis                          *
=========================================================================


Synthesizing (advanced) Unit <Clock_Divider>.
The following registers are absorbed into counter <counter>: 1 register on signal <counter>.
Unit <Clock_Divider> synthesized (advanced).

=========================================================================
Advanced HDL Synthesis Report

Macro Statistics
# Counters                                             : 1
 28-bit up counter                                     : 1
# Registers                                            : 5
 Flip-Flops                                            : 5
# FSMs                                                 : 1

=========================================================================

=========================================================================
*                         Low Level Synthesis                           *
=========================================================================
Analyzing FSM <MFsm> for best encoding.
Optimizing FSM <FSM_0> on signal <state[1:1]> with sequential encoding.
-------------------
 State | Encoding
-------------------
 00    | 0
 01    | 1
-------------------
INFO:Xst:2261 - The FF/Latch <l2/led> in Unit <top> is equivalent to the following FF/Latch, which will be removed : <l2/state_FSM_FFd1> 

Optimizing unit <top> ...

Mapping all equations...
Building and optimizing final netlist ...
Found area constraint ratio of 100 (+ 5) on block top, actual ratio is 0.

Final Macro Processing ...

=========================================================================
Final Register Report

Macro Statistics
# Registers                                            : 33
 Flip-Flops                                            : 33

=========================================================================

=========================================================================
*                           Partition Report                            *
=========================================================================

Partition Implementation Status
-------------------------------

  No Partitions were found in this design.

-------------------------------

=========================================================================
*                            Design Summary                             *
=========================================================================

Top Level Output File Name         : top.ngc

Primitive and Black Box Usage:
------------------------------
# BELS                             : 124
#      GND                         : 1
#      INV                         : 2
#      LUT1                        : 27
#      LUT2                        : 28
#      LUT3                        : 3
#      LUT6                        : 7
#      MUXCY                       : 27
#      VCC                         : 1
#      XORCY                       : 28
# FlipFlops/Latches                : 33
#      FD                          : 29
#      FDC                         : 4
# Clock Buffers                    : 1
#      BUFGP                       : 1
# IO Buffers                       : 3
#      IBUF                        : 2
#      OBUF                        : 1

Device utilization summary:
---------------------------

Selected Device : 6slx9csg324-2 


Slice Logic Utilization: 
 Number of Slice Registers:              33  out of  11440     0%  
 Number of Slice LUTs:                   67  out of   5720     1%  
    Number used as Logic:                67  out of   5720     1%  

Slice Logic Distribution: 
 Number of LUT Flip Flop pairs used:     70
   Number with an unused Flip Flop:      37  out of     70    52%  
   Number with an unused LUT:             3  out of     70     4%  
   Number of fully used LUT-FF pairs:    30  out of     70    42%  
   Number of unique control sets:         3

IO Utilization: 
 Number of IOs:                           4
 Number of bonded IOBs:                   4  out of    200     2%  

Specific Feature Utilization:
 Number of BUFG/BUFGCTRLs:                1  out of     16     6%  

---------------------------
Partition Resource Summary:
---------------------------

  No Partitions were found in this design.

---------------------------


=========================================================================
Timing Report

NOTE: THESE TIMING NUMBERS ARE ONLY A SYNTHESIS ESTIMATE.
      FOR ACCURATE TIMING INFORMATION PLEASE REFER TO THE TRACE REPORT
      GENERATED AFTER PLACE-and-ROUTE.

Clock Information:
------------------
-----------------------------------+------------------------+-------+
Clock Signal                       | Clock buffer(FF name)  | Load  |
-----------------------------------+------------------------+-------+
c1/clock_out                       | NONE(s1/inst2/q)       | 4     |
clk                                | BUFGP                  | 29    |
-----------------------------------+------------------------+-------+
INFO:Xst:2169 - HDL ADVISOR - Some clock signals were not automatically buffered by XST with BUFG/BUFR resources. Please use the buffer_type constraint in order to insert these buffers to the clock signals to help prevent skew problems.

Asynchronous Control Signals Information:
----------------------------------------
No asynchronous control signals found in this design

Timing Summary:
---------------
Speed Grade: -2

   Minimum period: 4.739ns (Maximum Frequency: 211.015MHz)
   Minimum input arrival time before clock: 3.532ns
   Maximum output required time after clock: 4.162ns
   Maximum combinational path delay: No path found

Timing Details:
---------------
All values displayed in nanoseconds (ns)

=========================================================================
Timing constraint: Default period analysis for Clock 'c1/clock_out'
  Clock period: 1.788ns (frequency: 559.284MHz)
  Total number of paths / destination ports: 5 / 3
-------------------------------------------------------------------------
Delay:               1.788ns (Levels of Logic = 1)
  Source:            l2/led (FF)
  Destination:       l2/led (FF)
  Source Clock:      c1/clock_out rising
  Destination Clock: c1/clock_out rising

  Data Path: l2/led to l2/led
                                Gate     Net
    Cell:in->out      fanout   Delay   Delay  Logical Name (Net Name)
    ----------------------------------------  ------------
     FDC:C->Q              2   0.525   0.954  l2/led (l2/led)
     LUT3:I0->O            1   0.235   0.000  l2/state_FSM_FFd1-In1 (l2/next_state[1]_GND_6_o_equal_2_o)
     FDC:D                     0.074          l2/led
    ----------------------------------------
    Total                      1.788ns (0.834ns logic, 0.954ns route)
                                       (46.6% logic, 53.4% route)

=========================================================================
Timing constraint: Default period analysis for Clock 'clk'
  Clock period: 4.739ns (frequency: 211.015MHz)
  Total number of paths / destination ports: 1220 / 29
-------------------------------------------------------------------------
Delay:               4.739ns (Levels of Logic = 3)
  Source:            c1/counter_24 (FF)
  Destination:       c1/counter_0 (FF)
  Source Clock:      clk rising
  Destination Clock: clk rising

  Data Path: c1/counter_24 to c1/counter_0
                                Gate     Net
    Cell:in->out      fanout   Delay   Delay  Logical Name (Net Name)
    ----------------------------------------  ------------
     FD:C->Q               2   0.525   1.181  c1/counter_24 (c1/counter_24)
     LUT6:I0->O            3   0.254   1.042  c1/GND_2_o_GND_2_o_equal_2_o<27>7_SW0 (N3)
     LUT6:I2->O           15   0.254   1.155  c1/GND_2_o_GND_2_o_equal_2_o<27>7 (c1/GND_2_o_GND_2_o_equal_2_o)
     LUT2:I1->O            1   0.254   0.000  c1/counter_0_rstpot (c1/counter_0_rstpot)
     FD:D                      0.074          c1/counter_0
    ----------------------------------------
    Total                      4.739ns (1.361ns logic, 3.378ns route)
                                       (28.7% logic, 71.3% route)

=========================================================================
Timing constraint: Default OFFSET IN BEFORE for Clock 'c1/clock_out'
  Total number of paths / destination ports: 5 / 5
-------------------------------------------------------------------------
Offset:              3.532ns (Levels of Logic = 2)
  Source:            RST (PAD)
  Destination:       s1/inst2/q (FF)
  Destination Clock: c1/clock_out rising

  Data Path: RST to s1/inst2/q
                                Gate     Net
    Cell:in->out      fanout   Delay   Delay  Logical Name (Net Name)
    ----------------------------------------  ------------
     IBUF:I->O             2   1.328   0.725  RST_IBUF (RST_IBUF)
     INV:I->O              3   0.255   0.765  l1/dff/rst_inv1_INV_0 (l1/dff/rst_inv)
     FDC:CLR                   0.459          l1/dff/q
    ----------------------------------------
    Total                      3.532ns (2.042ns logic, 1.490ns route)
                                       (57.8% logic, 42.2% route)

=========================================================================
Timing constraint: Default OFFSET OUT AFTER for Clock 'c1/clock_out'
  Total number of paths / destination ports: 1 / 1
-------------------------------------------------------------------------
Offset:              4.162ns (Levels of Logic = 1)
  Source:            l2/led (FF)
  Destination:       led (PAD)
  Source Clock:      c1/clock_out rising

  Data Path: l2/led to led
                                Gate     Net
    Cell:in->out      fanout   Delay   Delay  Logical Name (Net Name)
    ----------------------------------------  ------------
     FDC:C->Q              2   0.525   0.725  l2/led (l2/led)
     OBUF:I->O                 2.912          led_OBUF (led)
    ----------------------------------------
    Total                      4.162ns (3.437ns logic, 0.725ns route)
                                       (82.6% logic, 17.4% route)

=========================================================================

Cross Clock Domains Report:
--------------------------

Clock to Setup on destination clock c1/clock_out
---------------+---------+---------+---------+---------+
               | Src:Rise| Src:Fall| Src:Rise| Src:Fall|
Source Clock   |Dest:Rise|Dest:Rise|Dest:Fall|Dest:Fall|
---------------+---------+---------+---------+---------+
c1/clock_out   |    1.788|         |         |         |
---------------+---------+---------+---------+---------+

Clock to Setup on destination clock clk
---------------+---------+---------+---------+---------+
               | Src:Rise| Src:Fall| Src:Rise| Src:Fall|
Source Clock   |Dest:Rise|Dest:Rise|Dest:Fall|Dest:Fall|
---------------+---------+---------+---------+---------+
clk            |    4.739|         |         |         |
---------------+---------+---------+---------+---------+

=========================================================================


Total REAL time to Xst completion: 7.00 secs
Total CPU time to Xst completion: 6.77 secs
 
--> 

Total memory usage is 4486780 kilobytes

Number of errors   :    0 (   0 filtered)
Number of warnings :    1 (   0 filtered)
Number of infos    :    2 (   0 filtered)

