#
# A fatal error has been detected by the Java Runtime Environment:
#
#  EXCEPTION_UNCAUGHT_CXX_EXCEPTION (0xe06d7363) at pc=0x00007fffabcdb699, pid=2056, tid=16220
#
# JRE version: 7.0_17-b02
# Java VM: Java HotSpot(TM) 64-Bit Server VM (23.7-b01 mixed mode windows-amd64 compressed oops)
# Problematic frame:
# C  [KERNELBASE.dll+0x3b699]  RaiseException+0x69
#
# Failed to write core dump. Minidumps are not enabled by default on client versions of Windows
#
# If you would like to submit a bug report, please visit:
#   http://bugreport.sun.com/bugreport/crash.jsp
# The crash happened outside the Java Virtual Machine in native code.
# See problematic frame for where to report the bug.
#

---------------  T H R E A D  ---------------

Current thread (0x000000000a00b000):  JavaThread "main" [_thread_in_native, id=16220, stack(0x000000001f030000,0x000000001f130000)]

siginfo: ExceptionCode=0xe06d7363, ExceptionInformation=0x0000000019930520 0x000000001f12e348 0x0000000000a11910 0x0000000000970000 

Registers:
RAX=0x00000000616322ae, RBX=0x000000001f12d970, RCX=0x0000000000000000, RDX=0x000000000a050230
RSP=0x000000001f12bbc0, RBP=0x000000001f12c290, RSI=0x000000001f12e1c0, RDI=0x000000001f12ca30
R8 =0x0000000000000000, R9 =0xfe1456db00000000, R10=0x24ecc179081611ae, R11=0x69a4e03635024081
R12=0x000000001f12e560, R13=0x000000001f12d038, R14=0x0000000000000000, R15=0x000000001f12bd18
RIP=0x00007fffabcdb699, EFLAGS=0x0000000000000206

Top of Stack: (sp=0x000000001f12bbc0)
0x000000001f12bbc0:   000000000a08e680 000000001f12d970
0x000000001f12bbd0:   000000001f12e1c0 00007fffabcf877b
0x000000001f12bbe0:   00000001e06d7363 0000000000000000
0x000000001f12bbf0:   00007fffabcdb699 0000000000000004
0x000000001f12bc00:   0000000019930520 000000001f12e348
0x000000001f12bc10:   0000000000a11910 0000000000970000
0x000000001f12bc20:   0000c3100313771d 00000000009e8110
0x000000001f12bc30:   000000001f12d970 000000006228334a
0x000000001f12bc40:   0000000000000000 000000000a00fd20
0x000000001f12bc50:   0000000000000000 000000001f12ca30
0x000000001f12bc60:   000000001f12ca30 000000006228336b
0x000000001f12bc70:   000000001f12d970 000000001f12e560
0x000000001f12bc80:   00003b20f3d03b49 000000000a050230
0x000000001f12bc90:   000000001f12d970 00000000622c3bb8
0x000000001f12bca0:   00000000009e80e0 000000001f12d038
0x000000001f12bcb0:   0000000000000100 0000000000000000 

Instructions: (pc=0x00007fffabcdb699)
0x00007fffabcdb679:   8b d1 44 0f 47 c0 44 89 44 24 38 49 c1 e0 03 e8
0x00007fffabcdb689:   6a b5 07 00 48 8d 4c 24 20 48 ff 15 8f 7b 1a 00
0x00007fffabcdb699:   0f 1f 44 00 00 48 8b 8c 24 c0 00 00 00 48 33 cc
0x00007fffabcdb6a9:   e8 12 38 05 00 48 81 c4 d8 00 00 00 c3 cc 83 64 


Register to memory mapping:

RAX=0x00000000616322ae is an unknown value
RBX=0x000000001f12d970 is pointing into the stack for thread: 0x000000000a00b000
RCX=0x0000000000000000 is an unknown value
RDX=0x000000000a050230 is an unknown value
RSP=0x000000001f12bbc0 is pointing into the stack for thread: 0x000000000a00b000
RBP=0x000000001f12c290 is pointing into the stack for thread: 0x000000000a00b000
RSI=0x000000001f12e1c0 is pointing into the stack for thread: 0x000000000a00b000
RDI=0x000000001f12ca30 is pointing into the stack for thread: 0x000000000a00b000
R8 =0x0000000000000000 is an unknown value
R9 =0xfe1456db00000000 is an unknown value
R10=0x24ecc179081611ae is an unknown value
R11=0x69a4e03635024081 is an unknown value
R12=0x000000001f12e560 is pointing into the stack for thread: 0x000000000a00b000
R13=0x000000001f12d038 is pointing into the stack for thread: 0x000000000a00b000
R14=0x0000000000000000 is an unknown value
R15=0x000000001f12bd18 is pointing into the stack for thread: 0x000000000a00b000


Stack: [0x000000001f030000,0x000000001f130000],  sp=0x000000001f12bbc0,  free space=1006k
Native frames: (J=compiled Java code, j=interpreted, Vv=VM code, C=native code)
C  [KERNELBASE.dll+0x3b699]  RaiseException+0x69
C  0x000000001f12c8f0

Java frames: (J=compiled Java code, j=interpreted, Vv=VM code)
j  ui.data.common.parami.ParamMgr_getValueAsBool(JLjava/lang/String;)Z+0
j  ui.data.common.F.jw(Ljava/lang/String;)Z+5
j  ui.data.common.F.aWC()Z+5
j  ui.h.I.aWC()Z+6
j  ui.aL.aGY()Ljava/lang/String;+0
j  ui.PlanAhead.<clinit>()V+316
v  ~StubRoutines::call_stub

---------------  P R O C E S S  ---------------

Java Threads: ( => current thread )
  0x000000000a110800 JavaThread "Service Thread" daemon [_thread_blocked, id=9752, stack(0x000000002bd10000,0x000000002c010000)]
  0x000000000a3a1800 JavaThread "C1 CompilerThread2" daemon [_thread_blocked, id=20264, stack(0x000000002bc10000,0x000000002bd10000)]
  0x000000000a391800 JavaThread "C2 CompilerThread1" daemon [_thread_blocked, id=9964, stack(0x000000002bb10000,0x000000002bc10000)]
  0x000000000a281000 JavaThread "C2 CompilerThread0" daemon [_thread_blocked, id=4900, stack(0x000000002ba10000,0x000000002bb10000)]
  0x000000000a301800 JavaThread "Attach Listener" daemon [_thread_blocked, id=20720, stack(0x000000002b710000,0x000000002ba10000)]
  0x000000000a462000 JavaThread "Signal Dispatcher" daemon [_thread_blocked, id=3268, stack(0x000000002b410000,0x000000002b710000)]
  0x000000000a464000 JavaThread "Surrogate Locker Thread (Concurrent GC)" daemon [_thread_blocked, id=8972, stack(0x000000002b110000,0x000000002b410000)]
  0x000000000a2a5800 JavaThread "Finalizer" daemon [_thread_blocked, id=21184, stack(0x000000002ae10000,0x000000002b110000)]
  0x000000000a2a7000 JavaThread "Reference Handler" daemon [_thread_blocked, id=19496, stack(0x000000002ab10000,0x000000002ae10000)]
=>0x000000000a00b000 JavaThread "main" [_thread_in_native, id=16220, stack(0x000000001f030000,0x000000001f130000)]

Other Threads:
  0x000000000a252000 VMThread [stack: 0x000000002aa10000,0x000000002ab10000] [id=18652]
  0x000000000a497800 WatcherThread [stack: 0x000000002c010000,0x000000002c110000] [id=4120]

VM state:not at safepoint (normal execution)

VM Mutex/Monitor currently owned by a thread: None

Heap
 par new generation   total 55296K, used 4046K [0x0000000778000000, 0x000000077bc00000, 0x000000077bc00000)
  eden space 49152K,   8% used [0x0000000778000000, 0x00000007783f3848, 0x000000077b000000)
  from space 6144K,   0% used [0x000000077b000000, 0x000000077b000000, 0x000000077b600000)
  to   space 6144K,   0% used [0x000000077b600000, 0x000000077b600000, 0x000000077bc00000)
 concurrent mark-sweep generation total 69632K, used 0K [0x000000077bc00000, 0x0000000780000000, 0x00000007f8000000)
 concurrent-mark-sweep perm gen total 131072K, used 5140K [0x00000007f8000000, 0x0000000800000000, 0x0000000800000000)

Card table byte_map: [0x00000000256d0000,0x0000000025b20000] byte_map_base: 0x0000000021b10000

Polling page: 0x000000001f130000

Code Cache  [0x000000001f150000, 0x000000001f3c0000, 0x0000000025150000)
 total_blobs=395 nmethods=110 adapters=203 free_code_cache=97028Kb largest_free_block=99356608

Compilation events (10 events):
Event: 1.286 Thread 0x000000000a3a1800  106       3       java.lang.String::lastIndexOf (13 bytes)
Event: 1.286 Thread 0x000000000a3a1800 nmethod 106 0x000000001f28bf90 code [0x000000001f28c100, 0x000000001f28c348]
Event: 1.290 Thread 0x000000000a3a1800  107       3       java.util.HashMap$FrontCache::get (32 bytes)
Event: 1.290 Thread 0x000000000a3a1800 nmethod 107 0x000000001f28ce90 code [0x000000001f28d020, 0x000000001f28d590]
Event: 1.295 Thread 0x000000000a3a1800  108       3       java.io.BufferedInputStream::getBufIfOpen (21 bytes)
Event: 1.295 Thread 0x000000000a3a1800 nmethod 108 0x000000001f28d710 code [0x000000001f28d880, 0x000000001f28dae8]
Event: 1.295 Thread 0x000000000a3a1800  109  s    3       java.io.BufferedInputStream::read (49 bytes)
Event: 1.295 Thread 0x000000000a3a1800 nmethod 109 0x000000001f28db90 code [0x000000001f28dd20, 0x000000001f28e298]
Event: 1.295 Thread 0x000000000a3a1800  110       3       java.io.DataInputStream::readInt (72 bytes)
Event: 1.296 Thread 0x000000000a3a1800 nmethod 110 0x000000001f28e450 code [0x000000001f28e620, 0x000000001f28ec08]

GC Heap History (0 events):
No events

Deoptimization events (0 events):
No events

Internal exceptions (10 events):
Event: 1.239 Thread 0x000000000a00b000 Threw 0x00000007782cee30 at C:\jdk7u2_64p\jdk7u17\hotspot\src\share\vm\prims\jvm.cpp:1166
Event: 1.239 Thread 0x000000000a00b000 Threw 0x00000007782d0bd8 at C:\jdk7u2_64p\jdk7u17\hotspot\src\share\vm\prims\jvm.cpp:1166
Event: 1.254 Thread 0x000000000a00b000 Threw 0x00000007782dacb0 at C:\jdk7u2_64p\jdk7u17\hotspot\src\share\vm\prims\jni.cpp:716
Event: 1.280 Thread 0x000000000a00b000 Threw 0x00000007782f3f20 at C:\jdk7u2_64p\jdk7u17\hotspot\src\share\vm\prims\jvm.cpp:1166
Event: 1.281 Thread 0x000000000a00b000 Threw 0x00000007782fd730 at C:\jdk7u2_64p\jdk7u17\hotspot\src\share\vm\prims\jvm.cpp:1166
Event: 1.282 Thread 0x000000000a00b000 Threw 0x0000000778301530 at C:\jdk7u2_64p\jdk7u17\hotspot\src\share\vm\prims\jvm.cpp:1166
Event: 1.283 Thread 0x000000000a00b000 Threw 0x0000000778304c38 at C:\jdk7u2_64p\jdk7u17\hotspot\src\share\vm\prims\jvm.cpp:1166
Event: 1.284 Thread 0x000000000a00b000 Threw 0x000000077830a908 at C:\jdk7u2_64p\jdk7u17\hotspot\src\share\vm\prims\jvm.cpp:1166
Event: 1.285 Thread 0x000000000a00b000 Threw 0x000000077831c430 at C:\jdk7u2_64p\jdk7u17\hotspot\src\share\vm\prims\jvm.cpp:1166
Event: 1.303 Thread 0x000000000a00b000 Threw 0x000000077833c090 at C:\jdk7u2_64p\jdk7u17\hotspot\src\share\vm\prims\jvm.cpp:1166

Events (10 events):
Event: 1.301 loading class 0x000000000a453320
Event: 1.301 loading class 0x000000000a453320 done
Event: 1.301 loading class 0x000000000a054ee0
Event: 1.301 loading class 0x000000000a054ee0 done
Event: 1.301 loading class 0x000000002cd82ab0
Event: 1.301 loading class 0x000000002cd82ab0 done
Event: 1.301 loading class 0x000000002cd82ba0
Event: 1.302 loading class 0x000000002cd82ba0 done
Event: 1.303 loading class 0x000000000a477ce0
Event: 1.303 loading class 0x000000000a477ce0 done


Dynamic libraries:
0x0000000140000000 - 0x000000014000e000 	C:\Xilinx\14.7\ISE_DS\PlanAhead\bin\unwrapped\win64.o\planAhead.exe
0x00007fffadfb0000 - 0x00007fffae1a8000 	C:\Windows\SYSTEM32\ntdll.dll
0x00007fffac9f0000 - 0x00007fffacab2000 	C:\Windows\System32\KERNEL32.DLL
0x00007fffabca0000 - 0x00007fffabf96000 	C:\Windows\System32\KERNELBASE.dll
0x000000000a900000 - 0x000000000a945000 	C:\Xilinx\14.7\ISE_DS\PlanAhead\lib\win64.o\SHSMP64.dll
0x00007fffacbf0000 - 0x00007fffacd8d000 	C:\Windows\System32\USER32.dll
0x00007fffab7a0000 - 0x00007fffab7c2000 	C:\Windows\System32\win32u.dll
0x00007fffac510000 - 0x00007fffac53b000 	C:\Windows\System32\GDI32.dll
0x00007fffabaf0000 - 0x00007fffabc0a000 	C:\Windows\System32\gdi32full.dll
0x00007fffab8a0000 - 0x00007fffab93d000 	C:\Windows\System32\msvcp_win.dll
0x00007fffab9f0000 - 0x00007fffabaf0000 	C:\Windows\System32\ucrtbase.dll
0x00007fffac8a0000 - 0x00007fffac94f000 	C:\Windows\System32\ADVAPI32.dll
0x00007fffad200000 - 0x00007fffad29e000 	C:\Windows\System32\msvcrt.dll
0x00007fffac470000 - 0x00007fffac50f000 	C:\Windows\System32\sechost.dll
0x0000000180000000 - 0x0000000180881000 	C:\Xilinx\14.7\ISE_DS\PlanAhead\lib\win64.o\librdi_common.dll
0x00007fffacdf0000 - 0x00007fffacf13000 	C:\Windows\System32\RPCRT4.dll
0x00007fffabfa0000 - 0x00007fffabfc7000 	C:\Windows\System32\bcrypt.dll
0x0000000062280000 - 0x0000000062323000 	C:\Windows\WinSxS\amd64_microsoft.vc90.crt_1fc8b3b9a1e18e3b_9.0.30729.9625_none_08e1c10da83fbc83\MSVCR90.dll
0x00007fff9dfd0000 - 0x00007fff9dfda000 	C:\Windows\SYSTEM32\VERSION.dll
0x00007fffacf40000 - 0x00007fffacf48000 	C:\Windows\System32\PSAPI.DLL
0x00007fffad2a0000 - 0x00007fffada0f000 	C:\Windows\System32\SHELL32.dll
0x0000000010000000 - 0x000000001012a000 	C:\Xilinx\14.7\ISE_DS\PlanAhead\lib\win64.o\tcl85t.dll
0x0000000012000000 - 0x0000000012282000 	C:\Xilinx\14.7\ISE_DS\PlanAhead\lib\win64.o\xerces-c_3_1.dll
0x00000000615c0000 - 0x0000000061cdf000 	C:\Xilinx\14.7\ISE_DS\PlanAhead\tps\win64\jre\bin\server\jvm.dll
0x00007fffade90000 - 0x00007fffadefb000 	C:\Windows\System32\WS2_32.dll
0x00007fff9a2c0000 - 0x00007fff9a797000 	C:\Windows\SYSTEM32\WININET.dll
0x00007fff9ddc0000 - 0x00007fff9deca000 	C:\Windows\SYSTEM32\WINHTTP.dll
0x00007fff9b8c0000 - 0x00007fff9bab1000 	C:\Windows\SYSTEM32\urlmon.dll
0x00000000621a0000 - 0x0000000062273000 	C:\Windows\WinSxS\amd64_microsoft.vc90.crt_1fc8b3b9a1e18e3b_9.0.30729.9625_none_08e1c10da83fbc83\MSVCP90.dll
0x00007fffa4f60000 - 0x00007fffa4f69000 	C:\Windows\SYSTEM32\WSOCK32.dll
0x00007fffa57e0000 - 0x00007fffa5807000 	C:\Windows\SYSTEM32\WINMM.dll
0x00007fff9bd60000 - 0x00007fff9c01f000 	C:\Windows\SYSTEM32\iertutil.dll
0x00007fff9bd20000 - 0x00007fff9bd48000 	C:\Windows\SYSTEM32\srvcli.dll
0x00007fffac540000 - 0x00007fffac895000 	C:\Windows\System32\combase.dll
0x00007fffaab50000 - 0x00007fffaab5c000 	C:\Windows\SYSTEM32\netutils.dll
0x00007fffad150000 - 0x00007fffad1fd000 	C:\Windows\System32\shcore.dll
0x0000000062070000 - 0x0000000062142000 	C:\Windows\SYSTEM32\MSVCR100.dll
0x00007fffa96c0000 - 0x00007fffa9e63000 	C:\Windows\SYSTEM32\windows.storage.dll
0x00007fffab000000 - 0x00007fffab02b000 	C:\Windows\SYSTEM32\Wldp.dll
0x00007fffac0e0000 - 0x00007fffac1ad000 	C:\Windows\System32\OLEAUT32.dll
0x00000000004d0000 - 0x00000000004e3000 	C:\Xilinx\14.7\ISE_DS\PlanAhead\lib\win64.o\libboost_signals.dll
0x0000000000970000 - 0x0000000000a5e000 	C:\Xilinx\14.7\ISE_DS\PlanAhead\lib\win64.o\stlport.5.2.dll
0x0000000000500000 - 0x0000000000516000 	C:\Xilinx\14.7\ISE_DS\PlanAhead\lib\win64.o\librdi_commonmain.dll
0x0000000000a60000 - 0x0000000000c9a000 	C:\Xilinx\14.7\ISE_DS\PlanAhead\lib\win64.o\libSecurity.dll
0x0000000000ca0000 - 0x0000000000f89000 	C:\Xilinx\14.7\ISE_DS\PlanAhead\lib\win64.o\libCOIN-all.dll
0x0000000000540000 - 0x0000000000567000 	C:\Xilinx\14.7\ISE_DS\PlanAhead\lib\win64.o\libboost_filesystem.dll
0x0000000000f90000 - 0x0000000000f9f000 	C:\Xilinx\14.7\ISE_DS\PlanAhead\lib\win64.o\libboost_date_time.dll
0x0000000000fc0000 - 0x0000000001031000 	C:\Xilinx\14.7\ISE_DS\PlanAhead\lib\win64.o\libboost_program_options.dll
0x0000000001040000 - 0x00000000010ef000 	C:\Xilinx\14.7\ISE_DS\PlanAhead\lib\win64.o\libboost_regex.dll
0x00007fffac1b0000 - 0x00007fffac28a000 	C:\Windows\System32\COMDLG32.dll
0x00007fffadf10000 - 0x00007fffadf65000 	C:\Windows\System32\SHLWAPI.dll
0x00007fffacac0000 - 0x00007fffacbeb000 	C:\Windows\System32\ole32.dll
0x00007fffab820000 - 0x00007fffab893000 	C:\Windows\System32\WINTRUST.dll
0x00007fffab640000 - 0x00007fffab79d000 	C:\Windows\System32\CRYPT32.dll
0x0000000001110000 - 0x0000000001153000 	C:\Xilinx\14.7\ISE_DS\PlanAhead\lib\win64.o\libcurl.dll
0x0000000001160000 - 0x0000000001169000 	C:\Xilinx\14.7\ISE_DS\PlanAhead\lib\win64.o\libboost_system.dll
0x00007fffabfd0000 - 0x00007fffac02e000 	C:\Windows\System32\WLDAP32.dll
0x0000000001190000 - 0x00000000011a6000 	C:\Xilinx\14.7\ISE_DS\PlanAhead\lib\win64.o\libboost_thread.dll
0x00000000011b0000 - 0x0000000001267000 	C:\Xilinx\14.7\ISE_DS\PlanAhead\lib\win64.o\libhdxml.dll
0x0000000001270000 - 0x00000000012f3000 	C:\Xilinx\14.7\ISE_DS\PlanAhead\lib\win64.o\libhdlpsolve.dll
0x0000000001310000 - 0x00000000018530d3 	C:\Xilinx\14.7\ISE_DS\PlanAhead\lib\win64.o\libisl_iostreams.dll
0x0000000001870000 - 0x0000000001899000 	C:\Xilinx\14.7\ISE_DS\PlanAhead\lib\win64.o\libisl_sysinfo.dll
0x00000000018b0000 - 0x00000000018c2000 	C:\Xilinx\14.7\ISE_DS\PlanAhead\lib\win64.o\pthreadVC.dll
0x00000000018d0000 - 0x00000000018e6000 	C:\Xilinx\14.7\ISE_DS\PlanAhead\lib\win64.o\librdiconfig.dll
0x0000000001900000 - 0x000000000191e000 	C:\Xilinx\14.7\ISE_DS\PlanAhead\lib\win64.o\librdizlib.dll
0x00007fffa0f20000 - 0x00007fffa0f39000 	C:\Windows\SYSTEM32\NETAPI32.dll
0x00007fff6a910000 - 0x00007fff6a9c0000 	C:\Windows\WinSxS\amd64_microsoft.windows.common-controls_6595b64144ccf1df_5.82.19041.4355_none_792ecafd2442822f\COMCTL32.dll
0x0000000001960000 - 0x000000000196c000 	C:\Xilinx\14.7\ISE_DS\PlanAhead\lib\win64.o\libboost_chrono.dll
0x0000000001970000 - 0x0000000001989000 	C:\Xilinx\14.7\ISE_DS\PlanAhead\lib\win64.o\libboost_iostreams.dll
0x00007fffac290000 - 0x00007fffac2bf000 	C:\Windows\System32\IMM32.DLL
0x00007fffab190000 - 0x00007fffab1a2000 	C:\Windows\SYSTEM32\MSASN1.dll
0x0000000004cf0000 - 0x0000000004fe3000 	C:\Xilinx\14.7\ISE_DS\PlanAhead\lib\win64.o\librdi_commontasks.dll
0x000000000c250000 - 0x000000000c890000 	C:\Xilinx\14.7\ISE_DS\PlanAhead\lib\win64.o\librdi_coretasks.dll
0x000000000c890000 - 0x000000000ca57000 	C:\Xilinx\14.7\ISE_DS\PlanAhead\lib\win64.o\librdi_chipscope.dll
0x000000000ca60000 - 0x000000000dd2c000 	C:\Xilinx\14.7\ISE_DS\PlanAhead\lib\win64.o\librdi_coregen.dll
0x000000000dd30000 - 0x000000000e90a000 	C:\Xilinx\14.7\ISE_DS\PlanAhead\lib\win64.o\librdi_device.dll
0x0000000012290000 - 0x00000000158e1000 	C:\Xilinx\14.7\ISE_DS\PlanAhead\lib\win64.o\librdi_designutils.dll
0x000000000e910000 - 0x000000000f930000 	C:\Xilinx\14.7\ISE_DS\PlanAhead\lib\win64.o\librdi_constraints.dll
0x000000000f940000 - 0x000000000fc54000 	C:\Xilinx\14.7\ISE_DS\PlanAhead\lib\win64.o\librdi_drc.dll
0x000000000fc70000 - 0x000000000fefe000 	C:\Xilinx\14.7\ISE_DS\PlanAhead\lib\win64.o\librdi_filemgmt.dll
0x0000000010130000 - 0x0000000010506000 	C:\Xilinx\14.7\ISE_DS\PlanAhead\lib\win64.o\librdi_netlist.dll
0x0000000010510000 - 0x0000000010a32000 	C:\Xilinx\14.7\ISE_DS\PlanAhead\lib\win64.o\librdi_power.dll
0x0000000010a40000 - 0x0000000011b63000 	C:\Xilinx\14.7\ISE_DS\PlanAhead\lib\win64.o\librdi_place.dll
0x0000000011b70000 - 0x0000000011f23000 	C:\Xilinx\14.7\ISE_DS\PlanAhead\lib\win64.o\librdi_project.dll
0x00000000158f0000 - 0x00000000163c8000 	C:\Xilinx\14.7\ISE_DS\PlanAhead\lib\win64.o\librdi_timing.dll
0x00000000163d0000 - 0x00000000167c8000 	C:\Xilinx\14.7\ISE_DS\PlanAhead\lib\win64.o\librdi_runs.dll
0x00000000167d0000 - 0x0000000016d6d000 	C:\Xilinx\14.7\ISE_DS\PlanAhead\lib\win64.o\librdi_rsb.dll
0x00000000623e0000 - 0x00000000623f1000 	C:\Windows\WinSxS\amd64_microsoft.vc90.openmp_1fc8b3b9a1e18e3b_9.0.30729.6161_none_390d35aa0a1f21f9\VCOMP90.DLL
0x0000000011f30000 - 0x0000000011f9e000 	C:\Xilinx\14.7\ISE_DS\PlanAhead\lib\win64.o\liblmx6.0.dll
0x0000000016d70000 - 0x000000001753f000 	C:\Xilinx\14.7\ISE_DS\PlanAhead\lib\win64.o\librdi_coregenipxact.dll
0x0000000017540000 - 0x0000000017ce0000 	C:\Xilinx\14.7\ISE_DS\PlanAhead\lib\win64.o\libverific.dll
0x0000000017ce0000 - 0x0000000017d5d000 	C:\Xilinx\14.7\ISE_DS\PlanAhead\lib\win64.o\libboost_serialization.dll
0x0000000017d60000 - 0x00000000182a4000 	C:\Xilinx\14.7\ISE_DS\PlanAhead\lib\win64.o\librdi_xdm.dll
0x000000000ffe0000 - 0x000000000ffe8000 	C:\Xilinx\14.7\ISE_DS\PlanAhead\lib\win64.o\libpsta_dllwrapper.dll
0x00000000182b0000 - 0x00000000184da000 	C:\Xilinx\14.7\ISE_DS\PlanAhead\lib\win64.o\librdi_labtools.dll
0x00000000184e0000 - 0x0000000018a1b000 	C:\Xilinx\14.7\ISE_DS\PlanAhead\lib\win64.o\librdi_memdata.dll
0x0000000018a20000 - 0x000000001a14f000 	C:\Xilinx\14.7\ISE_DS\PlanAhead\lib\win64.o\librdi_synth.dll
0x000000001a150000 - 0x000000001a73e000 	C:\Xilinx\14.7\ISE_DS\PlanAhead\lib\win64.o\librdi_route.dll
0x000000001a740000 - 0x000000001ab7e000 	C:\Xilinx\14.7\ISE_DS\PlanAhead\lib\win64.o\librdi_ip.dll
0x000000001ab80000 - 0x000000001ac10000 	C:\Xilinx\14.7\ISE_DS\PlanAhead\lib\win64.o\libise.dll
0x000000001ac10000 - 0x000000001b1ec000 	C:\Xilinx\14.7\ISE_DS\PlanAhead\lib\win64.o\librdi_abc_nomp.dll
0x000000001b200000 - 0x000000001b328000 	C:\Xilinx\14.7\ISE_DS\PlanAhead\lib\win64.o\librdi_dlyest.dll
0x000000001b340000 - 0x000000001b35a000 	C:\Xilinx\14.7\ISE_DS\PlanAhead\lib\win64.o\librdi_hmetis.dll
0x000000001b390000 - 0x000000001b3cd000 	C:\Xilinx\14.7\ISE_DS\PlanAhead\lib\win64.o\librdi_simbridge_kernel.dll
0x000000001b3e0000 - 0x000000001b856000 	C:\Xilinx\14.7\ISE_DS\PlanAhead\lib\win64.o\librdi_wavedata.dll
0x000000001b870000 - 0x000000001d928000 	C:\Xilinx\14.7\ISE_DS\PlanAhead\lib\win64.o\librdi_tcltasks.dll
0x000000001d940000 - 0x000000001dbb4000 	C:\Xilinx\14.7\ISE_DS\PlanAhead\lib\win64.o\librdi_bitstream.dll
0x000000001dbd0000 - 0x000000001dc3e000 	C:\Xilinx\14.7\ISE_DS\PlanAhead\lib\win64.o\librdi_edk.dll
0x000000001dc40000 - 0x000000001dd14000 	C:\Xilinx\14.7\ISE_DS\PlanAhead\lib\win64.o\librdi_dsp.dll
0x000000001dd40000 - 0x000000001df4e000 	C:\Xilinx\14.7\ISE_DS\PlanAhead\lib\win64.o\librdi_simdata.dll
0x000000001e060000 - 0x000000001e1b6000 	C:\Xilinx\14.7\ISE_DS\PlanAhead\lib\win64.o\librdi_planaheadtasks.dll
0x000000001e1d0000 - 0x000000001f018000 	C:\Xilinx\14.7\ISE_DS\PlanAhead\lib\win64.o\librdi_ipservicestasks.dll
0x00000000623d0000 - 0x00000000623df000 	C:\Xilinx\14.7\ISE_DS\PlanAhead\tps\win64\jre\bin\verify.dll
0x00000000623a0000 - 0x00000000623c8000 	C:\Xilinx\14.7\ISE_DS\PlanAhead\tps\win64\jre\bin\java.dll
0x0000000062380000 - 0x0000000062395000 	C:\Xilinx\14.7\ISE_DS\PlanAhead\tps\win64\jre\bin\zip.dll
0x0000000062360000 - 0x0000000062379000 	C:\Xilinx\14.7\ISE_DS\PlanAhead\tps\win64\jre\bin\net.dll
0x00007fffaad60000 - 0x00007fffaadcc000 	C:\Windows\system32\mswsock.dll
0x0000000062340000 - 0x0000000062351000 	C:\Xilinx\14.7\ISE_DS\PlanAhead\tps\win64\jre\bin\nio.dll
0x000000002c110000 - 0x000000002c3f6000 	C:\Xilinx\14.7\ISE_DS\PlanAhead\lib\win64.o\librdi_fed.dll
0x000000002c410000 - 0x000000002c671000 	C:\Xilinx\14.7\ISE_DS\PlanAhead\lib\win64.o\librdi_guitools.dll
0x000000002c690000 - 0x000000002c697000 	C:\Xilinx\14.7\ISE_DS\PlanAhead\lib\win64.o\librdi_commonx11.dll
0x000000002c6b0000 - 0x000000002ca9e000 	C:\Xilinx\14.7\ISE_DS\PlanAhead\lib\win64.o\librdi_rsbtasks.dll
0x000000002cab0000 - 0x000000002ccf9000 	C:\Xilinx\14.7\ISE_DS\PlanAhead\lib\win64.o\librdi_labtoolstasks.dll
0x000000002ce10000 - 0x000000002cfc8000 	C:\Xilinx\14.7\ISE_DS\PlanAhead\lib\win64.o\librdi_simtcltasks.dll
0x0000000061ed0000 - 0x0000000062063000 	C:\Xilinx\14.7\ISE_DS\PlanAhead\tps\win64\jre\bin\awt.dll
0x00007fffa7e50000 - 0x00007fffa7ee4000 	C:\Windows\SYSTEM32\apphelp.dll
0x00007fff955c0000 - 0x00007fff957a4000 	C:\Windows\SYSTEM32\dbghelp.dll
0x00007fffabc10000 - 0x00007fffabc92000 	C:\Windows\System32\bcryptPrimitives.dll

VM Arguments:
jvm_args: -Dsun.java2d.pmoffscreen=false -Xverify:none -Dswing.aatext=true -XX:-UsePerfData -Djdk.map.althashing.threshold=512 -XX:PermSize=128m -XX:MaxPermSize=128m -XX:NewSize=60m -XX:MaxNewSize=60m -XX:+UseConcMarkSweepGC -XX:+UseParNewGC -XX:+CMSParallelRemarkEnabled -XX:+CMSScavengeBeforeRemark -XX:+UseNUMA -XX:+AggressiveOpts -XX:+UseFastAccessorMethods -XX:+UseFastEmptyMethods -XX:+UseBiasedLocking -XX:+TieredCompilation -Xms128m -Xmx2048m -Xss3m 
java_command: <unknown>
Launcher Type: generic

Environment Variables:
USERNAME=Mohsin Sajjad
OS=Windows_NT
PROCESSOR_IDENTIFIER=Intel64 Family 6 Model 78 Stepping 3, GenuineIntel



---------------  S Y S T E M  ---------------

OS: Windows 8 , 64 bit Build 9200 

CPU:total 4 (2 cores per cpu, 2 threads per core) family 6 model 78 stepping 3, cmov, cx8, fxsr, mmx, sse, sse2, sse3, ssse3, sse4.1, sse4.2, popcnt, avx, avx2, ht, tsc, tscinvbit

Memory: 4k page, physical 8261904k(2448548k free), swap 11926828k(3336256k free)

vm_info: Java HotSpot(TM) 64-Bit Server VM (23.7-b01) for windows-amd64 JRE (1.7.0_17-b02), built on Mar  1 2013 03:38:30 by "java_re" with unknown MS VC++:1600

time: Mon May 12 12:30:30 2025
elapsed time: 1 seconds

